Compiled on Thursday, 20 November 2025 3:11:38 p.m.
Version string: SE2025.0.251119.16.07.EX

ImageFrame Data Size: 1680
Actor Count: 4
Actor Data Size: 720
Animations Count: 15
Animations Data Size: 240
AnimationFrame Count: 34
AnimationFrame Data Size: 544

=== Cartridge Composition ===
 Header |   Offset | Size     | Crunch    | Detail
   VC00 |   105758 |     8390 |  NoCrunch | Project virtual machine (codeblocks)
   PL01 |   114148 |     2012 |  NoCrunch | Panel 
   PB00 |   116160 |       68 |  NoCrunch | Project blocks
   PI00 |   116228 |     1680 |  NoCrunch | Images
   PA00 |   117908 |      720 |  NoCrunch | Project actors
   ML01 |   118628 |        8 |       ZX0 | Map block data for level1
   MA01 |   118636 |       14 |       ZX0 | Map actor data for level1
   MH01 |   118650 |      848 |  NoCrunch | Header data for map level1
   MT01 |   119498 |       82 |       ZX0 | Map tile data  level1
   MD01 |   119580 |    26784 |  NoCrunch | Tile data for map level1 (mem restrictions:None)
   ME01 |   146364 |       44 |  NoCrunch | Map event data for level1
   MY01 |   146408 |      116 |  NoCrunch | Get Y lookup table level1
   MN01 |   146524 |       20 |  NoCrunch | Map path node data for level1
   NT00 |   146544 |     1744 |  NoCrunch | Project name table
   PN00 |   148288 |      240 |  NoCrunch | Animations
   PF00 |   148528 |      544 |  NoCrunch | Animation Frames
   PS00 |   149072 |       28 |  NoCrunch | Project sound
   DB00 |   149100 |        2 |  NoCrunch | Misc Data (paths, hurt boxes etc)
   PH00 |   149102 |     3290 |  NoCrunch | Project Header
   PV00 |   152392 |       50 |  NoCrunch | Var Data
   AT00 |   152442 |      176 |  NoCrunch | Attack Data
   PE00 |   152618 |        8 |  NoCrunch | Teleporters
   CM00 |   152626 |       12 |  NoCrunch | Commands for Joystick 1

=== Data Sizes ===
    Size |   Memory | Crunch | Detail
   26784 |    26784 |        | Tile data for map level1 (mem restrictions:None)
    8390 |     8390 |        | Project virtual machine (codeblocks)
    3290 |     3290 |        | Project Header
    2012 |     2012 |        | Panel 
    1744 |     1744 |        | Project name table
    1680 |     1680 |        | Images
     848 |      848 |        | Header data for map level1
     720 |      720 |        | Project actors
     544 |      544 |        | Animation Frames
     240 |      240 |        | Animations
     176 |      176 |        | Attack Data
     116 |      116 |        | Get Y lookup table level1
      82 |    14442 | (100%) | Map tile data  level1
      68 |       68 |        | Project blocks
      50 |       50 |        | Var Data
      44 |       44 |        | Map event data for level1
      28 |       28 |        | Project sound
      20 |       20 |        | Map path node data for level1
      14 |       28 |  (50%) | Map actor data for level1
      12 |       12 |        | Commands for Joystick 1
       8 |    14442 | (100%) | Map block data for level1
       8 |        8 |        | Teleporters
       2 |        2 |        | Misc Data (paths, hurt boxes etc)

=== Accounted Memory Usage ===
(Note that this isn't a full account of memory usage, just the memory we can account for)
RAM reserved for level tiles: (largest level: level1): 28884
memory reserved for active actors on screen (32): 5064
memory reserved for dormant actors in map (128): 4608

Total: 38556 bytes

=== Codeblocks by compiled size ===
load_level: 624
pre_startup: 348
flipscreen_smooth: 310 (Unused?)
do_teleport: 300
masterchief_top_autogen_attack: 286
flipxymove: 278 (Unused?)
load_next_level: 268 (Unused?)
set_yresolution: 256 (Unused?)
block_find: 210 (Unused?)
startup: 206
waitforframes: 194
block_count: 178 (Unused?)
check_talkpad: 172 (Unused?)
handler_legs: 164
flipymove: 162 (Unused?)
snap_to_screen: 162 (Unused?)
pre_quit: 160 (Unused?)
flipxmove: 142 (Unused?)
pause: 138
restart_this_level: 136 (Unused?)
load_panel: 134
destroy_all_blocks: 128 (Unused?)
unload_level: 118
fadein: 108
unload_panel: 102
load_panel_bottom: 96 (Unused?)
load_panel_top: 96 (Unused?)
destroy_child_actors: 94 (Unused?)
pre_load_level: 86
waitforfirehit: 86
fadeout: 76
load_music_finish: 76
wrap_screen_bottom: 76 (Unused?)
wrap_screen_right: 76 (Unused?)
flipscreen: 72 (Unused?)
wrap_screen_left: 72 (Unused?)
wrap_screen_top: 72 (Unused?)
jump_actor: 66 (Unused?)
waitforfiredown: 64
load_music: 62 (Unused?)
waitforfireup: 62
handler_top: 62
destroy_all_actors: 60 (Unused?)
destroy_actor: 58
destroy_block: 52 (Unused?)
return: 52 (Unused?)
load_panel_finish: 50
unload_panel_bottom: 50
unload_panel_top: 50
spawn_mc: 46
freeze_actor: 40 (Unused?)
quit: 40 (Unused?)
unfreeze_actor: 40 (Unused?)
block_coll_force: 32 (Unused?)
block_coll_passthru: 32
debug_breakpoint: 26 (Unused?)
hardware_amiga: 26 (Unused?)
set_ntsc: 26 (Unused?)
vm_constants_tile_properties: 26 (Unused?)
