Compiled on Friday, 19 December 2025 10:20:23 a.m.
Version string: SE2025.0.251218.18.44.EX

=== Misc ===
ImageFrames: 168
ImageFrame Data Size: 8064
Maps and Asset Bundles Count: 2
Maps and Asset Bundles Data Size: 0
Actor Count: 17
Actor Data Size: 3060
Block Count: 18
Block Data Size: 1224
Anim5 Count: 0
Anim5 Data Size: 0
Sound Count: 12
Sound Data Size: 336
Teleporter Count: 1
Teleporter Data Size: 8
Animations Count: 62
Animations Data Size: 992
AnimationFrame Count: 169
AnimationFrame Data Size: 2704
Sprites: 1
Sprites Data Size: 14
Attack Data: 8
Attack Data Size: 704
Misc data size: 218

=== Cartridge Composition ===
 Header |   Offset | Size     | Crunch    | Detail
   PL03 |      274 |       76 |   Implode | Panel (background color #000)
   PL01 |      350 |     3380 |   Implode | Panel scorpion_eng_splashscreen
   PL02 |     3730 |      628 |   Implode | Panel top_hud
   PC02 |     4358 |      292 |   Implode | Panel bobs top_hud
   VC00 |     4650 |     4940 |   Implode | Project virtual machine (codeblocks)
   MA01 |     9590 |      208 |   Implode | Map actor data for level1
   MH01 |     9798 |      198 |   Implode | Header data for map level1
   MD01 |     9996 |     4678 |   Implode | Tile data for map level1 (mem restrictions:None)
   AB00 |    14674 |   190900 |   Implode | Asset bundle 0 (Core project asset bundle)
   AB01 |   205574 |    35946 |   Implode | Asset bundle 1 (level1)
   DB00 |   241520 |        2 |  NoCrunch | Misc Data (paths, hurt boxes etc)
   PH00 |   241522 |     1220 |   Implode | Project Header
   PD01 |   242742 |        8 |  NoCrunch | Project Custom Collisions
   PD00 |   242750 |     5510 |   Implode | Project Data
   VR00 |   248260 |        4 |  NoCrunch | Project virtual machine redirects

=== Data Sizes ===
    Size |   Memory | Crunch | Detail
  190900 |   563052 |  (67%) | Asset bundle 0 (Core project asset bundle)
   35946 |   123304 |  (71%) | Asset bundle 1 (level1)
    5510 |    17326 |  (69%) | Project Data
    4940 |    17758 |  (73%) | Project virtual machine (codeblocks)
    4678 |    70024 |  (94%) | Tile data for map level1 (mem restrictions:None)
    3380 |    36784 |  (91%) | Panel scorpion_eng_splashscreen
    1220 |     4376 |  (73%) | Project Header
     628 |     4504 |  (87%) | Panel top_hud
     292 |     1784 |  (84%) | Panel bobs top_hud
     208 |      644 |  (68%) | Map actor data for level1
     198 |      848 |  (77%) | Header data for map level1
      76 |     1296 |  (95%) | Panel (background color #000)
       8 |        8 |        | Project Custom Collisions
       4 |        4 |        | Project virtual machine redirects
       2 |        2 |        | Misc Data (paths, hurt boxes etc)

=== Accounted Memory Usage ===
(Note that this isn't a full account of memory usage, just the memory we can account for)

For chip:
Map gfx (level gfx bundle 1): 123304
Music sample (): 0
BP Buffer memory: 140640
Core sfx/gfx memory: 563051
Parallax memory: 0
OS/other estimated: 99328

For other:
Map data memory: 70024
Map background memory: 1296
EXE memory: 220104
vm memory: 17758
project memory: 17326
Music data (): 0
memory reserved for active actors on screen (48): 7592
memory reserved for dormant actors in map (128): 4608
OS/other estimated: 105472

Accounted memory chip: 926323
Accounted memory other: 444180
Accounted memory total: 1370503

=== Possibly unused animations ===
elite_rifle_grenade_l
elite_rifle_melee_l
elite_rifle_shoot_l
grunt_yellow_grenade_l
grunt_yellow_shoot_l
masterchief_top_grenade_l
masterchief_top_melee_l

=== Possibly unused Actors ===
item_medkit

=== Codeblocks by compiled size ===
handler_top: 868
ai_enemy: 690
load_level: 676
pre_startup: 438
spawn_projectile: 432
handler_standing: 422
handler_ducking: 386
hitscan_loop: 362
hit_projectile: 348
ai_marine: 334
hit_projectile_mc: 330
do_teleport: 320
flipscreen_smooth: 310 (Unused?)
flipxymove: 278 (Unused?)
hurt_mc: 274
startup: 272
load_next_level: 268 (Unused?)
hit_melee_marine: 254
freemem: 236
block_find: 210 (Unused?)
set_yresolution: 202
waitforframes: 194
autogen_masterchief_top_attack_l_0: 194
autogen_masterchief_top_attack_r_0: 194
spawn_mc: 194
check_talkpad: 192 (Unused?)
pause: 184
fire_rifle: 184
block_count: 178 (Unused?)
hitscan: 164
flipymove: 162 (Unused?)
snap_to_screen: 162 (Unused?)
pre_quit: 160
hit_mc_grenade: 160
autogen_elite_rifle_grenade_l_1: 156
autogen_elite_rifle_grenade_r_1: 156
autogen_grunt_yellow_grenade_l_1: 156
autogen_grunt_yellow_grenade_r_1: 156
autogen_masterchief_top_grenade_l_1: 156
autogen_masterchief_top_grenade_r_1: 156
grenade_explode: 144
flipxmove: 142 (Unused?)
kill_new: 138
restart_this_level: 136 (Unused?)
load_panel: 134
autogen_elite_rifle_shoot_l_0: 132
autogen_elite_rifle_shoot_r_0: 132
autogen_grunt_yellow_shoot_l_0: 132
autogen_grunt_yellow_shoot_r_0: 132
destroy_all_blocks: 128 (Unused?)
unload_level: 118
randomize_offset: 118
autogen_a_enemy_grenade_explosion_1: 116
autogen_a_marine_grenade_explosion_1: 116
anim_force_left: 108 (Unused?)
anim_force_right: 108 (Unused?)
fadein: 108
waitforfireup: 106
hit_ai_grenade: 104
unload_panel: 102
waitforfiredown: 102
load_panel_bottom: 96
load_panel_top: 96
collect_health: 96
destroy_child_actors: 94 (Unused?)
autogen_elite_rifle_melee_l_1: 90
autogen_elite_rifle_melee_r_1: 90
pre_load_level: 86
waitforfirehit: 86
autogen_marine_shoot_l_0: 84
autogen_marine_shoot_r_0: 84
refresh_ui: 82
load_music: 78
fadeout: 76
load_music_finish: 76
wrap_screen_bottom: 76 (Unused?)
wrap_screen_right: 76 (Unused?)
set_ntsc: 74 (Unused?)
flipscreen: 72 (Unused?)
wrap_screen_left: 72 (Unused?)
wrap_screen_top: 72 (Unused?)
jump_actor: 66 (Unused?)
spawn_grenade: 66
destroy_all_actors: 60 (Unused?)
quit: 60 (Unused?)
destroy_actor: 58
freemem_hard: 54 (Unused?)
destroy_block: 52 (Unused?)
return: 52 (Unused?)
autogen_elite_rifle_die_0: 52
autogen_grunt_yellow_die_0: 52
autogen_marine_die_0: 52
autogen_masterchief_top_melee_l_0: 52
load_panel_finish: 50
unload_panel_bottom: 50
unload_panel_top: 50
blink: 46
freeze_actor: 40 (Unused?)
unfreeze_actor: 40 (Unused?)
autogen_elite_rifle_die_3: 38
block_coll_force: 32 (Unused?)
block_coll_passthru: 32
debug_breakpoint: 26 (Unused?)
hardware_amiga: 26 (Unused?)
vm_constants_tile_properties: 26 (Unused?)
