Compiled on Saturday, 11 April 2026 11:16:59 a.m.
Version string: SE2026.0.260409.13.01.EX

=== Misc ===
ImageFrames: 299
ImageFrame Data Size: 15548
Maps and Asset Bundles Count: 3
Maps and Asset Bundles Data Size: 0
Actor Count: 31
Actor Data Size: 5580
Block Count: 18
Block Data Size: 1224
Anim5 Count: 0
Anim5 Data Size: 0
Sound Count: 18
Sound Data Size: 504
Teleporter Count: 1
Teleporter Data Size: 8
Animations Count: 118
Animations Data Size: 1888
AnimationFrame Count: 300
AnimationFrame Data Size: 4800
Sprites: 1
Sprites Data Size: 14
Attack Data: 9
Attack Data Size: 792
Misc data size: 488

=== Cartridge Composition ===
 Header |   Offset | Size     | Crunch    | Detail
   PL06 |      364 |       82 |   Implode | Panel (background color #000)
   PL01 |      446 |     3376 |   Implode | Panel scorpion_eng_splashscreen
   PL02 |     3822 |    28486 |   Implode | Panel credits
   PL03 |    32308 |    27586 |   Implode | Panel instructions
   PL04 |    59894 |    17362 |   Implode | Panel title
   PC04 |    77256 |     3934 |   Implode | Panel bobs title
   PL05 |    81190 |      658 |   Implode | Panel top_hud
   PC05 |    81848 |      436 |   Implode | Panel bobs top_hud
   VC00 |    82284 |     6654 |   Implode | Project virtual machine (codeblocks)
   MA01 |    88938 |      332 |   Implode | Map actor data for level1
   MH01 |    89270 |      198 |   Implode | Header data for map level1
   MD01 |    89468 |     4900 |   Implode | Tile data for map level1 (mem restrictions:None)
   AB00 |    94368 |   172502 |   Implode | Asset bundle 0 (Core project asset bundle)
   AB01 |   266870 |    67746 |   Implode | Asset bundle 1 (level1)
   AB02 |   334616 |    69970 |   Implode | Asset bundle 2 (ab_gamesounds)
   DB00 |   404586 |     2922 |   Implode | Misc Data (paths, hurt boxes etc)
   PH00 |   407508 |     1274 |   Implode | Project Header
   PD01 |   408782 |        8 |  NoCrunch | Project Custom Collisions
   PD00 |   408790 |     8870 |   Implode | Project Data
   VR00 |   417660 |        4 |  NoCrunch | Project virtual machine redirects

=== Data Sizes ===
    Size |   Memory | Crunch | Detail
  172502 |   546646 |  (69%) | Asset bundle 0 (Core project asset bundle)
   69970 |   117276 |  (41%) | Asset bundle 2 (ab_gamesounds)
   67746 |   196746 |  (66%) | Asset bundle 1 (level1)
   28486 |    46584 |  (39%) | Panel credits
   27586 |    46584 |  (41%) | Panel instructions
   17362 |    46668 |  (63%) | Panel title
    8870 |    30848 |  (72%) | Project Data
    6654 |    25840 |  (75%) | Project virtual machine (codeblocks)
    4900 |    70056 |  (94%) | Tile data for map level1 (mem restrictions:None)
    3934 |    11030 |  (65%) | Panel bobs title
    3376 |    36784 |  (91%) | Panel scorpion_eng_splashscreen
    2922 |     7786 |  (63%) | Misc Data (paths, hurt boxes etc)
    1274 |     4504 |  (72%) | Project Header
     658 |     4504 |  (86%) | Panel top_hud
     436 |     1876 |  (77%) | Panel bobs top_hud
     332 |     1064 |  (69%) | Map actor data for level1
     198 |      848 |  (77%) | Header data for map level1
      82 |     1816 |  (96%) | Panel (background color #000)
       8 |        8 |        | Project Custom Collisions
       4 |        4 |        | Project virtual machine redirects

=== Accounted Memory Usage ===
(Note that this isn't a full account of memory usage, just the memory we can account for)

For chip:
Map gfx (level gfx bundle 1): 196746
Music sample (): 0
BP Buffer memory: 140640
Core sfx/gfx memory: 546646
Parallax memory: 0
OS/other estimated: 99328

For other:
Map data memory: 70056
Map background memory: 1816
EXE memory: 227260
vm memory: 25840
project memory: 30848
Music data (): 0
Misc data memory: 7786
memory reserved for active actors on screen (48): 7592
memory reserved for dormant actors in map (128): 4608
OS/other estimated: 105472

Accounted memory chip: 983360
Accounted memory other: 481278
Accounted memory total: 1464638

=== Possibly unused animations ===
elite_rifle_grenade_r
elite_rifle_melee_r
elite_rifle_shoot_r
grunt_red_grenade_r
grunt_red_shoot_r
grunt_yellow_grenade_r
grunt_yellow_shoot_r
hunter_shoot_r
jackal_shoot_r
marine_shoot_l
masterchief_top_attack_needler_l
masterchief_top_attack_pistol_l
masterchief_top_attack_plasmapistol_l
masterchief_top_attack_plasmarifle_l
masterchief_top_attack_l
masterchief_top_grenade_l
masterchief_top_idle_l
masterchief_top_melee_needler_l
masterchief_top_melee_pistol_l
masterchief_top_melee_plasmapistol_l
masterchief_top_melee_plasmarifle_l
masterchief_top_melee_l
masterchief_top_needler_idle_l
masterchief_top_pistol_idle_l
masterchief_top_plasmapistol_idle_l
masterchief_top_plasmarifle_idle_l

=== Possibly unused Actors ===
item_medkit

=== Codeblocks by compiled size ===
handler_top: 1008
refresh_ui: 782
pickup_weapon: 768
ai_enemy: 672
load_level: 634
spawn_projectile: 564
startup: 492
handler_standing: 432
hitscan_loop: 416
handler_ducking: 396
pre_startup: 378
hit_projectile: 368
charge_plasmapistol: 364
ai_marine: 358
hit_projectile_mc: 330
do_teleport: 320
freemem: 316
flipscreen_smooth: 310 (Unused?)
autogen_masterchief_top_grenade_l_1: 310
autogen_masterchief_top_grenade_r_1: 310
grenade_explode: 306
hit_melee_marine: 296
intro_code: 292
reload_finish: 292
flipxymove: 278 (Unused?)
hurt_mc: 274
play_level: 272
load_next_level: 268 (Unused?)
block_find: 210 (Unused?)
set_yresolution: 202
autogen_masterchief_top_attack_pistol_l_0: 202
autogen_masterchief_top_attack_pistol_r_0: 202
autogen_masterchief_top_attack_l_0: 202
autogen_masterchief_top_attack_r_0: 202
waitforframes: 194
check_talkpad: 192 (Unused?)
pause: 184 (Unused?)
fire_pistol: 184
fire_rifle: 184
block_count: 178 (Unused?)
collect_needler: 178 (Unused?)
collect_pistol: 178
collect_rifle: 178
spawn_mc: 174
hitscan: 164
flipymove: 162 (Unused?)
snap_to_screen: 162 (Unused?)
pre_quit: 160
hit_mc_grenade: 160
autogen_elite_rifle_grenade_l_1: 156
autogen_elite_rifle_grenade_r_1: 156
autogen_grunt_red_grenade_l_1: 156
autogen_grunt_red_grenade_r_1: 156
flipxmove: 142 (Unused?)
kill_new: 138
restart_this_level: 136 (Unused?)
drop_needler: 136
drop_plasmapistol: 136
drop_plasmarifle: 136
drop_rifle: 136
load_panel: 134
stop_sfx: 130
destroy_all_blocks: 128 (Unused?)
mc_fix_offset: 124
collect_grenade: 122
unload_level: 118
randomize_offset: 118
autogen_a_enemy_grenade_explosion_1: 116
autogen_a_marine_grenade_explosion_1: 116
anim_force_left: 108 (Unused?)
anim_force_right: 108 (Unused?)
fadein: 108
waitforfireup: 106
autogen_elite_rifle_shoot_l_0: 106
autogen_elite_rifle_shoot_r_0: 106
autogen_grunt_red_shoot_l_0: 106
autogen_grunt_red_shoot_r_0: 106
autogen_grunt_yellow_shoot_l_0: 106
autogen_grunt_yellow_shoot_r_0: 106
autogen_hunter_shoot_l_1: 106
autogen_hunter_shoot_r_1: 106
autogen_jackal_shoot_l_0: 106
autogen_jackal_shoot_r_0: 106
autogen_masterchief_top_attack_needler_l_0: 106
autogen_masterchief_top_attack_needler_r_0: 106
autogen_masterchief_top_attack_plasmarifle_l_0: 106
autogen_masterchief_top_attack_plasmarifle_r_0: 106
hit_ai_byplayer: 104
hit_ai_grenade: 104
unload_panel: 102
waitforfiredown: 102
load_panel_bottom: 96
load_panel_top: 96
destroy_child_actors: 94 (Unused?)
blink: 92
autogen_elite_rifle_melee_l_1: 90
autogen_elite_rifle_melee_r_1: 90
autogen_masterchief_top_melee_needler_l_1: 90
autogen_masterchief_top_melee_needler_r_1: 88
weapon_swap: 88
pre_load_level: 86
waitforfirehit: 86
autogen_marine_shoot_l_0: 84
autogen_marine_shoot_r_0: 84
collect_health: 82
load_music: 78
reload_start: 78
reset_mc_animation: 78
fadeout: 76
load_music_finish: 76
wrap_screen_bottom: 76 (Unused?)
wrap_screen_right: 76 (Unused?)
set_ntsc: 74 (Unused?)
flipscreen: 72 (Unused?)
wrap_screen_left: 72 (Unused?)
wrap_screen_top: 72 (Unused?)
autogen_masterchief_top_attack_plasmapistol_l_2: 70
autogen_masterchief_top_attack_plasmapistol_r_2: 70
jump_actor: 66 (Unused?)
spawn_grenade: 66
destroy_all_actors: 60 (Unused?)
quit: 60 (Unused?)
destroy_actor: 58
freemem_hard: 54 (Unused?)
destroy_block: 52 (Unused?)
return: 52 (Unused?)
autogen_elite_rifle_die_0: 52
autogen_grunt_red_die_0: 52
autogen_hunter_die_0: 52
autogen_jackal_die_0: 52
autogen_marine_die_0: 52
autogen_masterchief_top_melee_needler_l_0: 52
autogen_projectile_elite_rifle_l_0: 52
autogen_projectile_needle_anim_0: 52
autogen_projectile_plasma_charged_l_0: 52
autogen_projectile_plasma_pistol_l_0: 52
load_panel_finish: 50
unload_panel_bottom: 50
unload_panel_top: 50
noclear: 46
Autogen_UnloadAllAssetBundles: 46 (Unused?)
freeze_actor: 40 (Unused?)
unfreeze_actor: 40 (Unused?)
autogen_elite_rifle_die_3: 38
commandkey_grenade: 38
commandkey_reloadmelee: 38
commandkey_swap: 38
block_coll_force: 32 (Unused?)
block_coll_passthru: 32
debug_breakpoint: 26 (Unused?)
hardware: 26 (Unused?)
vm_constants_tile_properties: 26 (Unused?)
weapons: 26 (Unused?)
