Compiled on Saturday, 3 January 2026 10:21:09 a.m.
Version string: SE2025.0.260102.23.09.EX

=== Misc ===
ImageFrames: 36
ImageFrame Data Size: 1728
Maps and Asset Bundles Count: 2
Maps and Asset Bundles Data Size: 0
Actor Count: 6
Actor Data Size: 1080
Block Count: 2
Block Data Size: 136
Anim5 Count: 0
Anim5 Data Size: 0
Sound Count: 1
Sound Data Size: 28
Teleporter Count: 1
Teleporter Data Size: 8
Animations Count: 10
Animations Data Size: 160
AnimationFrame Count: 37
AnimationFrame Data Size: 592
Sprites: 20
Sprites Data Size: 280
Attack Data: 3
Attack Data Size: 264
Misc data size: 56

=== Cartridge Composition ===
 Header |   Offset | Size     | Crunch    | Detail
   PL02 |      238 |       76 |   Implode | Panel (background color #000)
   PL01 |      314 |     3380 |   Implode | Panel scorpion_eng_splashscreen
   VC00 |     3694 |     3286 |   Implode | Project virtual machine (codeblocks)
   MA01 |     6980 |       88 |   Implode | Map actor data for level1
   MH01 |     7068 |      186 |   Implode | Header data for map level1
   MD01 |     7254 |     5462 |   Implode | Tile data for map level1 (mem restrictions:None)
   AB00 |    12716 |    13630 |   Implode | Asset bundle 0 (Core project asset bundle)
   AB01 |    26346 |    22126 |   Implode | Asset bundle 1 (level1)
   DB00 |    48472 |        2 |  NoCrunch | Misc Data (paths, hurt boxes etc)
   PH00 |    48474 |     1216 |   Implode | Project Header
   PD01 |    49690 |        4 |  NoCrunch | Project Custom Collisions
   PD00 |    49694 |     1464 |   Implode | Project Data
   VR00 |    51158 |        4 |  NoCrunch | Project virtual machine redirects

=== Data Sizes ===
    Size |   Memory | Crunch | Detail
   22126 |   124160 |  (83%) | Asset bundle 1 (level1)
   13630 |    34096 |  (61%) | Asset bundle 0 (Core project asset bundle)
    5462 |    25266 |  (79%) | Tile data for map level1 (mem restrictions:None)
    3380 |    36784 |  (91%) | Panel scorpion_eng_splashscreen
    3286 |    10810 |  (70%) | Project virtual machine (codeblocks)
    1464 |     4334 |  (67%) | Project Data
    1216 |     4376 |  (73%) | Project Header
     186 |      848 |  (79%) | Header data for map level1
      88 |      140 |  (38%) | Map actor data for level1
      76 |     1296 |  (95%) | Panel (background color #000)
       4 |        4 |        | Project Custom Collisions
       4 |        4 |        | Project virtual machine redirects
       2 |        2 |        | Misc Data (paths, hurt boxes etc)

=== Accounted Memory Usage ===
(Note that this isn't a full account of memory usage, just the memory we can account for)

For chip:
Map gfx (level gfx bundle 1): 124160
Music sample (): 0
BP Buffer memory: 78624
Core sfx/gfx memory: 34096
Parallax memory: 0
OS/other estimated: 99328

For other:
Map data memory: 25266
Map background memory: 1296
EXE memory: 219724
vm memory: 10810
project memory: 4334
Music data (): 0
memory reserved for active actors on screen (32): 5064
memory reserved for dormant actors in map (128): 4608
OS/other estimated: 105472

Accounted memory chip: 336208
Accounted memory other: 376574
Accounted memory total: 712782

=== Codeblocks by compiled size ===
handler_tank: 936
load_level: 676
pre_startup: 438
do_teleport: 320
flipscreen_smooth: 310 (Unused?)
flipxymove: 278 (Unused?)
player_heli_autogen_attack: 278
load_next_level: 268 (Unused?)
freemem: 256
startup: 224
block_find: 210 (Unused?)
set_yresolution: 202
waitforframes: 194
check_talkpad: 192 (Unused?)
pause: 184 (Unused?)
block_count: 178 (Unused?)
flipymove: 162 (Unused?)
snap_to_screen: 162 (Unused?)
pre_quit: 160
flipxmove: 142 (Unused?)
restart_this_level: 136 (Unused?)
load_panel: 134
fn_getdirection: 132
stop_sfx: 130
AUTOGEN_OUTOFSCREEN_destroy_actor_destroy_actor_destroy_actor_destroy_actor: 130
destroy_all_blocks: 128 (Unused?)
handler_level: 126
hit_tank: 122
unload_level: 118
anim_force_left: 108 (Unused?)
anim_force_right: 108 (Unused?)
fadein: 108
waitforfireup: 106
unload_panel: 102
waitforfiredown: 102
load_panel_bottom: 96
load_panel_top: 96
destroy_child_actors: 94 (Unused?)
destroy_pbullet: 90
pre_load_level: 86
waitforfirehit: 86
load_music: 78
fadeout: 76
load_music_finish: 76
wrap_screen_bottom: 76 (Unused?)
wrap_screen_right: 76 (Unused?)
set_ntsc: 74 (Unused?)
flipscreen: 72 (Unused?)
wrap_screen_left: 72 (Unused?)
wrap_screen_top: 72 (Unused?)
jump_actor: 66 (Unused?)
destroy_all_actors: 60 (Unused?)
quit: 60 (Unused?)
destroy_actor: 58
spawn_tank: 58 (Unused?)
freemem_hard: 54 (Unused?)
destroy_block: 52 (Unused?)
return: 52 (Unused?)
load_panel_finish: 50
unload_panel_bottom: 50
unload_panel_top: 50
AUTOGEN_OUTOFSCREEN_None_None_destroy_actor_None: 50
freeze_actor: 40 (Unused?)
unfreeze_actor: 40 (Unused?)
block_coll_force: 32 (Unused?)
block_coll_passthru: 32
debug_breakpoint: 26 (Unused?)
hardware_amiga: 26 (Unused?)
vm_constants_tile_properties: 26 (Unused?)
handler_ebullet: 26 (Unused?)
