Compiled on Saturday, 3 January 2026 8:41:09 a.m.
Version string: SE2025.0.260102.23.09.EX

=== Misc ===
ImageFrames: 17
ImageFrame Data Size: 816
Maps and Asset Bundles Count: 2
Maps and Asset Bundles Data Size: 0
Actor Count: 3
Actor Data Size: 540
Block Count: 243
Block Data Size: 16524
Anim5 Count: 0
Anim5 Data Size: 0
Sound Count: 1
Sound Data Size: 28
Teleporter Count: 1
Teleporter Data Size: 8
Animations Count: 11
Animations Data Size: 176
AnimationFrame Count: 18
AnimationFrame Data Size: 288
Sprites: 17
Sprites Data Size: 238
Attack Data: 2
Attack Data Size: 176
Misc data size: 56

=== Cartridge Composition ===
 Header |   Offset | Size     | Crunch    | Detail
   MC01 |      274 |     3142 |   Implode | Music data bedappol_00111231125261_nocounter
   MS01 |     3416 |    55804 |   Implode | Music samples bedappol_00111231125261_nocounter
   PL02 |    59220 |       76 |   Implode | Panel (background color #000)
   PL01 |    59296 |     3380 |   Implode | Panel scorpion_eng_splashscreen
   VC00 |    62676 |    61780 |   Implode | Project virtual machine (codeblocks)
   MA01 |   124456 |       28 |  NoCrunch | Map actor data for new_map
   MH01 |   124484 |      124 |   Implode | Header data for map new_map
   MD01 |   124608 |      200 |   Implode | Tile data for map new_map (mem restrictions:None)
   AB00 |   124808 |     2840 |   Implode | Asset bundle 0 (Core project asset bundle)
   AB01 |   127648 |       64 |  NoCrunch | Asset bundle 1 (new_map)
   DB00 |   127712 |        2 |  NoCrunch | Misc Data (paths, hurt boxes etc)
   PH00 |   127714 |     1220 |   Implode | Project Header
   PD01 |   128934 |        4 |  NoCrunch | Project Custom Collisions
   PD00 |   128938 |     2616 |   Implode | Project Data
   VR00 |   131554 |        4 |  NoCrunch | Project virtual machine redirects

=== Data Sizes ===
    Size |   Memory | Crunch | Detail
   61780 |   128002 |  (52%) | Project virtual machine (codeblocks)
   55804 |    62410 |  (11%) | Music samples bedappol_00111231125261_nocounter
    3380 |    36784 |  (91%) | Panel scorpion_eng_splashscreen
    3142 |    23612 |  (87%) | Music data bedappol_00111231125261_nocounter
    2840 |     8080 |  (65%) | Asset bundle 0 (Core project asset bundle)
    2616 |    18864 |  (87%) | Project Data
    1220 |     4376 |  (73%) | Project Header
     200 |     2928 |  (94%) | Tile data for map new_map (mem restrictions:None)
     124 |      848 |  (86%) | Header data for map new_map
      76 |     1296 |  (95%) | Panel (background color #000)
      64 |       64 |        | Asset bundle 1 (new_map)
      28 |       28 |        | Map actor data for new_map
       4 |        4 |        | Project Custom Collisions
       4 |        4 |        | Project virtual machine redirects
       2 |        2 |        | Misc Data (paths, hurt boxes etc)

=== Accounted Memory Usage ===
(Note that this isn't a full account of memory usage, just the memory we can account for)

For chip:
Map gfx (Panel: scorpion_eng_splashscreen): 36784
Music sample (bedappol_00111231125261_nocounter): 62410
BP Buffer memory: 60000
Core sfx/gfx memory: 8080
Parallax memory: 0
OS/other estimated: 99328

For other:
Map data memory: 2928
Map background memory: 1296
EXE memory: 219724
vm memory: 128002
project memory: 18864
Music data (bedappol_00111231125261_nocounter): 23612
memory reserved for active actors on screen (32): 5064
memory reserved for dormant actors in map (128): 4608
OS/other estimated: 105472

Accounted memory chip: 290214
Accounted memory other: 485958
Accounted memory total: 776172

=== Codeblocks by compiled size ===
load_level: 676
pre_startup: 438
process_next_tile: 348
do_teleport: 320
flipscreen_smooth: 310 (Unused?)
alexkidd_autogen_attack: 308
flipxymove: 278 (Unused?)
load_next_level: 268 (Unused?)
freemem: 256
block_find: 210 (Unused?)
set_yresolution: 202
waitforframes: 194
check_talkpad: 192 (Unused?)
startup: 190
pause: 184
block_count: 178 (Unused?)
flipymove: 162 (Unused?)
snap_to_screen: 162
pre_quit: 160
flipxmove: 142 (Unused?)
set_tile_parameters: 142
restart_this_level: 136 (Unused?)
load_panel: 134
stop_sfx: 130
AUTOGEN_OUTOFSCREEN_snap_to_screen_snap_to_screen_snap_to_screen_snap_to_screen: 130
AUTOGEN_OUTOFSCREEN_destroy_actor_destroy_actor_destroy_actor_destroy_actor: 130
destroy_all_blocks: 128
unload_level: 118
anim_force_left: 108 (Unused?)
anim_force_right: 108 (Unused?)
fadein: 108
waitforfireup: 106
unload_panel: 102
waitforfiredown: 102
load_panel_bottom: 96
load_panel_top: 96
destroy_child_actors: 94 (Unused?)
autogen_alexkidd_punch_l_0: 90
autogen_alexkidd_punch_r_0: 88
pre_load_level: 86
waitforfirehit: 86
load_music: 78
fadeout: 76
load_music_finish: 76
wrap_screen_bottom: 76 (Unused?)
wrap_screen_right: 76 (Unused?)
set_ntsc: 74 (Unused?)
flipscreen: 72 (Unused?)
wrap_screen_left: 72 (Unused?)
wrap_screen_top: 72 (Unused?)
jump_actor: 66 (Unused?)
destroy_all_actors: 60 (Unused?)
quit: 60
destroy_actor: 58
freemem_hard: 54 (Unused?)
destroy_block: 52
return: 52 (Unused?)
load_panel_finish: 50
unload_panel_bottom: 50
unload_panel_top: 50
freeze_actor: 40 (Unused?)
unfreeze_actor: 40 (Unused?)
block_coll_force: 32 (Unused?)
block_coll_passthru: 32
debug_breakpoint: 26 (Unused?)
hardware_amiga: 26 (Unused?)
vm_constants_tile_properties: 26 (Unused?)
