Compiled on Saturday, 3 January 2026 8:37:10 a.m.
Version string: SE2025.0.260102.23.09.EX

ImageFrame Data Size: 488
Actor Count: 3
Actor Data Size: 540
Animations Count: 11
Animations Data Size: 176
AnimationFrame Count: 18
AnimationFrame Data Size: 288

=== Cartridge Composition ===
 Header |   Offset | Size     | Crunch    | Detail
   VC00 |   107794 |   128006 |  NoCrunch | Project virtual machine (codeblocks)
   PL01 |   235800 |     2012 |  NoCrunch | Panel 
   PB00 |   237812 |    16524 |  NoCrunch | Project blocks
   PI00 |   254336 |      488 |  NoCrunch | Images
   PA00 |   254824 |      540 |  NoCrunch | Project actors
   ML01 |   255364 |       12 |       ZX0 | Map block data for new_map
   MA01 |   255376 |       12 |       ZX0 | Map actor data for new_map
   MH01 |   255388 |      848 |  NoCrunch | Header data for map new_map
   MT01 |   256236 |       20 |       ZX0 | Map tile data  new_map
   MD01 |   256256 |      896 |  NoCrunch | Tile data for map new_map (mem restrictions:None)
   ME01 |   257152 |       44 |  NoCrunch | Map event data for new_map
   MY01 |   257196 |       64 |  NoCrunch | Get Y lookup table new_map
   MN01 |   257260 |       20 |  NoCrunch | Map path node data for new_map
   NT00 |   257280 |        8 |  NoCrunch | Project name table
   PN00 |   257288 |      176 |  NoCrunch | Animations
   PF00 |   257464 |      288 |  NoCrunch | Animation Frames
   PS00 |   257752 |       28 |  NoCrunch | Project sound
   DB00 |   257780 |        2 |  NoCrunch | Misc Data (paths, hurt boxes etc)
   PH00 |   257782 |    11482 |  NoCrunch | Project Header
   PD01 |   269264 |        4 |  NoCrunch | Project Custom Collisions
   PV00 |   269268 |       56 |  NoCrunch | Var Data
   AT00 |   269324 |      176 |  NoCrunch | Attack Data
   PE00 |   269500 |        8 |  NoCrunch | Teleporters

=== Data Sizes ===
    Size |   Memory | Crunch | Detail
  128006 |   128006 |        | Project virtual machine (codeblocks)
   16524 |    16524 |        | Project blocks
   11482 |    11482 |        | Project Header
    2012 |     2012 |        | Panel 
     896 |      896 |        | Tile data for map new_map (mem restrictions:None)
     848 |      848 |        | Header data for map new_map
     540 |      540 |        | Project actors
     488 |      488 |        | Images
     288 |      288 |        | Animation Frames
     176 |      176 |        | Animations
     176 |      176 |        | Attack Data
      64 |       64 |        | Get Y lookup table new_map
      56 |       56 |        | Var Data
      44 |       44 |        | Map event data for new_map
      28 |       28 |        | Project sound
      20 |      544 |  (97%) | Map tile data  new_map
      20 |       20 |        | Map path node data for new_map
      12 |      544 |  (98%) | Map block data for new_map
      12 |       28 |  (58%) | Map actor data for new_map
       8 |        8 |        | Project name table
       8 |        8 |        | Teleporters
       4 |        4 |        | Project Custom Collisions
       2 |        2 |        | Misc Data (paths, hurt boxes etc)

=== Accounted Memory Usage ===
(Note that this isn't a full account of memory usage, just the memory we can account for)
NeoGeo BIOS memory: 3328
RAM reserved for level tiles: (largest level: new_map): 1088
memory reserved for active actors on screen (32): 5064
memory reserved for dormant actors in map (128): 4608

Total: 14088 bytes

=== Codeblocks by compiled size ===
load_level: 636
pre_startup: 348
process_next_tile: 328
flipscreen_smooth: 310 (Unused?)
alexkidd_autogen_attack: 308
do_teleport: 300
flipxymove: 278 (Unused?)
load_next_level: 268 (Unused?)
freemem: 256
set_yresolution: 256 (Unused?)
block_find: 210 (Unused?)
waitforframes: 194
block_count: 178 (Unused?)
check_talkpad: 172 (Unused?)
flipymove: 162 (Unused?)
snap_to_screen: 162
pre_quit: 160 (Unused?)
startup: 158
flipxmove: 142 (Unused?)
set_tile_parameters: 142
pause: 138 (Unused?)
restart_this_level: 136 (Unused?)
load_panel: 134
stop_sfx: 130
AUTOGEN_OUTOFSCREEN_snap_to_screen_snap_to_screen_snap_to_screen_snap_to_screen: 130
AUTOGEN_OUTOFSCREEN_destroy_actor_destroy_actor_destroy_actor_destroy_actor: 130
destroy_all_blocks: 128 (Unused?)
unload_level: 118
anim_force_left: 108 (Unused?)
anim_force_right: 108 (Unused?)
fadein: 108
unload_panel: 102
load_panel_bottom: 96
load_panel_top: 96
destroy_child_actors: 94 (Unused?)
autogen_alexkidd_punch_l_0: 90
autogen_alexkidd_punch_r_0: 88
pre_load_level: 86
waitforfirehit: 86
fadeout: 76
load_music_finish: 76
wrap_screen_bottom: 76 (Unused?)
wrap_screen_right: 76 (Unused?)
flipscreen: 72 (Unused?)
wrap_screen_left: 72 (Unused?)
wrap_screen_top: 72 (Unused?)
jump_actor: 66 (Unused?)
waitforfiredown: 64
load_music: 62
waitforfireup: 62
destroy_all_actors: 60 (Unused?)
destroy_actor: 58
freemem_hard: 54 (Unused?)
destroy_block: 52
return: 52 (Unused?)
load_panel_finish: 50
unload_panel_bottom: 50
unload_panel_top: 50
freeze_actor: 40 (Unused?)
quit: 40 (Unused?)
unfreeze_actor: 40 (Unused?)
block_coll_force: 32 (Unused?)
block_coll_passthru: 32
debug_breakpoint: 26 (Unused?)
hardware_amiga: 26 (Unused?)
set_ntsc: 26 (Unused?)
vm_constants_tile_properties: 26 (Unused?)
