Compiled on Saturday, 3 January 2026 9:48:30 a.m.
Version string: SE2025.0.260102.23.09.EX

ImageFrame Data Size: 214
Actor Count: 3
Actor Data Size: 540
Animations Count: 3
Animations Data Size: 48
AnimationFrame Count: 4
AnimationFrame Data Size: 64

=== Cartridge Composition ===
 Header |   Offset | Size     | Crunch    | Detail
   MC00 |   123136 |      172 |  NoCrunch | XGM Null song
   XG-1 |   123308 |      854 |  NoCrunch | XGM 68K Plugin Driver
   XG00 |   124162 |     5888 |  NoCrunch | XGM Core Driver
   XG01 |   122880 |      256 |  NoCrunch | XGM Null sound
   PS00 |   122794 |       28 |  NoCrunch | Project sound
   FN00 |   130050 |     2048 |  NoCrunch | Default MD font
   VC00 |   132098 |    10810 |  NoCrunch | Project virtual machine (codeblocks)
   PL01 |   142908 |    10364 |  NoCrunch | Panel 
   PB00 |   153272 |       68 |  NoCrunch | Project blocks
   PI00 |   153340 |      214 |  NoCrunch | Images
   PA00 |   153554 |      540 |  NoCrunch | Project actors
   PP00 |   122822 |        4 |  NoCrunch | Project patterns
   MT01 |   122826 |       26 |       ZX0 | Map tile data  intromap
   MD01 |   154094 |     1792 |  NoCrunch | Tile data for map intromap (mem restrictions:None)
   PP01 |   155886 |      844 |  NoCrunch | Pattern data for intromap
   ME01 |   156730 |       44 |  NoCrunch | Map event data for intromap
   MY01 |   156774 |      232 |  NoCrunch | Get Y lookup table intromap
   MN01 |   122852 |       20 |  NoCrunch | Map path node data for intromap
   MI01 |   157006 |      536 |  NoCrunch | Map animation data forintromap
   MA01 |   157542 |       22 |       ZX0 | Map actor data for intromap
   MH01 |   157564 |      848 |  NoCrunch | Header data for map intromap
   ML01 |   158412 |        8 |       ZX0 | Map block data for intromap
   NT00 |   158420 |      984 |  NoCrunch | Project name table
   PP-1 |   159404 |    10528 |  NoCrunch | Streamed project patterns
   PN00 |   169932 |       48 |  NoCrunch | Animations
   PF00 |   169980 |       64 |  NoCrunch | Animation Frames
   DB00 |   122872 |        2 |  NoCrunch | Misc Data (paths, hurt boxes etc)
   PH00 |   170044 |    11482 |  NoCrunch | Project Header
   PV00 |   181526 |       56 |  NoCrunch | Var Data
   AT00 |   181582 |      176 |  NoCrunch | Attack Data
   PE00 |   181758 |        8 |  NoCrunch | Teleporters

=== Data Sizes ===
    Size |   Memory | Crunch | Detail
   11482 |    11482 |        | Project Header
   10810 |    10810 |        | Project virtual machine (codeblocks)
   10528 |    10528 |        | Streamed project patterns
   10364 |    10364 |        | Panel 
    5888 |     5888 |        | XGM Core Driver
    2048 |     2048 |        | Default MD font
    1792 |     1792 |        | Tile data for map intromap (mem restrictions:None)
     984 |      984 |        | Project name table
     854 |      854 |        | XGM 68K Plugin Driver
     848 |      848 |        | Header data for map intromap
     844 |      844 |        | Pattern data for intromap
     540 |      540 |        | Project actors
     536 |      536 |        | Map animation data forintromap
     256 |      256 |        | XGM Null sound
     232 |      232 |        | Get Y lookup table intromap
     214 |      214 |        | Images
     176 |      176 |        | Attack Data
     172 |      172 |        | XGM Null song
      68 |       68 |        | Project blocks
      64 |       64 |        | Animation Frames
      56 |       56 |        | Var Data
      48 |       48 |        | Animations
      44 |       44 |        | Map event data for intromap
      28 |       28 |        | Project sound
      26 |     1044 |  (98%) | Map tile data  intromap
      22 |       84 |  (74%) | Map actor data for intromap
      20 |       20 |        | Map path node data for intromap
       8 |     1044 | (100%) | Map block data for intromap
       8 |        8 |        | Teleporters
       4 |        4 |        | Project patterns
       2 |        2 |        | Misc Data (paths, hurt boxes etc)

=== Accounted Memory Usage ===
(Note that this isn't a full account of memory usage, just the memory we can account for)
RAM reserved for level tiles: (largest level: intromap): 2088
memory reserved for active actors on screen (32): 5064
memory reserved for dormant actors in map (128): 4608

Total: 11760 bytes

=== Codeblocks by compiled size ===
load_level: 636
startup: 394
pre_startup: 392
set_yresolution: 390 (Unused?)
flipscreen_smooth: 310 (Unused?)
do_teleport: 300
flipxymove: 278 (Unused?)
load_next_level: 268 (Unused?)
freemem: 256
block_find: 210 (Unused?)
waitforframes: 194
block_count: 178 (Unused?)
check_talkpad: 172 (Unused?)
flipymove: 162 (Unused?)
snap_to_screen: 162 (Unused?)
pre_quit: 160 (Unused?)
flipxmove: 142 (Unused?)
pause: 138 (Unused?)
restart_this_level: 136 (Unused?)
load_panel: 134
stop_sfx: 130
destroy_all_blocks: 128 (Unused?)
parallax_handler: 126
unload_level: 118
anim_force_left: 108 (Unused?)
anim_force_right: 108 (Unused?)
fadein: 108
unload_panel: 102
load_panel_bottom: 96
load_panel_top: 96
destroy_child_actors: 94 (Unused?)
pre_load_level: 86
waitforfirehit: 86
fadeout: 76
load_music_finish: 76
wrap_screen_bottom: 76 (Unused?)
wrap_screen_right: 76 (Unused?)
flipscreen: 72 (Unused?)
wrap_screen_left: 72 (Unused?)
wrap_screen_top: 72 (Unused?)
load_music: 70
jump_actor: 66 (Unused?)
waitforfiredown: 64
waitforfireup: 62
destroy_all_actors: 60 (Unused?)
destroy_actor: 58
freemem_hard: 54 (Unused?)
destroy_block: 52 (Unused?)
return: 52 (Unused?)
load_panel_finish: 50
unload_panel_bottom: 50
unload_panel_top: 50
freeze_actor: 40 (Unused?)
quit: 40 (Unused?)
unfreeze_actor: 40 (Unused?)
block_coll_force: 32 (Unused?)
block_coll_passthru: 32
debug_breakpoint: 26 (Unused?)
hardware_amiga: 26 (Unused?)
set_ntsc: 26
vm_constants_tile_properties: 26 (Unused?)
