Compiled on Sunday, 4 January 2026 10:47:58 p.m.
Version string: SE2025.0.260104.09.29.EX

ImageFrame Data Size: 172
Actor Count: 3
Actor Data Size: 540
Animations Count: 3
Animations Data Size: 48
AnimationFrame Count: 4
AnimationFrame Data Size: 64

=== Cartridge Composition ===
 Header |   Offset | Size     | Crunch    | Detail
   VC00 |   107836 |     9200 |  NoCrunch | Project virtual machine (codeblocks)
   PL01 |   117036 |     2012 |  NoCrunch | Panel 
   PB00 |   119048 |       68 |  NoCrunch | Project blocks
   PI00 |   119116 |      172 |  NoCrunch | Images
   PA00 |   119288 |      540 |  NoCrunch | Project actors
   ML01 |   119828 |        8 |       ZX0 | Map block data for intromap
   MA01 |   119836 |       22 |       ZX0 | Map actor data for intromap
   MH01 |   119858 |      848 |  NoCrunch | Header data for map intromap
   MT01 |   120706 |       26 |       ZX0 | Map tile data  intromap
   MD01 |   120732 |     1792 |  NoCrunch | Tile data for map intromap (mem restrictions:None)
   ME01 |   122524 |       44 |  NoCrunch | Map event data for intromap
   MY01 |   122568 |      232 |  NoCrunch | Get Y lookup table intromap
   MN01 |   122800 |       20 |  NoCrunch | Map path node data for intromap
   NT00 |   122820 |      492 |  NoCrunch | Project name table
   PN00 |   123312 |       48 |  NoCrunch | Animations
   PF00 |   123360 |       64 |  NoCrunch | Animation Frames
   PS00 |   123424 |       28 |  NoCrunch | Project sound
   DB00 |   123452 |        2 |  NoCrunch | Misc Data (paths, hurt boxes etc)
   PH00 |   123454 |    11482 |  NoCrunch | Project Header
   PV00 |   134936 |       56 |  NoCrunch | Var Data
   AT00 |   134992 |      176 |  NoCrunch | Attack Data
   PE00 |   135168 |        8 |  NoCrunch | Teleporters

=== Data Sizes ===
    Size |   Memory | Crunch | Detail
   11482 |    11482 |        | Project Header
    9200 |     9200 |        | Project virtual machine (codeblocks)
    2012 |     2012 |        | Panel 
    1792 |     1792 |        | Tile data for map intromap (mem restrictions:None)
     848 |      848 |        | Header data for map intromap
     540 |      540 |        | Project actors
     492 |      492 |        | Project name table
     232 |      232 |        | Get Y lookup table intromap
     176 |      176 |        | Attack Data
     172 |      172 |        | Images
      68 |       68 |        | Project blocks
      64 |       64 |        | Animation Frames
      56 |       56 |        | Var Data
      48 |       48 |        | Animations
      44 |       44 |        | Map event data for intromap
      28 |       28 |        | Project sound
      26 |     1044 |  (98%) | Map tile data  intromap
      22 |       84 |  (74%) | Map actor data for intromap
      20 |       20 |        | Map path node data for intromap
       8 |     1044 | (100%) | Map block data for intromap
       8 |        8 |        | Teleporters
       2 |        2 |        | Misc Data (paths, hurt boxes etc)

=== Accounted Memory Usage ===
(Note that this isn't a full account of memory usage, just the memory we can account for)
NeoGeo BIOS memory: 3328
RAM reserved for level tiles: (largest level: intromap): 2088
memory reserved for active actors on screen (32): 5064
memory reserved for dormant actors in map (128): 4608

Total: 15088 bytes

=== Codeblocks by compiled size ===
load_level: 636
startup: 394
pre_startup: 348
flipscreen_smooth: 310 (Unused?)
do_teleport: 300
flipxymove: 278 (Unused?)
load_next_level: 268 (Unused?)
freemem: 256
set_yresolution: 256 (Unused?)
block_find: 210 (Unused?)
waitforframes: 194
block_count: 178 (Unused?)
check_talkpad: 172 (Unused?)
flipymove: 162 (Unused?)
snap_to_screen: 162 (Unused?)
pre_quit: 160 (Unused?)
flipxmove: 142 (Unused?)
pause: 138 (Unused?)
restart_this_level: 136 (Unused?)
load_panel: 134
stop_sfx: 130
destroy_all_blocks: 128 (Unused?)
parallax_handler: 126
unload_level: 118
anim_force_left: 108 (Unused?)
anim_force_right: 108 (Unused?)
fadein: 108
unload_panel: 102
load_panel_bottom: 96
load_panel_top: 96
destroy_child_actors: 94 (Unused?)
pre_load_level: 86
waitforfirehit: 86
fadeout: 76
load_music_finish: 76
wrap_screen_bottom: 76 (Unused?)
wrap_screen_right: 76 (Unused?)
flipscreen: 72 (Unused?)
wrap_screen_left: 72 (Unused?)
wrap_screen_top: 72 (Unused?)
jump_actor: 66 (Unused?)
waitforfiredown: 64
load_music: 62
waitforfireup: 62
destroy_all_actors: 60 (Unused?)
destroy_actor: 58
freemem_hard: 54 (Unused?)
destroy_block: 52 (Unused?)
return: 52 (Unused?)
load_panel_finish: 50
unload_panel_bottom: 50
unload_panel_top: 50
freeze_actor: 40 (Unused?)
quit: 40 (Unused?)
unfreeze_actor: 40 (Unused?)
block_coll_force: 32 (Unused?)
block_coll_passthru: 32
debug_breakpoint: 26 (Unused?)
hardware_amiga: 26 (Unused?)
set_ntsc: 26 (Unused?)
vm_constants_tile_properties: 26 (Unused?)
