Compiled on Saturday, 3 January 2026 10:14:24 a.m.
Version string: SE2025.0.260102.23.09.EX

=== Misc ===
ImageFrames: 82
ImageFrame Data Size: 3936
Maps and Asset Bundles Count: 2
Maps and Asset Bundles Data Size: 0
Actor Count: 5
Actor Data Size: 900
Block Count: 1
Block Data Size: 68
Anim5 Count: 0
Anim5 Data Size: 0
Sound Count: 15
Sound Data Size: 420
Teleporter Count: 1
Teleporter Data Size: 8
Animations Count: 19
Animations Data Size: 304
AnimationFrame Count: 83
AnimationFrame Data Size: 1328
Sprites: 1
Sprites Data Size: 14
Attack Data: 3
Attack Data Size: 264
Misc data size: 92

=== Cartridge Composition ===
 Header |   Offset | Size     | Crunch    | Detail
   MC01 |      400 |     6464 |   Implode | Music data tune
   MS01 |     6864 |    36020 |   Implode | Music samples tune
   PL07 |    42884 |       76 |   Implode | Panel (background color #000)
   PL01 |    42960 |     3380 |   Implode | Panel scorpion_eng_splashscreen
   PL02 |    46340 |     8602 |   Implode | Panel ending_screen
   PL03 |    54942 |      698 |   Implode | Panel hud
   PC03 |    55640 |      420 |   Implode | Panel bobs hud
   PL04 |    56060 |    15520 |   Implode | Panel select_screen
   PC04 |    71580 |      146 |   Implode | Panel bobs select_screen
   PL05 |    71726 |     8414 |   Implode | Panel splash_screen
   PL06 |    80140 |     8834 |   Implode | Panel vs_screen
   VC00 |    88974 |     3546 |   Implode | Project virtual machine (codeblocks)
   MA01 |    92520 |       56 |  NoCrunch | Map actor data for stage
   MH01 |    92576 |      178 |   Implode | Header data for map stage
   MD01 |    92754 |     1486 |   Implode | Tile data for map stage (mem restrictions:No_Blocks)
   AB00 |    94240 |   243800 |   Implode | Asset bundle 0 (Core project asset bundle)
   AB01 |   338040 |    37992 |   Implode | Asset bundle 1 (stage)
   DB00 |   376032 |        2 |  NoCrunch | Misc Data (paths, hurt boxes etc)
   PH00 |   376034 |     1224 |   Implode | Project Header
   PD01 |   377258 |        4 |  NoCrunch | Project Custom Collisions
   PD00 |   377262 |     2270 |   Implode | Project Data
   VR00 |   379532 |        4 |  NoCrunch | Project virtual machine redirects

=== Data Sizes ===
    Size |   Memory | Crunch | Detail
  243800 |   496212 |  (51%) | Asset bundle 0 (Core project asset bundle)
   37992 |    74080 |  (49%) | Asset bundle 1 (stage)
   36020 |    38854 |   (8%) | Music samples tune
   15520 |    43608 |  (65%) | Panel select_screen
    8834 |    43384 |  (80%) | Panel vs_screen
    8602 |    43384 |  (81%) | Panel ending_screen
    8414 |    46584 |  (82%) | Panel splash_screen
    6464 |    26684 |  (76%) | Music data tune
    3546 |    12480 |  (72%) | Project virtual machine (codeblocks)
    3380 |    36784 |  (91%) | Panel scorpion_eng_splashscreen
    2270 |     7336 |  (70%) | Project Data
    1486 |     3320 |  (56%) | Tile data for map stage (mem restrictions:No_Blocks)
    1224 |     4376 |  (73%) | Project Header
     698 |     5720 |  (88%) | Panel hud
     420 |     1280 |  (68%) | Panel bobs hud
     178 |      848 |  (80%) | Header data for map stage
     146 |      736 |  (81%) | Panel bobs select_screen
      76 |     1296 |  (95%) | Panel (background color #000)
      56 |       56 |        | Map actor data for stage
       4 |        4 |        | Project Custom Collisions
       4 |        4 |        | Project virtual machine redirects
       2 |        2 |        | Misc Data (paths, hurt boxes etc)

=== Accounted Memory Usage ===
(Note that this isn't a full account of memory usage, just the memory we can account for)

For chip:
Map gfx (level gfx bundle 1): 74080
Music sample (tune): 38854
BP Buffer memory: 131520
Core sfx/gfx memory: 496212
Parallax memory: 0
OS/other estimated: 99328

For other:
Map data memory: 3320
Map background memory: 1296
EXE memory: 219724
vm memory: 12480
project memory: 7336
Music data (tune): 26684
memory reserved for active actors on screen (32): 5064
memory reserved for dormant actors in map (128): 4608
OS/other estimated: 105472

Accounted memory chip: 866678
Accounted memory other: 359300
Accounted memory total: 1225978

=== Possibly unused sound effects ===
select
snd_select

=== Codeblocks by compiled size ===
load_level: 676
startup: 618
ryu_handler: 454
pre_startup: 438
game_over: 322
do_teleport: 320
init_game: 318
flipscreen_smooth: 310 (Unused?)
ken_projectile: 298
ken_hurt: 282
flipxymove: 278 (Unused?)
load_next_level: 268 (Unused?)
freemem: 256
block_find: 210 (Unused?)
set_yresolution: 202
waitforframes: 194
check_talkpad: 192 (Unused?)
pause: 184 (Unused?)
block_count: 178 (Unused?)
ken_handler: 168
flipymove: 162 (Unused?)
snap_to_screen: 162
pre_quit: 160
kick: 158
flipxmove: 142 (Unused?)
punch: 142
restart_this_level: 136 (Unused?)
load_panel: 134
stop_sfx: 130
destroy_all_blocks: 128 (Unused?)
charge: 128
unload_level: 118
reset_ken: 114
anim_force_left: 108 (Unused?)
anim_force_right: 108 (Unused?)
fadein: 108
waitforfireup: 106
unload_panel: 102
waitforfiredown: 102
load_panel_bottom: 96
load_panel_top: 96
destroy_child_actors: 94 (Unused?)
autogen_ryu_kick_1: 90
autogen_ryu_kick_2: 90
autogen_ryu_kick_air_0: 90
autogen_ryu_punch_2: 90
pre_load_level: 86
waitforfirehit: 86
load_music: 78
AUTOGEN_OUTOFSCREEN_snap_to_screen_snap_to_screen_None_None: 78
fadeout: 76
load_music_finish: 76
wrap_screen_bottom: 76 (Unused?)
wrap_screen_right: 76 (Unused?)
set_ntsc: 74 (Unused?)
flipscreen: 72 (Unused?)
wrap_screen_left: 72 (Unused?)
wrap_screen_top: 72 (Unused?)
hadouken: 72
jump_actor: 66 (Unused?)
impact_spawn: 64
destroy_all_actors: 60 (Unused?)
quit: 60 (Unused?)
destroy_actor: 58
freemem_hard: 54 (Unused?)
AUTOGEN_OUTOFSCREEN_None_destroy_actor_None_None: 54
destroy_block: 52 (Unused?)
return: 52 (Unused?)
ground_impact: 52
load_panel_finish: 50
unload_panel_bottom: 50
unload_panel_top: 50
reset_attacks: 44
freeze_actor: 40 (Unused?)
unfreeze_actor: 40 (Unused?)
autogen_ken_die_9: 38
autogen_ryu_hadouken_2: 38
block_coll_force: 32 (Unused?)
block_coll_passthru: 32
end_of_attack: 32 (Unused?)
debug_breakpoint: 26 (Unused?)
hardware_amiga: 26 (Unused?)
vm_constants_tile_properties: 26 (Unused?)
