Compiled on Sunday, 18 May 2025 7:28:32 p.m.
Version string: SE2024.2.250517.21.12.EX

ImageFrame Data Size: 6722
Actor Count: 5
Actor Data Size: 900
Animations Count: 19
Animations Data Size: 304
AnimationFrame Count: 83
AnimationFrame Data Size: 1328
Music file tune Original size 65538 Crunched size 42472
Project virtual machine (codeblocks) Original size 11428 Crunched size 11428
Panel  Original size 3130 Crunched size 3130
Panel ending_screen Original size 2970 Crunched size 2970
Panel hud Original size 1226 Crunched size 1226
Panel select_screen Original size 3194 Crunched size 3194
Panel splash_screen Original size 3130 Crunched size 3130
Panel vs_screen Original size 2970 Crunched size 2970
Project blocks Original size 68 Crunched size 68
Images Original size 6722 Crunched size 6722
Project actors Original size 900 Crunched size 900
Map block data for stage Original size 774 Crunched size 774
Map actor data for stage Original size 56 Crunched size 22
Header data for map stage Original size 844 Crunched size 844
Map tile data  stage Original size 774 Crunched size 774
Tile data for map stage (mem restrictions:None) Original size 1312 Crunched size 1312
Map event data for stage Original size 44 Crunched size 44
Get Y lookup table stage Original size 72 Crunched size 72
Map path node data for stage Original size 12 Crunched size 12
Project name table Original size 1804 Crunched size 1804
Animations Original size 304 Crunched size 304
Animation Frames Original size 1328 Crunched size 1328
Project sound Original size 420 Crunched size 420
Misc Data (paths, hurt boxes etc) Original size 2 Crunched size 2
Project Header Original size 3266 Crunched size 3266
Var Data Original size 86 Crunched size 86
Attack Data Original size 176 Crunched size 176
Teleporters Original size 8 Crunched size 8

=== Accounted Memory Usage ===
(Note that this isn't a full account of memory usage, just the memory we can account for)
RAM reserved for level tiles: (largest level: stage): 1548
memory reserved for active actors on screen (32): 4616
memory reserved for dormant actors in map (128): 4608

Total: 10772 bytes

=== Possibly unused sound effects ===
select
snd_select

=== Codeblocks by compiled size ===
startup: 618
load_level: 510
ryu_handler: 454
do_teleport: 382
game_over: 322
pre_startup: 316
flipscreen_smooth: 310 (Unused?)
init_game: 310
ken_projectile: 298
ken_hurt: 282
flipxymove: 278 (Unused?)
set_yresolution: 256 (Unused?)
load_next_level: 252 (Unused?)
block_find: 206 (Unused?)
waitforframes: 194
block_count: 178 (Unused?)
check_talkpad: 172 (Unused?)
ken_handler: 168
flipymove: 162 (Unused?)
pre_quit: 160 (Unused?)
snap_to_screen: 158
kick: 158
load_panel: 146
flipxmove: 142 (Unused?)
unload_level: 142
punch: 142
pause: 138 (Unused?)
destroy_all_blocks: 128 (Unused?)
restart_this_level: 128 (Unused?)
charge: 128 (Unused?)
pre_load_level: 122
reset_ken: 114
fadein: 112
unload_panel: 106
waitforfireup: 102
waitforfiredown: 98
load_panel_bottom: 96 (Unused?)
load_panel_top: 96
destroy_child_actors: 94 (Unused?)
autogen_ryu_kick_1: 90
autogen_ryu_kick_2: 90
autogen_ryu_kick_air_0: 90
autogen_ryu_punch_2: 90
fadeout: 88
pre_anim5: 86 (Unused?)
waitforfirehit: 86
AUTOGEN_OUTOFSCREEN_snap_to_screen_snap_to_screen_None_None: 78
load_music_finish: 76
wrap_screen_bottom: 76 (Unused?)
wrap_screen_right: 76 (Unused?)
flipscreen: 72 (Unused?)
wrap_screen_left: 72 (Unused?)
wrap_screen_top: 72 (Unused?)
hadouken: 72
jump_actor: 66 (Unused?)
load_panel_finish: 66
impact_spawn: 64
load_music: 62
unload_panel_bottom: 62
unload_panel_top: 62
destroy_all_actors: 60 (Unused?)
destroy_actor: 58
regenerate_screen: 58
AUTOGEN_OUTOFSCREEN_None_destroy_actor_None_None: 54
destroy_block: 52 (Unused?)
return: 52 (Unused?)
ground_impact: 52
quit: 50 (Unused?)
regenerate_screen_wait: 46
reset_attacks: 44
freeze_actor: 40 (Unused?)
unfreeze_actor: 40 (Unused?)
autogen_ken_die_9: 38
autogen_ryu_hadouken_2: 38
block_coll_force: 32 (Unused?)
block_coll_passthru: 32 (Unused?)
clear_block_collision: 32
end_of_attack: 32 (Unused?)
vm_registers: 26 (Unused?)
debug_breakpoint: 26 (Unused?)
set_ntsc: 26 (Unused?)
vm_constants_tile_properties: 26 (Unused?)
