Default MD font Original size 2048 Crunched size 2048
Default MD number font Original size 320 Crunched size 320
Project virtual machine (codeblocks) Original size 7844 Crunched size 7844
Panel  Original size 10332 Crunched size 10332
Project blocks Original size 68 Crunched size 68
Project actors Original size 752 Crunched size 752
Project patterns Original size 32 Crunched size 32
Pattern data for 1 Original size 742 Crunched size 742
Dynamic pattern data for 1 Original size 32 Crunched size 32
Map header level1 Original size 12504 Crunched size 12504
Get Y lookup table level1 Original size 104 Crunched size 104
Map tile data  level1 Original size 2496 Crunched size 15
Map block data for level1 Original size 2496 Crunched size 7
Map path node data for level1 Original size 12 Crunched size 12
Map event data for level1 Original size 32 Crunched size 32
Project name table Original size 1152 Crunched size 1152
Streamed project patterns Original size 8736 Crunched size 8736
Images Original size 130 Crunched size 130
Animations Original size 64 Crunched size 64
Animation Frames Original size 80 Crunched size 80
Mega Drive header Original size 2894 Crunched size 2894
Teleporters Original size 8 Crunched size 8
Var Data Original size 30 Crunched size 30
Attack Data Original size 66 Crunched size 66

=== Possibly unused Actors ===
grapple_hook

=== Codeblocks by compiled size ===
load_level: 686
handler_batman_hang: 424
set_yresolution: 386 (Unused?)
do_teleport: 348
flipscreen_smooth: 306 (Unused?)
flipxymove: 250 (Unused?)
waitforframes: 186
pre_startup: 182
check_talkpad: 168 (Unused?)
snap_to_screen: 158 (Unused?)
startup: 154
flipymove: 146 (Unused?)
load_panel: 146
pre_quit: 144 (Unused?)
flipxmove: 130 (Unused?)
pause: 126 (Unused?)
destroy_all_blocks: 120 (Unused?)
spawn_grapple_hook: 120
load_music: 118 (Unused?)
pre_load_level: 118
unload_level: 114
waitforfireup: 106
fadein: 102
waitforfiredown: 102
load_panel_bottom: 96 (Unused?)
load_panel_top: 96 (Unused?)
unload_panel: 92
destroy_child_actors: 90 (Unused?)
pre_anim5: 86 (Unused?)
waitforfirehit: 86
fadeout: 84
wrap_screen_bottom: 76 (Unused?)
wrap_screen_right: 76 (Unused?)
handler_grapple_point: 74
wrap_screen_left: 72 (Unused?)
wrap_screen_top: 72 (Unused?)
flipscreen: 70 (Unused?)
load_music_finish: 64
jump_actor: 62 (Unused?)
unload_panel_bottom: 62
unload_panel_top: 62
fix_player_var2: 62 (Unused?)
destroy_all_actors: 56 (Unused?)
load_panel_finish: 56
destroy_actor: 54
regenerate_screen: 52
return: 52 (Unused?)
destroy_block: 48 (Unused?)
quit: 46 (Unused?)
regenerate_screen_wait: 42
freeze_actor: 36 (Unused?)
unfreeze_actor: 36 (Unused?)
block_coll_force: 32 (Unused?)
block_coll_passthru: 32 (Unused?)
vm_registers: 26 (Unused?)
vm_constants: 26 (Unused?)
debug_breakpoint: 26 (Unused?)
vm_constants_audiodriver: 26 (Unused?)
vm_constants_controlbits: 26 (Unused?)
vm_constants_notes: 26 (Unused?)
vm_constants_platform: 26 (Unused?)
vm_constants_tile_properties: 26 (Unused?)
