=== Image optimisations ===

=== Misc ===
Actor Count: 5
Actor Data Size: 1460
Block Count: 1
Block Data Size: 52
Anim5 Count: 1
Anim5 Data Size: 4
Sound Count: 1
Sound Data Size: 16
Teleporter Count: 1
Teleporter Data Size: 8
Animations Count: 12
Animations Data Size: 192
AnimationFrame Count: 50
AnimationFrame Data Size: 3400
Crunching Panel scorpion_eng_splashscreen as 0.img. Original size: 37106. Crunched size: 3312
Saving Project virtual machine (codeblocks) as project.vm. Original size: 5150
Saving Header data for map l1 as 1.mhd. Original size: 11556
Saving Data for map l1 as 1.map. Original size: 3532
Saving Asset bundle 0 as 0.gfx. Original size: 91200
Saving Asset bundle 1 as 1.gfx. Original size: 58240
Saving Project data as project.dat. Original size: 5132
Saving Scorpion header as project.hd. Original size: 3004

Estimated memory usages:

For chip:
Map gfx (level gfx bundle 1 ): 58240
Music memory: 0
BP Buffer memory: 109600
core sfx/gfx memory: 91200

For other:
Map cache memory: 0
Map header cache memory: 0
Map data memory: 3532
EXE memory: 191792
vm memory: 5150
project memory: 5132

Accounted memory chip: 259040
Accounted memory other: 205606
Accounted memory total: 464646
