Compiled on Sunday, 18 May 2025 6:23:35 p.m.
Version string: SE2024.2.250517.21.12.EX

ImageFrame Data Size: 750
Actor Count: 9
Actor Data Size: 1620
Animations Count: 21
Animations Data Size: 336
AnimationFrame Count: 22
AnimationFrame Data Size: 352
Project sound Original size 28 Crunched size 28
Project patterns Original size 4 Crunched size 4
Map tile data  testmap Original size 798 Crunched size 95
Misc Data (paths, hurt boxes etc) Original size 2 Crunched size 2
XGM Null sound Original size 256 Crunched size 256
XGM Null song Original size 172 Crunched size 172
XGM 68K Plugin Driver Original size 852 Crunched size 852
XGM Core Driver Original size 5888 Crunched size 5888
Default MD font Original size 2048 Crunched size 2048
Project virtual machine (codeblocks) Original size 19846 Crunched size 19846
Panel  Original size 10362 Crunched size 10362
Project blocks Original size 136 Crunched size 136
Images Original size 750 Crunched size 750
Project actors Original size 1620 Crunched size 1620
Tile data for map testmap (mem restrictions:None) Original size 1360 Crunched size 1360
Pattern data for 1 Original size 358 Crunched size 358
Map event data for testmap Original size 44 Crunched size 44
Get Y lookup table testmap Original size 76 Crunched size 76
Map path node data for testmap Original size 12 Crunched size 12
Map actor data for testmap Original size 224 Crunched size 54
Header data for map testmap Original size 844 Crunched size 844
Map block data for testmap Original size 798 Crunched size 68
Project name table Original size 664 Crunched size 664
Streamed project patterns Original size 10720 Crunched size 10720
Animations Original size 336 Crunched size 336
Animation Frames Original size 352 Crunched size 352
Project Header Original size 3266 Crunched size 3266
Var Data Original size 86 Crunched size 86
Attack Data Original size 88 Crunched size 88
Teleporters Original size 8 Crunched size 8

=== Accounted Memory Usage ===
(Note that this isn't a full account of memory usage, just the memory we can account for)
RAM reserved for level tiles: (largest level: testmap): 1596
memory reserved for active actors on screen (32): 4616
memory reserved for dormant actors in map (128): 4608

Total: 10820 bytes

=== Codeblocks by compiled size ===
process_tiles_down: 1864
process_tiles_left: 1864
process_tiles_right: 1864
process_tiles_up: 1864
load_level: 510
move_player_backwards: 432
move_player_forward: 422
set_yresolution: 390 (Unused?)
do_teleport: 382
pre_startup: 360
flipscreen_smooth: 310 (Unused?)
flipxymove: 278 (Unused?)
load_next_level: 252 (Unused?)
update: 238
block_find: 206 (Unused?)
rotate_player_left: 198
rotate_player_right: 198
waitforframes: 194
block_count: 178 (Unused?)
startup: 176
check_talkpad: 172 (Unused?)
flipymove: 162 (Unused?)
pre_quit: 160 (Unused?)
snap_to_screen: 158 (Unused?)
load_panel: 146
flipxmove: 142 (Unused?)
unload_level: 142
pause: 138 (Unused?)
destroy_all_blocks: 128 (Unused?)
restart_this_level: 128 (Unused?)
pre_load_level: 122
process_tiles: 118
fadein: 112
unload_panel: 106
waitforfireup: 102
waitforfiredown: 98
load_panel_bottom: 96 (Unused?)
load_panel_top: 96 (Unused?)
destroy_child_actors: 94 (Unused?)
toggle_camera_x: 92
fadeout: 88
pre_anim5: 86 (Unused?)
waitforfirehit: 86
load_music_finish: 76
wrap_screen_bottom: 76 (Unused?)
wrap_screen_right: 76 (Unused?)
flipscreen: 72 (Unused?)
wrap_screen_left: 72 (Unused?)
wrap_screen_top: 72 (Unused?)
load_music: 70 (Unused?)
jump_actor: 66 (Unused?)
load_panel_finish: 66
unload_panel_bottom: 62
unload_panel_top: 62
destroy_all_actors: 60 (Unused?)
destroy_actor: 58
regenerate_screen: 58
set_empty: 58
set_front_wall_big: 58
set_front_wall_med: 58
set_front_wall_small: 58
set_left_wall_big_flat: 58
set_left_wall_big_solid: 58
set_left_wall_med_flat: 58
set_left_wall_med_solid: 58
set_left_wall_small_flat: 58
set_left_wall_small_solid: 58
set_right_wall_big_flat: 58
set_right_wall_big_solid: 58
set_right_wall_med_flat: 58
set_right_wall_med_solid: 58
set_right_wall_small_flat: 58
set_right_wall_small_solid: 58
destroy_block: 52 (Unused?)
return: 52 (Unused?)
quit: 50 (Unused?)
regenerate_screen_wait: 46
freeze_actor: 40 (Unused?)
unfreeze_actor: 40 (Unused?)
block_coll_force: 32 (Unused?)
block_coll_passthru: 32 (Unused?)
clear_block_collision: 32
vm_registers: 26 (Unused?)
debug_breakpoint: 26 (Unused?)
set_ntsc: 26
vm_constants_tile_properties: 26 (Unused?)
