Compiled on Saturday, 3 January 2026 9:10:08 a.m.
Version string: SE2025.0.260102.23.09.EX

=== Misc ===
ImageFrames: 21
ImageFrame Data Size: 1008
Maps and Asset Bundles Count: 2
Maps and Asset Bundles Data Size: 0
Actor Count: 9
Actor Data Size: 1620
Block Count: 2
Block Data Size: 136
Anim5 Count: 0
Anim5 Data Size: 0
Sound Count: 1
Sound Data Size: 28
Teleporter Count: 1
Teleporter Data Size: 8
Animations Count: 21
Animations Data Size: 336
AnimationFrame Count: 22
AnimationFrame Data Size: 352
Sprites: 1
Sprites Data Size: 14
Attack Data: 2
Attack Data Size: 176
Misc data size: 110

=== Cartridge Composition ===
 Header |   Offset | Size     | Crunch    | Detail
   PL02 |      220 |       76 |   Implode | Panel (background color #000)
   PL01 |      296 |     3380 |   Implode | Panel scorpion_eng_splashscreen
   VC00 |     3676 |     4406 |   Implode | Project virtual machine (codeblocks)
   MA01 |     8082 |      122 |   Implode | Map actor data for testmap
   MH01 |     8204 |      196 |   Implode | Header data for map testmap
   MD01 |     8400 |      588 |   Implode | Tile data for map testmap (mem restrictions:None)
   AB00 |     8988 |     8816 |   Implode | Asset bundle 0 (Core project asset bundle)
   AB01 |    17804 |     3080 |   Implode | Asset bundle 1 (testmap)
   DB00 |    20884 |        2 |  NoCrunch | Misc Data (paths, hurt boxes etc)
   PH00 |    20886 |     1236 |   Implode | Project Header
   PD00 |    22122 |      822 |   Implode | Project Data
   VR00 |    22944 |        4 |  NoCrunch | Project virtual machine redirects

=== Data Sizes ===
    Size |   Memory | Crunch | Detail
    8816 |    18410 |  (53%) | Asset bundle 0 (Core project asset bundle)
    4406 |    18896 |  (77%) | Project virtual machine (codeblocks)
    3380 |    36784 |  (91%) | Panel scorpion_eng_splashscreen
    3080 |    12588 |  (76%) | Asset bundle 1 (testmap)
    1236 |     4376 |  (72%) | Project Header
     822 |     3790 |  (79%) | Project Data
     588 |     4222 |  (87%) | Tile data for map testmap (mem restrictions:None)
     196 |      848 |  (77%) | Header data for map testmap
     122 |      224 |  (46%) | Map actor data for testmap
      76 |     1296 |  (95%) | Panel (background color #000)
       4 |        4 |        | Project virtual machine redirects
       2 |        2 |        | Misc Data (paths, hurt boxes etc)

=== Accounted Memory Usage ===
(Note that this isn't a full account of memory usage, just the memory we can account for)

For chip:
Map gfx (Panel: scorpion_eng_splashscreen): 36784
Music sample (): 0
BP Buffer memory: 131520
Core sfx/gfx memory: 18410
Parallax memory: 0
OS/other estimated: 99328

For other:
Map data memory: 4222
Map background memory: 1296
EXE memory: 219724
vm memory: 18896
project memory: 3790
Music data (): 0
memory reserved for active actors on screen (32): 5064
memory reserved for dormant actors in map (128): 4608
OS/other estimated: 105472

Accounted memory chip: 286042
Accounted memory other: 363072
Accounted memory total: 649114

=== Codeblocks by compiled size ===
process_tiles_down: 1864
process_tiles_left: 1864
process_tiles_right: 1864
process_tiles_up: 1864
load_level: 676
pre_startup: 438
move_player_backwards: 432
move_player_forward: 422
do_teleport: 320
flipscreen_smooth: 310 (Unused?)
flipxymove: 278 (Unused?)
load_next_level: 268 (Unused?)
freemem: 256
update: 238
block_find: 210 (Unused?)
set_yresolution: 202
rotate_player_left: 198
rotate_player_right: 198
waitforframes: 194
check_talkpad: 192 (Unused?)
pause: 184 (Unused?)
block_count: 178 (Unused?)
startup: 176
flipymove: 162 (Unused?)
snap_to_screen: 162 (Unused?)
pre_quit: 160
flipxmove: 142 (Unused?)
restart_this_level: 136 (Unused?)
load_panel: 134
stop_sfx: 130
destroy_all_blocks: 128 (Unused?)
unload_level: 118
process_tiles: 118
anim_force_left: 108 (Unused?)
anim_force_right: 108 (Unused?)
fadein: 108
waitforfireup: 106
unload_panel: 102
waitforfiredown: 102
load_panel_bottom: 96
load_panel_top: 96
destroy_child_actors: 94 (Unused?)
toggle_camera_x: 92
pre_load_level: 86
waitforfirehit: 86
load_music: 78
fadeout: 76
load_music_finish: 76
wrap_screen_bottom: 76 (Unused?)
wrap_screen_right: 76 (Unused?)
set_ntsc: 74 (Unused?)
flipscreen: 72 (Unused?)
wrap_screen_left: 72 (Unused?)
wrap_screen_top: 72 (Unused?)
jump_actor: 66 (Unused?)
destroy_all_actors: 60 (Unused?)
quit: 60 (Unused?)
destroy_actor: 58
set_empty: 58
set_front_wall_big: 58
set_front_wall_med: 58
set_front_wall_small: 58
set_left_wall_big_flat: 58
set_left_wall_big_solid: 58
set_left_wall_med_flat: 58
set_left_wall_med_solid: 58
set_left_wall_small_flat: 58
set_left_wall_small_solid: 58
set_right_wall_big_flat: 58
set_right_wall_big_solid: 58
set_right_wall_med_flat: 58
set_right_wall_med_solid: 58
set_right_wall_small_flat: 58
set_right_wall_small_solid: 58
freemem_hard: 54 (Unused?)
destroy_block: 52 (Unused?)
return: 52 (Unused?)
load_panel_finish: 50
unload_panel_bottom: 50
unload_panel_top: 50
freeze_actor: 40 (Unused?)
unfreeze_actor: 40 (Unused?)
block_coll_force: 32 (Unused?)
block_coll_passthru: 32
debug_breakpoint: 26 (Unused?)
hardware_amiga: 26 (Unused?)
vm_constants_tile_properties: 26 (Unused?)
