Compiled on Sunday, 1 March 2026 10:09:29 p.m.
Version string: SE2026.0.260301.21.29.EX

=== Misc ===
ImageFrames: 185
ImageFrame Data Size: 8880
Maps and Asset Bundles Count: 3
Maps and Asset Bundles Data Size: 0
Actor Count: 25
Actor Data Size: 4500
Block Count: 4
Block Data Size: 272
Anim5 Count: 0
Anim5 Data Size: 0
Sound Count: 5
Sound Data Size: 140
Teleporter Count: 1
Teleporter Data Size: 8
Animations Count: 62
Animations Data Size: 992
AnimationFrame Count: 186
AnimationFrame Data Size: 2976
Sprites: 1
Sprites Data Size: 14
Attack Data: 7
Attack Data Size: 616
Misc data size: 326

=== Cartridge Composition ===
 Header |   Offset | Size     | Crunch    | Detail
   MC01 |      490 |     1856 |   Implode | Music data bump_music
   MS01 |     2346 |    51538 |   Implode | Music samples bump_music
   MC02 |    53884 |      734 |   Implode | Music data jump_music
   MS02 |    54618 |    37994 |   Implode | Music samples jump_music
   MC03 |    92612 |     1480 |   Implode | Music data score_music
   MS03 |    94092 |    48760 |   Implode | Music samples score_music
   PL04 |   142852 |       82 |   Implode | Panel (background color #000)
   PL01 |   142934 |     3380 |   Implode | Panel scorpion_eng_splashscreen
   PL02 |   146314 |     1904 |   Implode | Panel hud
   PC02 |   148218 |      664 |   Implode | Panel bobs hud
   PL03 |   148882 |     5076 |   Implode | Panel score
   PC03 |   153958 |      664 |   Implode | Panel bobs score
   VC00 |   154622 |     4718 |   Implode | Project virtual machine (codeblocks)
   MA01 |   159340 |       80 |   Implode | Map actor data for map1
   MH01 |   159420 |      244 |   Implode | Header data for map map1
   MD01 |   159664 |     1246 |   Implode | Tile data for map map1 (mem restrictions:None)
   MA02 |   160910 |       90 |   Implode | Map actor data for menu
   MH02 |   161000 |      242 |   Implode | Header data for map menu
   MD02 |   161242 |      938 |   Implode | Tile data for map menu (mem restrictions:None)
   AB00 |   162180 |    36730 |   Implode | Asset bundle 0 (Core project asset bundle)
   AB01 |   198910 |    17482 |   Implode | Asset bundle 1 (map1)
   AB02 |   216392 |    23582 |   Implode | Asset bundle 2 (menu)
   DB00 |   239974 |        2 |  NoCrunch | Misc Data (paths, hurt boxes etc)
   PH00 |   239976 |     1220 |   Implode | Project Header
   PD01 |   241196 |        4 |  NoCrunch | Project Custom Collisions
   PD00 |   241200 |     4172 |   Implode | Project Data
   VR00 |   245372 |        4 |  NoCrunch | Project virtual machine redirects

=== Data Sizes ===
    Size |   Memory | Crunch | Detail
   51538 |    62500 |  (18%) | Music samples bump_music
   48760 |    59706 |  (19%) | Music samples score_music
   37994 |    47074 |  (20%) | Music samples jump_music
   36730 |    72196 |  (50%) | Asset bundle 0 (Core project asset bundle)
   23582 |    42456 |  (45%) | Asset bundle 2 (menu)
   17482 |    53196 |  (68%) | Asset bundle 1 (map1)
    5076 |    47096 |  (90%) | Panel score
    4718 |    15442 |  (70%) | Project virtual machine (codeblocks)
    4172 |    18750 |  (78%) | Project Data
    3380 |    36784 |  (91%) | Panel scorpion_eng_splashscreen
    1904 |     5112 |  (63%) | Panel hud
    1856 |     9276 |  (80%) | Music data bump_music
    1480 |     9276 |  (85%) | Music data score_music
    1246 |     2512 |  (51%) | Tile data for map map1 (mem restrictions:None)
    1220 |     4376 |  (73%) | Project Header
     938 |     2686 |  (66%) | Tile data for map menu (mem restrictions:None)
     734 |     3132 |  (77%) | Music data jump_music
     664 |     1362 |  (52%) | Panel bobs hud
     664 |     1362 |  (52%) | Panel bobs score
     244 |      846 |  (72%) | Header data for map map1
     242 |      846 |  (72%) | Header data for map menu
      90 |      112 |  (20%) | Map actor data for menu
      82 |     1816 |  (96%) | Panel (background color #000)
      80 |       84 |   (5%) | Map actor data for map1
       4 |        4 |        | Project Custom Collisions
       4 |        4 |        | Project virtual machine redirects
       2 |        2 |        | Misc Data (paths, hurt boxes etc)

=== Accounted Memory Usage ===
(Note that this isn't a full account of memory usage, just the memory we can account for)

For chip:
Map gfx (level gfx bundle 1): 53196
Music sample (bump_music): 62500
BP Buffer memory: 131520
Core sfx/gfx memory: 72196
Parallax memory: 0
OS/other estimated: 99328

For other:
Map data memory: 2686
Map background memory: 1816
EXE memory: 222328
vm memory: 15442
project memory: 18750
Music data (bump_music): 9276
memory reserved for active actors on screen (64): 10120
memory reserved for dormant actors in map (128): 4608
OS/other estimated: 105472

Accounted memory chip: 428016
Accounted memory other: 381222
Accounted memory total: 809238

=== Possibly unused animations ===
p1_water_fall_r
p2_die_r
p2_water_fall_r
p3_die_r
p3_water_fall_r
p4_die_r
p4_water_fall_r

=== Possibly unused Actors ===
p1_menu
p2_menu
p3_menu
p4_menu

=== Possibly unused sound effects ===
jump

=== Codeblocks by compiled size ===
fn_awardpoint: 988
startup: 836
load_level: 682
fn_spawn_gore: 552
bunny_handler: 476
pre_startup: 438
water_handler: 422
start_level: 412
player_collision: 392
do_teleport: 320
on_water: 312
flipscreen_smooth: 310 (Unused?)
freemem: 296
fn_spawn_bunny: 284
flipxymove: 278 (Unused?)
load_next_level: 268 (Unused?)
butterfly_rotate: 240
to_score_screen: 228
block_find: 210 (Unused?)
set_yresolution: 202
waitforframes: 194
control_processor: 194
check_talkpad: 192 (Unused?)
pause: 184 (Unused?)
block_count: 178 (Unused?)
camera_handler: 164
flipymove: 162 (Unused?)
snap_to_screen: 162
on_death: 162
pre_quit: 160
on_spring_collide: 160
flipxmove: 142 (Unused?)
fn_check_bunny_active: 140
gore_handler: 138
restart_this_level: 136 (Unused?)
load_panel: 134
on_ice: 132
on_land: 132
stop_sfx: 130
destroy_all_blocks: 128 (Unused?)
unload_level: 118
anim_force_left: 108 (Unused?)
anim_force_right: 108 (Unused?)
fadein: 108
waitforfireup: 106
unload_panel: 102
waitforfiredown: 102
load_panel_bottom: 96
load_panel_top: 96
destroy_child_actors: 94 (Unused?)
test_respawn: 92 (Unused?)
pre_load_level: 86
waitforfirehit: 86
load_music: 78
fadeout: 76
load_music_finish: 76
wrap_screen_bottom: 76 (Unused?)
wrap_screen_right: 76 (Unused?)
set_ntsc: 74 (Unused?)
flipscreen: 72 (Unused?)
wrap_screen_left: 72 (Unused?)
wrap_screen_top: 72 (Unused?)
jump_actor: 66 (Unused?)
destroy_all_actors: 60 (Unused?)
quit: 60 (Unused?)
destroy_actor: 58
freemem_hard: 54 (Unused?)
destroy_block: 52 (Unused?)
return: 52 (Unused?)
autogen_splash_anim_0: 52
autogen_spring_hit_0: 52
load_panel_finish: 50
unload_panel_bottom: 50
unload_panel_top: 50
AUTOGEN_OUTOFSCREEN_snap_to_screen_None_None_None: 50
freeze_actor: 40 (Unused?)
unfreeze_actor: 40 (Unused?)
fn_force_jump: 40
on_landed: 40
block_coll_force: 32 (Unused?)
block_coll_passthru: 32
debug_breakpoint: 26 (Unused?)
hardware: 26 (Unused?)
vm_constants_tile_properties: 26 (Unused?)
