Compiled on Sunday, 4 January 2026 9:28:30 a.m.
Version string: SE2025.0.260104.09.16.EX

ImageFrame Data Size: 4500
Actor Count: 25
Actor Data Size: 4500
Animations Count: 62
Animations Data Size: 992
AnimationFrame Count: 186
AnimationFrame Data Size: 2976

=== Cartridge Composition ===
 Header |   Offset | Size     | Crunch    | Detail
   MC00 |   123392 |      172 |  NoCrunch | XGM Null song
   XG-1 |   126976 |      854 |  NoCrunch | XGM 68K Plugin Driver
   XG00 |   131840 |     5888 |  NoCrunch | XGM Core Driver
   XG01 |   123136 |      256 |  NoCrunch | XGM Null sound
   XG02 |   123648 |     3328 |  NoCrunch | XGM PCM sound: death
   XG03 |   128000 |     3840 |  NoCrunch | XGM PCM sound: jump
   XG04 |   137728 |     4608 |  NoCrunch | XGM PCM sound: snd_splash
   XG05 |   142336 |     4096 |  NoCrunch | XGM PCM sound: snd_spring
   PS00 |   127830 |      140 |  NoCrunch | Project sound
   FN00 |   146432 |     2048 |  NoCrunch | Default MD font
   VC00 |   148480 |    16742 |  NoCrunch | Project virtual machine (codeblocks)
   PL01 |   165222 |    10364 |  NoCrunch | Panel 
   NF02 |   175586 |      320 |  NoCrunch | Number font for panel 2
   PL02 |   175906 |     2428 |  NoCrunch | Panel hud
   NF03 |   178334 |      320 |  NoCrunch | Number font for panel 3
   PL03 |   178654 |     5468 |  NoCrunch | Panel score
   PB00 |   184122 |      272 |  NoCrunch | Project blocks
   PI00 |   184394 |     4500 |  NoCrunch | Images
   PA00 |   188894 |     4500 |  NoCrunch | Project actors
   PP00 |   123118 |        4 |  NoCrunch | Project patterns
   MT01 |   193394 |      128 |       ZX0 | Map tile data  map1
   MD01 |   193522 |      704 |  NoCrunch | Tile data for map map1 (mem restrictions:None)
   PP01 |   194226 |     2650 |  NoCrunch | Pattern data for map1
   ME01 |   123564 |       44 |  NoCrunch | Map event data for map1
   MY01 |   196876 |       76 |  NoCrunch | Get Y lookup table map1
   MN01 |   123608 |       20 |  NoCrunch | Map path node data for map1
   MA01 |   127970 |       26 |       ZX0 | Map actor data for map1
   MH01 |   196952 |      848 |  NoCrunch | Header data for map map1
   ML01 |   197800 |       84 |       ZX0 | Map block data for map1
   MT02 |   197884 |       36 |       ZX0 | Map tile data  menu
   MD02 |   197920 |      800 |  NoCrunch | Tile data for map menu (mem restrictions:None)
   PP02 |   198720 |     2736 |  NoCrunch | Pattern data for menu
   ME02 |   201456 |       76 |  NoCrunch | Map event data for menu
   MY02 |   201532 |       72 |  NoCrunch | Get Y lookup table menu
   MN02 |   201604 |       20 |  NoCrunch | Map path node data for menu
   MA02 |   201624 |       32 |       ZX0 | Map actor data for menu
   MH02 |   201656 |      848 |  NoCrunch | Header data for map menu
   ML02 |   202504 |       20 |       ZX0 | Map block data for menu
   NT00 |   202524 |     4768 |  NoCrunch | Project name table
   PP-1 |   207292 |    66048 |  NoCrunch | Streamed project patterns
   PN00 |   273340 |      992 |  NoCrunch | Animations
   PF00 |   274332 |     2976 |  NoCrunch | Animation Frames
   DB00 |   123122 |        2 |  NoCrunch | Misc Data (paths, hurt boxes etc)
   PH00 |   277308 |    11482 |  NoCrunch | Project Header
   PD01 |   123124 |        4 |  NoCrunch | Project Custom Collisions
   PV00 |   288790 |      326 |  NoCrunch | Var Data
   AT00 |   289116 |      616 |  NoCrunch | Attack Data
   PE00 |   123628 |        8 |  NoCrunch | Teleporters
   CM00 |   289732 |       12 |  NoCrunch | Commands for Joystick 1

=== Data Sizes ===
    Size |   Memory | Crunch | Detail
   66048 |    66048 |        | Streamed project patterns
   16742 |    16742 |        | Project virtual machine (codeblocks)
   11482 |    11482 |        | Project Header
   10364 |    10364 |        | Panel 
    5888 |     5888 |        | XGM Core Driver
    5468 |     5468 |        | Panel score
    4768 |     4768 |        | Project name table
    4608 |     4608 |        | XGM PCM sound: snd_splash
    4500 |     4500 |        | Images
    4500 |     4500 |        | Project actors
    4096 |     4096 |        | XGM PCM sound: snd_spring
    3840 |     3840 |        | XGM PCM sound: jump
    3328 |     3328 |        | XGM PCM sound: death
    2976 |     2976 |        | Animation Frames
    2736 |     2736 |        | Pattern data for menu
    2650 |     2650 |        | Pattern data for map1
    2428 |     2428 |        | Panel hud
    2048 |     2048 |        | Default MD font
     992 |      992 |        | Animations
     854 |      854 |        | XGM 68K Plugin Driver
     848 |      848 |        | Header data for map map1
     848 |      848 |        | Header data for map menu
     800 |      800 |        | Tile data for map menu (mem restrictions:None)
     704 |      704 |        | Tile data for map map1 (mem restrictions:None)
     616 |      616 |        | Attack Data
     326 |      326 |        | Var Data
     320 |      320 |        | Number font for panel 2
     320 |      320 |        | Number font for panel 3
     272 |      272 |        | Project blocks
     256 |      256 |        | XGM Null sound
     172 |      172 |        | XGM Null song
     140 |      140 |        | Project sound
     128 |      456 |  (72%) | Map tile data  map1
      84 |      456 |  (82%) | Map block data for map1
      76 |       76 |        | Get Y lookup table map1
      76 |       76 |        | Map event data for menu
      72 |       72 |        | Get Y lookup table menu
      44 |       44 |        | Map event data for map1
      36 |      486 |  (93%) | Map tile data  menu
      32 |      112 |  (72%) | Map actor data for menu
      26 |       84 |  (70%) | Map actor data for map1
      20 |       20 |        | Map path node data for map1
      20 |       20 |        | Map path node data for menu
      20 |      486 |  (96%) | Map block data for menu
      12 |       12 |        | Commands for Joystick 1
       8 |        8 |        | Teleporters
       4 |        4 |        | Project patterns
       4 |        4 |        | Project Custom Collisions
       2 |        2 |        | Misc Data (paths, hurt boxes etc)

=== Accounted Memory Usage ===
(Note that this isn't a full account of memory usage, just the memory we can account for)
RAM reserved for level tiles: (largest level: menu): 972
memory reserved for active actors on screen (64): 10120
memory reserved for dormant actors in map (128): 4608

Total: 15700 bytes

=== Possibly unused animations ===
p1_water_fall_r
p2_die_r
p2_water_fall_r
p3_die_r
p3_water_fall_r
p4_die_r
p4_water_fall_r

=== Possibly unused Actors ===
p1_menu
p2_menu
p3_menu
p4_menu

=== Possibly unused sound effects ===
jump

=== Codeblocks by compiled size ===
fn_awardpoint: 988
startup: 782
load_level: 636
fn_spawn_gore: 552
bunny_handler: 476
water_handler: 422
pre_startup: 392
player_collision: 392
set_yresolution: 390
start_level: 372
on_water: 312
flipscreen_smooth: 310 (Unused?)
do_teleport: 300
fn_spawn_bunny: 284
flipxymove: 278 (Unused?)
load_next_level: 268 (Unused?)
freemem: 256
butterfly_rotate: 240
block_find: 210 (Unused?)
to_score_screen: 208 (Unused?)
waitforframes: 194
block_count: 178 (Unused?)
check_talkpad: 172 (Unused?)
flipymove: 162 (Unused?)
snap_to_screen: 162
on_death: 162
pre_quit: 160 (Unused?)
on_spring_collide: 160
camera_handler: 158
flipxmove: 142 (Unused?)
fn_check_bunny_active: 140
pause: 138
gore_handler: 138
restart_this_level: 136 (Unused?)
load_panel: 134
on_ice: 132
on_land: 132
stop_sfx: 130
destroy_all_blocks: 128 (Unused?)
unload_level: 118
anim_force_left: 108 (Unused?)
anim_force_right: 108 (Unused?)
fadein: 108
unload_panel: 102
load_panel_bottom: 96
load_panel_top: 96
destroy_child_actors: 94 (Unused?)
test_respawn: 92 (Unused?)
pre_load_level: 86
waitforfirehit: 86
fadeout: 76
load_music_finish: 76
wrap_screen_bottom: 76 (Unused?)
wrap_screen_right: 76 (Unused?)
flipscreen: 72 (Unused?)
wrap_screen_left: 72 (Unused?)
wrap_screen_top: 72 (Unused?)
load_music: 70
jump_actor: 66 (Unused?)
waitforfiredown: 64
waitforfireup: 62
destroy_all_actors: 60 (Unused?)
destroy_actor: 58
freemem_hard: 54 (Unused?)
destroy_block: 52 (Unused?)
return: 52 (Unused?)
autogen_splash_anim_0: 52
autogen_spring_hit_0: 52
load_panel_finish: 50
unload_panel_bottom: 50
unload_panel_top: 50
AUTOGEN_OUTOFSCREEN_snap_to_screen_None_None_None: 50
freeze_actor: 40 (Unused?)
quit: 40 (Unused?)
unfreeze_actor: 40 (Unused?)
fn_force_jump: 40
on_landed: 40
block_coll_force: 32 (Unused?)
block_coll_passthru: 32
debug_breakpoint: 26 (Unused?)
hardware_amiga: 26 (Unused?)
set_ntsc: 26
vm_constants_tile_properties: 26 (Unused?)
