Compiled on Saturday, 6 December 2025 10:03:41 p.m.
Version string: SE2025.0.251204.21.46.EX

=== Misc ===
ImageFrames: 185
ImageFrame Data Size: 8880
Maps and Asset Bundles Count: 3
Maps and Asset Bundles Data Size: 0
Actor Count: 25
Actor Data Size: 4500
Block Count: 4
Block Data Size: 272
Anim5 Count: 0
Anim5 Data Size: 0
Sound Count: 5
Sound Data Size: 140
Teleporter Count: 1
Teleporter Data Size: 8
Animations Count: 62
Animations Data Size: 992
AnimationFrame Count: 186
AnimationFrame Data Size: 2976
Sprites: 1
Sprites Data Size: 14
Attack Data: 7
Attack Data Size: 616
Misc data size: 326

=== Cartridge Composition ===
 Header |   Offset | Size     | Crunch    | Detail
   MC01 |    76266 |     1856 |   Implode | Music data bump_music
   MS01 |    78122 |    51538 |   Implode | Music samples bump_music
   MC02 |   129660 |      734 |   Implode | Music data jump_music
   MS02 |   130394 |    37994 |   Implode | Music samples jump_music
   MC03 |   168388 |     1480 |   Implode | Music data score_music
   MS03 |   169868 |    48760 |   Implode | Music samples score_music
   PL04 |   218628 |       76 |   Implode | Panel (background color #000)
   PL01 |   218704 |     3380 |   Implode | Panel scorpion_eng_splashscreen
   PL02 |   222084 |     1902 |   Implode | Panel hud
   PC02 |   223986 |      664 |   Implode | Panel bobs hud
   PL03 |   224650 |     5156 |   Implode | Panel score
   PC03 |   229806 |      664 |   Implode | Panel bobs score
   VC00 |   230470 |     4518 |   Implode | Project virtual machine (codeblocks)
   MA01 |   234988 |       80 |   Implode | Map actor data for map1
   MH01 |   235068 |      244 |   Implode | Header data for map map1
   MD01 |   235312 |     1246 |   Implode | Tile data for map map1 (mem restrictions:None)
   MA02 |   236558 |       90 |   Implode | Map actor data for menu
   MH02 |   236648 |      242 |   Implode | Header data for map menu
   MD02 |   236890 |      936 |   Implode | Tile data for map menu (mem restrictions:None)
   AB00 |   237826 |    36616 |   Implode | Asset bundle 0 (Core project asset bundle)
   AB01 |   274442 |    17490 |   Implode | Asset bundle 1 (map1)
   AB02 |   291932 |    23580 |   Implode | Asset bundle 2 (menu)
   DB00 |   315512 |        2 |  NoCrunch | Misc Data (paths, hurt boxes etc)
   PH00 |   315514 |     1220 |   Implode | Project Header
   PD01 |   316734 |        4 |  NoCrunch | Project Custom Collisions
   PD00 |   316738 |     4182 |   Implode | Project Data
   VR00 |   320920 |        4 |  NoCrunch | Project virtual machine redirects

=== Data Sizes ===
    Size |   Memory | Crunch | Detail
   51538 |    62500 |  (18%) | Music samples bump_music
   48760 |    59706 |  (19%) | Music samples score_music
   37994 |    47074 |  (20%) | Music samples jump_music
   36616 |    72252 |  (50%) | Asset bundle 0 (Core project asset bundle)
   23580 |    42456 |  (45%) | Asset bundle 2 (menu)
   17490 |    53196 |  (68%) | Asset bundle 1 (map1)
    5156 |    53496 |  (91%) | Panel score
    4518 |    14748 |  (70%) | Project virtual machine (codeblocks)
    4182 |    18750 |  (78%) | Project Data
    3380 |    36784 |  (91%) | Panel scorpion_eng_splashscreen
    1902 |     5112 |  (63%) | Panel hud
    1856 |     9276 |  (80%) | Music data bump_music
    1480 |     9276 |  (85%) | Music data score_music
    1246 |     2512 |  (51%) | Tile data for map map1 (mem restrictions:None)
    1220 |     4376 |  (73%) | Project Header
     936 |     2686 |  (66%) | Tile data for map menu (mem restrictions:None)
     734 |     3132 |  (77%) | Music data jump_music
     664 |     1362 |  (52%) | Panel bobs hud
     664 |     1362 |  (52%) | Panel bobs score
     244 |      848 |  (72%) | Header data for map map1
     242 |      848 |  (72%) | Header data for map menu
      90 |      112 |  (20%) | Map actor data for menu
      80 |       84 |   (5%) | Map actor data for map1
      76 |     1296 |  (95%) | Panel (background color #000)
       4 |        4 |        | Project Custom Collisions
       4 |        4 |        | Project virtual machine redirects
       2 |        2 |        | Misc Data (paths, hurt boxes etc)

=== ADF Size ===
320948 bytes total (out of 901120, 35%)

=== Accounted Memory Usage ===
(Note that this isn't a full account of memory usage, just the memory we can account for)

For chip:
Map gfx (Panel: score): 53496
Music sample (bump_music): 62500
BP Buffer memory: 131520
Core sfx/gfx memory: 72252
Parallax memory: 0
OS/other estimated: 99328

For other:
Map data memory: 2686
Map background memory: 1296
EXE memory: 219732
vm memory: 14748
project memory: 18750
Music data (bump_music): 9276
memory reserved for active actors on screen (64): 10120
memory reserved for dormant actors in map (128): 4608
OS/other estimated: 105472

Accounted memory chip: 428372
Accounted memory other: 377412
Accounted memory total: 805784

=== Possibly unused animations ===
p1_water_fall_r
p2_die_r
p2_water_fall_r
p3_die_r
p3_water_fall_r
p4_die_r
p4_water_fall_r

=== Possibly unused Actors ===
p1_menu
p2_menu
p3_menu
p4_menu

=== Possibly unused sound effects ===
jump

=== Codeblocks by compiled size ===
fn_awardpoint: 988
startup: 836
load_level: 676
fn_spawn_gore: 552
bunny_handler: 476
pre_startup: 438
water_handler: 422
start_level: 412
player_collision: 392
do_teleport: 320
on_water: 312
flipscreen_smooth: 310 (Unused?)
fn_spawn_bunny: 284
flipxymove: 278 (Unused?)
load_next_level: 268 (Unused?)
butterfly_rotate: 240
to_score_screen: 228
block_find: 210 (Unused?)
set_yresolution: 202
waitforframes: 194
check_talkpad: 192 (Unused?)
pause: 184 (Unused?)
block_count: 178 (Unused?)
flipymove: 162 (Unused?)
snap_to_screen: 162
on_death: 162
pre_quit: 160
on_spring_collide: 160
camera_handler: 158
flipxmove: 142 (Unused?)
fn_check_bunny_active: 140
gore_handler: 138
restart_this_level: 136 (Unused?)
load_panel: 134
on_ice: 132
on_land: 132
destroy_all_blocks: 128 (Unused?)
unload_level: 118
anim_force_left: 108 (Unused?)
anim_force_right: 108 (Unused?)
fadein: 108
waitforfireup: 106
unload_panel: 102
waitforfiredown: 102
load_panel_bottom: 96
load_panel_top: 96 (Unused?)
destroy_child_actors: 94 (Unused?)
test_respawn: 92 (Unused?)
pre_load_level: 86
waitforfirehit: 86
load_music: 78
fadeout: 76
load_music_finish: 76
wrap_screen_bottom: 76 (Unused?)
wrap_screen_right: 76 (Unused?)
set_ntsc: 74 (Unused?)
flipscreen: 72 (Unused?)
wrap_screen_left: 72 (Unused?)
wrap_screen_top: 72 (Unused?)
jump_actor: 66 (Unused?)
destroy_all_actors: 60 (Unused?)
quit: 60 (Unused?)
destroy_actor: 58
destroy_block: 52 (Unused?)
return: 52 (Unused?)
autogen_splash_anim_0: 52
autogen_spring_hit_0: 52
load_panel_finish: 50
unload_panel_bottom: 50
unload_panel_top: 50
AUTOGEN_OUTOFSCREEN_snap_to_screen_None_None_None: 50
freeze_actor: 40 (Unused?)
unfreeze_actor: 40 (Unused?)
fn_force_jump: 40
on_landed: 40
block_coll_force: 32 (Unused?)
block_coll_passthru: 32
debug_breakpoint: 26 (Unused?)
hardware_amiga: 26 (Unused?)
vm_constants_tile_properties: 26 (Unused?)
