Compiled on Saturday, 4 April 2026 11:14:01 a.m.
Version string: SE2026.0.260403.18.53.EX

ImageFrame Data Size: 298
Actor Count: 3
Actor Data Size: 540
Animations Count: 10
Animations Data Size: 160
AnimationFrame Count: 11
AnimationFrame Data Size: 176

=== Cartridge Composition ===
 Header |   Offset | Size     | Crunch    | Detail
   VC00 |   114276 |     9918 |  NoCrunch | Project virtual machine (codeblocks)
   PL01 |   124194 |     2028 |  NoCrunch | Panel 
   PB00 |   126222 |      340 |  NoCrunch | Project blocks
   PI00 |   126562 |      298 |  NoCrunch | Images
   PA00 |   126860 |      540 |  NoCrunch | Project actors
   ML01 |   127400 |       32 |       ZX0 | Map block data for turbo_turns
   MH01 |   127432 |      848 |  NoCrunch | Header data for map turbo_turns
   MT01 |   128280 |       42 |       ZX0 | Map tile data  turbo_turns
   MD01 |   128322 |    16544 |  NoCrunch | Tile data for map turbo_turns (mem restrictions:None)
   ME01 |   144866 |       44 |  NoCrunch | Map event data for turbo_turns
   MY01 |   144910 |      760 |  NoCrunch | Get Y lookup table turbo_turns
   MN01 |   145670 |       20 |  NoCrunch | Map path node data for turbo_turns
   NT00 |   145690 |      944 |  NoCrunch | Project name table
   PN00 |   146634 |      160 |  NoCrunch | Animations
   PF00 |   146794 |      176 |  NoCrunch | Animation Frames
   PS00 |   146970 |       28 |  NoCrunch | Project sound
   DB00 |   146998 |        2 |  NoCrunch | Misc Data (paths, hurt boxes etc)
   PH00 |   147000 |    11610 |  NoCrunch | Project Header
   PV00 |   158610 |       56 |  NoCrunch | Var Data
   AT00 |   158666 |      176 |  NoCrunch | Attack Data
   PE00 |   158842 |        8 |  NoCrunch | Teleporters
   CM00 |   158850 |       12 |  NoCrunch | Commands for Joystick 1

=== Data Sizes ===
    Size |   Memory | Crunch | Detail
   16544 |    16544 |        | Tile data for map turbo_turns (mem restrictions:None)
   11610 |    11610 |        | Project Header
    9918 |     9918 |        | Project virtual machine (codeblocks)
    2028 |     2028 |        | Panel 
     944 |      944 |        | Project name table
     848 |      848 |        | Header data for map turbo_turns
     760 |      760 |        | Get Y lookup table turbo_turns
     540 |      540 |        | Project actors
     340 |      340 |        | Project blocks
     298 |      298 |        | Images
     176 |      176 |        | Animation Frames
     176 |      176 |        | Attack Data
     160 |      160 |        | Animations
      56 |       56 |        | Var Data
      44 |       44 |        | Map event data for turbo_turns
      42 |     8740 | (100%) | Map tile data  turbo_turns
      32 |     8740 | (100%) | Map block data for turbo_turns
      28 |       28 |        | Project sound
      20 |       20 |        | Map path node data for turbo_turns
      12 |       12 |        | Commands for Joystick 1
       8 |        8 |        | Teleporters
       2 |        2 |        | Misc Data (paths, hurt boxes etc)

=== Accounted Memory Usage ===
(Note that this isn't a full account of memory usage, just the memory we can account for)
NeoGeo BIOS memory: 3328
RAM reserved for level tiles: (largest level: turbo_turns): 17480
memory reserved for active actors on screen (32): 5064
memory reserved for dormant actors in map (128): 4608

Total: 30480 bytes

=== Codeblocks by compiled size ===
load_level: 594
ai_code: 384
startup: 376
flipscreen_smooth: 310 (Unused?)
do_teleport: 300
freemem: 296
pre_startup: 288
flipxymove: 278 (Unused?)
load_next_level: 268 (Unused?)
set_yresolution: 256 (Unused?)
block_find: 210 (Unused?)
collision_handler: 196
waitforframes: 194
camera_handler: 194
block_count: 178 (Unused?)
check_talkpad: 172 (Unused?)
flipymove: 162 (Unused?)
snap_to_screen: 162 (Unused?)
pre_quit: 160 (Unused?)
flipxmove: 142 (Unused?)
pause: 138
restart_this_level: 136 (Unused?)
load_panel: 134
stop_sfx: 130
destroy_all_blocks: 128 (Unused?)
unload_level: 118
car_get_camera_position: 114
anim_force_left: 108 (Unused?)
anim_force_right: 108 (Unused?)
fadein: 108
unload_panel: 102
load_panel_bottom: 96
load_panel_top: 96
destroy_child_actors: 94 (Unused?)
pre_load_level: 86
waitforfirehit: 86
fadeout: 76
load_music_finish: 76
wrap_screen_bottom: 76 (Unused?)
wrap_screen_right: 76 (Unused?)
flipscreen: 72 (Unused?)
wrap_screen_left: 72 (Unused?)
wrap_screen_top: 72 (Unused?)
jump_actor: 66 (Unused?)
waitforfiredown: 64
load_music: 62
waitforfireup: 62
destroy_all_actors: 60 (Unused?)
destroy_actor: 58
freemem_hard: 54 (Unused?)
destroy_block: 52 (Unused?)
return: 52 (Unused?)
load_panel_finish: 50
unload_panel_bottom: 50
unload_panel_top: 50
freeze_actor: 40 (Unused?)
quit: 40 (Unused?)
unfreeze_actor: 40 (Unused?)
block_coll_force: 32 (Unused?)
block_coll_passthru: 32
debug_breakpoint: 26 (Unused?)
hardware: 26 (Unused?)
set_ntsc: 26 (Unused?)
vm_constants_tile_properties: 26 (Unused?)
