Compiled on Saturday, 4 April 2026 11:16:42 a.m.
Version string: SE2026.0.260403.18.53.EX

ImageFrame Data Size: 256
Actor Count: 3
Actor Data Size: 540
Animations Count: 10
Animations Data Size: 160
AnimationFrame Count: 11
AnimationFrame Data Size: 176

=== Cartridge Composition ===
 Header |   Offset | Size     | Crunch    | Detail
   MC00 |   132352 |      172 |  NoCrunch | XGM Null song
   XG-1 |   132524 |      854 |  NoCrunch | XGM 68K Plugin Driver
   XG00 |   133378 |     5888 |  NoCrunch | XGM Core Driver
   XG01 |   132096 |      256 |  NoCrunch | XGM Null sound
   PS00 |   139266 |       28 |  NoCrunch | Project sound
   FN00 |   139294 |     2048 |  NoCrunch | Default MD font
   VC00 |   141342 |    11836 |  NoCrunch | Project virtual machine (codeblocks)
   PL01 |   153178 |    10380 |  NoCrunch | Panel 
   PI00 |   163558 |      256 |  NoCrunch | Images
   PB00 |   163814 |      340 |  NoCrunch | Project blocks
   PA00 |   164154 |      540 |  NoCrunch | Project actors
   PP00 |   132072 |        4 |  NoCrunch | Project patterns
   MT01 |   164694 |       42 |       ZX0 | Map tile data  turbo_turns
   MD01 |   164736 |    16544 |  NoCrunch | Tile data for map turbo_turns (mem restrictions:None)
   PP01 |   181280 |      942 |  NoCrunch | Pattern data for turbo_turns
   ME01 |   182222 |       44 |  NoCrunch | Map event data for turbo_turns
   MY01 |   182266 |      760 |  NoCrunch | Get Y lookup table turbo_turns
   MN01 |   183026 |       20 |  NoCrunch | Map path node data for turbo_turns
   MH01 |   183046 |      848 |  NoCrunch | Header data for map turbo_turns
   ML01 |   183894 |       32 |       ZX0 | Map block data for turbo_turns
   NT00 |   183926 |     1888 |  NoCrunch | Project name table
   PP-1 |   185814 |    11232 |  NoCrunch | Streamed project patterns
   PN00 |   197046 |      160 |  NoCrunch | Animations
   PF00 |   197206 |      176 |  NoCrunch | Animation Frames
   DB00 |   132076 |        2 |  NoCrunch | Misc Data (paths, hurt boxes etc)
   PH00 |   197382 |    11610 |  NoCrunch | Project Header
   PV00 |   208992 |       56 |  NoCrunch | Var Data
   AT00 |   209048 |      176 |  NoCrunch | Attack Data
   PE00 |   132078 |        8 |  NoCrunch | Teleporters
   CM00 |   209224 |       12 |  NoCrunch | Commands for Joystick 1

=== Data Sizes ===
    Size |   Memory | Crunch | Detail
   16544 |    16544 |        | Tile data for map turbo_turns (mem restrictions:None)
   11836 |    11836 |        | Project virtual machine (codeblocks)
   11610 |    11610 |        | Project Header
   11232 |    11232 |        | Streamed project patterns
   10380 |    10380 |        | Panel 
    5888 |     5888 |        | XGM Core Driver
    2048 |     2048 |        | Default MD font
    1888 |     1888 |        | Project name table
     942 |      942 |        | Pattern data for turbo_turns
     854 |      854 |        | XGM 68K Plugin Driver
     848 |      848 |        | Header data for map turbo_turns
     760 |      760 |        | Get Y lookup table turbo_turns
     540 |      540 |        | Project actors
     340 |      340 |        | Project blocks
     256 |      256 |        | XGM Null sound
     256 |      256 |        | Images
     176 |      176 |        | Animation Frames
     176 |      176 |        | Attack Data
     172 |      172 |        | XGM Null song
     160 |      160 |        | Animations
      56 |       56 |        | Var Data
      44 |       44 |        | Map event data for turbo_turns
      42 |     8740 | (100%) | Map tile data  turbo_turns
      32 |     8740 | (100%) | Map block data for turbo_turns
      28 |       28 |        | Project sound
      20 |       20 |        | Map path node data for turbo_turns
      12 |       12 |        | Commands for Joystick 1
       8 |        8 |        | Teleporters
       4 |        4 |        | Project patterns
       2 |        2 |        | Misc Data (paths, hurt boxes etc)

=== Accounted Memory Usage ===
(Note that this isn't a full account of memory usage, just the memory we can account for)
RAM reserved for level tiles: (largest level: turbo_turns): 17480
memory reserved for active actors on screen (32): 5064
memory reserved for dormant actors in map (128): 4608

Total: 27152 bytes

=== Codeblocks by compiled size ===
load_level: 594
collision_handler: 500
set_yresolution: 390 (Unused?)
ai_code: 384
startup: 376
pre_startup: 332
flipscreen_smooth: 310 (Unused?)
do_teleport: 300
freemem: 296
flipxymove: 278 (Unused?)
load_next_level: 268 (Unused?)
block_find: 210 (Unused?)
waitforframes: 194
camera_handler: 194
block_count: 178 (Unused?)
check_talkpad: 172 (Unused?)
flipymove: 162 (Unused?)
snap_to_screen: 162 (Unused?)
pre_quit: 160 (Unused?)
flipxmove: 142 (Unused?)
pause: 138
restart_this_level: 136 (Unused?)
load_panel: 134
stop_sfx: 130
destroy_all_blocks: 128 (Unused?)
unload_level: 118
car_get_camera_position: 114
anim_force_left: 108 (Unused?)
anim_force_right: 108 (Unused?)
fadein: 108
unload_panel: 102
load_panel_bottom: 96
load_panel_top: 96
destroy_child_actors: 94 (Unused?)
pre_load_level: 86
waitforfirehit: 86
fadeout: 76
load_music_finish: 76
wrap_screen_bottom: 76 (Unused?)
wrap_screen_right: 76 (Unused?)
flipscreen: 72 (Unused?)
wrap_screen_left: 72 (Unused?)
wrap_screen_top: 72 (Unused?)
load_music: 70
jump_actor: 66 (Unused?)
waitforfiredown: 64
waitforfireup: 62
destroy_all_actors: 60 (Unused?)
destroy_actor: 58
freemem_hard: 54 (Unused?)
destroy_block: 52 (Unused?)
return: 52 (Unused?)
load_panel_finish: 50
unload_panel_bottom: 50
unload_panel_top: 50
freeze_actor: 40 (Unused?)
quit: 40 (Unused?)
unfreeze_actor: 40 (Unused?)
block_coll_force: 32 (Unused?)
block_coll_passthru: 32
debug_breakpoint: 26 (Unused?)
hardware: 26 (Unused?)
set_ntsc: 26
vm_constants_tile_properties: 26 (Unused?)
