=== Image optimisations ===

=== Estimated memory usages ===

For chip:
Map gfx (Panel: scorpion_eng_splashscreen): 37090
Music memory: 0
BP Buffer memory: 131040
core sfx/gfx memory: 11800
Parallax memory: 0

For other:
Map cache memory: 0
Map header cache memory: 0
Map data memory: 4756
Map background memory: 2672
EXE memory: 210032
vm memory: 6846
project memory: 2424

Accounted memory chip: 179930
Accounted memory other: 226730
Accounted memory total: 406660

=== Misc ===
Maps and Asset Bundles Count: 2
Maps and Asset Bundles Data Size: 24
Actor Count: 3
Actor Data Size: 888
Block Count: 1
Block Data Size: 52
Anim5 Count: 1
Anim5 Data Size: 1036
Sound Count: 1
Sound Data Size: 32
Teleporter Count: 1
Teleporter Data Size: 8
Animations Count: 3
Animations Data Size: 48
AnimationFrame Count: 4
AnimationFrame Data Size: 64
ImageFrames: 4
ImageFrame Data Size: 272
Asset bundle 0 (Core project asset bundle) Original size 11800 Crunched size 538
Asset bundle 1 (intromap) Original size 17928 Crunched size 5714
Background for map intromap Original size 2672 Crunched size 92
Tile data for map intromap (mem restrictions:No_Blocks) Original size 4756 Crunched size 828
Header data for map intromap Original size 8756 Crunched size 252
Project Data Original size 2424 Crunched size 262
Project Header Original size 4040 Crunched size 1188
Panel scorpion_eng_splashscreen Original size 37090 Crunched size 3292
Project virtual machine (codeblocks) Original size 6846 Crunched size 1918
Project virtual machine redirects Original size 4 Crunched size 4
