RAM reserved for level tiles: 1144 bytes (largest level: tajmahal)

XGM Null song Original size 172 Crunched size 172
Project blocks Original size 68 Crunched size 68
XGM Null sound Original size 256 Crunched size 256
XGM 68K Plugin Driver Original size 804 Crunched size 804
Project sound Original size 112 Crunched size 112
Project patterns Original size 32 Crunched size 32
Map tile data  tajmahal Original size 572 Crunched size 20
Map block data for tajmahal Original size 572 Crunched size 6
Map path node data for tajmahal Original size 12 Crunched size 12
Map event data for tajmahal Original size 32 Crunched size 32
XGM PCM sound Original size 5376 Crunched size 5376
XGM Core Driver Original size 5888 Crunched size 5888
XGM PCM sound Original size 4864 Crunched size 4864
XGM PCM sound Original size 2304 Crunched size 2304
Default MD font Original size 2048 Crunched size 2048
Default MD number font Original size 320 Crunched size 320
Project virtual machine (codeblocks) Original size 9564 Crunched size 9564
Panel  Original size 10334 Crunched size 10334
Number font for panel 1 Original size 320 Crunched size 320
Panel panel_hud Original size 1646 Crunched size 1646
Panel panel_title Original size 15438 Crunched size 15438
Panel panel_win Original size 10350 Crunched size 10350
Project actors Original size 2068 Crunched size 2068
Pattern data for 1 Original size 1092 Crunched size 1092
Map header tajmahal Original size 8956 Crunched size 8956
Get Y lookup table tajmahal Original size 88 Crunched size 88
Project name table Original size 1736 Crunched size 1736
Streamed project patterns Original size 27136 Crunched size 27136
Images Original size 1104 Crunched size 1104
Animations Original size 288 Crunched size 288
Animation Frames Original size 752 Crunched size 752
Mega Drive header Original size 2902 Crunched size 2902
Teleporters Original size 8 Crunched size 8
Var Data Original size 14 Crunched size 14
Attack Data Original size 132 Crunched size 132

=== Possibly unused animations ===
explo_r

=== Possibly unused Actors ===
ball_blue_xl
player

=== Codeblocks by compiled size ===
load_level: 724
do_teleport: 404
set_yresolution: 398 (Unused?)
show_menu: 348
spawn_l_bubbles: 340
spawn_m_bubbles: 340
spawn_s_bubbles: 340
flipscreen_smooth: 310 (Unused?)
flipxymove: 278 (Unused?)
kill_player: 228
pre_startup: 212
check_win: 202
waitforframes: 194
check_talkpad: 172 (Unused?)
flipymove: 162 (Unused?)
snap_to_screen: 158
pre_quit: 152 (Unused?)
load_panel: 146
flipxmove: 142 (Unused?)
unload_level: 142
pause: 138 (Unused?)
load_music: 130 (Unused?)
destroy_all_blocks: 124 (Unused?)
pre_load_level: 122
kill_bubble: 120
waitforfireup: 114
fadein: 112
waitforfiredown: 110
unload_panel: 106
load_panel_bottom: 96 (Unused?)
load_panel_top: 96
destroy_child_actors: 94 (Unused?)
fadeout: 88
pre_anim5: 86 (Unused?)
waitforfirehit: 86
game_over: 86
AUTOGEN_OUTOFSCREEN_snap_to_screen_snap_to_screen_None_None: 78
load_music_finish: 76
wrap_screen_bottom: 76 (Unused?)
wrap_screen_right: 76 (Unused?)
flipscreen: 72 (Unused?)
wrap_screen_left: 72 (Unused?)
wrap_screen_top: 72 (Unused?)
jump_actor: 66 (Unused?)
load_panel_finish: 66
spawn_bullet: 66
unload_panel_bottom: 62
unload_panel_top: 62
destroy_all_actors: 60 (Unused?)
destroy_actor: 58
regenerate_screen: 58
AUTOGEN_OUTOFSCREEN_None_None_None_destroy_actor: 54
destroy_block: 52 (Unused?)
return: 52 (Unused?)
quit: 50 (Unused?)
regenerate_screen_wait: 46
freeze_actor: 40 (Unused?)
unfreeze_actor: 40 (Unused?)
block_coll_force: 32 (Unused?)
block_coll_passthru: 32 (Unused?)
clear_block_collision: 32
startup: 32
vm_registers: 26 (Unused?)
vm_constants: 26 (Unused?)
debug_breakpoint: 26 (Unused?)
hardware_amiga: 26 (Unused?)
hardware_megadrive: 26 (Unused?)
set_ntsc: 26
vm_constants_audiodriver: 26 (Unused?)
vm_constants_controlbits: 26 (Unused?)
vm_constants_notes: 26 (Unused?)
vm_constants_platform: 26 (Unused?)
vm_constants_tile_properties: 26 (Unused?)
