=== Image optimisations ===

=== Estimated memory usages ===

For chip:
Map gfx (Panel: scorpion_eng_splashscreen): 35158
Music memory (): 0
BP Buffer memory: 131520
core sfx/gfx memory: 51472
Parallax memory: 0
OS/other estimated: 99328

For other:
Map cache memory: 0
Map header cache memory: 0
Map data memory: 2524
Map background memory: 1396
EXE memory: 211412
vm memory: 9262
project memory: 5068
memory reserved for active actors on screen (32): 4744
memory reserved for dormant actors in map (256): 9216
OS/other estimated: 105472

Accounted memory chip: 422950
Accounted memory other: 243622
Accounted memory total: 666572

=== Misc ===
Maps and Asset Bundles Count: 2
Maps and Asset Bundles Data Size: 24
Actor Count: 11
Actor Data Size: 2068
Block Count: 1
Block Data Size: 68
Anim5 Count: 0
Anim5 Data Size: 0
Sound Count: 4
Sound Data Size: 112
Teleporter Count: 1
Teleporter Data Size: 8
Animations Count: 18
Animations Data Size: 288
AnimationFrame Count: 47
AnimationFrame Data Size: 752
ImageFrames: 36
ImageFrame Data Size: 1584
Sprites: 1
Sprites Data Size: 14
Attack Data: 2
Attack Data Size: 132
Misc data size: 16
Panel scorpion_eng_splashscreen Original size 35158 Crunched size 3262
Panel panel_hud Original size 8726 Crunched size 658
Panel panel_title Original size 34658 Crunched size 7454
Panel panel_win Original size 34658 Crunched size 4732
Header data for map tajmahal Original size 7992 Crunched size 280
Tile data for map tajmahal (mem restrictions:No_Blocks) Original size 2524 Crunched size 790
Background for map tajmahal Original size 1396 Crunched size 80
Asset bundle 0 (Core project asset bundle) Original size 51472 Crunched size 24754
Asset bundle 1 (tajmahal) Original size 34720 Crunched size 18562
Project Header Original size 4032 Crunched size 1188
Project Data Original size 5068 Crunched size 1438
Project virtual machine (codeblocks) Original size 9262 Crunched size 2698
Project virtual machine redirects Original size 4 Crunched size 4

=== Possibly unused animations ===
explo_r

=== Possibly unused Actors ===
ball_blue_xl
player

=== Codeblocks by compiled size ===
load_level: 726
set_yresolution: 446 (Unused?)
do_teleport: 368
show_menu: 320
flipscreen_smooth: 306 (Unused?)
spawn_l_bubbles: 300
spawn_m_bubbles: 300
spawn_s_bubbles: 300
flipxymove: 250 (Unused?)
pre_startup: 206
kill_player: 204
check_win: 198
check_talkpad: 188 (Unused?)
waitforframes: 186
pause: 164 (Unused?)
snap_to_screen: 158
flipymove: 146 (Unused?)
load_panel: 146
pre_quit: 144
flipxmove: 130 (Unused?)
destroy_all_blocks: 120 (Unused?)
load_music: 118 (Unused?)
pre_load_level: 118
unload_level: 114
kill_bubble: 108
waitforfireup: 106
fadein: 102
waitforfiredown: 102
load_panel_bottom: 96 (Unused?)
load_panel_top: 96
unload_panel: 92
destroy_child_actors: 90 (Unused?)
pre_anim5: 86 (Unused?)
waitforfirehit: 86
fadeout: 84
game_over: 82
AUTOGEN_OUTOFSCREEN_snap_to_screen_snap_to_screen_None_None: 78
wrap_screen_bottom: 76 (Unused?)
wrap_screen_right: 76 (Unused?)
wrap_screen_left: 72 (Unused?)
wrap_screen_top: 72 (Unused?)
flipscreen: 70 (Unused?)
quit: 66 (Unused?)
load_music_finish: 64
jump_actor: 62 (Unused?)
unload_panel_bottom: 62
unload_panel_top: 62
spawn_bullet: 58
destroy_all_actors: 56 (Unused?)
load_panel_finish: 56
destroy_actor: 54
AUTOGEN_OUTOFSCREEN_None_None_None_destroy_actor: 54
regenerate_screen: 52
return: 52 (Unused?)
destroy_block: 48 (Unused?)
regenerate_screen_wait: 42
freeze_actor: 36 (Unused?)
unfreeze_actor: 36 (Unused?)
block_coll_force: 32 (Unused?)
block_coll_passthru: 32 (Unused?)
startup: 32
vm_registers: 26 (Unused?)
vm_constants: 26 (Unused?)
debug_breakpoint: 26 (Unused?)
vm_constants_audiodriver: 26 (Unused?)
vm_constants_controlbits: 26 (Unused?)
vm_constants_notes: 26 (Unused?)
vm_constants_platform: 26 (Unused?)
vm_constants_tile_properties: 26 (Unused?)
