Crunching mod_intro.mod as 1.mus. Original size: 17748. Crunched size: 2466
Actor Count: 8
Actor Data Size: 2112
Block Count: 6
Block Data Size: 312
Anim5 Count: 1
Anim5 Data Size: 4
Sound Count: 2
Sound Data Size: 16
Teleporter Count: 2
Teleporter Data Size: 16
Animations Count: 27
Animations Data Size: 432
AnimationFrame Count: 108
AnimationFrame Data Size: 6912
Crunching Panel hud as 1.img. Original size: 11708. Crunched size: 1126
Crunching Panel main_menu as 2.img. Original size: 52556. Crunched size: 4196
Crunching Panel pic_title as 3.img. Original size: 54998. Crunched size: 25238
Crunching Panel talkpad as 4.img. Original size: 29458. Crunched size: 2762
Crunching Project virtual machine (codeblocks) as project.vm. Original size: 3944. Crunched size: 1728
Crunching Data for map map_bedroom as 1.map. Original size: 13484. Crunched size: 688
Crunching Data for map map_house_night as 2.map. Original size: 13464. Crunched size: 646
Crunching Data for map map_intro as 3.map. Original size: 19188. Crunched size: 1834
Crunching Data for map map_outside as 4.map. Original size: 39956. Crunched size: 3252
Crunching Asset bundle 0 as 0.gfx. Original size: 55140. Crunched size: 16558
Crunching Asset bundle 1 as 1.gfx. Original size: 10560. Crunched size: 4378
Crunching Asset bundle 2 as 2.gfx. Original size: 13120. Crunched size: 5374
Crunching Asset bundle 3 as 3.gfx. Original size: 84160. Crunched size: 65114
Crunching Asset bundle 4 as 4.gfx. Original size: 32960. Crunched size: 14762
Crunching Project data as project.dat. Original size: 9892. Crunched size: 1930
