=== Image optimisations ===
Reduce width of truck-0001_00x00.png by 11 pixels to 16 to improve blit performance by 200.00%

=== Estimated memory usages ===

For chip:
Map gfx (Panel: scorpion_eng_splashscreen): 35944
Music memory (): 0
BP Buffer memory: 98280
core sfx/gfx memory: 27728
Parallax memory: 0

For other:
Map cache memory: 0
Map header cache memory: 0
Map data memory: 1476
Map background memory: 2672
EXE memory: 201616
vm memory: 8258
project memory: 8570

Accounted memory chip: 161952
Accounted memory other: 222592
Accounted memory total: 384544

=== Misc ===
Maps and Asset Bundles Count: 3
Maps and Asset Bundles Data Size: 36
Actor Count: 23
Actor Data Size: 4600
Block Count: 2
Block Data Size: 104
Anim5 Count: 0
Anim5 Data Size: 0
Sound Count: 1
Sound Data Size: 24
Teleporter Count: 1
Teleporter Data Size: 8
Animations Count: 28
Animations Data Size: 448
AnimationFrame Count: 52
AnimationFrame Data Size: 832
ImageFrames: 48
ImageFrame Data Size: 2112
Sprites: 23
Sprites Data Size: 322
Attack Data: 1
Attack Data Size: 66
Misc data size: 16
Asset bundle 0 (Core project asset bundle) Original size 27728 Crunched size 27728
Asset bundle 1 (frogmap1) Original size 2080 Crunched size 2080
Asset bundle 2 (frogmap2) Original size 2080 Crunched size 2080
Background for map frogmap1 Original size 2672 Crunched size 2672
Background for map frogmap2 Original size 2672 Crunched size 2672
Tile data for map frogmap1 (mem restrictions:None) Original size 1476 Crunched size 1476
Tile data for map frogmap2 (mem restrictions:None) Original size 1456 Crunched size 1456
Header data for map frogmap1 Original size 7996 Crunched size 7996
Header data for map frogmap2 Original size 7996 Crunched size 7996
Project Data Original size 8570 Crunched size 8570
Project Header Original size 4032 Crunched size 4032
Panel scorpion_eng_splashscreen Original size 35944 Crunched size 3280
Panel frog_timer Original size 3780 Crunched size 3780
Panel score_panel Original size 4008 Crunched size 4008
Project virtual machine (codeblocks) Original size 8258 Crunched size 8258
Project virtual machine redirects Original size 4 Crunched size 4

=== Possibly unused animations ===
turtle_down_2seg

=== Codeblocks by compiled size ===
load_level: 1012
startup: 514
set_yresolution: 448
do_teleport: 362
flipscreen_smooth: 346
flipxymove: 306
pause: 252
snap_to_screen: 190
pre_startup: 188
flipymove: 174
flipxmove: 158
frog_move: 158
frog_deth_river: 152
load_panel: 146
pre_quit: 146
frog_deth: 134
destroy_all_blocks: 124
unload_level: 114
load_panel_bottom: 96
load_panel_top: 96
waitforfireup: 94
river_check: 94
unload_panel: 92
wrap_screen_bottom: 92
wrap_screen_right: 92
waitforfiredown: 90
wrap_screen_left: 88
wrap_screen_top: 88
flipscreen: 86
pre_anim5: 86
waitforfirehit: 86
fadeout: 84
waitforframes: 78
river_wrap2: 78
truck_wrap2: 78
river_wrap: 76
truck_wrap: 76
log_ride1: 72
log_ride3: 72
turtle_ride3: 72
quit: 66
destroy_all_actors: 62
jump_actor: 62
load_music: 62
unload_panel_bottom: 62
unload_panel_top: 62
fadein: 58
load_panel_finish: 56
destroy_actor: 54
regenerate_screen: 52
return: 52
destroy_block: 48
regenerate_screen_wait: 42
debug_dump: 30
vm_registers: 26
vm_constants: 26
debug_breakpoint: 26
vm_constants_controlbits: 26
vm_constants_notes: 26
vm_constants_tile_properties: 26
vm_constants_platform: 26
isnotsafe_check: 26
