Compiled on Sunday, 18 May 2025 6:03:40 p.m.
Version string: SE2024.2.250517.21.12.EX

=== Misc ===
ImageFrames: 65
ImageFrame Data Size: 2860
Maps and Asset Bundles Count: 2
Maps and Asset Bundles Data Size: 24
Actor Count: 8
Actor Data Size: 1440
Block Count: 2
Block Data Size: 136
Anim5 Count: 0
Anim5 Data Size: 0
Sound Count: 1
Sound Data Size: 28
Teleporter Count: 1
Teleporter Data Size: 8
Animations Count: 17
Animations Data Size: 272
AnimationFrame Count: 66
AnimationFrame Data Size: 1056
Sprites: 2
Sprites Data Size: 28
Attack Data: 2
Attack Data Size: 176
Misc data size: 50
=== Image optimisations ===
Panel (background color #000) Original size 1296 Crunched size 76
Panel scorpion_eng_splashscreen Original size 36792 Crunched size 3380
Project virtual machine (codeblocks) Original size 9498 Crunched size 2928
Map actor data for fase_1a Original size 84 Crunched size 80
Header data for map fase_1a Original size 844 Crunched size 322
Tile data for map fase_1a (mem restrictions:None) Original size 7170 Crunched size 1560
Asset bundle 0 (Core project asset bundle) Original size 382732 Crunched size 94202
Asset bundle 1 (fase_1a) Original size 60508 Crunched size 20246
Misc Data (paths, hurt boxes etc) Original size 2 Crunched size 2
Project Header Original size 4408 Crunched size 1234
Project Data Original size 6080 Crunched size 1844
Project virtual machine redirects Original size 4 Crunched size 4

=== Accounted Memory Usage ===
(Note that this isn't a full account of memory usage, just the memory we can account for)

For chip:
Map gfx (level gfx bundle 1): 60508
Music memory (): 0
BP Buffer memory: 132480
Core sfx/gfx memory: 382732
Parallax memory: 0
OS/other estimated: 99328

For other:
Map cache memory: 0
Map header cache memory: 0
Map actor cache memory: 0
Map data memory: 7170
Map background memory: 1296
EXE memory: 204056
vm memory: 9498
project memory: 6080
memory reserved for active actors on screen (32): 4616
memory reserved for dormant actors in map (128): 4608
OS/other estimated: 105472

Accounted memory chip: 675048
Accounted memory other: 342796
Accounted memory total: 1017844

=== Codeblocks by compiled size ===
load_level: 550
pre_startup: 500
camera: 432
do_teleport: 402
flipscreen_smooth: 310 (Unused?)
flipxymove: 278 (Unused?)
0_atk_hannah_code: 268
load_next_level: 252 (Unused?)
block_find: 206 (Unused?)
set_yresolution: 202
waitforframes: 194
check_talkpad: 192 (Unused?)
0_stand_hannah_autogen_attack: 190
startup: 188
pause: 184
block_count: 178 (Unused?)
flipymove: 162 (Unused?)
pre_quit: 160
snap_to_screen: 158
load_panel: 146
flipxmove: 142 (Unused?)
unload_level: 142
AUTOGEN_OUTOFSCREEN_snap_to_screen_snap_to_screen_snap_to_screen_snap_to_screen: 130
destroy_all_blocks: 128 (Unused?)
restart_this_level: 128 (Unused?)
pre_load_level: 122
fadein: 112
unload_panel: 106
waitforfireup: 102
waitforfiredown: 98
load_panel_bottom: 96 (Unused?)
load_panel_top: 96 (Unused?)
destroy_child_actors: 94 (Unused?)
fadeout: 88
pre_anim5: 86 (Unused?)
waitforfirehit: 86
load_music: 78 (Unused?)
load_music_finish: 76
wrap_screen_bottom: 76 (Unused?)
wrap_screen_right: 76 (Unused?)
set_ntsc: 74 (Unused?)
flipscreen: 72 (Unused?)
wrap_screen_left: 72 (Unused?)
wrap_screen_top: 72 (Unused?)
quit: 70 (Unused?)
jump_actor: 66 (Unused?)
load_panel_finish: 66
unload_panel_bottom: 62
unload_panel_top: 62
destroy_all_actors: 60 (Unused?)
destroy_actor: 58
regenerate_screen: 58
0_stand_hannah_code: 58
4_gneiss_stand: 58
4_gneiss_walk: 58
desl_down: 56 (Unused?)
desl_up: 56 (Unused?)
destroy_block: 52 (Unused?)
return: 52 (Unused?)
regenerate_screen_wait: 46
new_codeblock: 44 (Unused?)
freeze_actor: 40 (Unused?)
unfreeze_actor: 40 (Unused?)
block_coll_force: 32 (Unused?)
block_coll_passthru: 32 (Unused?)
clear_block_collision: 32
vm_registers: 26 (Unused?)
debug_breakpoint: 26 (Unused?)
vm_constants_tile_properties: 26 (Unused?)
scroll: 26 (Unused?)
