Compiled on Sunday, 18 May 2025 6:02:58 p.m.
Version string: SE2024.2.250517.21.12.EX

ImageFrame Data Size: 4928
Actor Count: 8
Actor Data Size: 1440
Animations Count: 17
Animations Data Size: 272
AnimationFrame Count: 66
AnimationFrame Data Size: 1056
Project sound Original size 28 Crunched size 28
Project patterns Original size 4 Crunched size 4
Map event data for fase_1a Original size 44 Crunched size 44
Map path node data for fase_1a Original size 12 Crunched size 12
Misc Data (paths, hurt boxes etc) Original size 2 Crunched size 2
XGM Null sound Original size 256 Crunched size 256
XGM Null song Original size 172 Crunched size 172
XGM 68K Plugin Driver Original size 852 Crunched size 852
XGM Core Driver Original size 5888 Crunched size 5888
Default MD font Original size 2048 Crunched size 2048
Project virtual machine (codeblocks) Original size 11126 Crunched size 11126
Panel  Original size 10362 Crunched size 10362
Font for panel 1 Original size 2048 Crunched size 2048
Panel fase_1b Original size 14080 Crunched size 14080
Project blocks Original size 136 Crunched size 136
Images Original size 4928 Crunched size 4928
Project actors Original size 1440 Crunched size 1440
Map tile data  fase_1a Original size 1386 Crunched size 90
Tile data for map fase_1a (mem restrictions:None) Original size 2432 Crunched size 2432
Pattern data for 1 Original size 2056 Crunched size 2056
Get Y lookup table fase_1a Original size 84 Crunched size 84
Map actor data for fase_1a Original size 84 Crunched size 24
Header data for map fase_1a Original size 844 Crunched size 844
Map block data for fase_1a Original size 1386 Crunched size 65
Project name table Original size 2568 Crunched size 2568
Streamed project patterns Original size 77408 Crunched size 77408
Animations Original size 272 Crunched size 272
Animation Frames Original size 1056 Crunched size 1056
Project Header Original size 3266 Crunched size 3266
Var Data Original size 50 Crunched size 50
Attack Data Original size 176 Crunched size 176
Teleporters Original size 8 Crunched size 8

=== Accounted Memory Usage ===
(Note that this isn't a full account of memory usage, just the memory we can account for)
RAM reserved for level tiles: (largest level: fase_1a): 2772
memory reserved for active actors on screen (32): 4616
memory reserved for dormant actors in map (128): 4608

Total: 11996 bytes

=== Codeblocks by compiled size ===
load_level: 510
camera: 432
set_yresolution: 390 (Unused?)
do_teleport: 382
pre_startup: 360
flipscreen_smooth: 310 (Unused?)
flipxymove: 278 (Unused?)
0_atk_hannah_code: 268
load_next_level: 252 (Unused?)
block_find: 206 (Unused?)
waitforframes: 194
0_stand_hannah_autogen_attack: 190
block_count: 178 (Unused?)
check_talkpad: 172 (Unused?)
flipymove: 162 (Unused?)
startup: 162
pre_quit: 160 (Unused?)
snap_to_screen: 158
load_panel: 146
flipxmove: 142 (Unused?)
unload_level: 142
pause: 138 (Unused?)
AUTOGEN_OUTOFSCREEN_snap_to_screen_snap_to_screen_snap_to_screen_snap_to_screen: 130
destroy_all_blocks: 128 (Unused?)
restart_this_level: 128 (Unused?)
pre_load_level: 122
fadein: 112
unload_panel: 106
waitforfireup: 102
waitforfiredown: 98
load_panel_bottom: 96 (Unused?)
load_panel_top: 96 (Unused?)
destroy_child_actors: 94 (Unused?)
fadeout: 88
pre_anim5: 86 (Unused?)
waitforfirehit: 86
load_music_finish: 76
wrap_screen_bottom: 76 (Unused?)
wrap_screen_right: 76 (Unused?)
flipscreen: 72 (Unused?)
wrap_screen_left: 72 (Unused?)
wrap_screen_top: 72 (Unused?)
load_music: 70 (Unused?)
jump_actor: 66 (Unused?)
load_panel_finish: 66
unload_panel_bottom: 62
unload_panel_top: 62
destroy_all_actors: 60 (Unused?)
destroy_actor: 58
regenerate_screen: 58
0_stand_hannah_code: 58
4_gneiss_stand: 58
4_gneiss_walk: 58
desl_down: 56 (Unused?)
desl_up: 56 (Unused?)
destroy_block: 52 (Unused?)
return: 52 (Unused?)
quit: 50 (Unused?)
regenerate_screen_wait: 46
new_codeblock: 44 (Unused?)
freeze_actor: 40 (Unused?)
unfreeze_actor: 40 (Unused?)
block_coll_force: 32 (Unused?)
block_coll_passthru: 32 (Unused?)
clear_block_collision: 32
vm_registers: 26 (Unused?)
debug_breakpoint: 26 (Unused?)
set_ntsc: 26
vm_constants_tile_properties: 26 (Unused?)
scroll: 26 (Unused?)
