Compiled on Sunday, 7 July 2024 3:38:34 p.m.
Version string: SE2024.1.240707.14.52.EX

ImageFrames: 0
ImageFrame Data Size: 0
Actor Count: 1
Actor Data Size: 180
Animations Count: 1
Animations Data Size: 16
AnimationFrame Count: 2
AnimationFrame Data Size: 32
Project virtual machine (codeblocks) Original size 53064 Crunched size 53064
Panel  Original size 3118 Crunched size 3118
Panel pic_title Original size 3438 Crunched size 3438
Panel talkpad Original size 1518 Crunched size 1518
Project blocks Original size 68 Crunched size 68
Project actors Original size 180 Crunched size 180
Map block data for court Original size 9856 Crunched size 9856
Header data for map court Original size 8000 Crunched size 8000
Map tile data  court Original size 9856 Crunched size 9856
Tile data for map court (mem restrictions:None) Original size 37840 Crunched size 37840
Map event data for court Original size 40 Crunched size 40
Get Y lookup table court Original size 448 Crunched size 448
Map path node data for court Original size 12 Crunched size 12
Map block data for intro0 Original size 2760 Crunched size 2760
Header data for map intro0 Original size 8000 Crunched size 8000
Map tile data  intro0 Original size 2760 Crunched size 2760
Tile data for map intro0 (mem restrictions:None) Original size 10184 Crunched size 10184
Map event data for intro0 Original size 40 Crunched size 40
Get Y lookup table intro0 Original size 160 Crunched size 160
Map path node data for intro0 Original size 12 Crunched size 12
Map block data for lobby Original size 4356 Crunched size 4356
Header data for map lobby Original size 8000 Crunched size 8000
Map tile data  lobby Original size 4356 Crunched size 4356
Tile data for map lobby (mem restrictions:None) Original size 16384 Crunched size 16384
Map event data for lobby Original size 40 Crunched size 40
Get Y lookup table lobby Original size 264 Crunched size 264
Map path node data for lobby Original size 12 Crunched size 12
Animations Original size 16 Crunched size 16
Animation Frames Original size 32 Crunched size 32
Project sound Original size 112 Crunched size 112
Misc Data (paths, hurt boxes etc) Original size 2 Crunched size 2
Project Header Original size 2902 Crunched size 2902
Var Data Original size 14 Crunched size 14
Attack Data Original size 88 Crunched size 88
Teleporters Original size 8 Crunched size 8

=== Accounted Memory Usage ===
(Note that this isn't a full account of memory usage, just the memory we can account for)
RAM reserved for level tiles: (largest level: court): 19712
memory reserved for active actors on screen (32): 4616
memory reserved for dormant actors in map (256): 9216

Total: 33544 bytes

=== Codeblocks by compiled size ===
courtroom_questioning: 11142
courtroom_callwitness: 7334
start_lobby: 5830
courtroom_choosedefendant: 4230
courtroom_crossexamination_courtrecord: 3052
start_courtroom: 2340
courtroom_choosecauseofdeath: 2186
courtroom_crossexamination: 2086
courtroom_choosevictim: 2034
start_case1: 1376
open_evidence: 1138
open_profiles: 952
load_level: 528
do_teleport: 404
flipscreen_smooth: 310 (Unused?)
pre_startup: 298
flipxymove: 278 (Unused?)
set_yresolution: 256 (Unused?)
block_find: 206 (Unused?)
waitforframes: 194
startup: 188
block_count: 178 (Unused?)
check_talkpad: 172
flipymove: 162 (Unused?)
snap_to_screen: 158 (Unused?)
pre_quit: 152 (Unused?)
load_panel: 146
flipxmove: 142 (Unused?)
unload_level: 142
pause: 138 (Unused?)
open_court_record: 130
destroy_all_blocks: 128 (Unused?)
pre_load_level: 122
waitforfireup: 114
fadein: 112
waitforfiredown: 110
objection_payne: 110
unload_panel: 106
show_court_gavel: 106
load_panel_bottom: 96 (Unused?)
load_panel_top: 96 (Unused?)
destroy_child_actors: 94 (Unused?)
fadeout: 88
pre_anim5: 86 (Unused?)
waitforfirehit: 86
show_court_phoenix_deskslam: 84
load_music_finish: 76
wrap_screen_bottom: 76 (Unused?)
wrap_screen_right: 76 (Unused?)
flipscreen: 72 (Unused?)
wrap_screen_left: 72 (Unused?)
wrap_screen_top: 72 (Unused?)
jump_actor: 66 (Unused?)
load_panel_finish: 66
show_court_mia_sad: 66
show_court_mia_serious: 66
show_court_mia_shocked: 66
show_court_phoenix_nervous: 66
show_court_phoenix_paper: 66
show_court_phoenix_point: 66
show_court_phoenix_shocked: 66 (Unused?)
show_court_phoenix_thinking: 66
load_music: 62 (Unused?)
unload_panel_bottom: 62
unload_panel_top: 62
show_court_sahwit_nervous: 62
show_court_sahwit_normal: 62
destroy_all_actors: 60 (Unused?)
destroy_actor: 58
regenerate_screen: 58
show_court_judge_normal: 58
show_court_judge_shocked: 58
show_court_judge_thinking: 58
show_court_judge_warn: 58
show_court_larry_nervous: 58
show_court_mia_disappointed: 58
show_court_payne_nervous: 58
show_court_payne_smug: 58 (Unused?)
show_court_phoenix_normal: 58
show_court_phoenix_smug: 58
show_lobby_cindy: 58
show_court_larry_normal: 54
show_court_payne_normal: 54
show_lobby_mia_smile1: 54
destroy_block: 52 (Unused?)
return: 52
quit: 50 (Unused?)
show_lobby_empty: 50
regenerate_screen_wait: 46
freeze_actor: 40 (Unused?)
unfreeze_actor: 40 (Unused?)
block_coll_force: 32 (Unused?)
block_coll_passthru: 32 (Unused?)
clear_block_collision: 32
vm_registers: 26 (Unused?)
debug_breakpoint: 26 (Unused?)
set_ntsc: 26 (Unused?)
vm_constants_tile_properties: 26 (Unused?)
