RAM reserved for level tiles: 19712 bytes (largest level: court)

Default MD font Original size 2048 Crunched size 2048
Default MD number font Original size 320 Crunched size 320
Project virtual machine (codeblocks) Original size 53396 Crunched size 53396
Panel  Original size 10334 Crunched size 10334
Panel pic_title Original size 17470 Crunched size 17470
Font for panel 2 Original size 2048 Crunched size 2048
Panel talkpad Original size 1822 Crunched size 1822
Project blocks Original size 68 Crunched size 68
Project actors Original size 188 Crunched size 188
Project patterns Original size 32 Crunched size 32
Dynamic pattern data for 1 Original size 199616 Crunched size 199616
Map header court Original size 26916 Crunched size 26916
Get Y lookup table court Original size 448 Crunched size 448
Map tile data  court Original size 9856 Crunched size 16
Map block data for court Original size 9856 Crunched size 7
Map path node data for court Original size 12 Crunched size 12
Map event data for court Original size 32 Crunched size 32
Dynamic pattern data for 2 Original size 107808 Crunched size 107808
Map header intro0 Original size 13088 Crunched size 13088
Get Y lookup table intro0 Original size 160 Crunched size 160
Map tile data  intro0 Original size 2760 Crunched size 15
Map block data for intro0 Original size 2760 Crunched size 7
Map path node data for intro0 Original size 12 Crunched size 12
Map event data for intro0 Original size 32 Crunched size 32
Dynamic pattern data for 3 Original size 66400 Crunched size 66400
Map header lobby Original size 16188 Crunched size 16188
Get Y lookup table lobby Original size 264 Crunched size 264
Map tile data  lobby Original size 4356 Crunched size 15
Map block data for lobby Original size 4356 Crunched size 7
Map path node data for lobby Original size 12 Crunched size 12
Map event data for lobby Original size 32 Crunched size 32
Project name table Original size 61440 Crunched size 61440
Streamed project patterns Original size 32 Crunched size 32
Animations Original size 16 Crunched size 16
Animation Frames Original size 32 Crunched size 32
Mega Drive header Original size 2902 Crunched size 2902
Teleporters Original size 8 Crunched size 8
Var Data Original size 14 Crunched size 14

=== Codeblocks by compiled size ===
courtroom_questioning: 11142
courtroom_callwitness: 7334
start_lobby: 5830
courtroom_choosedefendant: 4230
courtroom_crossexamination_courtrecord: 3052
start_courtroom: 2340
courtroom_choosecauseofdeath: 2186
courtroom_crossexamination: 2086
courtroom_choosevictim: 2034
start_case1: 1376
open_evidence: 1138
open_profiles: 952
load_level: 724
do_teleport: 404
set_yresolution: 398 (Unused?)
flipscreen_smooth: 310 (Unused?)
flipxymove: 278 (Unused?)
pre_startup: 212
waitforframes: 194
startup: 188
check_talkpad: 172
flipymove: 162 (Unused?)
snap_to_screen: 158 (Unused?)
pre_quit: 152 (Unused?)
load_panel: 146
flipxmove: 142 (Unused?)
unload_level: 142
pause: 138 (Unused?)
load_music: 130 (Unused?)
open_court_record: 130
destroy_all_blocks: 124 (Unused?)
pre_load_level: 122
waitforfireup: 114
fadein: 112
waitforfiredown: 110
unload_panel: 106
load_panel_bottom: 96 (Unused?)
load_panel_top: 96 (Unused?)
destroy_child_actors: 94 (Unused?)
fadeout: 88
pre_anim5: 86 (Unused?)
waitforfirehit: 86
objection_payne: 84
objection_phoenix: 84
show_court_gavel: 80
load_music_finish: 76
wrap_screen_bottom: 76 (Unused?)
wrap_screen_right: 76 (Unused?)
flipscreen: 72 (Unused?)
wrap_screen_left: 72 (Unused?)
wrap_screen_top: 72 (Unused?)
jump_actor: 66 (Unused?)
load_panel_finish: 66
show_court_mia_sad: 66
show_court_mia_serious: 66
show_court_mia_shocked: 66
show_court_phoenix_nervous: 66
show_court_phoenix_paper: 66
show_court_phoenix_point: 66
show_court_phoenix_shocked: 66 (Unused?)
show_court_phoenix_thinking: 66
unload_panel_bottom: 62
unload_panel_top: 62
show_court_sahwit_nervous: 62
show_court_sahwit_normal: 62
destroy_all_actors: 60 (Unused?)
destroy_actor: 58
regenerate_screen: 58
show_court_judge_normal: 58
show_court_judge_shocked: 58
show_court_judge_thinking: 58
show_court_judge_warn: 58
show_court_larry_nervous: 58
show_court_mia_disappointed: 58
show_court_payne_nervous: 58
show_court_payne_smug: 58 (Unused?)
show_court_phoenix_deskslam: 58
show_court_phoenix_normal: 58
show_court_phoenix_smug: 58
show_lobby_cindy: 58
show_lobby_larry_nervous: 58
show_lobby_mia_curious: 58
show_lobby_mia_smile2: 58
show_court_larry_normal: 54
show_court_payne_normal: 54
show_lobby_larry_crying: 54
show_lobby_mia_smile1: 54
destroy_block: 52 (Unused?)
return: 52
quit: 50 (Unused?)
show_lobby_empty: 50
regenerate_screen_wait: 46
freeze_actor: 40 (Unused?)
unfreeze_actor: 40 (Unused?)
block_coll_force: 32 (Unused?)
block_coll_passthru: 32 (Unused?)
clear_block_collision: 32
vm_registers: 26 (Unused?)
vm_constants: 26 (Unused?)
debug_breakpoint: 26 (Unused?)
hardware_amiga: 26 (Unused?)
hardware_megadrive: 26 (Unused?)
set_ntsc: 26
vm_constants_audiodriver: 26 (Unused?)
vm_constants_controlbits: 26 (Unused?)
vm_constants_notes: 26 (Unused?)
vm_constants_platform: 26 (Unused?)
vm_constants_tile_properties: 26 (Unused?)
