Compiled on Sunday, 7 July 2024 4:28:56 p.m.
Version string: SE2024.1.240707.16.03.EX

ImageFrames: 17
ImageFrame Data Size: 756
Actor Count: 9
Actor Data Size: 1620
Animations Count: 21
Animations Data Size: 336
AnimationFrame Count: 22
AnimationFrame Data Size: 352
Project virtual machine (codeblocks) Original size 17706 Crunched size 17706
Panel  Original size 3118 Crunched size 3118
Project blocks Original size 136 Crunched size 136
Images Original size 756 Crunched size 756
Project actors Original size 1620 Crunched size 1620
Map block data for testmap Original size 798 Crunched size 798
Header data for map testmap Original size 8000 Crunched size 8000
Map tile data  testmap Original size 798 Crunched size 798
Tile data for map testmap (mem restrictions:None) Original size 2720 Crunched size 2720
Map event data for testmap Original size 40 Crunched size 40
Get Y lookup table testmap Original size 76 Crunched size 76
Map path node data for testmap Original size 12 Crunched size 12
Animations Original size 336 Crunched size 336
Animation Frames Original size 352 Crunched size 352
Project sound Original size 28 Crunched size 28
Misc Data (paths, hurt boxes etc) Original size 2 Crunched size 2
Project Header Original size 2902 Crunched size 2902
Var Data Original size 14 Crunched size 14
Attack Data Original size 176 Crunched size 176
Teleporters Original size 8 Crunched size 8

=== Accounted Memory Usage ===
(Note that this isn't a full account of memory usage, just the memory we can account for)
RAM reserved for level tiles: (largest level: testmap): 1596
memory reserved for active actors on screen (32): 4616
memory reserved for dormant actors in map (256): 9216

Total: 15428 bytes

=== Possibly unused Actors ===
player

=== Codeblocks by compiled size ===
process_tiles_down: 1864
process_tiles_left: 1864
process_tiles_right: 1864
process_tiles_up: 1864
load_level: 528
move_player_backwards: 432
move_player_forward: 422
do_teleport: 404
flipscreen_smooth: 310 (Unused?)
pre_startup: 298
flipxymove: 278 (Unused?)
set_yresolution: 256 (Unused?)
update: 238
block_find: 206 (Unused?)
rotate_player_left: 198
rotate_player_right: 198
startup: 198
waitforframes: 194
player_autogen_attack: 184
block_count: 178 (Unused?)
check_talkpad: 172 (Unused?)
flipymove: 162 (Unused?)
snap_to_screen: 158 (Unused?)
pre_quit: 152 (Unused?)
load_panel: 146
flipxmove: 142 (Unused?)
unload_level: 142
pause: 138 (Unused?)
destroy_all_blocks: 128 (Unused?)
pre_load_level: 122
process_tiles: 118
waitforfireup: 114
fadein: 112
waitforfiredown: 110
unload_panel: 106
load_panel_bottom: 96 (Unused?)
load_panel_top: 96 (Unused?)
destroy_child_actors: 94 (Unused?)
toggle_camera_x: 92
fadeout: 88
pre_anim5: 86 (Unused?)
waitforfirehit: 86
load_music_finish: 76
wrap_screen_bottom: 76 (Unused?)
wrap_screen_right: 76 (Unused?)
flipscreen: 72 (Unused?)
wrap_screen_left: 72 (Unused?)
wrap_screen_top: 72 (Unused?)
jump_actor: 66 (Unused?)
load_panel_finish: 66
load_music: 62 (Unused?)
unload_panel_bottom: 62
unload_panel_top: 62
destroy_all_actors: 60 (Unused?)
destroy_actor: 58
regenerate_screen: 58
set_empty: 58
set_front_wall_big: 58
set_front_wall_med: 58
set_front_wall_small: 58
set_left_wall_big_flat: 58
set_left_wall_big_solid: 58
set_left_wall_med_flat: 58
set_left_wall_med_solid: 58
set_left_wall_small_flat: 58
set_left_wall_small_solid: 58
set_right_wall_big_flat: 58
set_right_wall_big_solid: 58
set_right_wall_med_flat: 58
set_right_wall_med_solid: 58
set_right_wall_small_flat: 58
set_right_wall_small_solid: 58
destroy_block: 52 (Unused?)
return: 52 (Unused?)
quit: 50 (Unused?)
regenerate_screen_wait: 46
freeze_actor: 40 (Unused?)
unfreeze_actor: 40 (Unused?)
block_coll_force: 32 (Unused?)
block_coll_passthru: 32 (Unused?)
clear_block_collision: 32
vm_registers: 26 (Unused?)
debug_breakpoint: 26 (Unused?)
set_ntsc: 26 (Unused?)
vm_constants_tile_properties: 26 (Unused?)
