RAM reserved for level tiles: 1596 bytes (largest level: testmap)

Default MD font Original size 2048 Crunched size 2048
Default MD number font Original size 320 Crunched size 320
Project virtual machine (codeblocks) Original size 17610 Crunched size 17610
Panel  Original size 10334 Crunched size 10334
Project blocks Original size 136 Crunched size 136
Project actors Original size 1692 Crunched size 1692
Project patterns Original size 32 Crunched size 32
Pattern data for 1 Original size 358 Crunched size 358
Map header testmap Original size 9356 Crunched size 9356
Get Y lookup table testmap Original size 76 Crunched size 76
Map tile data  testmap Original size 798 Crunched size 95
Map block data for testmap Original size 798 Crunched size 68
Map path node data for testmap Original size 12 Crunched size 12
Map event data for testmap Original size 32 Crunched size 32
Project name table Original size 664 Crunched size 664
Streamed project patterns Original size 9952 Crunched size 9952
Images Original size 788 Crunched size 788
Animations Original size 336 Crunched size 336
Animation Frames Original size 352 Crunched size 352
Mega Drive header Original size 2902 Crunched size 2902
Teleporters Original size 8 Crunched size 8
Var Data Original size 14 Crunched size 14
Attack Data Original size 66 Crunched size 66

=== Possibly unused Actors ===
player

=== Codeblocks by compiled size ===
process_tiles_down: 1864
process_tiles_left: 1864
process_tiles_right: 1864
process_tiles_up: 1864
load_level: 724
move_player_backwards: 422
move_player_forward: 422
do_teleport: 404
set_yresolution: 398 (Unused?)
flipscreen_smooth: 310 (Unused?)
flipxymove: 278 (Unused?)
update: 238
pre_startup: 212
rotate_player_left: 198
rotate_player_right: 198
startup: 198
waitforframes: 194
check_talkpad: 172 (Unused?)
flipymove: 162 (Unused?)
snap_to_screen: 158 (Unused?)
pre_quit: 152 (Unused?)
load_panel: 146
flipxmove: 142 (Unused?)
unload_level: 142
pause: 138 (Unused?)
load_music: 130 (Unused?)
destroy_all_blocks: 124 (Unused?)
pre_load_level: 122
process_tiles: 118
waitforfireup: 114
fadein: 112
waitforfiredown: 110
unload_panel: 106
load_panel_bottom: 96 (Unused?)
load_panel_top: 96 (Unused?)
destroy_child_actors: 94 (Unused?)
toggle_camera_x: 92
fadeout: 88
pre_anim5: 86 (Unused?)
waitforfirehit: 86
load_music_finish: 76
wrap_screen_bottom: 76 (Unused?)
wrap_screen_right: 76 (Unused?)
flipscreen: 72 (Unused?)
wrap_screen_left: 72 (Unused?)
wrap_screen_top: 72 (Unused?)
jump_actor: 66 (Unused?)
load_panel_finish: 66
unload_panel_bottom: 62
unload_panel_top: 62
destroy_all_actors: 60 (Unused?)
destroy_actor: 58
regenerate_screen: 58
set_empty: 58
set_front_wall_big: 58
set_front_wall_med: 58
set_front_wall_small: 58
set_left_wall_big_flat: 58
set_left_wall_big_solid: 58
set_left_wall_med_flat: 58
set_left_wall_med_solid: 58
set_left_wall_small_flat: 58
set_left_wall_small_solid: 58
set_right_wall_big_flat: 58
set_right_wall_big_solid: 58
set_right_wall_med_flat: 58
set_right_wall_med_solid: 58
set_right_wall_small_flat: 58
set_right_wall_small_solid: 58
destroy_block: 52 (Unused?)
return: 52 (Unused?)
quit: 50 (Unused?)
regenerate_screen_wait: 46
freeze_actor: 40 (Unused?)
unfreeze_actor: 40 (Unused?)
block_coll_force: 32 (Unused?)
block_coll_passthru: 32 (Unused?)
clear_block_collision: 32
vm_registers: 26 (Unused?)
vm_constants: 26 (Unused?)
debug_breakpoint: 26 (Unused?)
hardware_amiga: 26 (Unused?)
hardware_megadrive: 26 (Unused?)
set_ntsc: 26
vm_constants_audiodriver: 26 (Unused?)
vm_constants_controlbits: 26 (Unused?)
vm_constants_notes: 26 (Unused?)
vm_constants_platform: 26 (Unused?)
vm_constants_tile_properties: 26 (Unused?)
