Crunching tune.mod as 1.mus. Original size: 65546. Crunched size: 42472
Actor Count: 5
Actor Data Size: 1300
Block Count: 1
Block Data Size: 52
Anim5 Count: 1
Anim5 Data Size: 4
Sound Count: 3
Sound Data Size: 24
Teleporter Count: 1
Teleporter Data Size: 8
Animations Count: 15
Animations Data Size: 240
AnimationFrame Count: 51
AnimationFrame Data Size: 3264
Crunching Panel hud as 1.img. Original size: 11474. Crunched size: 846
Crunching Project graphics as project.gfx. Original size: 176200. Crunched size: 58620
Crunching Project virtual machine (codeblocks) as project.vm. Original size: 1274. Crunched size: 484
Crunching Data for map stage as 1.map. Original size: 14706. Crunched size: 1690
Crunching GFX tiles for map stage as 1.gfx. Original size: 73760. Crunched size: 39114
Crunching Project data as project.dat. Original size: 5008. Crunched size: 1370
