=== Image optimisations ===
Reduce width of animations\player1_legs\p1_legs6.png by 6 pixels to 16 to improve blit performance by 200.00%
Reduce width of animations\player1_legs\p1_legs5.png by 12 pixels to 16 to improve blit performance by 200.00%
Reduce width of animations\player1_legs\p1_legs4.png by 1 pixels to 32 to improve blit performance by 100.00%
Reduce width of animations\player1_legs\p1_legs3.png by 4 pixels to 16 to improve blit performance by 200.00%
Reduce width of animations\player1_legs\p1_legs2.png by 10 pixels to 16 to improve blit performance by 200.00%
Reduce width of animations\player1_legs\p1_legs1.png by 3 pixels to 32 to improve blit performance by 100.00%
Reduce width of animations\player1_legs\p1_legs6.png by 6 pixels to 16 to improve blit performance by 200.00%
Reduce width of animations\player1_legs\p1_legs5.png by 12 pixels to 16 to improve blit performance by 200.00%
Reduce width of animations\player1_legs\p1_legs4.png by 1 pixels to 32 to improve blit performance by 100.00%
Reduce width of animations\player1_legs\p1_legs3.png by 4 pixels to 16 to improve blit performance by 200.00%
Reduce width of animations\player1_legs\p1_legs2.png by 10 pixels to 16 to improve blit performance by 200.00%
Reduce width of animations\player1_legs\p1_legs1.png by 3 pixels to 32 to improve blit performance by 100.00%
Reduce width of animations\player1_legs\p1_legs_idle.png by 14 pixels to 16 to improve blit performance by 200.00%
Reduce width of animations\player1_legs\p1_legs_idle.png by 14 pixels to 16 to improve blit performance by 200.00%
Reduce width of animations\player1_legs\p1_legs1.png by 3 pixels to 32 to improve blit performance by 100.00%
Reduce width of animations\player1_legs\p1_legs2.png by 10 pixels to 16 to improve blit performance by 200.00%
Reduce width of animations\player1_legs\p1_legs3.png by 4 pixels to 16 to improve blit performance by 200.00%
Reduce width of animations\player1_legs\p1_legs4.png by 1 pixels to 32 to improve blit performance by 100.00%
Reduce width of animations\player1_legs\p1_legs5.png by 12 pixels to 16 to improve blit performance by 200.00%
Reduce width of animations\player1_legs\p1_legs6.png by 6 pixels to 16 to improve blit performance by 200.00%
Reduce width of animations\player1_legs\p1_legs1.png by 3 pixels to 32 to improve blit performance by 100.00%
Reduce width of animations\player1_legs\p1_legs2.png by 10 pixels to 16 to improve blit performance by 200.00%
Reduce width of animations\player1_legs\p1_legs3.png by 4 pixels to 16 to improve blit performance by 200.00%
Reduce width of animations\player1_legs\p1_legs4.png by 1 pixels to 32 to improve blit performance by 100.00%
Reduce width of animations\player1_legs\p1_legs5.png by 12 pixels to 16 to improve blit performance by 200.00%
Reduce width of animations\player1_legs\p1_legs6.png by 6 pixels to 16 to improve blit performance by 200.00%
Reduce width of animations\player1_torso\player1_torso2fire1.png by 10 pixels to 16 to improve blit performance by 200.00%
Reduce width of animations\player1_torso\player1_torso2fire2.png by 8 pixels to 16 to improve blit performance by 200.00%
Reduce width of animations\player1_torso\player1_torso2fire1.png by 10 pixels to 16 to improve blit performance by 200.00%
Reduce width of animations\player1_torso\player1_torso2fire2.png by 8 pixels to 16 to improve blit performance by 200.00%
Reduce width of animations\player1_torso\player1_torso3fire1.png by 14 pixels to 16 to improve blit performance by 200.00%
Reduce width of animations\player1_torso\player1_torso3fire2.png by 13 pixels to 16 to improve blit performance by 200.00%
Reduce width of animations\player1_torso\player1_torso3fire1.png by 14 pixels to 16 to improve blit performance by 200.00%
Reduce width of animations\player1_torso\player1_torso3fire2.png by 13 pixels to 16 to improve blit performance by 200.00%
Reduce width of animations\player1_torso\player1_torso4fire1.png by 2 pixels to 32 to improve blit performance by 100.00%
Reduce width of animations\player1_torso\player1_torso4fire2.png by 15 pixels to 16 to improve blit performance by 200.00%
Reduce width of animations\player1_torso\player1_torso4fire1.png by 2 pixels to 32 to improve blit performance by 100.00%
Reduce width of animations\player1_torso\player1_torso4fire2.png by 15 pixels to 16 to improve blit performance by 200.00%
Reduce width of animations\player1_torso\player1_torso5fire1.png by 3 pixels to 32 to improve blit performance by 100.00%
Reduce width of animations\player1_torso\player1_torso5fire2.png by 1 pixels to 32 to improve blit performance by 100.00%
Reduce width of animations\player1_torso\player1_torso5fire1.png by 3 pixels to 32 to improve blit performance by 100.00%
Reduce width of animations\player1_torso\player1_torso5fire2.png by 1 pixels to 32 to improve blit performance by 100.00%
Reduce width of animations\player1_torso\player1_torso1.png by 6 pixels to 16 to improve blit performance by 200.00%
Reduce width of animations\player1_torso\player1_torso1.png by 6 pixels to 16 to improve blit performance by 200.00%
Reduce width of animations\player1_torso\player1_torso2.png by 6 pixels to 16 to improve blit performance by 200.00%
Reduce width of animations\player1_torso\player1_torso2.png by 6 pixels to 16 to improve blit performance by 200.00%
Reduce width of animations\player1_torso\player1_torso3.png by 9 pixels to 16 to improve blit performance by 200.00%
Reduce width of animations\player1_torso\player1_torso3.png by 9 pixels to 16 to improve blit performance by 200.00%
Reduce width of animations\player1_torso\player1_torso4.png by 11 pixels to 16 to improve blit performance by 200.00%
Reduce width of animations\player1_torso\player1_torso4.png by 11 pixels to 16 to improve blit performance by 200.00%
Reduce width of animations\player1_torso\player1_torso5.png by 12 pixels to 16 to improve blit performance by 200.00%
Reduce width of animations\player1_torso\player1_torso5.png by 12 pixels to 16 to improve blit performance by 200.00%
Reduce width of sprites\big_shot_1.png by 1 pixels to 32 to improve blit performance by 100.00%
Reduce width of sprites\big_shot_2.png by 5 pixels to 32 to improve blit performance by 100.00%
Reduce width of sprites\big_shot_3.png by 9 pixels to 32 to improve blit performance by 100.00%
Reduce width of sprites\big_shot_4.png by 15 pixels to 32 to improve blit performance by 100.00%
Reduce width of sprites\cursor.png by 7 pixels to 16 to improve blit performance by 200.00%
Reduce width of sprites\cursor_shooting.png by 7 pixels to 16 to improve blit performance by 200.00%

=== Estimated memory usages ===

For chip:
Map gfx (level gfx bundle 1): 38784
Music memory (): 0
BP Buffer memory: 157248
core sfx/gfx memory: 84604
Parallax memory: 0

For other:
Map cache memory: 0
Map header cache memory: 0
Map data memory: 1328
Map background memory: 2672
EXE memory: 202624
vm memory: 8332
project memory: 7484

Accounted memory chip: 280636
Accounted memory other: 222440
Accounted memory total: 503076

=== Misc ===
Maps and Asset Bundles Count: 3
Maps and Asset Bundles Data Size: 36
Actor Count: 12
Actor Data Size: 2400
Block Count: 1
Block Data Size: 52
Anim5 Count: 0
Anim5 Data Size: 0
Sound Count: 2
Sound Data Size: 48
Teleporter Count: 1
Teleporter Data Size: 8
Animations Count: 31
Animations Data Size: 496
AnimationFrame Count: 76
AnimationFrame Data Size: 1216
ImageFrames: 69
ImageFrame Data Size: 3036
Sprites: 1
Sprites Data Size: 14
Attack Data: 2
Attack Data Size: 132
Misc data size: 44
Asset bundle 0 (Core project asset bundle) Original size 84604 Crunched size 27034
Asset bundle 1 (restaurant) Original size 38784 Crunched size 17606
Asset bundle 2 (map) Original size 25152 Crunched size 6400
Background for map restaurant Original size 2672 Crunched size 92
Background for map map Original size 2672 Crunched size 92
Tile data for map restaurant (mem restrictions:No_Blocks) Original size 1328 Crunched size 652
Tile data for map map (mem restrictions:No_Blocks) Original size 1008 Crunched size 448
Header data for map restaurant Original size 7996 Crunched size 378
Header data for map map Original size 7996 Crunched size 374
Project Data Original size 7484 Crunched size 1962
Project Header Original size 4032 Crunched size 1194
Panel scorpion_eng_splashscreen Original size 35930 Crunched size 3268
Project virtual machine (codeblocks) Original size 8332 Crunched size 2530
Project virtual machine redirects Original size 4 Crunched size 4

=== Codeblocks by compiled size ===
load_level: 1012
torso_handler: 972
set_yresolution: 448
do_teleport: 362
flipscreen_smooth: 346 (Unused?)
flipxymove: 306 (Unused?)
pause: 252 (Unused?)
legs_handler: 204
snap_to_screen: 190
pre_startup: 188
flipymove: 174 (Unused?)
flipxmove: 158 (Unused?)
load_panel: 146
pre_quit: 146
handle_right_click: 136 (Unused?)
destroy_all_blocks: 124 (Unused?)
startup: 118
unload_level: 114
load_panel_bottom: 96 (Unused?)
load_panel_top: 96 (Unused?)
waitforfireup: 94
unload_panel: 92
wrap_screen_bottom: 92 (Unused?)
wrap_screen_right: 92 (Unused?)
waitforfiredown: 90
wrap_screen_left: 88 (Unused?)
wrap_screen_top: 88 (Unused?)
flipscreen: 86 (Unused?)
pre_anim5: 86 (Unused?)
waitforfirehit: 86
fadeout: 84
waitforframes: 78
quit: 66 (Unused?)
destroy_all_actors: 62 (Unused?)
jump_actor: 62 (Unused?)
load_music: 62 (Unused?)
unload_panel_bottom: 62
unload_panel_top: 62
fadein: 58
shoot: 58
load_panel_finish: 56
destroy_actor: 54
regenerate_screen: 52
return: 52 (Unused?)
destroy_block: 48 (Unused?)
regenerate_screen_wait: 42
legs_spawn: 42
keyboard_left_d: 38
keyboard_right_d: 38
keyboard_left_u: 32
keyboard_right_u: 32
debug_dump: 30 (Unused?)
vm_registers: 26 (Unused?)
vm_constants: 26 (Unused?)
debug_breakpoint: 26 (Unused?)
vm_constants_controlbits: 26 (Unused?)
vm_constants_notes: 26 (Unused?)
vm_constants_tile_properties: 26 (Unused?)
vm_constants_platform: 26 (Unused?)
