=== Image optimisations ===
Reduce width of animations\enemy\bird3.png by 1 pixels to 16 to improve blit performance by 200.00%
Reduce width of animations\enemy\bird3.png by 1 pixels to 16 to improve blit performance by 200.00%
Reduce width of animations\enemy\eel1.png by 5 pixels to 16 to improve blit performance by 200.00%
Reduce width of animations\enemy\eel2.png by 5 pixels to 16 to improve blit performance by 200.00%
Reduce width of animations\enemy\eel3.png by 6 pixels to 16 to improve blit performance by 200.00%
Reduce width of animations\enemy\frog3.png by 1 pixels to 16 to improve blit performance by 200.00%
Reduce width of animations\enemy\frog3.png by 1 pixels to 16 to improve blit performance by 200.00%
Reduce width of animations\enemy\frog2.png by 2 pixels to 16 to improve blit performance by 200.00%
Reduce width of animations\enemy\frog2.png by 2 pixels to 16 to improve blit performance by 200.00%
Reduce width of animations\man\balloon1.png by 6 pixels to 16 to improve blit performance by 200.00%
Reduce width of animations\man\balloon2.png by 5 pixels to 16 to improve blit performance by 200.00%
Reduce width of animations\man\balloon3.png by 5 pixels to 16 to improve blit performance by 200.00%
Reduce width of animations\man\balloon2.png by 5 pixels to 16 to improve blit performance by 200.00%
Reduce width of animations\man\balloon1.png by 6 pixels to 16 to improve blit performance by 200.00%
Reduce width of animations\man\balloon2.png by 5 pixels to 16 to improve blit performance by 200.00%
Reduce width of animations\man\balloon3.png by 5 pixels to 16 to improve blit performance by 200.00%
Reduce width of animations\man\balloon2.png by 5 pixels to 16 to improve blit performance by 200.00%
Reduce width of animations\man\swim1.png by 4 pixels to 16 to improve blit performance by 200.00%
Reduce width of animations\man\swim2.png by 4 pixels to 16 to improve blit performance by 200.00%
Reduce width of animations\man\swim3.png by 7 pixels to 16 to improve blit performance by 200.00%
Reduce width of animations\man\swim4.png by 4 pixels to 16 to improve blit performance by 200.00%
Reduce width of animations\man\swim5.png by 4 pixels to 16 to improve blit performance by 200.00%
Reduce width of animations\man\swim6.png by 7 pixels to 16 to improve blit performance by 200.00%
Reduce width of animations\man\swim1.png by 4 pixels to 16 to improve blit performance by 200.00%
Reduce width of animations\man\swim2.png by 4 pixels to 16 to improve blit performance by 200.00%
Reduce width of animations\man\swim3.png by 7 pixels to 16 to improve blit performance by 200.00%
Reduce width of animations\man\swim4.png by 4 pixels to 16 to improve blit performance by 200.00%
Reduce width of animations\man\swim5.png by 4 pixels to 16 to improve blit performance by 200.00%
Reduce width of animations\man\swim6.png by 7 pixels to 16 to improve blit performance by 200.00%
Reduce width of animations\man\swim1.png by 4 pixels to 16 to improve blit performance by 200.00%
Reduce width of animations\man\swim2.png by 4 pixels to 16 to improve blit performance by 200.00%
Reduce width of animations\man\swim3.png by 7 pixels to 16 to improve blit performance by 200.00%
Reduce width of animations\man\swim4.png by 4 pixels to 16 to improve blit performance by 200.00%
Reduce width of animations\man\swim5.png by 4 pixels to 16 to improve blit performance by 200.00%
Reduce width of animations\man\swim6.png by 7 pixels to 16 to improve blit performance by 200.00%
Reduce width of animations\man\swim1.png by 4 pixels to 16 to improve blit performance by 200.00%
Reduce width of animations\man\swim2.png by 4 pixels to 16 to improve blit performance by 200.00%
Reduce width of animations\man\swim3.png by 7 pixels to 16 to improve blit performance by 200.00%
Reduce width of animations\man\swim4.png by 4 pixels to 16 to improve blit performance by 200.00%
Reduce width of animations\man\swim5.png by 4 pixels to 16 to improve blit performance by 200.00%
Reduce width of animations\man\swim6.png by 7 pixels to 16 to improve blit performance by 200.00%

=== Estimated memory usages ===

For chip:
Map gfx (level gfx bundle 1): 60960
Music memory (pitfall_ii): 7336
BP Buffer memory: 133440
core sfx/gfx memory: 58698
Parallax memory: 0

For other:
Map cache memory: 0
Map header cache memory: 0
Map data memory: 61626
Map background memory: 2672
EXE memory: 202600
vm memory: 15066
project memory: 10670

Accounted memory chip: 260434
Accounted memory other: 292634
Accounted memory total: 553068

=== Misc ===
Maps and Asset Bundles Count: 2
Maps and Asset Bundles Data Size: 24
Actor Count: 18
Actor Data Size: 3600
Block Count: 23
Block Data Size: 1196
Anim5 Count: 0
Anim5 Data Size: 0
Sound Count: 8
Sound Data Size: 192
Teleporter Count: 1
Teleporter Data Size: 8
Animations Count: 39
Animations Data Size: 624
AnimationFrame Count: 101
AnimationFrame Data Size: 1616
ImageFrames: 75
ImageFrame Data Size: 3300
Sprites: 1
Sprites Data Size: 14
Attack Data: 1
Attack Data Size: 66
Misc data size: 16
Asset bundle 0 (Core project asset bundle) Original size 58698 Crunched size 24088
Asset bundle 1 (map) Original size 60960 Crunched size 17672
Background for map map Original size 2672 Crunched size 92
Music file pitfall_ii Original size 7336 Crunched size 990
Tile data for map map (mem restrictions:None) Original size 61626 Crunched size 5182
Header data for map map Original size 7996 Crunched size 810
Project Data Original size 10670 Crunched size 2988
Project Header Original size 4032 Crunched size 1212
Panel scorpion_eng_splashscreen Original size 35930 Crunched size 3268
Panel mainpanel Original size 3222 Crunched size 448
Project virtual machine (codeblocks) Original size 15066 Crunched size 4182
Project virtual machine redirects Original size 4 Crunched size 4

=== Possibly unused animations ===
sleep

=== Codeblocks by compiled size ===
load_level: 1012
ladder_top_handler: 482
set_yresolution: 448
fall_ended: 372
do_teleport: 362
flipscreen_smooth: 346 (Unused?)
angel_handler: 344
startup: 344
ladder_middle_handler: 330
man_handler: 308
flipxymove: 306 (Unused?)
getoffladder: 278
frog_handler: 276
pause: 252 (Unused?)
water_handler: 252
function_subtractscore: 226
rat_collision: 218
balloon_handler: 212
water_leftexit_handler: 206
water_rightexit_handler: 202
snap_to_screen: 190
balloon_spawn: 190
pre_startup: 188
flipymove: 174 (Unused?)
fall_handler: 174
ladder_bottom_handler: 174
bird_leaveleft: 170
bird_leaveright: 170
celebrate: 162
flipxmove: 158 (Unused?)
balloon_collide: 154
scorpion_handler: 152
load_panel: 146
pre_quit: 146
hittest: 146
getoffladder_sides: 144
waterfall_handler: 140
cheat1: 136
cheat2: 136
cheat3: 136
cheat4: 136
cheat5: 136
wrap_right: 136
scroll_left: 128
scroll_right: 128
destroy_all_blocks: 124 (Unused?)
offscreen_left: 120
offscreen_right: 120
unload_level: 114
collect_diamond: 114
collect_quickclaw: 114
collect_rhonda: 114
ladder_handler: 100
collect_goldbar: 98
load_panel_bottom: 96 (Unused?)
load_panel_top: 96
waitforfireup: 94
balloon_pop: 94
unload_panel: 92
wrap_screen_bottom: 92 (Unused?)
wrap_screen_right: 92 (Unused?)
waitforfiredown: 90
wrap_screen_left: 88 (Unused?)
wrap_screen_top: 88 (Unused?)
flipscreen: 86 (Unused?)
pre_anim5: 86 (Unused?)
waitforfirehit: 86
fadeout: 84
set_man: 82
rat_spawn: 80
waitforframes: 78
wrap_fix: 78
quit: 66
forcejump_end: 64 (Unused?)
destroy_all_actors: 62 (Unused?)
jump_actor: 62 (Unused?)
load_music: 62
unload_panel_bottom: 62
unload_panel_top: 62
set_ladder: 60
fadein: 58
key_handler: 58
load_panel_finish: 56
spawn_handler: 56
destroy_actor: 54
balloon_spawn_repeat: 54
regenerate_screen: 52
return: 52 (Unused?)
destroy_block: 48
regenerate_screen_wait: 42
rat_activate: 42
cushion_land: 32
debug_dump: 30 (Unused?)
vm_registers: 26 (Unused?)
vm_constants: 26 (Unused?)
debug_breakpoint: 26 (Unused?)
vm_constants_controlbits: 26 (Unused?)
vm_constants_notes: 26 (Unused?)
vm_constants_tile_properties: 26 (Unused?)
vm_constants_platform: 26 (Unused?)
