Compiled on Saturday, 3 January 2026 10:22:22 a.m.
Version string: SE2025.0.260102.23.09.EX

ImageFrame Data Size: 2812
Actor Count: 12
Actor Data Size: 2160
Animations Count: 31
Animations Data Size: 496
AnimationFrame Count: 76
AnimationFrame Data Size: 1216

=== Cartridge Composition ===
 Header |   Offset | Size     | Crunch    | Detail
   VC00 |   107920 |    10976 |  NoCrunch | Project virtual machine (codeblocks)
   PL01 |   118896 |     2012 |  NoCrunch | Panel 
   PB00 |   120908 |       68 |  NoCrunch | Project blocks
   PI00 |   120976 |     2812 |  NoCrunch | Images
   PA00 |   123788 |     2160 |  NoCrunch | Project actors
   ML01 |   125948 |        6 |       ZX0 | Map block data for map
   MA01 |   125954 |       12 |       ZX0 | Map actor data for map
   MH01 |   125966 |      848 |  NoCrunch | Header data for map map
   MT01 |   126814 |       14 |       ZX0 | Map tile data  map
   MD01 |   126828 |      320 |  NoCrunch | Tile data for map map (mem restrictions:None)
   ME01 |   127148 |       44 |  NoCrunch | Map event data for map
   MY01 |   127192 |       48 |  NoCrunch | Get Y lookup table map
   MN01 |   127240 |       20 |  NoCrunch | Map path node data for map
   ML02 |   127260 |        6 |       ZX0 | Map block data for restaurant
   MA02 |   127266 |       20 |       ZX0 | Map actor data for restaurant
   MH02 |   127286 |      848 |  NoCrunch | Header data for map restaurant
   MT02 |   128134 |       14 |       ZX0 | Map tile data  restaurant
   MD02 |   128148 |      448 |  NoCrunch | Tile data for map restaurant (mem restrictions:None)
   ME02 |   128596 |       44 |  NoCrunch | Map event data for restaurant
   MY02 |   128640 |       64 |  NoCrunch | Get Y lookup table restaurant
   MN02 |   128704 |       20 |  NoCrunch | Map path node data for restaurant
   NT00 |   128724 |     1220 |  NoCrunch | Project name table
   PN00 |   129944 |      496 |  NoCrunch | Animations
   PF00 |   130440 |     1216 |  NoCrunch | Animation Frames
   PS00 |   131656 |       56 |  NoCrunch | Project sound
   DB00 |   131712 |        2 |  NoCrunch | Misc Data (paths, hurt boxes etc)
   PH00 |   131714 |    11482 |  NoCrunch | Project Header
   PV00 |   143196 |       92 |  NoCrunch | Var Data
   AT00 |   143288 |      264 |  NoCrunch | Attack Data
   PE00 |   143552 |        8 |  NoCrunch | Teleporters

=== Data Sizes ===
    Size |   Memory | Crunch | Detail
   11482 |    11482 |        | Project Header
   10976 |    10976 |        | Project virtual machine (codeblocks)
    2812 |     2812 |        | Images
    2160 |     2160 |        | Project actors
    2012 |     2012 |        | Panel 
    1220 |     1220 |        | Project name table
    1216 |     1216 |        | Animation Frames
     848 |      848 |        | Header data for map map
     848 |      848 |        | Header data for map restaurant
     496 |      496 |        | Animations
     448 |      448 |        | Tile data for map restaurant (mem restrictions:None)
     320 |      320 |        | Tile data for map map (mem restrictions:None)
     264 |      264 |        | Attack Data
      92 |       92 |        | Var Data
      68 |       68 |        | Project blocks
      64 |       64 |        | Get Y lookup table restaurant
      56 |       56 |        | Project sound
      48 |       48 |        | Get Y lookup table map
      44 |       44 |        | Map event data for map
      44 |       44 |        | Map event data for restaurant
      20 |       20 |        | Map path node data for map
      20 |       56 |  (65%) | Map actor data for restaurant
      20 |       20 |        | Map path node data for restaurant
      14 |      216 |  (94%) | Map tile data  map
      14 |      288 |  (96%) | Map tile data  restaurant
      12 |       28 |  (58%) | Map actor data for map
       8 |        8 |        | Teleporters
       6 |      216 |  (98%) | Map block data for map
       6 |      288 |  (98%) | Map block data for restaurant
       2 |        2 |        | Misc Data (paths, hurt boxes etc)

=== Accounted Memory Usage ===
(Note that this isn't a full account of memory usage, just the memory we can account for)
NeoGeo BIOS memory: 3328
RAM reserved for level tiles: (largest level: restaurant): 576
memory reserved for active actors on screen (32): 5064
memory reserved for dormant actors in map (128): 4608

Total: 13576 bytes

=== Codeblocks by compiled size ===
torso_handler: 1112
load_level: 636
pre_startup: 348
flipscreen_smooth: 310 (Unused?)
do_teleport: 300
mouse_actor_autogen_attack: 292
flipxymove: 278 (Unused?)
load_next_level: 268 (Unused?)
freemem: 256
set_yresolution: 256
block_find: 210 (Unused?)
waitforframes: 194
legs_handler: 188
block_count: 178 (Unused?)
check_talkpad: 172 (Unused?)
startup: 170
flipymove: 162 (Unused?)
snap_to_screen: 162
pre_quit: 160 (Unused?)
flipxmove: 142 (Unused?)
pause: 138 (Unused?)
handle_right_click: 138 (Unused?)
restart_this_level: 136 (Unused?)
load_panel: 134
stop_sfx: 130
AUTOGEN_OUTOFSCREEN_snap_to_screen_snap_to_screen_snap_to_screen_snap_to_screen: 130
destroy_all_blocks: 128 (Unused?)
unload_level: 118
anim_force_left: 108 (Unused?)
anim_force_right: 108 (Unused?)
fadein: 108
unload_panel: 102
load_panel_bottom: 96
load_panel_top: 96
destroy_child_actors: 94 (Unused?)
pre_load_level: 86
waitforfirehit: 86
fadeout: 76
load_music_finish: 76
wrap_screen_bottom: 76 (Unused?)
wrap_screen_right: 76 (Unused?)
flipscreen: 72 (Unused?)
wrap_screen_left: 72 (Unused?)
wrap_screen_top: 72 (Unused?)
shoot: 72
jump_actor: 66 (Unused?)
waitforfiredown: 64
load_music: 62
waitforfireup: 62
destroy_all_actors: 60 (Unused?)
destroy_actor: 58
freemem_hard: 54 (Unused?)
destroy_block: 52 (Unused?)
return: 52 (Unused?)
load_panel_finish: 50
unload_panel_bottom: 50
unload_panel_top: 50
legs_spawn: 46
freeze_actor: 40 (Unused?)
quit: 40 (Unused?)
unfreeze_actor: 40 (Unused?)
keyboard_left_d: 38 (Unused?)
keyboard_right_d: 38 (Unused?)
block_coll_force: 32 (Unused?)
block_coll_passthru: 32
keyboard_left_u: 32 (Unused?)
keyboard_right_u: 32 (Unused?)
debug_breakpoint: 26 (Unused?)
hardware_amiga: 26 (Unused?)
set_ntsc: 26 (Unused?)
vm_constants_tile_properties: 26 (Unused?)
