Compiled on Saturday, 3 January 2026 10:22:49 a.m.
Version string: SE2025.0.260102.23.09.EX

=== Misc ===
ImageFrames: 75
ImageFrame Data Size: 3600
Maps and Asset Bundles Count: 3
Maps and Asset Bundles Data Size: 0
Actor Count: 12
Actor Data Size: 2160
Block Count: 1
Block Data Size: 68
Anim5 Count: 0
Anim5 Data Size: 0
Sound Count: 2
Sound Data Size: 56
Teleporter Count: 1
Teleporter Data Size: 8
Animations Count: 31
Animations Data Size: 496
AnimationFrame Count: 76
AnimationFrame Data Size: 1216
Sprites: 1
Sprites Data Size: 14
Attack Data: 3
Attack Data Size: 264
Misc data size: 92

=== Cartridge Composition ===
 Header |   Offset | Size     | Crunch    | Detail
   PL02 |      292 |       76 |   Implode | Panel (background color #000)
   PL01 |      368 |     3380 |   Implode | Panel scorpion_eng_splashscreen
   VC00 |     3748 |     3122 |   Implode | Project virtual machine (codeblocks)
   MA01 |     6870 |       28 |  NoCrunch | Map actor data for map
   MH01 |     6898 |      282 |   Implode | Header data for map map
   MD01 |     7180 |      476 |   Implode | Tile data for map map (mem restrictions:No_Blocks)
   MA02 |     7656 |       56 |  NoCrunch | Map actor data for restaurant
   MH02 |     7712 |      284 |   Implode | Header data for map restaurant
   MD02 |     7996 |      654 |   Implode | Tile data for map restaurant (mem restrictions:No_Blocks)
   AB00 |     8650 |    27326 |   Implode | Asset bundle 0 (Core project asset bundle)
   AB01 |    35976 |     8360 |   Implode | Asset bundle 1 (map)
   AB02 |    44336 |    17610 |   Implode | Asset bundle 2 (restaurant)
   DB00 |    61946 |        2 |  NoCrunch | Misc Data (paths, hurt boxes etc)
   PH00 |    61948 |     1230 |   Implode | Project Header
   PD00 |    63178 |     2146 |   Implode | Project Data
   VR00 |    65324 |        4 |  NoCrunch | Project virtual machine redirects

=== Data Sizes ===
    Size |   Memory | Crunch | Detail
   27326 |    84844 |  (68%) | Asset bundle 0 (Core project asset bundle)
   17610 |    38976 |  (55%) | Asset bundle 2 (restaurant)
    8360 |    26688 |  (69%) | Asset bundle 1 (map)
    3380 |    36784 |  (91%) | Panel scorpion_eng_splashscreen
    3122 |    10982 |  (72%) | Project virtual machine (codeblocks)
    2146 |     7976 |  (74%) | Project Data
    1230 |     4376 |  (72%) | Project Header
     654 |     1360 |  (52%) | Tile data for map restaurant (mem restrictions:No_Blocks)
     476 |     1040 |  (55%) | Tile data for map map (mem restrictions:No_Blocks)
     284 |      848 |  (67%) | Header data for map restaurant
     282 |      848 |  (67%) | Header data for map map
      76 |     1296 |  (95%) | Panel (background color #000)
      56 |       56 |        | Map actor data for restaurant
      28 |       28 |        | Map actor data for map
       4 |        4 |        | Project virtual machine redirects
       2 |        2 |        | Misc Data (paths, hurt boxes etc)

=== Accounted Memory Usage ===
(Note that this isn't a full account of memory usage, just the memory we can account for)

For chip:
Map gfx (level gfx bundle 2): 38976
Music sample (): 0
BP Buffer memory: 157248
Core sfx/gfx memory: 84844
Parallax memory: 0
OS/other estimated: 99328

For other:
Map data memory: 1360
Map background memory: 1296
EXE memory: 219724
vm memory: 10982
project memory: 7976
Music data (): 0
memory reserved for active actors on screen (32): 5064
memory reserved for dormant actors in map (128): 4608
OS/other estimated: 105472

Accounted memory chip: 380396
Accounted memory other: 356482
Accounted memory total: 736878

=== Codeblocks by compiled size ===
torso_handler: 1112
load_level: 676
pre_startup: 500
do_teleport: 320
flipscreen_smooth: 310 (Unused?)
mouse_actor_autogen_attack: 292
flipxymove: 278 (Unused?)
load_next_level: 268 (Unused?)
freemem: 256
block_find: 210 (Unused?)
set_yresolution: 202
waitforframes: 194
check_talkpad: 192 (Unused?)
legs_handler: 188
pause: 184 (Unused?)
block_count: 178 (Unused?)
startup: 170
flipymove: 162 (Unused?)
snap_to_screen: 162
pre_quit: 160
flipxmove: 142 (Unused?)
handle_right_click: 138 (Unused?)
restart_this_level: 136 (Unused?)
load_panel: 134
stop_sfx: 130
AUTOGEN_OUTOFSCREEN_snap_to_screen_snap_to_screen_snap_to_screen_snap_to_screen: 130
destroy_all_blocks: 128 (Unused?)
unload_level: 118
anim_force_left: 108 (Unused?)
anim_force_right: 108 (Unused?)
fadein: 108
waitforfireup: 106
unload_panel: 102
waitforfiredown: 102
load_panel_bottom: 96
load_panel_top: 96
destroy_child_actors: 94 (Unused?)
pre_load_level: 86
waitforfirehit: 86
load_music: 78
fadeout: 76
load_music_finish: 76
wrap_screen_bottom: 76 (Unused?)
wrap_screen_right: 76 (Unused?)
set_ntsc: 74 (Unused?)
flipscreen: 72 (Unused?)
wrap_screen_left: 72 (Unused?)
wrap_screen_top: 72 (Unused?)
shoot: 72
jump_actor: 66 (Unused?)
destroy_all_actors: 60 (Unused?)
quit: 60 (Unused?)
destroy_actor: 58
freemem_hard: 54 (Unused?)
destroy_block: 52 (Unused?)
return: 52 (Unused?)
load_panel_finish: 50
unload_panel_bottom: 50
unload_panel_top: 50
legs_spawn: 46
freeze_actor: 40 (Unused?)
unfreeze_actor: 40 (Unused?)
keyboard_left_d: 38
keyboard_right_d: 38
block_coll_force: 32 (Unused?)
block_coll_passthru: 32
keyboard_left_u: 32
keyboard_right_u: 32
debug_breakpoint: 26 (Unused?)
hardware_amiga: 26 (Unused?)
vm_constants_tile_properties: 26 (Unused?)
