Compiled on Saturday, 3 January 2026 9:58:13 a.m.
Version string: SE2025.0.260102.23.09.EX

=== Misc ===
ImageFrames: 46
ImageFrame Data Size: 2208
Maps and Asset Bundles Count: 2
Maps and Asset Bundles Data Size: 0
Actor Count: 11
Actor Data Size: 1980
Block Count: 1
Block Data Size: 68
Anim5 Count: 0
Anim5 Data Size: 0
Sound Count: 4
Sound Data Size: 112
Teleporter Count: 1
Teleporter Data Size: 8
Animations Count: 18
Animations Data Size: 288
AnimationFrame Count: 47
AnimationFrame Data Size: 752
Sprites: 1
Sprites Data Size: 14
Attack Data: 3
Attack Data Size: 264
Misc data size: 164

=== Cartridge Composition ===
 Header |   Offset | Size     | Crunch    | Detail
   PL05 |      310 |       76 |   Implode | Panel (background color #000)
   PL01 |      386 |     3380 |   Implode | Panel scorpion_eng_splashscreen
   PL02 |     3766 |      376 |   Implode | Panel panel_hud
   PC02 |     4142 |      290 |   Implode | Panel bobs panel_hud
   PL03 |     4432 |     7470 |   Implode | Panel panel_title
   PL04 |    11902 |     4750 |   Implode | Panel panel_win
   VC00 |    16652 |     3110 |   Implode | Project virtual machine (codeblocks)
   MA01 |    19762 |       56 |  NoCrunch | Map actor data for tajmahal
   MH01 |    19818 |      188 |   Implode | Header data for map tajmahal
   MD01 |    20006 |      802 |   Implode | Tile data for map tajmahal (mem restrictions:No_Blocks)
   AB00 |    20808 |    24898 |   Implode | Asset bundle 0 (Core project asset bundle)
   AB01 |    45706 |    18446 |   Implode | Asset bundle 1 (tajmahal)
   DB00 |    64152 |        2 |  NoCrunch | Misc Data (paths, hurt boxes etc)
   PH00 |    64154 |     1216 |   Implode | Project Header
   PD01 |    65370 |        4 |  NoCrunch | Project Custom Collisions
   PD00 |    65374 |     1608 |   Implode | Project Data
   VR00 |    66982 |        4 |  NoCrunch | Project virtual machine redirects

=== Data Sizes ===
    Size |   Memory | Crunch | Detail
   24898 |    51478 |  (52%) | Asset bundle 0 (Core project asset bundle)
   18446 |    34880 |  (48%) | Asset bundle 1 (tajmahal)
    7470 |    35064 |  (79%) | Panel panel_title
    4750 |    35064 |  (87%) | Panel panel_win
    3380 |    36784 |  (91%) | Panel scorpion_eng_splashscreen
    3110 |    11214 |  (73%) | Project virtual machine (codeblocks)
    1608 |     5860 |  (73%) | Project Data
    1216 |     4376 |  (73%) | Project Header
     802 |     2544 |  (69%) | Tile data for map tajmahal (mem restrictions:No_Blocks)
     376 |     6648 |  (95%) | Panel panel_hud
     290 |     1080 |  (74%) | Panel bobs panel_hud
     188 |      848 |  (78%) | Header data for map tajmahal
      76 |     1296 |  (95%) | Panel (background color #000)
      56 |       56 |        | Map actor data for tajmahal
       4 |        4 |        | Project Custom Collisions
       4 |        4 |        | Project virtual machine redirects
       2 |        2 |        | Misc Data (paths, hurt boxes etc)

=== Accounted Memory Usage ===
(Note that this isn't a full account of memory usage, just the memory we can account for)

For chip:
Map gfx (Panel: scorpion_eng_splashscreen): 36784
Music sample (): 0
BP Buffer memory: 131520
Core sfx/gfx memory: 51478
Parallax memory: 0
OS/other estimated: 99328

For other:
Map data memory: 2544
Map background memory: 1296
EXE memory: 219724
vm memory: 11214
project memory: 5860
Music data (): 0
memory reserved for active actors on screen (32): 5064
memory reserved for dormant actors in map (128): 4608
OS/other estimated: 105472

Accounted memory chip: 319110
Accounted memory other: 355782
Accounted memory total: 674892

=== Possibly unused animations ===
explo_r

=== Codeblocks by compiled size ===
load_level: 676
pre_startup: 438
spawn_l_bubbles: 352
spawn_m_bubbles: 352
spawn_s_bubbles: 352
show_menu: 348
do_teleport: 320
flipscreen_smooth: 310 (Unused?)
player_autogen_attack: 292
flipxymove: 278 (Unused?)
load_next_level: 268 (Unused?)
freemem: 256
kill_player: 232
block_find: 210 (Unused?)
check_win: 210
set_yresolution: 202
waitforframes: 194
check_talkpad: 192 (Unused?)
pause: 184 (Unused?)
block_count: 178 (Unused?)
flipymove: 162 (Unused?)
snap_to_screen: 162
pre_quit: 160
flipxmove: 142 (Unused?)
restart_this_level: 136 (Unused?)
load_panel: 134
stop_sfx: 130
destroy_all_blocks: 128 (Unused?)
kill_bubble: 126
unload_level: 118
anim_force_left: 108 (Unused?)
anim_force_right: 108 (Unused?)
fadein: 108
waitforfireup: 106
unload_panel: 102
waitforfiredown: 102
load_panel_bottom: 96
load_panel_top: 96
destroy_child_actors: 94 (Unused?)
pre_load_level: 86
waitforfirehit: 86
game_over: 86
load_music: 78
AUTOGEN_OUTOFSCREEN_snap_to_screen_snap_to_screen_None_None: 78
fadeout: 76
load_music_finish: 76
wrap_screen_bottom: 76 (Unused?)
wrap_screen_right: 76 (Unused?)
set_ntsc: 74 (Unused?)
flipscreen: 72 (Unused?)
wrap_screen_left: 72 (Unused?)
wrap_screen_top: 72 (Unused?)
spawn_bullet: 72
jump_actor: 66 (Unused?)
destroy_all_actors: 60 (Unused?)
quit: 60 (Unused?)
destroy_actor: 58
freemem_hard: 54 (Unused?)
AUTOGEN_OUTOFSCREEN_None_None_None_destroy_actor: 54
destroy_block: 52 (Unused?)
return: 52 (Unused?)
load_panel_finish: 50
unload_panel_bottom: 50
unload_panel_top: 50
freeze_actor: 40 (Unused?)
unfreeze_actor: 40 (Unused?)
block_coll_force: 32 (Unused?)
block_coll_passthru: 32
startup: 32
debug_breakpoint: 26 (Unused?)
hardware_amiga: 26 (Unused?)
vm_constants_tile_properties: 26 (Unused?)
