Compiled on Saturday, 3 January 2026 9:57:47 a.m.
Version string: SE2025.0.260102.23.09.EX

ImageFrame Data Size: 1264
Actor Count: 11
Actor Data Size: 1980
Animations Count: 18
Animations Data Size: 288
AnimationFrame Count: 47
AnimationFrame Data Size: 752

=== Cartridge Composition ===
 Header |   Offset | Size     | Crunch    | Detail
   MC00 |   122920 |      172 |  NoCrunch | XGM Null song
   XG-1 |   123392 |      854 |  NoCrunch | XGM 68K Plugin Driver
   XG00 |   129792 |     5888 |  NoCrunch | XGM Core Driver
   XG01 |   123136 |      256 |  NoCrunch | XGM Null sound
   XG02 |   124416 |     5376 |  NoCrunch | XGM PCM sound: sndhurt
   XG03 |   135680 |     4864 |  NoCrunch | XGM PCM sound: sndpook
   XG04 |   140544 |     2304 |  NoCrunch | XGM PCM sound: sndshot
   PS00 |   124246 |      112 |  NoCrunch | Project sound
   FN00 |   142848 |     2048 |  NoCrunch | Default MD font
   VC00 |   144896 |    12880 |  NoCrunch | Project virtual machine (codeblocks)
   PL01 |   157776 |    10364 |  NoCrunch | Panel 
   NF02 |   168140 |      320 |  NoCrunch | Number font for panel 2
   PL02 |   168460 |     1676 |  NoCrunch | Panel panel_hud
   PL03 |   170136 |    15548 |  NoCrunch | Panel panel_title
   PL04 |   185684 |    10492 |  NoCrunch | Panel panel_win
   PB00 |   196176 |       68 |  NoCrunch | Project blocks
   PI00 |   196244 |     1264 |  NoCrunch | Images
   PA00 |   197508 |     1980 |  NoCrunch | Project actors
   PP00 |   123092 |        4 |  NoCrunch | Project patterns
   MT01 |   123096 |       20 |       ZX0 | Map tile data  tajmahal
   MD01 |   199488 |      960 |  NoCrunch | Tile data for map tajmahal (mem restrictions:None)
   PP01 |   200448 |     1060 |  NoCrunch | Pattern data for tajmahal
   ME01 |   124358 |       44 |  NoCrunch | Map event data for tajmahal
   MY01 |   201508 |       88 |  NoCrunch | Get Y lookup table tajmahal
   MN01 |   201596 |       20 |  NoCrunch | Map path node data for tajmahal
   MA01 |   201616 |       20 |       ZX0 | Map actor data for tajmahal
   MH01 |   201636 |      848 |  NoCrunch | Header data for map tajmahal
   ML01 |   123116 |        6 |       ZX0 | Map block data for tajmahal
   NT00 |   202484 |     1720 |  NoCrunch | Project name table
   PP-1 |   204204 |    22240 |  NoCrunch | Streamed project patterns
   PN00 |   226444 |      288 |  NoCrunch | Animations
   PF00 |   226732 |      752 |  NoCrunch | Animation Frames
   DB00 |   123122 |        2 |  NoCrunch | Misc Data (paths, hurt boxes etc)
   PH00 |   227484 |    11482 |  NoCrunch | Project Header
   PD01 |   123124 |        4 |  NoCrunch | Project Custom Collisions
   PV00 |   238966 |      164 |  NoCrunch | Var Data
   AT00 |   239130 |      264 |  NoCrunch | Attack Data
   PE00 |   124402 |        8 |  NoCrunch | Teleporters

=== Data Sizes ===
    Size |   Memory | Crunch | Detail
   22240 |    22240 |        | Streamed project patterns
   15548 |    15548 |        | Panel panel_title
   12880 |    12880 |        | Project virtual machine (codeblocks)
   11482 |    11482 |        | Project Header
   10492 |    10492 |        | Panel panel_win
   10364 |    10364 |        | Panel 
    5888 |     5888 |        | XGM Core Driver
    5376 |     5376 |        | XGM PCM sound: sndhurt
    4864 |     4864 |        | XGM PCM sound: sndpook
    2304 |     2304 |        | XGM PCM sound: sndshot
    2048 |     2048 |        | Default MD font
    1980 |     1980 |        | Project actors
    1720 |     1720 |        | Project name table
    1676 |     1676 |        | Panel panel_hud
    1264 |     1264 |        | Images
    1060 |     1060 |        | Pattern data for tajmahal
     960 |      960 |        | Tile data for map tajmahal (mem restrictions:None)
     854 |      854 |        | XGM 68K Plugin Driver
     848 |      848 |        | Header data for map tajmahal
     752 |      752 |        | Animation Frames
     320 |      320 |        | Number font for panel 2
     288 |      288 |        | Animations
     264 |      264 |        | Attack Data
     256 |      256 |        | XGM Null sound
     172 |      172 |        | XGM Null song
     164 |      164 |        | Var Data
     112 |      112 |        | Project sound
      88 |       88 |        | Get Y lookup table tajmahal
      68 |       68 |        | Project blocks
      44 |       44 |        | Map event data for tajmahal
      20 |      572 |  (97%) | Map tile data  tajmahal
      20 |       20 |        | Map path node data for tajmahal
      20 |       56 |  (65%) | Map actor data for tajmahal
       8 |        8 |        | Teleporters
       6 |      572 |  (99%) | Map block data for tajmahal
       4 |        4 |        | Project patterns
       4 |        4 |        | Project Custom Collisions
       2 |        2 |        | Misc Data (paths, hurt boxes etc)

=== Accounted Memory Usage ===
(Note that this isn't a full account of memory usage, just the memory we can account for)
RAM reserved for level tiles: (largest level: tajmahal): 1144
memory reserved for active actors on screen (32): 5064
memory reserved for dormant actors in map (128): 4608

Total: 10816 bytes

=== Possibly unused animations ===
explo_r

=== Codeblocks by compiled size ===
load_level: 636
pre_startup: 392
set_yresolution: 390 (Unused?)
spawn_l_bubbles: 352
spawn_m_bubbles: 352
spawn_s_bubbles: 352
show_menu: 348
flipscreen_smooth: 310 (Unused?)
do_teleport: 300
player_autogen_attack: 292
flipxymove: 278 (Unused?)
load_next_level: 268 (Unused?)
freemem: 256
kill_player: 232
block_find: 210 (Unused?)
check_win: 210
waitforframes: 194
block_count: 178 (Unused?)
check_talkpad: 172 (Unused?)
flipymove: 162 (Unused?)
snap_to_screen: 162
pre_quit: 160 (Unused?)
flipxmove: 142 (Unused?)
pause: 138 (Unused?)
restart_this_level: 136 (Unused?)
load_panel: 134
stop_sfx: 130
destroy_all_blocks: 128 (Unused?)
kill_bubble: 126
unload_level: 118
anim_force_left: 108 (Unused?)
anim_force_right: 108 (Unused?)
fadein: 108
unload_panel: 102
load_panel_bottom: 96
load_panel_top: 96
destroy_child_actors: 94 (Unused?)
pre_load_level: 86
waitforfirehit: 86
game_over: 86
AUTOGEN_OUTOFSCREEN_snap_to_screen_snap_to_screen_None_None: 78
fadeout: 76
load_music_finish: 76
wrap_screen_bottom: 76 (Unused?)
wrap_screen_right: 76 (Unused?)
flipscreen: 72 (Unused?)
wrap_screen_left: 72 (Unused?)
wrap_screen_top: 72 (Unused?)
spawn_bullet: 72
load_music: 70
jump_actor: 66 (Unused?)
waitforfiredown: 64
waitforfireup: 62
destroy_all_actors: 60 (Unused?)
destroy_actor: 58
freemem_hard: 54 (Unused?)
AUTOGEN_OUTOFSCREEN_None_None_None_destroy_actor: 54
destroy_block: 52 (Unused?)
return: 52 (Unused?)
load_panel_finish: 50
unload_panel_bottom: 50
unload_panel_top: 50
freeze_actor: 40 (Unused?)
quit: 40 (Unused?)
unfreeze_actor: 40 (Unused?)
block_coll_force: 32 (Unused?)
block_coll_passthru: 32
startup: 32
debug_breakpoint: 26 (Unused?)
hardware_amiga: 26 (Unused?)
set_ntsc: 26
vm_constants_tile_properties: 26 (Unused?)
