=== Image optimisations ===
Reduce width of Sprites\Killpuff\A03.png by 6 pixels to 16 to improve blit performance by 200.00%
Reduce width of Sprites\Killpuff\A04.png by 12 pixels to 16 to improve blit performance by 200.00%
Reduce width of Sprites\Link\attack_d1.png by 4 pixels to 16 to improve blit performance by 200.00%
Reduce width of Sprites\Link\attack_d2.png by 6 pixels to 16 to improve blit performance by 200.00%
Reduce width of Sprites\Link\attack_d4.png by 8 pixels to 16 to improve blit performance by 200.00%
Reduce width of Sprites\Link\attack_d5.png by 8 pixels to 16 to improve blit performance by 200.00%
Reduce width of Sprites\Link\attack_l1.png by 2 pixels to 16 to improve blit performance by 200.00%
Reduce width of Sprites\Link\attack_l2.png by 10 pixels to 16 to improve blit performance by 200.00%
Reduce width of Sprites\Link\attack_l3.png by 13 pixels to 16 to improve blit performance by 200.00%
Reduce width of Sprites\Link\attack_l4.png by 12 pixels to 16 to improve blit performance by 200.00%
Reduce width of Sprites\Link\attack_l5.png by 7 pixels to 16 to improve blit performance by 200.00%
Reduce width of Sprites\Link\attack_l1.png by 2 pixels to 16 to improve blit performance by 200.00%
Reduce width of Sprites\Link\attack_l2.png by 10 pixels to 16 to improve blit performance by 200.00%
Reduce width of Sprites\Link\attack_l3.png by 13 pixels to 16 to improve blit performance by 200.00%
Reduce width of Sprites\Link\attack_l4.png by 12 pixels to 16 to improve blit performance by 200.00%
Reduce width of Sprites\Link\attack_l5.png by 7 pixels to 16 to improve blit performance by 200.00%
Reduce width of Sprites\Link\attack_r1.png by 2 pixels to 16 to improve blit performance by 200.00%
Reduce width of Sprites\Link\attack_r2.png by 10 pixels to 16 to improve blit performance by 200.00%
Reduce width of Sprites\Link\attack_r3.png by 13 pixels to 16 to improve blit performance by 200.00%
Reduce width of Sprites\Link\attack_r4.png by 12 pixels to 16 to improve blit performance by 200.00%
Reduce width of Sprites\Link\attack_r5.png by 7 pixels to 16 to improve blit performance by 200.00%
Reduce width of Sprites\Link\attack_r1.png by 2 pixels to 16 to improve blit performance by 200.00%
Reduce width of Sprites\Link\attack_r2.png by 10 pixels to 16 to improve blit performance by 200.00%
Reduce width of Sprites\Link\attack_r3.png by 13 pixels to 16 to improve blit performance by 200.00%
Reduce width of Sprites\Link\attack_r4.png by 12 pixels to 16 to improve blit performance by 200.00%
Reduce width of Sprites\Link\attack_r5.png by 7 pixels to 16 to improve blit performance by 200.00%
Reduce width of Sprites\Link\attack_u1.png by 6 pixels to 16 to improve blit performance by 200.00%
Reduce width of Sprites\Link\attack_u2.png by 6 pixels to 16 to improve blit performance by 200.00%
Reduce width of Sprites\Link\attack_u4.png by 4 pixels to 16 to improve blit performance by 200.00%
Reduce width of Sprites\Link\attack_u5.png by 8 pixels to 16 to improve blit performance by 200.00%
Reduce width of Sprites\Spider\A00.png by 12 pixels to 16 to improve blit performance by 200.00%
Reduce width of Sprites\Spider\A01.png by 12 pixels to 16 to improve blit performance by 200.00%
Reduce width of Sprites\Spider\A02.png by 8 pixels to 16 to improve blit performance by 200.00%

=== Estimated memory usages ===

For chip:
Map gfx (level gfx bundle 3): 83840
Music memory (mod_intro): 17748
BP Buffer memory: 132480
core sfx/gfx memory: 82266
Parallax memory: 0

For other:
Map cache memory: 0
Map header cache memory: 0
Map data memory: 24638
Map background memory: 2672
EXE memory: 203988
vm memory: 11974
project memory: 9560

Accounted memory chip: 316334
Accounted memory other: 252832
Accounted memory total: 569166

=== Misc ===
Maps and Asset Bundles Count: 5
Maps and Asset Bundles Data Size: 60
Actor Count: 8
Actor Data Size: 1600
Block Count: 6
Block Data Size: 312
Anim5 Count: 0
Anim5 Data Size: 0
Sound Count: 2
Sound Data Size: 48
Teleporter Count: 3
Teleporter Data Size: 24
Animations Count: 27
Animations Data Size: 432
AnimationFrame Count: 108
AnimationFrame Data Size: 1728
ImageFrames: 118
ImageFrame Data Size: 5192
Sprites: 1
Sprites Data Size: 14
Attack Data: 2
Attack Data Size: 132
Misc data size: 16
Asset bundle 0 (Core project asset bundle) Original size 82266 Crunched size 42486
Asset bundle 1 (map_bedroom) Original size 10560 Crunched size 4290
Asset bundle 2 (map_house_night) Original size 11840 Crunched size 5356
Asset bundle 3 (map_intro) Original size 83840 Crunched size 65116
Asset bundle 4 (map_outside) Original size 29194 Crunched size 14164
Background for map map_bedroom Original size 2672 Crunched size 92
Background for map map_house_night Original size 2672 Crunched size 92
Background for map map_intro Original size 2672 Crunched size 92
Background for map map_outside Original size 2672 Crunched size 92
Music file mod_intro Original size 17748 Crunched size 2466
Tile data for map map_bedroom (mem restrictions:None) Original size 2090 Crunched size 482
Tile data for map map_house_night (mem restrictions:None) Original size 2062 Crunched size 456
Tile data for map map_intro (mem restrictions:None) Original size 6824 Crunched size 1612
Tile data for map map_outside (mem restrictions:None) Original size 24638 Crunched size 3030
Header data for map map_bedroom Original size 7996 Crunched size 286
Header data for map map_house_night Original size 7996 Crunched size 250
Header data for map map_intro Original size 7996 Crunched size 278
Header data for map map_outside Original size 7996 Crunched size 326
Project Data Original size 9560 Crunched size 2626
Project Header Original size 4032 Crunched size 1194
Panel scorpion_eng_splashscreen Original size 35934 Crunched size 3268
Panel hud Original size 10176 Crunched size 1102
Panel main_menu Original size 60940 Crunched size 6614
Panel pic_title Original size 53854 Crunched size 25208
Panel talkpad Original size 28818 Crunched size 2910
Project virtual machine (codeblocks) Original size 11974 Crunched size 3956
Project virtual machine redirects Original size 4 Crunched size 4

=== Possibly unused Actors ===
link
pickup_sword

=== Codeblocks by compiled size ===
part1: 2062
load_level: 1012
on_playercollide_enemies: 540
on_playerhit_enemies: 474
set_yresolution: 448 (Unused?)
do_teleport: 362
flipscreen_smooth: 346 (Unused?)
flipxymove: 306 (Unused?)
gamemenu: 292
pause: 252 (Unused?)
startup: 228
on_pickupsword_collision: 224
on_shieldchest_collision: 224
pre_startup: 194
snap_to_screen: 190 (Unused?)
on_exit_house: 176 (Unused?)
flipymove: 174 (Unused?)
flipxmove: 158 (Unused?)
load_panel: 146
pre_quit: 146
move_camera_right: 138
part3: 134
destroy_all_blocks: 124 (Unused?)
on_signpost: 122 (Unused?)
on_killpuff_over: 116
unload_level: 114
part2: 98
spawn_link: 98
load_panel_bottom: 96
load_panel_top: 96
waitforfireup: 94
unload_panel: 92
wrap_screen_bottom: 92 (Unused?)
wrap_screen_right: 92 (Unused?)
on_bush_hit: 92
waitforfiredown: 90
wrap_screen_left: 88 (Unused?)
wrap_screen_top: 88 (Unused?)
flipscreen: 86 (Unused?)
pre_anim5: 86 (Unused?)
waitforfirehit: 86
fadeout: 84
on_rupee_collision: 82
waitforframes: 78
spawn_pickup_sword: 76
on_enter_house: 74 (Unused?)
quit: 66
destroy_all_actors: 62 (Unused?)
jump_actor: 62 (Unused?)
load_music: 62
unload_panel_bottom: 62
unload_panel_top: 62
configure_level: 62
fadein: 58
load_panel_finish: 56
destroy_actor: 54
regenerate_screen: 52
return: 52 (Unused?)
destroy_block: 48 (Unused?)
regenerate_screen_wait: 42
debug_dump: 30 (Unused?)
vm_registers: 26 (Unused?)
vm_constants: 26 (Unused?)
debug_breakpoint: 26 (Unused?)
vm_constants_controlbits: 26 (Unused?)
vm_constants_notes: 26 (Unused?)
vm_constants_tile_properties: 26 (Unused?)
vm_constants_platform: 26 (Unused?)
