Compiled on Saturday, 3 January 2026 9:59:04 a.m.
Version string: SE2025.0.260102.23.09.EX

=== Misc ===
ImageFrames: 100
ImageFrame Data Size: 4800
Maps and Asset Bundles Count: 2
Maps and Asset Bundles Data Size: 0
Actor Count: 18
Actor Data Size: 3240
Block Count: 23
Block Data Size: 1564
Anim5 Count: 0
Anim5 Data Size: 0
Sound Count: 8
Sound Data Size: 224
Teleporter Count: 1
Teleporter Data Size: 8
Animations Count: 39
Animations Data Size: 624
AnimationFrame Count: 101
AnimationFrame Data Size: 1616
Sprites: 1
Sprites Data Size: 14
Attack Data: 3
Attack Data Size: 264
Misc data size: 182

=== Cartridge Composition ===
 Header |   Offset | Size     | Crunch    | Detail
   MC01 |      292 |      886 |   Implode | Music data pitfall_ii
   MS01 |     1178 |      108 |  NoCrunch | Music samples pitfall_ii
   PL03 |     1286 |       76 |   Implode | Panel (background color #000)
   PL01 |     1362 |     3380 |   Implode | Panel scorpion_eng_splashscreen
   PL02 |     4742 |      328 |   Implode | Panel mainpanel
   PC02 |     5070 |      184 |   Implode | Panel bobs mainpanel
   VC00 |     5254 |     4768 |   Implode | Project virtual machine (codeblocks)
   MA01 |    10022 |      660 |   Implode | Map actor data for map
   MH01 |    10682 |      192 |   Implode | Header data for map map
   MD01 |    10874 |     5336 |   Implode | Tile data for map map (mem restrictions:None)
   AB00 |    16210 |    24100 |   Implode | Asset bundle 0 (Core project asset bundle)
   AB01 |    40310 |    17624 |   Implode | Asset bundle 1 (map)
   DB00 |    57934 |        2 |  NoCrunch | Misc Data (paths, hurt boxes etc)
   PH00 |    57936 |     1240 |   Implode | Project Header
   PD00 |    59176 |     3600 |   Implode | Project Data
   VR00 |    62776 |        4 |  NoCrunch | Project virtual machine redirects

=== Data Sizes ===
    Size |   Memory | Crunch | Detail
   24100 |    59728 |  (60%) | Asset bundle 0 (Core project asset bundle)
   17624 |    62740 |  (72%) | Asset bundle 1 (map)
    5336 |    61658 |  (92%) | Tile data for map map (mem restrictions:None)
    4768 |    17646 |  (73%) | Project virtual machine (codeblocks)
    3600 |    12550 |  (72%) | Project Data
    3380 |    36784 |  (91%) | Panel scorpion_eng_splashscreen
    1240 |     4376 |  (72%) | Project Header
     886 |     7228 |  (88%) | Music data pitfall_ii
     660 |     2884 |  (78%) | Map actor data for map
     328 |     2104 |  (85%) | Panel mainpanel
     192 |      848 |  (78%) | Header data for map map
     184 |      336 |  (46%) | Panel bobs mainpanel
     108 |      108 |        | Music samples pitfall_ii
      76 |     1296 |  (95%) | Panel (background color #000)
       4 |        4 |        | Project virtual machine redirects
       2 |        2 |        | Misc Data (paths, hurt boxes etc)

=== Accounted Memory Usage ===
(Note that this isn't a full account of memory usage, just the memory we can account for)

For chip:
Map gfx (level gfx bundle 1): 62740
Music sample (pitfall_ii): 108
BP Buffer memory: 133440
Core sfx/gfx memory: 59728
Parallax memory: 0
OS/other estimated: 99328

For other:
Map data memory: 61658
Map background memory: 1296
EXE memory: 219724
vm memory: 17646
project memory: 12550
Music data (pitfall_ii): 7228
memory reserved for active actors on screen (32): 5064
memory reserved for dormant actors in map (128): 4608
OS/other estimated: 105472

Accounted memory chip: 362572
Accounted memory other: 428018
Accounted memory total: 790590

=== Codeblocks by compiled size ===
load_level: 676
ladder_top_handler: 448
pre_startup: 438
startup: 414
man_handler: 406
fall_ended: 384
frog_handler: 332
do_teleport: 320
angel_handler: 320
flipscreen_smooth: 310 (Unused?)
getoffladder: 308
ladder_middle_handler: 280
flipxymove: 278 (Unused?)
load_next_level: 268 (Unused?)
freemem: 256
rat_collision: 242
water_handler: 214
block_find: 210 (Unused?)
set_yresolution: 202
waitforframes: 194
check_talkpad: 192 (Unused?)
balloon_handler: 192
pause: 184 (Unused?)
block_count: 178 (Unused?)
celebrate: 174
water_leftexit_handler: 170
balloon_collide: 168
water_rightexit_handler: 166
ladder_bottom_handler: 164
flipymove: 162 (Unused?)
snap_to_screen: 162
pre_quit: 160
bird_leaveleft: 160
bird_leaveright: 160
balloon_spawn: 154
hittest: 148
fall_handler: 144
flipxmove: 142 (Unused?)
collect_diamond: 142
collect_quickclaw: 142
collect_rhonda: 142
getoffladder_sides: 140
balloon_pop: 138
restart_this_level: 136 (Unused?)
scorpion_handler: 136
load_panel: 134
stop_sfx: 130
AUTOGEN_OUTOFSCREEN_snap_to_screen_snap_to_screen_snap_to_screen_snap_to_screen: 130
AUTOGEN_OUTOFSCREEN_destroy_actor_destroy_actor_destroy_actor_destroy_actor: 130
collect_goldbar: 130
waterfall_handler: 130
destroy_all_blocks: 128 (Unused?)
cheat1: 126
cheat2: 126
cheat3: 126
cheat4: 126
cheat5: 126
scroll_left: 126
scroll_right: 126
wrap_right: 126
offscreen_left: 122
offscreen_right: 122
unload_level: 118
anim_force_left: 108 (Unused?)
anim_force_right: 108 (Unused?)
fadein: 108
waitforfireup: 106
ladder_handler: 106
unload_panel: 102
waitforfiredown: 102
load_panel_bottom: 96
load_panel_top: 96
destroy_child_actors: 94 (Unused?)
set_man: 92
autogen_anim_rat_0: 90
pre_load_level: 86
waitforfirehit: 86
rat_spawn: 84
load_music: 78
AUTOGEN_OUTOFSCREEN_scroll_left_scroll_right_None_None: 78
AUTOGEN_OUTOFSCREEN_wrap_fix_wrap_right_None_None: 78
AUTOGEN_OUTOFSCREEN_bird_leaveleft_bird_leaveright_None_None: 78
AUTOGEN_OUTOFSCREEN_offscreen_left_offscreen_right_None_None: 78
fadeout: 76
load_music_finish: 76
wrap_screen_bottom: 76 (Unused?)
wrap_screen_right: 76 (Unused?)
wrap_fix: 76
set_ntsc: 74 (Unused?)
flipscreen: 72 (Unused?)
wrap_screen_left: 72 (Unused?)
wrap_screen_top: 72 (Unused?)
forcejump_end: 70 (Unused?)
jump_actor: 66 (Unused?)
set_ladder: 64
destroy_all_actors: 60 (Unused?)
quit: 60
destroy_actor: 58
freemem_hard: 54 (Unused?)
AUTOGEN_OUTOFSCREEN_None_scroll_right_None_None: 54
balloon_spawn_repeat: 54
key_handler: 54
destroy_block: 52
return: 52 (Unused?)
spawn_handler: 52
load_panel_finish: 50
unload_panel_bottom: 50
unload_panel_top: 50
rat_activate: 46
freeze_actor: 40 (Unused?)
unfreeze_actor: 40 (Unused?)
autogen_fall_l_0: 38
block_coll_force: 32 (Unused?)
block_coll_passthru: 32
cushion_land: 32
debug_breakpoint: 26 (Unused?)
hardware_amiga: 26 (Unused?)
vm_constants_tile_properties: 26 (Unused?)
