Compiled on Saturday, 3 January 2026 5:28:10 p.m.
Version string: SE2025.0.260102.23.09.EX

=== Misc ===
ImageFrames: 51
ImageFrame Data Size: 2448
Maps and Asset Bundles Count: 2
Maps and Asset Bundles Data Size: 0
Actor Count: 6
Actor Data Size: 1080
Block Count: 6
Block Data Size: 408
Anim5 Count: 0
Anim5 Data Size: 0
Sound Count: 1
Sound Data Size: 28
Teleporter Count: 1
Teleporter Data Size: 8
Animations Count: 17
Animations Data Size: 272
AnimationFrame Count: 52
AnimationFrame Data Size: 832
Sprites: 1
Sprites Data Size: 14
Attack Data: 3
Attack Data Size: 264
Misc data size: 74

=== Cartridge Composition ===
 Header |   Offset | Size     | Crunch    | Detail
   PL03 |      238 |       76 |   Implode | Panel (background color #000)
   PL01 |      314 |     3380 |   Implode | Panel scorpion_eng_splashscreen
   PL02 |     3694 |     3998 |   Implode | Panel sidepanel
   VC00 |     7692 |     3246 |   Implode | Project virtual machine (codeblocks)
   MA01 |    10938 |       28 |  NoCrunch | Map actor data for l1
   MH01 |    10966 |      180 |   Implode | Header data for map l1
   MD01 |    11146 |      550 |   Implode | Tile data for map l1 (mem restrictions:None)
   AB00 |    11696 |     9598 |   Implode | Asset bundle 0 (Core project asset bundle)
   AB01 |    21294 |     6370 |   Implode | Asset bundle 1 (l1)
   DB00 |    27664 |        2 |  NoCrunch | Misc Data (paths, hurt boxes etc)
   PH00 |    27666 |     1218 |   Implode | Project Header
   PD00 |    28884 |     1506 |   Implode | Project Data
   VR00 |    30390 |        4 |  NoCrunch | Project virtual machine redirects

=== Data Sizes ===
    Size |   Memory | Crunch | Detail
    9598 |    29600 |  (68%) | Asset bundle 0 (Core project asset bundle)
    6370 |    11264 |  (44%) | Asset bundle 1 (l1)
    3998 |     8976 |  (56%) | Panel sidepanel
    3380 |    36784 |  (91%) | Panel scorpion_eng_splashscreen
    3246 |    10980 |  (71%) | Project virtual machine (codeblocks)
    1506 |     5430 |  (73%) | Project Data
    1218 |     4376 |  (73%) | Project Header
     550 |     1968 |  (73%) | Tile data for map l1 (mem restrictions:None)
     180 |      848 |  (79%) | Header data for map l1
      76 |     1296 |  (95%) | Panel (background color #000)
      28 |       28 |        | Map actor data for l1
       4 |        4 |        | Project virtual machine redirects
       2 |        2 |        | Misc Data (paths, hurt boxes etc)

=== Accounted Memory Usage ===
(Note that this isn't a full account of memory usage, just the memory we can account for)

For chip:
Map gfx (Panel: scorpion_eng_splashscreen): 36784
Music sample (): 0
BP Buffer memory: 104832
Core sfx/gfx memory: 29600
Parallax memory: 0
OS/other estimated: 99328

For other:
Map data memory: 1968
Map background memory: 1296
EXE memory: 219720
vm memory: 10980
project memory: 5430
Music data (): 0
memory reserved for active actors on screen (32): 5064
memory reserved for dormant actors in map (128): 4608
OS/other estimated: 105472

Accounted memory chip: 270544
Accounted memory other: 354538
Accounted memory total: 625082

=== Codeblocks by compiled size ===
load_level: 676
p1_spawnladder: 508
p1_ladder_handler: 458
pre_startup: 438
do_teleport: 320
flipscreen_smooth: 310 (Unused?)
flipxymove: 278 (Unused?)
load_next_level: 268 (Unused?)
freemem: 256
p1_handler: 228
p1_autogen_attack: 216
block_find: 210 (Unused?)
set_yresolution: 202
fn_test_ladder: 200
waitforframes: 194
check_talkpad: 192 (Unused?)
pause: 184
startup: 182
block_count: 178 (Unused?)
flipymove: 162 (Unused?)
snap_to_screen: 162
pre_quit: 160
flipxmove: 142 (Unused?)
restart_this_level: 136 (Unused?)
load_panel: 134
stop_sfx: 130
destroy_all_blocks: 128 (Unused?)
unload_level: 118
anim_force_left: 108 (Unused?)
anim_force_right: 108 (Unused?)
fadein: 108
waitforfireup: 106
autogen_p1_attack_l_2: 106
autogen_p1_attack_r_2: 106
unload_panel: 102
waitforfiredown: 102
load_panel_bottom: 96
load_panel_top: 96
destroy_child_actors: 94 (Unused?)
pre_load_level: 86
waitforfirehit: 86
ladder_finished: 82
load_music: 78
AUTOGEN_OUTOFSCREEN_snap_to_screen_snap_to_screen_None_None: 78
fadeout: 76
load_music_finish: 76
wrap_screen_bottom: 76 (Unused?)
wrap_screen_right: 76 (Unused?)
set_ntsc: 74 (Unused?)
flipscreen: 72 (Unused?)
wrap_screen_left: 72 (Unused?)
wrap_screen_top: 72 (Unused?)
jump_actor: 66 (Unused?)
destroy_all_actors: 60 (Unused?)
quit: 60 (Unused?)
destroy_actor: 58
autogen_p1_idle_l_0: 58
autogen_p1_idle_r_0: 58
kill_ladder: 58
freemem_hard: 54 (Unused?)
destroy_block: 52
return: 52 (Unused?)
load_panel_finish: 50
unload_panel_bottom: 50
unload_panel_top: 50
freeze_actor: 40 (Unused?)
unfreeze_actor: 40 (Unused?)
block_coll_force: 32 (Unused?)
block_coll_passthru: 32
debug_breakpoint: 26 (Unused?)
hardware_amiga: 26 (Unused?)
vm_constants_tile_properties: 26 (Unused?)
