Compiled on Saturday, 21 September 2024 9:51:42 p.m.
Version string: SE2024.2.240920.23.42.EX

ImageFrames: 40
ImageFrame Data Size: 1766
Actor Count: 7
Actor Data Size: 1260
Animations Count: 18
Animations Data Size: 288
AnimationFrame Count: 53
AnimationFrame Data Size: 848
Project virtual machine (codeblocks) Original size 10236 Crunched size 10236
Panel  Original size 3120 Crunched size 3120
Project blocks Original size 408 Crunched size 408
Images Original size 1766 Crunched size 1766
Project actors Original size 1260 Crunched size 1260
Map block data for l1 Original size 288 Crunched size 288
Map actor data for l1 Original size 28 Crunched size 12
Header data for map l1 Original size 836 Crunched size 836
Map tile data  l1 Original size 288 Crunched size 288
Tile data for map l1 (mem restrictions:None) Original size 896 Crunched size 896
Map event data for l1 Original size 40 Crunched size 40
Get Y lookup table l1 Original size 64 Crunched size 64
Map path node data for l1 Original size 12 Crunched size 12
Animations Original size 288 Crunched size 288
Animation Frames Original size 848 Crunched size 848
Project sound Original size 28 Crunched size 28
Misc Data (paths, hurt boxes etc) Original size 2 Crunched size 2
Project Header Original size 3262 Crunched size 3262
Var Data Original size 50 Crunched size 50
Attack Data Original size 264 Crunched size 264
Teleporters Original size 8 Crunched size 8

=== Accounted Memory Usage ===
(Note that this isn't a full account of memory usage, just the memory we can account for)
RAM reserved for level tiles: (largest level: l1): 576
memory reserved for active actors on screen (32): 4616
memory reserved for dormant actors in map (128): 4608

Total: 9800 bytes

=== Codeblocks by compiled size ===
load_level: 528
p1_spawnladder: 506
p1_ladder_handler: 458
do_teleport: 404
pre_startup: 316
flipscreen_smooth: 310 (Unused?)
load_next_level: 300 (Unused?)
flipxymove: 278 (Unused?)
set_yresolution: 256 (Unused?)
p1_handler: 240
fn_test_ladder: 218
p1_autogen_attack: 216
block_find: 206 (Unused?)
waitforframes: 194
p1_climb_autogen_attack: 184
startup: 182
block_count: 178 (Unused?)
check_talkpad: 172 (Unused?)
flipymove: 162 (Unused?)
snap_to_screen: 158 (Unused?)
pre_quit: 152 (Unused?)
restart_this_level: 150 (Unused?)
load_panel: 146
flipxmove: 142 (Unused?)
unload_level: 142
pause: 138 (Unused?)
destroy_all_blocks: 128 (Unused?)
pre_load_level: 122
waitforfireup: 114
fadein: 112
waitforfiredown: 110
unload_panel: 106
autogen_p1_attack_l_2: 106
autogen_p1_attack_r_2: 106
load_panel_bottom: 96 (Unused?)
load_panel_top: 96 (Unused?)
destroy_child_actors: 94 (Unused?)
fadeout: 88
pre_anim5: 86 (Unused?)
waitforfirehit: 86
ladder_finished: 82
load_music_finish: 76
wrap_screen_bottom: 76 (Unused?)
wrap_screen_right: 76 (Unused?)
flipscreen: 72 (Unused?)
wrap_screen_left: 72 (Unused?)
wrap_screen_top: 72 (Unused?)
jump_actor: 66 (Unused?)
load_panel_finish: 66
load_music: 62 (Unused?)
unload_panel_bottom: 62
unload_panel_top: 62
destroy_all_actors: 60 (Unused?)
destroy_actor: 58
regenerate_screen: 58
autogen_p1_idle_l_0: 58
autogen_p1_idle_r_0: 58
kill_ladder: 58
destroy_block: 52
return: 52 (Unused?)
quit: 50 (Unused?)
regenerate_screen_wait: 46
new_codeblock: 46
freeze_actor: 40 (Unused?)
unfreeze_actor: 40 (Unused?)
block_coll_force: 32 (Unused?)
block_coll_passthru: 32 (Unused?)
clear_block_collision: 32
vm_registers: 26 (Unused?)
debug_breakpoint: 26 (Unused?)
set_ntsc: 26 (Unused?)
vm_constants_tile_properties: 26 (Unused?)
