Compiled on Saturday, 3 January 2026 10:01:34 a.m.
Version string: SE2025.0.260102.23.09.EX

ImageFrame Data Size: 1372
Actor Count: 6
Actor Data Size: 1080
Animations Count: 17
Animations Data Size: 272
AnimationFrame Count: 52
AnimationFrame Data Size: 832

=== Cartridge Composition ===
 Header |   Offset | Size     | Crunch    | Detail
   MC00 |   123136 |      172 |  NoCrunch | XGM Null song
   XG-1 |   123308 |      854 |  NoCrunch | XGM 68K Plugin Driver
   XG00 |   124162 |     5888 |  NoCrunch | XGM Core Driver
   XG01 |   122880 |      256 |  NoCrunch | XGM Null sound
   PS00 |   122812 |       28 |  NoCrunch | Project sound
   FN00 |   130050 |     2048 |  NoCrunch | Default MD font
   VC00 |   132098 |    12646 |  NoCrunch | Project virtual machine (codeblocks)
   PL01 |   144744 |    10364 |  NoCrunch | Panel 
   PL02 |   155108 |     7452 |  NoCrunch | Panel sidepanel
   PB00 |   162560 |      408 |  NoCrunch | Project blocks
   PI00 |   162968 |     1372 |  NoCrunch | Images
   PA00 |   164340 |     1080 |  NoCrunch | Project actors
   PP00 |   165420 |       52 |  NoCrunch | Project patterns
   MT01 |   165472 |       64 |       ZX0 | Map tile data  l1
   MD01 |   165536 |      560 |  NoCrunch | Tile data for map l1 (mem restrictions:None)
   PP01 |   166096 |      952 |  NoCrunch | Pattern data for l1
   ME01 |   167048 |       44 |  NoCrunch | Map event data for l1
   MY01 |   167092 |       64 |  NoCrunch | Get Y lookup table l1
   MN01 |   122840 |       20 |  NoCrunch | Map path node data for l1
   MA01 |   122860 |       12 |       ZX0 | Map actor data for l1
   MH01 |   167156 |      848 |  NoCrunch | Header data for map l1
   ML01 |   168004 |       52 |       ZX0 | Map block data for l1
   NT00 |   168056 |      736 |  NoCrunch | Project name table
   PP-1 |   168792 |    19968 |  NoCrunch | Streamed project patterns
   PN00 |   188760 |      272 |  NoCrunch | Animations
   PF00 |   189032 |      832 |  NoCrunch | Animation Frames
   DB00 |   122872 |        2 |  NoCrunch | Misc Data (paths, hurt boxes etc)
   PH00 |   189864 |    11482 |  NoCrunch | Project Header
   PV00 |   201346 |       74 |  NoCrunch | Var Data
   AT00 |   201420 |      264 |  NoCrunch | Attack Data
   PE00 |   201684 |        8 |  NoCrunch | Teleporters
   CM00 |   201692 |       12 |  NoCrunch | Commands for Joystick 1

=== Data Sizes ===
    Size |   Memory | Crunch | Detail
   19968 |    19968 |        | Streamed project patterns
   12646 |    12646 |        | Project virtual machine (codeblocks)
   11482 |    11482 |        | Project Header
   10364 |    10364 |        | Panel 
    7452 |     7452 |        | Panel sidepanel
    5888 |     5888 |        | XGM Core Driver
    2048 |     2048 |        | Default MD font
    1372 |     1372 |        | Images
    1080 |     1080 |        | Project actors
     952 |      952 |        | Pattern data for l1
     854 |      854 |        | XGM 68K Plugin Driver
     848 |      848 |        | Header data for map l1
     832 |      832 |        | Animation Frames
     736 |      736 |        | Project name table
     560 |      560 |        | Tile data for map l1 (mem restrictions:None)
     408 |      408 |        | Project blocks
     272 |      272 |        | Animations
     264 |      264 |        | Attack Data
     256 |      256 |        | XGM Null sound
     172 |      172 |        | XGM Null song
      74 |       74 |        | Var Data
      64 |      352 |  (82%) | Map tile data  l1
      64 |       64 |        | Get Y lookup table l1
      52 |       52 |        | Project patterns
      52 |      352 |  (86%) | Map block data for l1
      44 |       44 |        | Map event data for l1
      28 |       28 |        | Project sound
      20 |       20 |        | Map path node data for l1
      12 |       28 |  (58%) | Map actor data for l1
      12 |       12 |        | Commands for Joystick 1
       8 |        8 |        | Teleporters
       2 |        2 |        | Misc Data (paths, hurt boxes etc)

=== Accounted Memory Usage ===
(Note that this isn't a full account of memory usage, just the memory we can account for)
RAM reserved for level tiles: (largest level: l1): 704
memory reserved for active actors on screen (32): 5064
memory reserved for dormant actors in map (128): 4608

Total: 10376 bytes

=== Codeblocks by compiled size ===
load_level: 636
p1_spawnladder: 508
p1_ladder_handler: 458
pre_startup: 392
set_yresolution: 390 (Unused?)
flipscreen_smooth: 310 (Unused?)
do_teleport: 300
flipxymove: 278 (Unused?)
load_next_level: 268 (Unused?)
freemem: 256
p1_handler: 228
p1_autogen_attack: 216
block_find: 210 (Unused?)
fn_test_ladder: 200
waitforframes: 194
startup: 182
block_count: 178 (Unused?)
check_talkpad: 172 (Unused?)
flipymove: 162 (Unused?)
snap_to_screen: 162
pre_quit: 160 (Unused?)
flipxmove: 142 (Unused?)
pause: 138
restart_this_level: 136 (Unused?)
load_panel: 134
stop_sfx: 130
destroy_all_blocks: 128 (Unused?)
unload_level: 118
anim_force_left: 108 (Unused?)
anim_force_right: 108 (Unused?)
fadein: 108
autogen_p1_attack_l_2: 106
autogen_p1_attack_r_2: 106
unload_panel: 102
load_panel_bottom: 96
load_panel_top: 96
destroy_child_actors: 94 (Unused?)
pre_load_level: 86
waitforfirehit: 86
ladder_finished: 82
AUTOGEN_OUTOFSCREEN_snap_to_screen_snap_to_screen_None_None: 78
fadeout: 76
load_music_finish: 76
wrap_screen_bottom: 76 (Unused?)
wrap_screen_right: 76 (Unused?)
flipscreen: 72 (Unused?)
wrap_screen_left: 72 (Unused?)
wrap_screen_top: 72 (Unused?)
load_music: 70
jump_actor: 66 (Unused?)
waitforfiredown: 64
waitforfireup: 62
destroy_all_actors: 60 (Unused?)
destroy_actor: 58
autogen_p1_idle_l_0: 58
autogen_p1_idle_r_0: 58
kill_ladder: 58
freemem_hard: 54 (Unused?)
destroy_block: 52
return: 52 (Unused?)
load_panel_finish: 50
unload_panel_bottom: 50
unload_panel_top: 50
freeze_actor: 40 (Unused?)
quit: 40 (Unused?)
unfreeze_actor: 40 (Unused?)
block_coll_force: 32 (Unused?)
block_coll_passthru: 32
debug_breakpoint: 26 (Unused?)
hardware_amiga: 26 (Unused?)
set_ntsc: 26
vm_constants_tile_properties: 26 (Unused?)
