Compiled on Saturday, 3 January 2026 8:50:24 a.m.
Version string: SE2025.0.260102.23.09.EX

ImageFrame Data Size: 440
Actor Count: 2
Actor Data Size: 360
Animations Count: 7
Animations Data Size: 112
AnimationFrame Count: 14
AnimationFrame Data Size: 224

=== Cartridge Composition ===
 Header |   Offset | Size     | Crunch    | Detail
   MC00 |   123136 |      172 |  NoCrunch | XGM Null song
   XG-1 |   123308 |      854 |  NoCrunch | XGM 68K Plugin Driver
   XG00 |   124162 |     5888 |  NoCrunch | XGM Core Driver
   XG01 |   122880 |      256 |  NoCrunch | XGM Null sound
   PS00 |   122794 |       28 |  NoCrunch | Project sound
   FN00 |   130050 |     2048 |  NoCrunch | Default MD font
   VC00 |   132098 |    10424 |  NoCrunch | Project virtual machine (codeblocks)
   PL01 |   142522 |    10364 |  NoCrunch | Panel 
   PB00 |   152886 |       68 |  NoCrunch | Project blocks
   PI00 |   152954 |      440 |  NoCrunch | Images
   PA00 |   153394 |      360 |  NoCrunch | Project actors
   PP00 |   122822 |        4 |  NoCrunch | Project patterns
   MT01 |   122826 |       20 |       ZX0 | Map tile data  map1
   MD01 |   153754 |     9024 |  NoCrunch | Tile data for map map1 (mem restrictions:None)
   PP01 |   162778 |     3850 |  NoCrunch | Pattern data for map1
   ME01 |   166628 |       44 |  NoCrunch | Map event data for map1
   MY01 |   166672 |      196 |  NoCrunch | Get Y lookup table map1
   MN01 |   122846 |       20 |  NoCrunch | Map path node data for map1
   MA01 |   122866 |       12 |       ZX0 | Map actor data for map1
   MH01 |   166868 |      848 |  NoCrunch | Header data for map map1
   ML01 |   167716 |        8 |       ZX0 | Map block data for map1
   NT00 |   167724 |     3456 |  NoCrunch | Project name table
   PP-1 |   171180 |    44192 |  NoCrunch | Streamed project patterns
   PN00 |   215372 |      112 |  NoCrunch | Animations
   PF00 |   215484 |      224 |  NoCrunch | Animation Frames
   DB00 |   215708 |        2 |  NoCrunch | Misc Data (paths, hurt boxes etc)
   PH00 |   215710 |    11482 |  NoCrunch | Project Header
   PV00 |   227192 |       38 |  NoCrunch | Var Data
   AT00 |   227230 |      176 |  NoCrunch | Attack Data
   PE00 |   227406 |        8 |  NoCrunch | Teleporters
   CM00 |   227414 |       12 |  NoCrunch | Commands for Joystick 1

=== Data Sizes ===
    Size |   Memory | Crunch | Detail
   44192 |    44192 |        | Streamed project patterns
   11482 |    11482 |        | Project Header
   10424 |    10424 |        | Project virtual machine (codeblocks)
   10364 |    10364 |        | Panel 
    9024 |     9024 |        | Tile data for map map1 (mem restrictions:None)
    5888 |     5888 |        | XGM Core Driver
    3850 |     3850 |        | Pattern data for map1
    3456 |     3456 |        | Project name table
    2048 |     2048 |        | Default MD font
     854 |      854 |        | XGM 68K Plugin Driver
     848 |      848 |        | Header data for map map1
     440 |      440 |        | Images
     360 |      360 |        | Project actors
     256 |      256 |        | XGM Null sound
     224 |      224 |        | Animation Frames
     196 |      196 |        | Get Y lookup table map1
     176 |      176 |        | Attack Data
     172 |      172 |        | XGM Null song
     112 |      112 |        | Animations
      68 |       68 |        | Project blocks
      44 |       44 |        | Map event data for map1
      38 |       38 |        | Var Data
      28 |       28 |        | Project sound
      20 |     4802 | (100%) | Map tile data  map1
      20 |       20 |        | Map path node data for map1
      12 |       28 |  (58%) | Map actor data for map1
      12 |       12 |        | Commands for Joystick 1
       8 |     4802 | (100%) | Map block data for map1
       8 |        8 |        | Teleporters
       4 |        4 |        | Project patterns
       2 |        2 |        | Misc Data (paths, hurt boxes etc)

=== Accounted Memory Usage ===
(Note that this isn't a full account of memory usage, just the memory we can account for)
RAM reserved for level tiles: (largest level: map1): 9604
memory reserved for active actors on screen (32): 5064
memory reserved for dormant actors in map (128): 4608

Total: 19276 bytes

=== Codeblocks by compiled size ===
load_level: 636
pre_startup: 392
set_yresolution: 390 (Unused?)
flipscreen_smooth: 310 (Unused?)
do_teleport: 300
flipxymove: 278 (Unused?)
load_next_level: 268 (Unused?)
freemem: 256
block_find: 210 (Unused?)
waitforframes: 194
block_count: 178 (Unused?)
check_talkpad: 172 (Unused?)
flipymove: 162 (Unused?)
snap_to_screen: 162 (Unused?)
pre_quit: 160 (Unused?)
flipxmove: 142 (Unused?)
pause: 138
restart_this_level: 136 (Unused?)
startup: 136
load_panel: 134
stop_sfx: 130
destroy_all_blocks: 128 (Unused?)
unload_level: 118
anim_force_left: 108 (Unused?)
anim_force_right: 108 (Unused?)
fadein: 108
unload_panel: 102
load_panel_bottom: 96
load_panel_top: 96
destroy_child_actors: 94 (Unused?)
pre_load_level: 86
waitforfirehit: 86
fadeout: 76
load_music_finish: 76
wrap_screen_bottom: 76 (Unused?)
wrap_screen_right: 76 (Unused?)
flipscreen: 72 (Unused?)
wrap_screen_left: 72 (Unused?)
wrap_screen_top: 72 (Unused?)
load_music: 70
jump_actor: 66 (Unused?)
waitforfiredown: 64
waitforfireup: 62
destroy_all_actors: 60 (Unused?)
destroy_actor: 58
freemem_hard: 54 (Unused?)
destroy_block: 52 (Unused?)
return: 52 (Unused?)
load_panel_finish: 50
unload_panel_bottom: 50
unload_panel_top: 50
freeze_actor: 40 (Unused?)
quit: 40 (Unused?)
unfreeze_actor: 40 (Unused?)
block_coll_force: 32 (Unused?)
block_coll_passthru: 32
debug_breakpoint: 26 (Unused?)
hardware_amiga: 26 (Unused?)
set_ntsc: 26
vm_constants_tile_properties: 26 (Unused?)
