Compiled on Saturday, 3 January 2026 8:50:59 a.m.
Version string: SE2025.0.260102.23.09.EX

=== Misc ===
ImageFrames: 13
ImageFrame Data Size: 624
Maps and Asset Bundles Count: 2
Maps and Asset Bundles Data Size: 0
Actor Count: 2
Actor Data Size: 360
Block Count: 1
Block Data Size: 68
Anim5 Count: 0
Anim5 Data Size: 0
Sound Count: 1
Sound Data Size: 28
Teleporter Count: 1
Teleporter Data Size: 8
Animations Count: 7
Animations Data Size: 112
AnimationFrame Count: 14
AnimationFrame Data Size: 224
Sprites: 1
Sprites Data Size: 14
Attack Data: 2
Attack Data Size: 176
Misc data size: 38

=== Cartridge Composition ===
 Header |   Offset | Size     | Crunch    | Detail
   PL02 |      220 |       76 |   Implode | Panel (background color #000)
   PL01 |      296 |     3380 |   Implode | Panel scorpion_eng_splashscreen
   VC00 |     3676 |     2536 |   Implode | Project virtual machine (codeblocks)
   MA01 |     6212 |       28 |  NoCrunch | Map actor data for map1
   MH01 |     6240 |      128 |   Implode | Header data for map map1
   MD01 |     6368 |     2844 |   Implode | Tile data for map map1 (mem restrictions:No_Blocks)
   AB00 |     9212 |     4168 |   Implode | Asset bundle 0 (Core project asset bundle)
   AB01 |    13380 |    21570 |   Implode | Asset bundle 1 (map1)
   DB00 |    34950 |        2 |  NoCrunch | Misc Data (paths, hurt boxes etc)
   PH00 |    34952 |     1218 |   Implode | Project Header
   PD00 |    36170 |      448 |   Implode | Project Data
   VR00 |    36618 |        4 |  NoCrunch | Project virtual machine redirects

=== Data Sizes ===
    Size |   Memory | Crunch | Detail
   21570 |    52608 |  (59%) | Asset bundle 1 (map1)
    4168 |    12928 |  (68%) | Asset bundle 0 (Core project asset bundle)
    3380 |    36784 |  (91%) | Panel scorpion_eng_splashscreen
    2844 |    19680 |  (86%) | Tile data for map map1 (mem restrictions:No_Blocks)
    2536 |     8758 |  (72%) | Project virtual machine (codeblocks)
    1218 |     4376 |  (73%) | Project Header
     448 |     1654 |  (73%) | Project Data
     128 |      848 |  (85%) | Header data for map map1
      76 |     1296 |  (95%) | Panel (background color #000)
      28 |       28 |        | Map actor data for map1
       4 |        4 |        | Project virtual machine redirects
       2 |        2 |        | Misc Data (paths, hurt boxes etc)

=== Accounted Memory Usage ===
(Note that this isn't a full account of memory usage, just the memory we can account for)

For chip:
Map gfx (level gfx bundle 1): 52608
Music sample (): 0
BP Buffer memory: 88640
Core sfx/gfx memory: 12928
Parallax memory: 0
OS/other estimated: 99328

For other:
Map data memory: 19680
Map background memory: 1296
EXE memory: 219724
vm memory: 8758
project memory: 1654
Music data (): 0
memory reserved for active actors on screen (32): 5064
memory reserved for dormant actors in map (128): 4608
OS/other estimated: 105472

Accounted memory chip: 253504
Accounted memory other: 366256
Accounted memory total: 619760

=== Codeblocks by compiled size ===
load_level: 676
pre_startup: 438
do_teleport: 320
flipscreen_smooth: 310 (Unused?)
flipxymove: 278 (Unused?)
load_next_level: 268 (Unused?)
freemem: 256
block_find: 210 (Unused?)
set_yresolution: 202
waitforframes: 194
check_talkpad: 192 (Unused?)
pause: 184
block_count: 178 (Unused?)
flipymove: 162 (Unused?)
snap_to_screen: 162 (Unused?)
pre_quit: 160
flipxmove: 142 (Unused?)
restart_this_level: 136 (Unused?)
startup: 136
load_panel: 134
stop_sfx: 130
destroy_all_blocks: 128 (Unused?)
unload_level: 118
anim_force_left: 108 (Unused?)
anim_force_right: 108 (Unused?)
fadein: 108
waitforfireup: 106
unload_panel: 102
waitforfiredown: 102
load_panel_bottom: 96
load_panel_top: 96
destroy_child_actors: 94 (Unused?)
pre_load_level: 86
waitforfirehit: 86
load_music: 78
fadeout: 76
load_music_finish: 76
wrap_screen_bottom: 76 (Unused?)
wrap_screen_right: 76 (Unused?)
set_ntsc: 74 (Unused?)
flipscreen: 72 (Unused?)
wrap_screen_left: 72 (Unused?)
wrap_screen_top: 72 (Unused?)
jump_actor: 66 (Unused?)
destroy_all_actors: 60 (Unused?)
quit: 60 (Unused?)
destroy_actor: 58
freemem_hard: 54 (Unused?)
destroy_block: 52 (Unused?)
return: 52 (Unused?)
load_panel_finish: 50
unload_panel_bottom: 50
unload_panel_top: 50
freeze_actor: 40 (Unused?)
unfreeze_actor: 40 (Unused?)
block_coll_force: 32 (Unused?)
block_coll_passthru: 32
debug_breakpoint: 26 (Unused?)
hardware_amiga: 26 (Unused?)
vm_constants_tile_properties: 26 (Unused?)
