Compiled on Saturday, 3 January 2026 8:49:51 a.m.
Version string: SE2025.0.260102.23.09.EX

ImageFrame Data Size: 552
Actor Count: 2
Actor Data Size: 360
Animations Count: 7
Animations Data Size: 112
AnimationFrame Count: 14
AnimationFrame Data Size: 224

=== Cartridge Composition ===
 Header |   Offset | Size     | Crunch    | Detail
   VC00 |   107776 |     8814 |  NoCrunch | Project virtual machine (codeblocks)
   PL01 |   116590 |     2012 |  NoCrunch | Panel 
   PB00 |   118602 |       68 |  NoCrunch | Project blocks
   PI00 |   118670 |      552 |  NoCrunch | Images
   PA00 |   119222 |      360 |  NoCrunch | Project actors
   ML01 |   119582 |        8 |       ZX0 | Map block data for map1
   MA01 |   119590 |       12 |       ZX0 | Map actor data for map1
   MH01 |   119602 |      848 |  NoCrunch | Header data for map map1
   MT01 |   120450 |       20 |       ZX0 | Map tile data  map1
   MD01 |   120470 |     9024 |  NoCrunch | Tile data for map map1 (mem restrictions:None)
   ME01 |   129494 |       44 |  NoCrunch | Map event data for map1
   MY01 |   129538 |      196 |  NoCrunch | Get Y lookup table map1
   MN01 |   129734 |       20 |  NoCrunch | Map path node data for map1
   NT00 |   129754 |     1728 |  NoCrunch | Project name table
   PN00 |   131482 |      112 |  NoCrunch | Animations
   PF00 |   131594 |      224 |  NoCrunch | Animation Frames
   PS00 |   131818 |       28 |  NoCrunch | Project sound
   DB00 |   131846 |        2 |  NoCrunch | Misc Data (paths, hurt boxes etc)
   PH00 |   131848 |    11482 |  NoCrunch | Project Header
   PV00 |   143330 |       38 |  NoCrunch | Var Data
   AT00 |   143368 |      176 |  NoCrunch | Attack Data
   PE00 |   143544 |        8 |  NoCrunch | Teleporters

=== Data Sizes ===
    Size |   Memory | Crunch | Detail
   11482 |    11482 |        | Project Header
    9024 |     9024 |        | Tile data for map map1 (mem restrictions:None)
    8814 |     8814 |        | Project virtual machine (codeblocks)
    2012 |     2012 |        | Panel 
    1728 |     1728 |        | Project name table
     848 |      848 |        | Header data for map map1
     552 |      552 |        | Images
     360 |      360 |        | Project actors
     224 |      224 |        | Animation Frames
     196 |      196 |        | Get Y lookup table map1
     176 |      176 |        | Attack Data
     112 |      112 |        | Animations
      68 |       68 |        | Project blocks
      44 |       44 |        | Map event data for map1
      38 |       38 |        | Var Data
      28 |       28 |        | Project sound
      20 |     4802 | (100%) | Map tile data  map1
      20 |       20 |        | Map path node data for map1
      12 |       28 |  (58%) | Map actor data for map1
       8 |     4802 | (100%) | Map block data for map1
       8 |        8 |        | Teleporters
       2 |        2 |        | Misc Data (paths, hurt boxes etc)

=== Accounted Memory Usage ===
(Note that this isn't a full account of memory usage, just the memory we can account for)
NeoGeo BIOS memory: 3328
RAM reserved for level tiles: (largest level: map1): 9604
memory reserved for active actors on screen (32): 5064
memory reserved for dormant actors in map (128): 4608

Total: 22604 bytes

=== Codeblocks by compiled size ===
load_level: 636
pre_startup: 348
flipscreen_smooth: 310 (Unused?)
do_teleport: 300
flipxymove: 278 (Unused?)
load_next_level: 268 (Unused?)
freemem: 256
set_yresolution: 256 (Unused?)
block_find: 210 (Unused?)
waitforframes: 194
block_count: 178 (Unused?)
check_talkpad: 172 (Unused?)
flipymove: 162 (Unused?)
snap_to_screen: 162 (Unused?)
pre_quit: 160 (Unused?)
flipxmove: 142 (Unused?)
pause: 138 (Unused?)
restart_this_level: 136 (Unused?)
startup: 136
load_panel: 134
stop_sfx: 130
destroy_all_blocks: 128 (Unused?)
unload_level: 118
anim_force_left: 108 (Unused?)
anim_force_right: 108 (Unused?)
fadein: 108
unload_panel: 102
load_panel_bottom: 96
load_panel_top: 96
destroy_child_actors: 94 (Unused?)
pre_load_level: 86
waitforfirehit: 86
fadeout: 76
load_music_finish: 76
wrap_screen_bottom: 76 (Unused?)
wrap_screen_right: 76 (Unused?)
flipscreen: 72 (Unused?)
wrap_screen_left: 72 (Unused?)
wrap_screen_top: 72 (Unused?)
jump_actor: 66 (Unused?)
waitforfiredown: 64
load_music: 62
waitforfireup: 62
destroy_all_actors: 60 (Unused?)
destroy_actor: 58
freemem_hard: 54 (Unused?)
destroy_block: 52 (Unused?)
return: 52 (Unused?)
load_panel_finish: 50
unload_panel_bottom: 50
unload_panel_top: 50
freeze_actor: 40 (Unused?)
quit: 40 (Unused?)
unfreeze_actor: 40 (Unused?)
block_coll_force: 32 (Unused?)
block_coll_passthru: 32
debug_breakpoint: 26 (Unused?)
hardware_amiga: 26 (Unused?)
set_ntsc: 26 (Unused?)
vm_constants_tile_properties: 26 (Unused?)
