Compiled on Saturday, 25 January 2025 3:27:00 p.m.
Version string: SE2024.2.250124.18.36.EX

=== Misc ===
ImageFrames: 107
ImageFrame Data Size: 4708
Maps and Asset Bundles Count: 5
Maps and Asset Bundles Data Size: 60
Actor Count: 8
Actor Data Size: 1440
Block Count: 6
Block Data Size: 408
Anim5 Count: 0
Anim5 Data Size: 0
Sound Count: 2
Sound Data Size: 56
Teleporter Count: 3
Teleporter Data Size: 24
Animations Count: 27
Animations Data Size: 432
AnimationFrame Count: 108
AnimationFrame Data Size: 1728
Sprites: 1
Sprites Data Size: 14
Attack Data: 4
Attack Data Size: 352
Misc data size: 50
=== Image optimisations ===
Music file mod_intro Original size 17748 Crunched size 2466
Panel (background color #000) Original size 1296 Crunched size 76
Panel scorpion_eng_splashscreen Original size 36792 Crunched size 3380
Panel hud Original size 7288 Crunched size 536
Panel bobs hud Original size 1132 Crunched size 368
Panel main_menu Original size 50416 Crunched size 4418
Panel bobs main_menu Original size 6586 Crunched size 2200
Panel pic_title Original size 52992 Crunched size 25212
Panel talkpad Original size 18304 Crunched size 842
Panel bobs talkpad Original size 5422 Crunched size 1572
Project virtual machine (codeblocks) Original size 14604 Crunched size 4548
Map actor data for map_bedroom Original size 28 Crunched size 28
Header data for map map_bedroom Original size 844 Crunched size 198
Tile data for map map_bedroom (mem restrictions:None) Original size 2110 Crunched size 506
Header data for map map_house_night Original size 844 Crunched size 164
Tile data for map map_house_night (mem restrictions:None) Original size 2078 Crunched size 482
Header data for map map_intro Original size 844 Crunched size 194
Tile data for map map_intro (mem restrictions:None) Original size 6840 Crunched size 1822
Map actor data for map_outside Original size 196 Crunched size 106
Header data for map map_outside Original size 844 Crunched size 202
Tile data for map map_outside (mem restrictions:None) Original size 24662 Crunched size 3072
Asset bundle 0 (Core project asset bundle) Original size 82222 Crunched size 42154
Asset bundle 1 (map_bedroom) Original size 10046 Crunched size 4358
Asset bundle 2 (map_house_night) Original size 11580 Crunched size 5342
Asset bundle 3 (map_intro) Original size 83258 Crunched size 65112
Asset bundle 4 (map_outside) Original size 28406 Crunched size 14216
Misc Data (paths, hurt boxes etc) Original size 2 Crunched size 2
Project Header Original size 4404 Crunched size 1240
Project Data Original size 9274 Crunched size 2638
Project virtual machine redirects Original size 4 Crunched size 4

=== Accounted Memory Usage ===
(Note that this isn't a full account of memory usage, just the memory we can account for)

For chip:
Map gfx (level gfx bundle 3): 83258
Music memory (mod_intro): 17748
BP Buffer memory: 132480
core sfx/gfx memory: 82222
Parallax memory: 0
OS/other estimated: 99328

For other:
Map cache memory: 0
Map header cache memory: 0
Map actor cache memory: 0
Map data memory: 24662
Map background memory: 1296
EXE memory: 200324
vm memory: 14604
project memory: 9274
memory reserved for active actors on screen (32): 4616
memory reserved for dormant actors in map (128): 4608
OS/other estimated: 105472

Accounted memory chip: 415036
Accounted memory other: 364856
Accounted memory total: 779892

=== Codeblocks by compiled size ===
part1: 2318
on_playercollide_enemies: 572
load_level: 550
on_playerhit_enemies: 448
pre_startup: 444
do_teleport: 402
flipscreen_smooth: 310 (Unused?)
gamemenu: 304
startup: 302 (Unused?)
link_sword_autogen_attack: 286
flipxymove: 278 (Unused?)
on_pickupsword_collision: 262
on_shieldchest_collision: 262
load_next_level: 252 (Unused?)
block_find: 206 (Unused?)
set_yresolution: 202 (Unused?)
waitforframes: 194
check_talkpad: 192
on_exit_house: 186 (Unused?)
part2: 186
link_autogen_attack: 184
part3: 180
block_count: 178 (Unused?)
pause: 176 (Unused?)
flipymove: 162 (Unused?)
snap_to_screen: 158 (Unused?)
pre_quit: 152
load_panel: 146
flipxmove: 142 (Unused?)
unload_level: 142
move_camera_right: 132
on_signpost: 132 (Unused?)
destroy_all_blocks: 128 (Unused?)
restart_this_level: 128 (Unused?)
pre_load_level: 122
fadein: 112
on_killpuff_over: 112
unload_panel: 106
spawn_link: 106
on_bush_hit: 104
waitforfireup: 102
waitforfiredown: 98
load_panel_bottom: 96
load_panel_top: 96
destroy_child_actors: 94 (Unused?)
autogen_link_attack_d_2: 90
autogen_link_attack_l_2: 90
autogen_link_attack_r_2: 90
autogen_link_attack_u_2: 90
fadeout: 88
pre_anim5: 86 (Unused?)
waitforfirehit: 86
on_rupee_collision: 86
load_music: 78
on_enter_house: 78 (Unused?)
load_music_finish: 76
wrap_screen_bottom: 76 (Unused?)
wrap_screen_right: 76 (Unused?)
configure_level: 76
set_ntsc: 74 (Unused?)
spawn_pickup_sword: 74
flipscreen: 72 (Unused?)
wrap_screen_left: 72 (Unused?)
wrap_screen_top: 72 (Unused?)
quit: 70
jump_actor: 66 (Unused?)
load_panel_finish: 66
unload_panel_bottom: 62
unload_panel_top: 62
destroy_all_actors: 60 (Unused?)
destroy_actor: 58
regenerate_screen: 58
destroy_block: 52 (Unused?)
return: 52 (Unused?)
regenerate_screen_wait: 46
freeze_actor: 40 (Unused?)
unfreeze_actor: 40 (Unused?)
block_coll_force: 32 (Unused?)
block_coll_passthru: 32 (Unused?)
clear_block_collision: 32
vm_registers: 26 (Unused?)
debug_breakpoint: 26 (Unused?)
vm_constants_tile_properties: 26 (Unused?)
