Compiled on Sunday, 4 January 2026 11:12:58 p.m.
Version string: SE2025.0.260104.22.49.EX

=== Misc ===
ImageFrames: 107
ImageFrame Data Size: 5136
Maps and Asset Bundles Count: 5
Maps and Asset Bundles Data Size: 0
Actor Count: 8
Actor Data Size: 1440
Block Count: 6
Block Data Size: 408
Anim5 Count: 0
Anim5 Data Size: 0
Sound Count: 2
Sound Data Size: 56
Teleporter Count: 3
Teleporter Data Size: 24
Animations Count: 27
Animations Data Size: 432
AnimationFrame Count: 108
AnimationFrame Data Size: 1728
Sprites: 1
Sprites Data Size: 14
Attack Data: 4
Attack Data Size: 352
Misc data size: 92

=== Cartridge Composition ===
 Header |   Offset | Size     | Crunch    | Detail
   MC01 |      562 |     1990 |   Implode | Music data mod_intro
   MS01 |     2552 |      512 |   Implode | Music samples mod_intro
   PL06 |     3064 |       76 |   Implode | Panel (background color #000)
   PL01 |     3140 |     3380 |   Implode | Panel scorpion_eng_splashscreen
   PL02 |     6520 |      530 |   Implode | Panel hud
   PC02 |     7050 |      376 |   Implode | Panel bobs hud
   PL03 |     7426 |     3974 |   Implode | Panel main_menu
   PC03 |    11400 |      244 |   Implode | Panel bobs main_menu
   PL04 |    11644 |    25210 |   Implode | Panel pic_title
   PL05 |    36854 |      846 |   Implode | Panel talkpad
   PC05 |    37700 |     1572 |   Implode | Panel bobs talkpad
   VC00 |    39272 |     4636 |   Implode | Project virtual machine (codeblocks)
   MA01 |    43908 |       28 |  NoCrunch | Map actor data for map_bedroom
   MH01 |    43936 |      198 |   Implode | Header data for map map_bedroom
   MD01 |    44134 |      490 |   Implode | Tile data for map map_bedroom (mem restrictions:None)
   MH02 |    44624 |      166 |   Implode | Header data for map map_house_night
   MD02 |    44790 |      492 |   Implode | Tile data for map map_house_night (mem restrictions:None)
   MH03 |    45282 |      194 |   Implode | Header data for map map_intro
   MD03 |    45476 |     1620 |   Implode | Tile data for map map_intro (mem restrictions:None)
   MA04 |    47096 |      106 |   Implode | Map actor data for map_outside
   MH04 |    47202 |      202 |   Implode | Header data for map map_outside
   MD04 |    47404 |     3042 |   Implode | Tile data for map map_outside (mem restrictions:None)
   AB00 |    50446 |    43282 |   Implode | Asset bundle 0 (Core project asset bundle)
   AB01 |    93728 |     4382 |   Implode | Asset bundle 1 (map_bedroom)
   AB02 |    98110 |     5376 |   Implode | Asset bundle 2 (map_house_night)
   AB03 |   103486 |    65124 |   Implode | Asset bundle 3 (map_intro)
   AB04 |   168610 |    14168 |   Implode | Asset bundle 4 (map_outside)
   DB00 |   182778 |        2 |  NoCrunch | Misc Data (paths, hurt boxes etc)
   PH00 |   182780 |     1224 |   Implode | Project Header
   PD00 |   184004 |     2692 |   Implode | Project Data
   VR00 |   186696 |        4 |  NoCrunch | Project virtual machine redirects

=== Data Sizes ===
    Size |   Memory | Crunch | Detail
   65124 |    84320 |  (23%) | Asset bundle 3 (map_intro)
   43282 |    82266 |  (48%) | Asset bundle 0 (Core project asset bundle)
   25210 |    52984 |  (53%) | Panel pic_title
   14168 |    29194 |  (52%) | Asset bundle 4 (map_outside)
    5376 |    13280 |  (60%) | Asset bundle 2 (map_house_night)
    4636 |    15448 |  (70%) | Project virtual machine (codeblocks)
    4382 |    10720 |  (60%) | Asset bundle 1 (map_bedroom)
    3974 |    49896 |  (93%) | Panel main_menu
    3380 |    36784 |  (91%) | Panel scorpion_eng_splashscreen
    3042 |    24670 |  (88%) | Tile data for map map_outside (mem restrictions:None)
    2692 |     9684 |  (73%) | Project Data
    1990 |     9276 |  (79%) | Music data mod_intro
    1620 |     6848 |  (77%) | Tile data for map map_intro (mem restrictions:None)
    1572 |     5422 |  (72%) | Panel bobs talkpad
    1224 |     4376 |  (73%) | Project Header
     846 |    18304 |  (96%) | Panel talkpad
     530 |     7280 |  (93%) | Panel hud
     512 |     8472 |  (94%) | Music samples mod_intro
     492 |     2086 |  (77%) | Tile data for map map_house_night (mem restrictions:None)
     490 |     2118 |  (77%) | Tile data for map map_bedroom (mem restrictions:None)
     376 |     1232 |  (70%) | Panel bobs hud
     244 |      268 |   (9%) | Panel bobs main_menu
     202 |      848 |  (77%) | Header data for map map_outside
     198 |      848 |  (77%) | Header data for map map_bedroom
     194 |      848 |  (78%) | Header data for map map_intro
     166 |      848 |  (81%) | Header data for map map_house_night
     106 |      196 |  (46%) | Map actor data for map_outside
      76 |     1296 |  (95%) | Panel (background color #000)
      28 |       28 |        | Map actor data for map_bedroom
       4 |        4 |        | Project virtual machine redirects
       2 |        2 |        | Misc Data (paths, hurt boxes etc)

=== Accounted Memory Usage ===
(Note that this isn't a full account of memory usage, just the memory we can account for)

For chip:
Map gfx (level gfx bundle 3): 84320
Music sample (mod_intro): 8472
BP Buffer memory: 132480
Core sfx/gfx memory: 82266
Parallax memory: 0
OS/other estimated: 99328

For other:
Map data memory: 24670
Map background memory: 1296
EXE memory: 219516
vm memory: 15448
project memory: 9684
Music data (mod_intro): 9276
memory reserved for active actors on screen (32): 5064
memory reserved for dormant actors in map (128): 4608
OS/other estimated: 105472

Accounted memory chip: 416142
Accounted memory other: 385758
Accounted memory total: 801900

=== Codeblocks by compiled size ===
part1: 2334
load_level: 676
on_playercollide_enemies: 592
on_playerhit_enemies: 448
pre_startup: 438
do_teleport: 320
flipscreen_smooth: 310 (Unused?)
gamemenu: 302
on_exit_house: 298 (Unused?)
link_sword_autogen_attack: 286
startup: 284
flipxymove: 278 (Unused?)
load_next_level: 268 (Unused?)
on_pickupsword_collision: 262
on_shieldchest_collision: 262
freemem: 256
block_find: 210 (Unused?)
set_yresolution: 202
waitforframes: 194
check_talkpad: 192
on_enter_house: 190 (Unused?)
part3: 188
pause: 184 (Unused?)
part2: 182
block_count: 178 (Unused?)
flipymove: 162 (Unused?)
snap_to_screen: 162 (Unused?)
pre_quit: 160
flipxmove: 142 (Unused?)
restart_this_level: 136 (Unused?)
load_panel: 134
move_camera_right: 132
on_signpost: 132 (Unused?)
stop_sfx: 130
destroy_all_blocks: 128 (Unused?)
unload_level: 118
on_killpuff_over: 112
on_bush_hit: 110
anim_force_left: 108 (Unused?)
anim_force_right: 108 (Unused?)
fadein: 108
waitforfireup: 106
spawn_link: 106
unload_panel: 102
waitforfiredown: 102
load_panel_bottom: 96
load_panel_top: 96
destroy_child_actors: 94 (Unused?)
on_rupee_collision: 92
autogen_link_attack_d_2: 90
autogen_link_attack_l_2: 90
autogen_link_attack_r_2: 90
autogen_link_attack_u_2: 90
pre_load_level: 86
waitforfirehit: 86
load_music: 78
fadeout: 76
load_music_finish: 76
wrap_screen_bottom: 76 (Unused?)
wrap_screen_right: 76 (Unused?)
set_ntsc: 74 (Unused?)
spawn_pickup_sword: 74
flipscreen: 72 (Unused?)
wrap_screen_left: 72 (Unused?)
wrap_screen_top: 72 (Unused?)
configure_level: 68
jump_actor: 66 (Unused?)
destroy_all_actors: 60 (Unused?)
quit: 60
destroy_actor: 58
freemem_hard: 54 (Unused?)
destroy_block: 52 (Unused?)
return: 52 (Unused?)
load_panel_finish: 50
unload_panel_bottom: 50
unload_panel_top: 50
freeze_actor: 40 (Unused?)
unfreeze_actor: 40 (Unused?)
block_coll_force: 32 (Unused?)
block_coll_passthru: 32
debug_breakpoint: 26 (Unused?)
hardware_amiga: 26 (Unused?)
vm_constants_tile_properties: 26 (Unused?)
