=== Image optimisations ===

=== Estimated memory usages ===

For chip:
Map gfx (Panel: scorpion_eng_splashscreen): 35158
Music memory (): 0
BP Buffer memory: 131040
core sfx/gfx memory: 13736
Parallax memory: 0
OS/other estimated: 99328

For other:
Map cache memory: 0
Map header cache memory: 0
Map data memory: 4764
Map background memory: 1396
EXE memory: 211412
vm memory: 7738
project memory: 1090
memory reserved for active actors on screen (32): 4744
memory reserved for dormant actors in map (256): 9216
OS/other estimated: 105472

Accounted memory chip: 384734
Accounted memory other: 240360
Accounted memory total: 625094

=== Misc ===
Maps and Asset Bundles Count: 2
Maps and Asset Bundles Data Size: 24
Actor Count: 3
Actor Data Size: 564
Block Count: 1
Block Data Size: 68
Anim5 Count: 0
Anim5 Data Size: 0
Sound Count: 1
Sound Data Size: 28
Teleporter Count: 1
Teleporter Data Size: 8
Animations Count: 3
Animations Data Size: 48
AnimationFrame Count: 4
AnimationFrame Data Size: 64
ImageFrames: 3
ImageFrame Data Size: 132
Sprites: 3
Sprites Data Size: 42
Attack Data: 1
Attack Data Size: 66
Misc data size: 44
Panel scorpion_eng_splashscreen Original size 35158 Crunched size 3262
Header data for map intromap Original size 7992 Crunched size 240
Tile data for map intromap (mem restrictions:No_Blocks) Original size 4764 Crunched size 830
Background for map intromap Original size 1396 Crunched size 80
Asset bundle 0 (Core project asset bundle) Original size 13736 Crunched size 698
Asset bundle 1 (intromap) Original size 17928 Crunched size 5664
Project Header Original size 4032 Crunched size 1186
Project Data Original size 1090 Crunched size 256
Project virtual machine (codeblocks) Original size 7738 Crunched size 2388
Project virtual machine redirects Original size 4 Crunched size 4

=== Possibly unused Actors ===
actor_strut
actor_window

=== Codeblocks by compiled size ===
load_level: 726
set_yresolution: 446 (Unused?)
startup: 388
do_teleport: 368
flipscreen_smooth: 306 (Unused?)
flipxymove: 250 (Unused?)
pre_startup: 206
check_talkpad: 188 (Unused?)
waitforframes: 186
pause: 164 (Unused?)
snap_to_screen: 158 (Unused?)
flipymove: 146 (Unused?)
load_panel: 146
pre_quit: 144
flipxmove: 130 (Unused?)
parallax_handler: 126
destroy_all_blocks: 120 (Unused?)
load_music: 118 (Unused?)
pre_load_level: 118
unload_level: 114
waitforfireup: 106
fadein: 102
waitforfiredown: 102
load_panel_bottom: 96 (Unused?)
load_panel_top: 96 (Unused?)
unload_panel: 92
destroy_child_actors: 90 (Unused?)
pre_anim5: 86 (Unused?)
waitforfirehit: 86
fadeout: 84
wrap_screen_bottom: 76 (Unused?)
wrap_screen_right: 76 (Unused?)
wrap_screen_left: 72 (Unused?)
wrap_screen_top: 72 (Unused?)
flipscreen: 70 (Unused?)
quit: 66 (Unused?)
load_music_finish: 64
jump_actor: 62 (Unused?)
unload_panel_bottom: 62
unload_panel_top: 62
destroy_all_actors: 56 (Unused?)
load_panel_finish: 56
destroy_actor: 54
regenerate_screen: 52
return: 52 (Unused?)
destroy_block: 48 (Unused?)
regenerate_screen_wait: 42
freeze_actor: 36 (Unused?)
unfreeze_actor: 36 (Unused?)
block_coll_force: 32 (Unused?)
block_coll_passthru: 32 (Unused?)
vm_registers: 26 (Unused?)
vm_constants: 26 (Unused?)
debug_breakpoint: 26 (Unused?)
vm_constants_audiodriver: 26 (Unused?)
vm_constants_controlbits: 26 (Unused?)
vm_constants_notes: 26 (Unused?)
vm_constants_platform: 26 (Unused?)
vm_constants_tile_properties: 26 (Unused?)
