=== Image optimisations ===
Reduce width of sprites\batman_hang.png by 4 pixels to 16 to improve blit performance by 200.00%
Reduce width of sprites\batman_hang.png by 4 pixels to 16 to improve blit performance by 200.00%

=== Misc ===
Actor Count: 4
Actor Data Size: 1184
Block Count: 1
Block Data Size: 52
Anim5 Count: 1
Anim5 Data Size: 4
Sound Count: 1
Sound Data Size: 32
Teleporter Count: 1
Teleporter Data Size: 8
Animations Count: 4
Animations Data Size: 64
AnimationFrame Count: 5
AnimationFrame Data Size: 80
ImageFrames: BlitzTool.BlitzWord
ImageFrame Data Size: 320
Crunching Panel scorpion_eng_splashscreen as 0.img. Original size: 37106. Crunched size: 3308
Crunching Project virtual machine (codeblocks) as project.vm. Original size: 7096. Crunched size: 2018
Crunching Project virtual machine redirects as project.rd. Original size: 4. Crunched size: 4
Crunching Header data for map level1 as 1.mhd. Original size: 9788. Crunched size: 326
Crunching Data for map level1 as 1.map. Original size: 15220. Crunched size: 1364
Crunching Background for map level1 as 1.bg. Original size: 2672. Crunched size: 92
Crunching Asset bundle 0 as 0.gfx. Original size: 2528. Crunched size: 898
Crunching Asset bundle 1 as 1.gfx. Original size: 22720. Crunched size: 7684
Crunching Project data as project.dat. Original size: 1744. Crunched size: 290
Crunching Scorpion header as project.hd. Original size: 4036. Crunched size: 1190

Estimated memory usages:

For chip:
Map gfx (Panel: scorpion_eng_splashscreen): 37106
Music memory: 0
BP Buffer memory: 110800
core sfx/gfx memory: 2528
Parallax memory: 0

For other:
Map cache memory: 0
Map header cache memory: 0
Map data memory: 15220
Map background memory: 2672
EXE memory: 194920
vm memory: 7096
project memory: 1744

Accounted memory chip: 150434
Accounted memory other: 221652
Accounted memory total: 372086
