Compiled on Sunday, 4 January 2026 10:55:38 p.m.
Version string: SE2025.0.260104.22.49.EX

=== Misc ===
ImageFrames: 58
ImageFrame Data Size: 2784
Maps and Asset Bundles Count: 2
Maps and Asset Bundles Data Size: 0
Actor Count: 5
Actor Data Size: 900
Block Count: 1
Block Data Size: 68
Anim5 Count: 0
Anim5 Data Size: 0
Sound Count: 1
Sound Data Size: 28
Teleporter Count: 1
Teleporter Data Size: 8
Animations Count: 14
Animations Data Size: 224
AnimationFrame Count: 59
AnimationFrame Data Size: 944
Sprites: 57
Sprites Data Size: 798
Attack Data: 3
Attack Data Size: 264
Misc data size: 74

=== Cartridge Composition ===
 Header |   Offset | Size     | Crunch    | Detail
   PL03 |      238 |       76 |   Implode | Panel (background color #000)
   PL01 |      314 |     3380 |   Implode | Panel scorpion_eng_splashscreen
   PL02 |     3694 |    47780 |   Implode | Panel title
   VC00 |    51474 |     2908 |   Implode | Project virtual machine (codeblocks)
   MA01 |    54382 |       84 |   Implode | Map actor data for l1
   MH01 |    54466 |      244 |   Implode | Header data for map l1
   MD01 |    54710 |     1176 |   Implode | Tile data for map l1 (mem restrictions:No_Blocks)
   AB00 |    55886 |    38148 |   Implode | Asset bundle 0 (Core project asset bundle)
   AB01 |    94034 |    34168 |   Implode | Asset bundle 1 (l1)
   DB00 |   128202 |        2 |  NoCrunch | Misc Data (paths, hurt boxes etc)
   PH00 |   128204 |     1226 |   Implode | Project Header
   PD00 |   129430 |     1756 |   Implode | Project Data
   VR00 |   131186 |        4 |  NoCrunch | Project virtual machine redirects

=== Data Sizes ===
    Size |   Memory | Crunch | Detail
   47780 |    60664 |  (22%) | Panel title
   38148 |    80128 |  (53%) | Asset bundle 0 (Core project asset bundle)
   34168 |    88064 |  (62%) | Asset bundle 1 (l1)
    3380 |    36784 |  (91%) | Panel scorpion_eng_splashscreen
    2908 |     9958 |  (71%) | Project virtual machine (codeblocks)
    1756 |     6094 |  (72%) | Project Data
    1226 |     4376 |  (72%) | Project Header
    1176 |     2384 |  (51%) | Tile data for map l1 (mem restrictions:No_Blocks)
     244 |      848 |  (72%) | Header data for map l1
      84 |      112 |  (25%) | Map actor data for l1
      76 |     1296 |  (95%) | Panel (background color #000)
       4 |        4 |        | Project virtual machine redirects
       2 |        2 |        | Misc Data (paths, hurt boxes etc)

=== Accounted Memory Usage ===
(Note that this isn't a full account of memory usage, just the memory we can account for)

For chip:
Map gfx (level gfx bundle 1): 88064
Music sample (): 0
BP Buffer memory: 131520
Core sfx/gfx memory: 80128
Parallax memory: 0
OS/other estimated: 99328

For other:
Map data memory: 2384
Map background memory: 1296
EXE memory: 219516
vm memory: 9958
project memory: 6094
Music data (): 0
memory reserved for active actors on screen (32): 5064
memory reserved for dormant actors in map (128): 4608
OS/other estimated: 105472

Accounted memory chip: 399040
Accounted memory other: 354392
Accounted memory total: 753432

=== Possibly unused animations ===
william_hurt_r

=== Codeblocks by compiled size ===
load_level: 676
pre_startup: 500
do_teleport: 320
flipscreen_smooth: 310 (Unused?)
scott_autogen_attack: 292
flipxymove: 278 (Unused?)
load_next_level: 268 (Unused?)
freemem: 256
block_find: 210 (Unused?)
set_yresolution: 202
waitforframes: 194
check_talkpad: 192 (Unused?)
pause: 184 (Unused?)
block_count: 178 (Unused?)
jumper_handler: 174
startup: 172
flipymove: 162 (Unused?)
snap_to_screen: 162 (Unused?)
pre_quit: 160
flipxmove: 142 (Unused?)
show_panel: 138
restart_this_level: 136 (Unused?)
load_panel: 134
stop_sfx: 130
destroy_all_blocks: 128 (Unused?)
unload_level: 118
jump: 110
anim_force_left: 108 (Unused?)
anim_force_right: 108 (Unused?)
fadein: 108
waitforfireup: 106
unload_panel: 102
waitforfiredown: 102
load_panel_bottom: 96
load_panel_top: 96
destroy_child_actors: 94 (Unused?)
autogen_anim_shadow_0: 90
autogen_scott_punch_l_1: 90
autogen_scott_punch_r_1: 90
pre_load_level: 86
waitforfirehit: 86
load_music: 78
fadeout: 76
load_music_finish: 76
wrap_screen_bottom: 76 (Unused?)
wrap_screen_right: 76 (Unused?)
set_ntsc: 74 (Unused?)
flipscreen: 72 (Unused?)
wrap_screen_left: 72 (Unused?)
wrap_screen_top: 72 (Unused?)
jump_actor: 66 (Unused?)
destroy_all_actors: 60 (Unused?)
quit: 60 (Unused?)
destroy_actor: 58
william_hurt: 58
freemem_hard: 54 (Unused?)
destroy_block: 52 (Unused?)
return: 52 (Unused?)
attack_handler: 52
load_panel_finish: 50
unload_panel_bottom: 50
unload_panel_top: 50
freeze_actor: 40 (Unused?)
unfreeze_actor: 40 (Unused?)
block_coll_force: 32 (Unused?)
block_coll_passthru: 32
debug_breakpoint: 26 (Unused?)
hardware_amiga: 26 (Unused?)
vm_constants_tile_properties: 26 (Unused?)
