Compiled on Sunday, 18 May 2025 7:16:28 p.m.
Version string: SE2024.2.250517.21.12.EX

ImageFrame Data Size: 4430
Actor Count: 5
Actor Data Size: 900
Animations Count: 14
Animations Data Size: 224
AnimationFrame Count: 59
AnimationFrame Data Size: 944
Project virtual machine (codeblocks) Original size 8852 Crunched size 8852
Panel  Original size 3130 Crunched size 3130
Panel title Original size 3130 Crunched size 3130
Project blocks Original size 68 Crunched size 68
Images Original size 4430 Crunched size 4430
Project actors Original size 900 Crunched size 900
Map block data for l1 Original size 544 Crunched size 544
Map actor data for l1 Original size 112 Crunched size 27
Header data for map l1 Original size 844 Crunched size 844
Map tile data  l1 Original size 544 Crunched size 544
Tile data for map l1 (mem restrictions:None) Original size 896 Crunched size 896
Map event data for l1 Original size 44 Crunched size 44
Get Y lookup table l1 Original size 64 Crunched size 64
Map path node data for l1 Original size 12 Crunched size 12
Project name table Original size 1256 Crunched size 1256
Animations Original size 224 Crunched size 224
Animation Frames Original size 944 Crunched size 944
Project sound Original size 28 Crunched size 28
Misc Data (paths, hurt boxes etc) Original size 2 Crunched size 2
Project Header Original size 3266 Crunched size 3266
Var Data Original size 68 Crunched size 68
Attack Data Original size 264 Crunched size 264
Teleporters Original size 8 Crunched size 8
Commands for Joystick 1 Original size 12 Crunched size 12

=== Accounted Memory Usage ===
(Note that this isn't a full account of memory usage, just the memory we can account for)
RAM reserved for level tiles: (largest level: l1): 1088
memory reserved for active actors on screen (32): 4616
memory reserved for dormant actors in map (128): 4608

Total: 10312 bytes

=== Possibly unused animations ===
william_hurt_r

=== Codeblocks by compiled size ===
load_level: 510
do_teleport: 382
pre_startup: 316
flipscreen_smooth: 310 (Unused?)
scott_autogen_attack: 292
flipxymove: 278 (Unused?)
set_yresolution: 256 (Unused?)
load_next_level: 252 (Unused?)
block_find: 206 (Unused?)
waitforframes: 194
block_count: 178 (Unused?)
jumper_handler: 174
check_talkpad: 172 (Unused?)
startup: 172
flipymove: 162 (Unused?)
pre_quit: 160 (Unused?)
snap_to_screen: 158 (Unused?)
load_panel: 146
flipxmove: 142 (Unused?)
unload_level: 142
pause: 138 (Unused?)
show_panel: 138
destroy_all_blocks: 128 (Unused?)
restart_this_level: 128 (Unused?)
pre_load_level: 122
fadein: 112
jump: 110
unload_panel: 106
waitforfireup: 102
waitforfiredown: 98
load_panel_bottom: 96 (Unused?)
load_panel_top: 96 (Unused?)
destroy_child_actors: 94 (Unused?)
autogen_anim_shadow_0: 90
autogen_scott_punch_l_1: 90
autogen_scott_punch_r_1: 90
fadeout: 88
pre_anim5: 86 (Unused?)
waitforfirehit: 86
load_music_finish: 76
wrap_screen_bottom: 76 (Unused?)
wrap_screen_right: 76 (Unused?)
flipscreen: 72 (Unused?)
wrap_screen_left: 72 (Unused?)
wrap_screen_top: 72 (Unused?)
jump_actor: 66 (Unused?)
load_panel_finish: 66
load_music: 62 (Unused?)
unload_panel_bottom: 62
unload_panel_top: 62
destroy_all_actors: 60 (Unused?)
destroy_actor: 58
regenerate_screen: 58
william_hurt: 58
destroy_block: 52 (Unused?)
return: 52 (Unused?)
attack_handler: 52
quit: 50 (Unused?)
regenerate_screen_wait: 46
freeze_actor: 40 (Unused?)
unfreeze_actor: 40 (Unused?)
block_coll_force: 32 (Unused?)
block_coll_passthru: 32 (Unused?)
clear_block_collision: 32
vm_registers: 26 (Unused?)
debug_breakpoint: 26 (Unused?)
set_ntsc: 26 (Unused?)
vm_constants_tile_properties: 26 (Unused?)
