Compiled on Saturday, 3 January 2026 10:08:22 a.m.
Version string: SE2025.0.260102.23.09.EX

ImageFrame Data Size: 3950
Actor Count: 5
Actor Data Size: 900
Animations Count: 14
Animations Data Size: 224
AnimationFrame Count: 59
AnimationFrame Data Size: 944

=== Cartridge Composition ===
 Header |   Offset | Size     | Crunch    | Detail
   MC00 |   123136 |      172 |  NoCrunch | XGM Null song
   XG-1 |   123308 |      854 |  NoCrunch | XGM 68K Plugin Driver
   XG00 |   124162 |     5888 |  NoCrunch | XGM Core Driver
   XG01 |   122880 |      256 |  NoCrunch | XGM Null sound
   PS00 |   122812 |       28 |  NoCrunch | Project sound
   FN00 |   130050 |     2048 |  NoCrunch | Default MD font
   VC00 |   132098 |    11562 |  NoCrunch | Project virtual machine (codeblocks)
   PL01 |   143660 |    10364 |  NoCrunch | Panel 
   PL02 |   154024 |    31548 |  NoCrunch | Panel title
   PB00 |   185572 |       68 |  NoCrunch | Project blocks
   PI00 |   185640 |     3950 |  NoCrunch | Images
   PA00 |   189590 |      900 |  NoCrunch | Project actors
   PP00 |   122840 |        4 |  NoCrunch | Project patterns
   MT01 |   122844 |       14 |       ZX0 | Map tile data  l1
   MD01 |   190490 |      896 |  NoCrunch | Tile data for map l1 (mem restrictions:None)
   PP01 |   191386 |     3030 |  NoCrunch | Pattern data for l1
   ME01 |   194416 |       44 |  NoCrunch | Map event data for l1
   MY01 |   194460 |       64 |  NoCrunch | Get Y lookup table l1
   MN01 |   122858 |       20 |  NoCrunch | Map path node data for l1
   MA01 |   194524 |       28 |       ZX0 | Map actor data for l1
   MH01 |   194552 |      848 |  NoCrunch | Header data for map l1
   ML01 |   195400 |        6 |       ZX0 | Map block data for l1
   NT00 |   195406 |     2520 |  NoCrunch | Project name table
   PP-1 |   197926 |    70784 |  NoCrunch | Streamed project patterns
   PN00 |   268710 |      224 |  NoCrunch | Animations
   PF00 |   268934 |      944 |  NoCrunch | Animation Frames
   DB00 |   269878 |        2 |  NoCrunch | Misc Data (paths, hurt boxes etc)
   PH00 |   269880 |    11482 |  NoCrunch | Project Header
   PV00 |   281362 |       74 |  NoCrunch | Var Data
   AT00 |   281436 |      264 |  NoCrunch | Attack Data
   PE00 |   281700 |        8 |  NoCrunch | Teleporters
   CM00 |   281708 |       12 |  NoCrunch | Commands for Joystick 1

=== Data Sizes ===
    Size |   Memory | Crunch | Detail
   70784 |    70784 |        | Streamed project patterns
   31548 |    31548 |        | Panel title
   11562 |    11562 |        | Project virtual machine (codeblocks)
   11482 |    11482 |        | Project Header
   10364 |    10364 |        | Panel 
    5888 |     5888 |        | XGM Core Driver
    3950 |     3950 |        | Images
    3030 |     3030 |        | Pattern data for l1
    2520 |     2520 |        | Project name table
    2048 |     2048 |        | Default MD font
     944 |      944 |        | Animation Frames
     900 |      900 |        | Project actors
     896 |      896 |        | Tile data for map l1 (mem restrictions:None)
     854 |      854 |        | XGM 68K Plugin Driver
     848 |      848 |        | Header data for map l1
     264 |      264 |        | Attack Data
     256 |      256 |        | XGM Null sound
     224 |      224 |        | Animations
     172 |      172 |        | XGM Null song
      74 |       74 |        | Var Data
      68 |       68 |        | Project blocks
      64 |       64 |        | Get Y lookup table l1
      44 |       44 |        | Map event data for l1
      28 |       28 |        | Project sound
      28 |      112 |  (75%) | Map actor data for l1
      20 |       20 |        | Map path node data for l1
      14 |      544 |  (98%) | Map tile data  l1
      12 |       12 |        | Commands for Joystick 1
       8 |        8 |        | Teleporters
       6 |      544 |  (99%) | Map block data for l1
       4 |        4 |        | Project patterns
       2 |        2 |        | Misc Data (paths, hurt boxes etc)

=== Accounted Memory Usage ===
(Note that this isn't a full account of memory usage, just the memory we can account for)
RAM reserved for level tiles: (largest level: l1): 1088
memory reserved for active actors on screen (32): 5064
memory reserved for dormant actors in map (128): 4608

Total: 10760 bytes

=== Possibly unused animations ===
william_hurt_r

=== Codeblocks by compiled size ===
load_level: 636
pre_startup: 392
set_yresolution: 390 (Unused?)
flipscreen_smooth: 310 (Unused?)
do_teleport: 300
scott_autogen_attack: 292
flipxymove: 278 (Unused?)
load_next_level: 268 (Unused?)
freemem: 256
block_find: 210 (Unused?)
waitforframes: 194
block_count: 178 (Unused?)
jumper_handler: 174
check_talkpad: 172 (Unused?)
startup: 172
flipymove: 162 (Unused?)
snap_to_screen: 162 (Unused?)
pre_quit: 160 (Unused?)
flipxmove: 142 (Unused?)
pause: 138 (Unused?)
show_panel: 138
restart_this_level: 136 (Unused?)
load_panel: 134
stop_sfx: 130
destroy_all_blocks: 128 (Unused?)
unload_level: 118
jump: 110
anim_force_left: 108 (Unused?)
anim_force_right: 108 (Unused?)
fadein: 108
unload_panel: 102
load_panel_bottom: 96
load_panel_top: 96
destroy_child_actors: 94 (Unused?)
autogen_anim_shadow_0: 90
autogen_scott_punch_l_1: 90
autogen_scott_punch_r_1: 90
pre_load_level: 86
waitforfirehit: 86
fadeout: 76
load_music_finish: 76
wrap_screen_bottom: 76 (Unused?)
wrap_screen_right: 76 (Unused?)
flipscreen: 72 (Unused?)
wrap_screen_left: 72 (Unused?)
wrap_screen_top: 72 (Unused?)
load_music: 70
jump_actor: 66 (Unused?)
waitforfiredown: 64
waitforfireup: 62
destroy_all_actors: 60 (Unused?)
destroy_actor: 58
william_hurt: 58
freemem_hard: 54 (Unused?)
destroy_block: 52 (Unused?)
return: 52 (Unused?)
attack_handler: 52
load_panel_finish: 50
unload_panel_bottom: 50
unload_panel_top: 50
freeze_actor: 40 (Unused?)
quit: 40 (Unused?)
unfreeze_actor: 40 (Unused?)
block_coll_force: 32 (Unused?)
block_coll_passthru: 32
debug_breakpoint: 26 (Unused?)
hardware_amiga: 26 (Unused?)
set_ntsc: 26
vm_constants_tile_properties: 26 (Unused?)
