Compiled on Saturday, 3 January 2026 10:11:55 a.m.
Version string: SE2025.0.260102.23.09.EX

ImageFrame Data Size: 1770
Actor Count: 4
Actor Data Size: 720
Animations Count: 15
Animations Data Size: 240
AnimationFrame Count: 79
AnimationFrame Data Size: 1264

=== Cartridge Composition ===
 Header |   Offset | Size     | Crunch    | Detail
   MC00 |   123136 |      172 |  NoCrunch | XGM Null song
   XG-1 |   125184 |      854 |  NoCrunch | XGM 68K Plugin Driver
   XG00 |   132352 |     5888 |  NoCrunch | XGM Core Driver
   XG01 |   122880 |      256 |  NoCrunch | XGM Null sound
   XG02 |   123392 |     1792 |  NoCrunch | XGM PCM sound: snd_coin
   XG03 |   126208 |     6144 |  NoCrunch | XGM PCM sound: snd_jump
   XG04 |   138240 |     6656 |  NoCrunch | XGM PCM sound: snd_skid
   XG05 |   144896 |    22016 |  NoCrunch | XGM PCM sound: snd_sprint
   PS00 |   126038 |      140 |  NoCrunch | Project sound
   FN00 |   166912 |     2048 |  NoCrunch | Default MD font
   VC00 |   168960 |    11940 |  NoCrunch | Project virtual machine (codeblocks)
   PL01 |   180900 |    10364 |  NoCrunch | Panel 
   PB00 |   191264 |     1836 |  NoCrunch | Project blocks
   PI00 |   193100 |     1770 |  NoCrunch | Images
   PA00 |   194870 |      720 |  NoCrunch | Project actors
   PP00 |   123308 |       48 |  NoCrunch | Project patterns
   MT01 |   195590 |      382 |       ZX0 | Map tile data  green_hills_1
   MD01 |   195972 |    17920 |  NoCrunch | Tile data for map green_hills_1 (mem restrictions:None)
   PP01 |   213892 |      888 |  NoCrunch | Pattern data for green_hills_1
   ME01 |   214780 |       44 |  NoCrunch | Map event data for green_hills_1
   MY01 |   214824 |      136 |  NoCrunch | Get Y lookup table green_hills_1
   MN01 |   122848 |       20 |  NoCrunch | Map path node data for green_hills_1
   MA01 |   123356 |       12 |       ZX0 | Map actor data for green_hills_1
   MH01 |   214960 |      848 |  NoCrunch | Header data for map green_hills_1
   ML01 |   215808 |      422 |       ZX0 | Map block data for green_hills_1
   NT00 |   216230 |     1536 |  NoCrunch | Project name table
   PP-1 |   217766 |    20000 |  NoCrunch | Streamed project patterns
   PN00 |   237766 |      240 |  NoCrunch | Animations
   PF00 |   238006 |     1264 |  NoCrunch | Animation Frames
   DB00 |   122868 |        2 |  NoCrunch | Misc Data (paths, hurt boxes etc)
   PH00 |   239270 |    11482 |  NoCrunch | Project Header
   PV00 |   250752 |       74 |  NoCrunch | Var Data
   AT00 |   250826 |      264 |  NoCrunch | Attack Data
   PE00 |   122870 |        8 |  NoCrunch | Teleporters

=== Data Sizes ===
    Size |   Memory | Crunch | Detail
   22016 |    22016 |        | XGM PCM sound: snd_sprint
   20000 |    20000 |        | Streamed project patterns
   17920 |    17920 |        | Tile data for map green_hills_1 (mem restrictions:None)
   11940 |    11940 |        | Project virtual machine (codeblocks)
   11482 |    11482 |        | Project Header
   10364 |    10364 |        | Panel 
    6656 |     6656 |        | XGM PCM sound: snd_skid
    6144 |     6144 |        | XGM PCM sound: snd_jump
    5888 |     5888 |        | XGM Core Driver
    2048 |     2048 |        | Default MD font
    1836 |     1836 |        | Project blocks
    1792 |     1792 |        | XGM PCM sound: snd_coin
    1770 |     1770 |        | Images
    1536 |     1536 |        | Project name table
    1264 |     1264 |        | Animation Frames
     888 |      888 |        | Pattern data for green_hills_1
     854 |      854 |        | XGM 68K Plugin Driver
     848 |      848 |        | Header data for map green_hills_1
     720 |      720 |        | Project actors
     422 |     9588 |  (96%) | Map block data for green_hills_1
     382 |     9588 |  (97%) | Map tile data  green_hills_1
     264 |      264 |        | Attack Data
     256 |      256 |        | XGM Null sound
     240 |      240 |        | Animations
     172 |      172 |        | XGM Null song
     140 |      140 |        | Project sound
     136 |      136 |        | Get Y lookup table green_hills_1
      74 |       74 |        | Var Data
      48 |       48 |        | Project patterns
      44 |       44 |        | Map event data for green_hills_1
      20 |       20 |        | Map path node data for green_hills_1
      12 |       28 |  (58%) | Map actor data for green_hills_1
       8 |        8 |        | Teleporters
       2 |        2 |        | Misc Data (paths, hurt boxes etc)

=== Accounted Memory Usage ===
(Note that this isn't a full account of memory usage, just the memory we can account for)
RAM reserved for level tiles: (largest level: green_hills_1): 19176
memory reserved for active actors on screen (32): 5064
memory reserved for dormant actors in map (128): 4608

Total: 28848 bytes

=== Possibly unused animations ===
sonic_turbo_r

=== Possibly unused sound effects ===
snd_jump

=== Codeblocks by compiled size ===
sonic_standing_loop: 642
load_level: 636
pre_startup: 392
set_yresolution: 390 (Unused?)
flipscreen_smooth: 310 (Unused?)
do_teleport: 300
flipxymove: 278 (Unused?)
load_next_level: 268 (Unused?)
freemem: 256
reset_game: 244
block_find: 210 (Unused?)
startup: 200
waitforframes: 194
block_count: 178 (Unused?)
check_talkpad: 172 (Unused?)
flipymove: 162 (Unused?)
snap_to_screen: 162 (Unused?)
kill_player: 162
pre_quit: 160 (Unused?)
flipxmove: 142 (Unused?)
pause: 138 (Unused?)
restart_this_level: 136 (Unused?)
load_panel: 134
stop_sfx: 130
destroy_all_blocks: 128 (Unused?)
reset_run: 128
unload_level: 118
get_ring: 116
anim_force_left: 108 (Unused?)
anim_force_right: 108 (Unused?)
fadein: 108
unload_panel: 102
on_level_loaded: 102
load_panel_bottom: 96
load_panel_top: 96
destroy_child_actors: 94 (Unused?)
pre_load_level: 86
waitforfirehit: 86
fadeout: 76
load_music_finish: 76
wrap_screen_bottom: 76 (Unused?)
wrap_screen_right: 76 (Unused?)
flipscreen: 72 (Unused?)
wrap_screen_left: 72 (Unused?)
wrap_screen_top: 72 (Unused?)
load_music: 70
jump_actor: 66 (Unused?)
waitforfiredown: 64
waitforfireup: 62
destroy_all_actors: 60 (Unused?)
destroy_actor: 58
freemem_hard: 54 (Unused?)
AUTOGEN_OUTOFSCREEN_None_None_None_reset_game: 54
destroy_block: 52 (Unused?)
return: 52 (Unused?)
load_panel_finish: 50
unload_panel_bottom: 50
unload_panel_top: 50
freeze_actor: 40 (Unused?)
quit: 40 (Unused?)
unfreeze_actor: 40 (Unused?)
block_coll_force: 32 (Unused?)
block_coll_passthru: 32
debug_breakpoint: 26 (Unused?)
hardware_amiga: 26 (Unused?)
set_ntsc: 26
vm_constants_tile_properties: 26 (Unused?)
