Compiled on Saturday, 3 January 2026 10:12:27 a.m.
Version string: SE2025.0.260102.23.09.EX

=== Misc ===
ImageFrames: 78
ImageFrame Data Size: 3744
Maps and Asset Bundles Count: 2
Maps and Asset Bundles Data Size: 0
Actor Count: 4
Actor Data Size: 720
Block Count: 27
Block Data Size: 1836
Anim5 Count: 0
Anim5 Data Size: 0
Sound Count: 5
Sound Data Size: 140
Teleporter Count: 1
Teleporter Data Size: 8
Animations Count: 15
Animations Data Size: 240
AnimationFrame Count: 79
AnimationFrame Data Size: 1264
Sprites: 55
Sprites Data Size: 770
Attack Data: 3
Attack Data Size: 264
Misc data size: 74

=== Cartridge Composition ===
 Header |   Offset | Size     | Crunch    | Detail
   MC01 |      256 |      876 |   Implode | Music data green_hill
   MS01 |     1132 |    38720 |   Implode | Music samples green_hill
   PL02 |    39852 |       78 |   Implode | Panel (background color #112)
   PL01 |    39930 |     3380 |   Implode | Panel scorpion_eng_splashscreen
   VC00 |    43310 |     2992 |   Implode | Project virtual machine (codeblocks)
   MA01 |    46302 |       28 |  NoCrunch | Map actor data for green_hills_1
   MH01 |    46330 |      186 |   Implode | Header data for map green_hills_1
   MD01 |    46516 |     3796 |   Implode | Tile data for map green_hills_1 (mem restrictions:None)
   AB00 |    50312 |    24324 |   Implode | Asset bundle 0 (Core project asset bundle)
   AB01 |    74636 |     9234 |   Implode | Asset bundle 1 (green_hills_1)
   DB00 |    83870 |        2 |  NoCrunch | Misc Data (paths, hurt boxes etc)
   PH00 |    83872 |     1220 |   Implode | Project Header
   PD00 |    85092 |     2270 |   Implode | Project Data
   VR00 |    87362 |        4 |  NoCrunch | Project virtual machine redirects

=== Data Sizes ===
    Size |   Memory | Crunch | Detail
   38720 |    44810 |  (14%) | Music samples green_hill
   24324 |    55114 |  (56%) | Asset bundle 0 (Core project asset bundle)
    9234 |    27852 |  (67%) | Asset bundle 1 (green_hills_1)
    3796 |    48292 |  (93%) | Tile data for map green_hills_1 (mem restrictions:None)
    3380 |    36784 |  (91%) | Panel scorpion_eng_splashscreen
    2992 |    10338 |  (72%) | Project virtual machine (codeblocks)
    2270 |     9062 |  (75%) | Project Data
    1220 |     4376 |  (73%) | Project Header
     876 |    10300 |  (92%) | Music data green_hill
     186 |      848 |  (79%) | Header data for map green_hills_1
      78 |     1296 |  (94%) | Panel (background color #112)
      28 |       28 |        | Map actor data for green_hills_1
       4 |        4 |        | Project virtual machine redirects
       2 |        2 |        | Misc Data (paths, hurt boxes etc)

=== Accounted Memory Usage ===
(Note that this isn't a full account of memory usage, just the memory we can account for)

For chip:
Map gfx (Panel: scorpion_eng_splashscreen): 36784
Music sample (green_hill): 44810
BP Buffer memory: 136320
Core sfx/gfx memory: 55114
Parallax memory: 0
OS/other estimated: 99328

For other:
Map data memory: 48292
Map background memory: 1296
EXE memory: 219724
vm memory: 10338
project memory: 9062
Music data (green_hill): 10300
memory reserved for active actors on screen (32): 5064
memory reserved for dormant actors in map (128): 4608
OS/other estimated: 105472

Accounted memory chip: 382656
Accounted memory other: 403856
Accounted memory total: 786512

=== Possibly unused animations ===
sonic_turbo_r

=== Possibly unused sound effects ===
snd_jump

=== Codeblocks by compiled size ===
load_level: 676
sonic_standing_loop: 642
pre_startup: 438
do_teleport: 320
flipscreen_smooth: 310 (Unused?)
flipxymove: 278 (Unused?)
load_next_level: 268 (Unused?)
freemem: 256
reset_game: 244
startup: 232
block_find: 210 (Unused?)
set_yresolution: 202
waitforframes: 194
check_talkpad: 192 (Unused?)
pause: 184 (Unused?)
block_count: 178 (Unused?)
flipymove: 162 (Unused?)
snap_to_screen: 162 (Unused?)
kill_player: 162
pre_quit: 160
flipxmove: 142 (Unused?)
restart_this_level: 136 (Unused?)
load_panel: 134
on_level_loaded: 134
stop_sfx: 130
destroy_all_blocks: 128 (Unused?)
reset_run: 128
unload_level: 118
get_ring: 116
anim_force_left: 108 (Unused?)
anim_force_right: 108 (Unused?)
fadein: 108
waitforfireup: 106
unload_panel: 102
waitforfiredown: 102
load_panel_bottom: 96
load_panel_top: 96
destroy_child_actors: 94 (Unused?)
pre_load_level: 86
waitforfirehit: 86
load_music: 78
fadeout: 76
load_music_finish: 76
wrap_screen_bottom: 76 (Unused?)
wrap_screen_right: 76 (Unused?)
set_ntsc: 74 (Unused?)
flipscreen: 72 (Unused?)
wrap_screen_left: 72 (Unused?)
wrap_screen_top: 72 (Unused?)
jump_actor: 66 (Unused?)
destroy_all_actors: 60 (Unused?)
quit: 60 (Unused?)
destroy_actor: 58
freemem_hard: 54 (Unused?)
AUTOGEN_OUTOFSCREEN_None_None_None_reset_game: 54
destroy_block: 52 (Unused?)
return: 52 (Unused?)
load_panel_finish: 50
unload_panel_bottom: 50
unload_panel_top: 50
freeze_actor: 40 (Unused?)
unfreeze_actor: 40 (Unused?)
block_coll_force: 32 (Unused?)
block_coll_passthru: 32
debug_breakpoint: 26 (Unused?)
hardware_amiga: 26 (Unused?)
vm_constants_tile_properties: 26 (Unused?)
