=== Image optimisations ===
Reduce width of animations\player1_legs\p1_legs6.png by 6 pixels to 16 to improve blit performance by 200.00%
Reduce width of animations\player1_legs\p1_legs5.png by 12 pixels to 16 to improve blit performance by 200.00%
Reduce width of animations\player1_legs\p1_legs4.png by 1 pixels to 32 to improve blit performance by 100.00%
Reduce width of animations\player1_legs\p1_legs3.png by 4 pixels to 16 to improve blit performance by 200.00%
Reduce width of animations\player1_legs\p1_legs2.png by 10 pixels to 16 to improve blit performance by 200.00%
Reduce width of animations\player1_legs\p1_legs1.png by 3 pixels to 32 to improve blit performance by 100.00%
Reduce width of animations\player1_legs\p1_legs6.png by 6 pixels to 16 to improve blit performance by 200.00%
Reduce width of animations\player1_legs\p1_legs5.png by 12 pixels to 16 to improve blit performance by 200.00%
Reduce width of animations\player1_legs\p1_legs4.png by 1 pixels to 32 to improve blit performance by 100.00%
Reduce width of animations\player1_legs\p1_legs3.png by 4 pixels to 16 to improve blit performance by 200.00%
Reduce width of animations\player1_legs\p1_legs2.png by 10 pixels to 16 to improve blit performance by 200.00%
Reduce width of animations\player1_legs\p1_legs1.png by 3 pixels to 32 to improve blit performance by 100.00%
Reduce width of animations\player1_legs\p1_legs_idle.png by 14 pixels to 16 to improve blit performance by 200.00%
Reduce width of animations\player1_legs\p1_legs_idle.png by 14 pixels to 16 to improve blit performance by 200.00%
Reduce width of animations\player1_legs\p1_legs1.png by 3 pixels to 32 to improve blit performance by 100.00%
Reduce width of animations\player1_legs\p1_legs2.png by 10 pixels to 16 to improve blit performance by 200.00%
Reduce width of animations\player1_legs\p1_legs3.png by 4 pixels to 16 to improve blit performance by 200.00%
Reduce width of animations\player1_legs\p1_legs4.png by 1 pixels to 32 to improve blit performance by 100.00%
Reduce width of animations\player1_legs\p1_legs5.png by 12 pixels to 16 to improve blit performance by 200.00%
Reduce width of animations\player1_legs\p1_legs6.png by 6 pixels to 16 to improve blit performance by 200.00%
Reduce width of animations\player1_legs\p1_legs1.png by 3 pixels to 32 to improve blit performance by 100.00%
Reduce width of animations\player1_legs\p1_legs2.png by 10 pixels to 16 to improve blit performance by 200.00%
Reduce width of animations\player1_legs\p1_legs3.png by 4 pixels to 16 to improve blit performance by 200.00%
Reduce width of animations\player1_legs\p1_legs4.png by 1 pixels to 32 to improve blit performance by 100.00%
Reduce width of animations\player1_legs\p1_legs5.png by 12 pixels to 16 to improve blit performance by 200.00%
Reduce width of animations\player1_legs\p1_legs6.png by 6 pixels to 16 to improve blit performance by 200.00%
Reduce width of animations\player1_torso\player1_torso2fire1.png by 10 pixels to 16 to improve blit performance by 200.00%
Reduce width of animations\player1_torso\player1_torso2fire2.png by 8 pixels to 16 to improve blit performance by 200.00%
Reduce width of animations\player1_torso\player1_torso2fire1.png by 10 pixels to 16 to improve blit performance by 200.00%
Reduce width of animations\player1_torso\player1_torso2fire2.png by 8 pixels to 16 to improve blit performance by 200.00%
Reduce width of animations\player1_torso\player1_torso3fire1.png by 14 pixels to 16 to improve blit performance by 200.00%
Reduce width of animations\player1_torso\player1_torso3fire2.png by 13 pixels to 16 to improve blit performance by 200.00%
Reduce width of animations\player1_torso\player1_torso3fire1.png by 14 pixels to 16 to improve blit performance by 200.00%
Reduce width of animations\player1_torso\player1_torso3fire2.png by 13 pixels to 16 to improve blit performance by 200.00%
Reduce width of animations\player1_torso\player1_torso4fire1.png by 2 pixels to 32 to improve blit performance by 100.00%
Reduce width of animations\player1_torso\player1_torso4fire2.png by 15 pixels to 16 to improve blit performance by 200.00%
Reduce width of animations\player1_torso\player1_torso4fire1.png by 2 pixels to 32 to improve blit performance by 100.00%
Reduce width of animations\player1_torso\player1_torso4fire2.png by 15 pixels to 16 to improve blit performance by 200.00%
Reduce width of animations\player1_torso\player1_torso5fire1.png by 3 pixels to 32 to improve blit performance by 100.00%
Reduce width of animations\player1_torso\player1_torso5fire2.png by 1 pixels to 32 to improve blit performance by 100.00%
Reduce width of animations\player1_torso\player1_torso5fire1.png by 3 pixels to 32 to improve blit performance by 100.00%
Reduce width of animations\player1_torso\player1_torso5fire2.png by 1 pixels to 32 to improve blit performance by 100.00%
Reduce width of animations\player1_torso\player1_torso1.png by 6 pixels to 16 to improve blit performance by 200.00%
Reduce width of animations\player1_torso\player1_torso1.png by 6 pixels to 16 to improve blit performance by 200.00%
Reduce width of animations\player1_torso\player1_torso2.png by 6 pixels to 16 to improve blit performance by 200.00%
Reduce width of animations\player1_torso\player1_torso2.png by 6 pixels to 16 to improve blit performance by 200.00%
Reduce width of animations\player1_torso\player1_torso3.png by 9 pixels to 16 to improve blit performance by 200.00%
Reduce width of animations\player1_torso\player1_torso3.png by 9 pixels to 16 to improve blit performance by 200.00%
Reduce width of animations\player1_torso\player1_torso4.png by 11 pixels to 16 to improve blit performance by 200.00%
Reduce width of animations\player1_torso\player1_torso4.png by 11 pixels to 16 to improve blit performance by 200.00%
Reduce width of animations\player1_torso\player1_torso5.png by 12 pixels to 16 to improve blit performance by 200.00%
Reduce width of animations\player1_torso\player1_torso5.png by 12 pixels to 16 to improve blit performance by 200.00%
Reduce width of sprites\big_shot_1.png by 1 pixels to 32 to improve blit performance by 100.00%
Reduce width of sprites\big_shot_2.png by 5 pixels to 32 to improve blit performance by 100.00%
Reduce width of sprites\big_shot_3.png by 9 pixels to 32 to improve blit performance by 100.00%
Reduce width of sprites\big_shot_4.png by 15 pixels to 32 to improve blit performance by 100.00%
Reduce width of sprites\cursor.png by 7 pixels to 16 to improve blit performance by 200.00%
Reduce width of sprites\cursor_shooting.png by 7 pixels to 16 to improve blit performance by 200.00%

=== Estimated memory usages ===

For chip:
Map gfx (level gfx bundle 1 ): 38784
Music memory: 0
BP Buffer memory: 157248
core sfx/gfx memory: 84844
Parallax memory: 0

For other:
Map cache memory: 0
Map header cache memory: 0
Map data memory: 1316
Map background memory: 2672
EXE memory: 210032
vm memory: 7946
project memory: 11356

Accounted memory chip: 280876
Accounted memory other: 233322
Accounted memory total: 514198

=== Misc ===
Maps and Asset Bundles Count: 3
Maps and Asset Bundles Data Size: 36
Actor Count: 12
Actor Data Size: 3552
Block Count: 1
Block Data Size: 52
Anim5 Count: 1
Anim5 Data Size: 1036
Sound Count: 2
Sound Data Size: 64
Teleporter Count: 1
Teleporter Data Size: 8
Animations Count: 31
Animations Data Size: 496
AnimationFrame Count: 76
AnimationFrame Data Size: 1216
ImageFrames: 72
ImageFrame Data Size: 4896
Asset bundle 0 (Core project asset bundle) Original size 84844 Crunched size 27040
Asset bundle 1 (restaurant) Original size 38784 Crunched size 17606
Asset bundle 2 (map) Original size 25152 Crunched size 6400
Background for map restaurant Original size 2672 Crunched size 92
Background for map map Original size 2672 Crunched size 92
Tile data for map restaurant (mem restrictions:No_Blocks) Original size 1316 Crunched size 652
Tile data for map map (mem restrictions:No_Blocks) Original size 996 Crunched size 448
Header data for map restaurant Original size 8756 Crunched size 434
Header data for map map Original size 8756 Crunched size 432
Project Data Original size 11356 Crunched size 2148
Project Header Original size 4040 Crunched size 1198
Panel scorpion_eng_splashscreen Original size 37090 Crunched size 3292
Project virtual machine (codeblocks) Original size 7946 Crunched size 2186
Project virtual machine redirects Original size 4 Crunched size 4
