Compiled on Saturday, 3 January 2026 8:47:07 a.m.
Version string: SE2025.0.260102.23.09.EX

ImageFrame Data Size: 90
Actor Count: 4
Actor Data Size: 720
Animations Count: 4
Animations Data Size: 64
AnimationFrame Count: 5
AnimationFrame Data Size: 80

=== Cartridge Composition ===
 Header |   Offset | Size     | Crunch    | Detail
   MC00 |   123136 |      172 |  NoCrunch | XGM Null song
   XG-1 |   123308 |      854 |  NoCrunch | XGM 68K Plugin Driver
   XG00 |   124162 |     5888 |  NoCrunch | XGM Core Driver
   XG01 |   122880 |      256 |  NoCrunch | XGM Null sound
   PS00 |   122776 |       28 |  NoCrunch | Project sound
   FN00 |   130050 |     2048 |  NoCrunch | Default MD font
   VC00 |   132098 |    11166 |  NoCrunch | Project virtual machine (codeblocks)
   PL01 |   143264 |    10364 |  NoCrunch | Panel 
   PB00 |   122804 |       68 |  NoCrunch | Project blocks
   PI00 |   153628 |       90 |  NoCrunch | Images
   PA00 |   153718 |      720 |  NoCrunch | Project actors
   PP00 |   122872 |        4 |  NoCrunch | Project patterns
   MT01 |   154438 |       16 |       ZX0 | Map tile data  level1
   MD01 |   154454 |     4512 |  NoCrunch | Tile data for map level1 (mem restrictions:None)
   PP01 |   158966 |      720 |  NoCrunch | Pattern data for level1
   ME01 |   159686 |       44 |  NoCrunch | Map event data for level1
   MY01 |   159730 |      104 |  NoCrunch | Get Y lookup table level1
   MN01 |   159834 |       20 |  NoCrunch | Map path node data for level1
   MA01 |   159854 |       12 |       ZX0 | Map actor data for level1
   MH01 |   159866 |      848 |  NoCrunch | Header data for map level1
   ML01 |   160714 |        8 |       ZX0 | Map block data for level1
   NT00 |   160722 |     1328 |  NoCrunch | Project name table
   PP-1 |   162050 |     8128 |  NoCrunch | Streamed project patterns
   PN00 |   170178 |       64 |  NoCrunch | Animations
   PF00 |   170242 |       80 |  NoCrunch | Animation Frames
   DB00 |   122876 |        2 |  NoCrunch | Misc Data (paths, hurt boxes etc)
   PH00 |   170322 |    11482 |  NoCrunch | Project Header
   PV00 |   181804 |       56 |  NoCrunch | Var Data
   AT00 |   181860 |      176 |  NoCrunch | Attack Data
   PE00 |   182036 |        8 |  NoCrunch | Teleporters

=== Data Sizes ===
    Size |   Memory | Crunch | Detail
   11482 |    11482 |        | Project Header
   11166 |    11166 |        | Project virtual machine (codeblocks)
   10364 |    10364 |        | Panel 
    8128 |     8128 |        | Streamed project patterns
    5888 |     5888 |        | XGM Core Driver
    4512 |     4512 |        | Tile data for map level1 (mem restrictions:None)
    2048 |     2048 |        | Default MD font
    1328 |     1328 |        | Project name table
     854 |      854 |        | XGM 68K Plugin Driver
     848 |      848 |        | Header data for map level1
     720 |      720 |        | Project actors
     720 |      720 |        | Pattern data for level1
     256 |      256 |        | XGM Null sound
     176 |      176 |        | Attack Data
     172 |      172 |        | XGM Null song
     104 |      104 |        | Get Y lookup table level1
      90 |       90 |        | Images
      80 |       80 |        | Animation Frames
      68 |       68 |        | Project blocks
      64 |       64 |        | Animations
      56 |       56 |        | Var Data
      44 |       44 |        | Map event data for level1
      28 |       28 |        | Project sound
      20 |       20 |        | Map path node data for level1
      16 |     2496 | (100%) | Map tile data  level1
      12 |       28 |  (58%) | Map actor data for level1
       8 |     2496 | (100%) | Map block data for level1
       8 |        8 |        | Teleporters
       4 |        4 |        | Project patterns
       2 |        2 |        | Misc Data (paths, hurt boxes etc)

=== Accounted Memory Usage ===
(Note that this isn't a full account of memory usage, just the memory we can account for)
RAM reserved for level tiles: (largest level: level1): 4992
memory reserved for active actors on screen (32): 5064
memory reserved for dormant actors in map (128): 4608

Total: 14664 bytes

=== Codeblocks by compiled size ===
load_level: 636
handler_batman_hang: 472
pre_startup: 392
set_yresolution: 390 (Unused?)
flipscreen_smooth: 310 (Unused?)
do_teleport: 300
flipxymove: 278 (Unused?)
load_next_level: 268 (Unused?)
freemem: 256
block_find: 210 (Unused?)
waitforframes: 194
block_count: 178 (Unused?)
check_talkpad: 172 (Unused?)
flipymove: 162 (Unused?)
snap_to_screen: 162 (Unused?)
pre_quit: 160 (Unused?)
startup: 160
flipxmove: 142 (Unused?)
pause: 138 (Unused?)
restart_this_level: 136 (Unused?)
spawn_grapple_hook: 136
load_panel: 134
stop_sfx: 130
destroy_all_blocks: 128 (Unused?)
unload_level: 118
anim_force_left: 108 (Unused?)
anim_force_right: 108 (Unused?)
fadein: 108
unload_panel: 102
load_panel_bottom: 96
load_panel_top: 96
destroy_child_actors: 94 (Unused?)
pre_load_level: 86
waitforfirehit: 86
fadeout: 76
load_music_finish: 76
wrap_screen_bottom: 76 (Unused?)
wrap_screen_right: 76 (Unused?)
handler_grapple_point: 74
flipscreen: 72 (Unused?)
wrap_screen_left: 72 (Unused?)
wrap_screen_top: 72 (Unused?)
load_music: 70
jump_actor: 66 (Unused?)
waitforfiredown: 64
waitforfireup: 62
destroy_all_actors: 60 (Unused?)
destroy_actor: 58
freemem_hard: 54 (Unused?)
destroy_block: 52 (Unused?)
return: 52 (Unused?)
load_panel_finish: 50
unload_panel_bottom: 50
unload_panel_top: 50
freeze_actor: 40 (Unused?)
quit: 40 (Unused?)
unfreeze_actor: 40 (Unused?)
block_coll_force: 32 (Unused?)
block_coll_passthru: 32
debug_breakpoint: 26 (Unused?)
hardware_amiga: 26 (Unused?)
set_ntsc: 26
vm_constants_tile_properties: 26 (Unused?)
batman_spawn: 26
