Default MD font Original size 2048 Crunched size 2048
Default MD number font Original size 320 Crunched size 320
Project virtual machine (codeblocks) Original size 8660 Crunched size 8660
Panel  Original size 10332 Crunched size 10332
Project blocks Original size 136 Crunched size 136
Project actors Original size 1128 Crunched size 1128
Project patterns Original size 32 Crunched size 32
Pattern data for 1 Original size 2926 Crunched size 2926
Dynamic pattern data for 1 Original size 32 Crunched size 32
Map header level1 Original size 16152 Crunched size 16152
Get Y lookup table level1 Original size 1028 Crunched size 1028
Map tile data  level1 Original size 4626 Crunched size 19
Map block data for level1 Original size 4626 Crunched size 12
Map path node data for level1 Original size 12 Crunched size 12
Map event data for level1 Original size 32 Crunched size 32
Project name table Original size 8888 Crunched size 8888
Streamed project patterns Original size 44512 Crunched size 44512
Images Original size 1008 Crunched size 1008
Animations Original size 160 Crunched size 160
Animation Frames Original size 592 Crunched size 592
Mega Drive header Original size 2894 Crunched size 2894
Teleporters Original size 8 Crunched size 8
Var Data Original size 30 Crunched size 30
Attack Data Original size 132 Crunched size 132

=== Possibly unused Actors ===
enemy_tank
player_bullet
player_heli

=== Codeblocks by compiled size ===
load_level: 686
handler_tank: 528
set_yresolution: 386
do_teleport: 348
flipscreen_smooth: 306 (Unused?)
flipxymove: 250 (Unused?)
startup: 234
waitforframes: 186
pre_startup: 182
check_talkpad: 168 (Unused?)
spawn_ebullet: 160
snap_to_screen: 158 (Unused?)
flipymove: 146 (Unused?)
load_panel: 146
pre_quit: 144 (Unused?)
flipxmove: 130 (Unused?)
AUTOGEN_OUTOFSCREEN_destroy_actor_destroy_actor_destroy_actor_destroy_actor: 130
pause: 126 (Unused?)
handler_level: 126
destroy_all_blocks: 120 (Unused?)
load_music: 118 (Unused?)
pre_load_level: 118
fn_getdirection: 116
unload_level: 114
hit_tank: 110
waitforfireup: 106
fadein: 102
waitforfiredown: 102
load_panel_bottom: 96 (Unused?)
load_panel_top: 96 (Unused?)
unload_panel: 92
destroy_child_actors: 90 (Unused?)
pre_anim5: 86 (Unused?)
waitforfirehit: 86
fadeout: 84
destroy_pbullet: 82
wrap_screen_bottom: 76 (Unused?)
wrap_screen_right: 76 (Unused?)
wrap_screen_left: 72 (Unused?)
wrap_screen_top: 72 (Unused?)
flipscreen: 70 (Unused?)
load_music_finish: 64
jump_actor: 62 (Unused?)
unload_panel_bottom: 62
unload_panel_top: 62
destroy_all_actors: 56 (Unused?)
load_panel_finish: 56
destroy_actor: 54
handler_ebullet: 54
spawn_tank: 54 (Unused?)
regenerate_screen: 52
return: 52 (Unused?)
AUTOGEN_OUTOFSCREEN_None_None_destroy_actor_None: 50
destroy_block: 48 (Unused?)
quit: 46 (Unused?)
regenerate_screen_wait: 42
freeze_actor: 36 (Unused?)
unfreeze_actor: 36 (Unused?)
block_coll_force: 32 (Unused?)
block_coll_passthru: 32 (Unused?)
vm_registers: 26 (Unused?)
vm_constants: 26 (Unused?)
debug_breakpoint: 26 (Unused?)
vm_constants_audiodriver: 26 (Unused?)
vm_constants_controlbits: 26 (Unused?)
vm_constants_notes: 26 (Unused?)
vm_constants_platform: 26 (Unused?)
vm_constants_tile_properties: 26 (Unused?)
