=== Image optimisations ===
Reduce width of sprites\effects\explosion_00x00.png by 14 pixels to 16 to improve blit performance by 200.00%
Reduce width of sprites\effects\explosion_00x00.png by 14 pixels to 16 to reduce sprites by 2
Reduce width of sprites\effects\explosion_00x01.png by 13 pixels to 16 to improve blit performance by 200.00%
Reduce width of sprites\effects\explosion_00x01.png by 13 pixels to 16 to reduce sprites by 2
Reduce width of sprites\effects\explosion_00x06.png by 11 pixels to 16 to improve blit performance by 200.00%
Reduce width of sprites\effects\explosion_00x06.png by 11 pixels to 16 to reduce sprites by 2
Reduce width of sprites\effects\explosion_00x07.png by 13 pixels to 16 to improve blit performance by 200.00%
Reduce width of sprites\effects\explosion_00x07.png by 13 pixels to 16 to reduce sprites by 2
Reduce width of sprites\enemy\tank_d_00.png by 6 pixels to 16 to improve blit performance by 200.00%
Reduce width of sprites\enemy\tank_d_01.png by 6 pixels to 16 to improve blit performance by 200.00%
Reduce width of sprites\enemy\tank_d_02.png by 12 pixels to 16 to improve blit performance by 200.00%
Reduce width of sprites\enemy\tank_d_03.png by 15 pixels to 16 to improve blit performance by 200.00%
Reduce width of sprites\enemy\tank_d_04.png by 1 pixels to 32 to improve blit performance by 100.00%
Reduce width of sprites\enemy\tank_d_05.png by 15 pixels to 16 to improve blit performance by 200.00%
Reduce width of sprites\enemy\tank_d_06.png by 12 pixels to 16 to improve blit performance by 200.00%
Reduce width of sprites\enemy\tank_d_07.png by 6 pixels to 16 to improve blit performance by 200.00%
Reduce width of sprites\enemy\tank_d_08.png by 6 pixels to 16 to improve blit performance by 200.00%
Reduce width of sprites\enemy\tank_d_09.png by 6 pixels to 16 to improve blit performance by 200.00%
Reduce width of sprites\enemy\tank_d_10.png by 10 pixels to 16 to improve blit performance by 200.00%
Reduce width of sprites\enemy\tank_d_11.png by 14 pixels to 16 to improve blit performance by 200.00%
Reduce width of sprites\enemy\tank_d_13.png by 14 pixels to 16 to improve blit performance by 200.00%
Reduce width of sprites\enemy\tank_d_14.png by 9 pixels to 16 to improve blit performance by 200.00%
Reduce width of sprites\enemy\tank_d_15.png by 6 pixels to 16 to improve blit performance by 200.00%

=== Estimated memory usages ===

For chip:
Map gfx (level gfx bundle 1): 124160
Music memory (): 0
BP Buffer memory: 78624
core sfx/gfx memory: 34128
Parallax memory: 0

For other:
Map cache memory: 0
Map header cache memory: 0
Map data memory: 25234
Map background memory: 2672
EXE memory: 202600
vm memory: 8198
project memory: 4140

Accounted memory chip: 236912
Accounted memory other: 242844
Accounted memory total: 479756

=== Misc ===
Maps and Asset Bundles Count: 2
Maps and Asset Bundles Data Size: 24
Actor Count: 6
Actor Data Size: 1200
Block Count: 2
Block Data Size: 104
Anim5 Count: 0
Anim5 Data Size: 0
Sound Count: 1
Sound Data Size: 24
Teleporter Count: 1
Teleporter Data Size: 8
Animations Count: 10
Animations Data Size: 160
AnimationFrame Count: 37
AnimationFrame Data Size: 592
ImageFrames: 36
ImageFrame Data Size: 1584
Sprites: 20
Sprites Data Size: 280
Attack Data: 2
Attack Data Size: 132
Misc data size: 30
Asset bundle 0 (Core project asset bundle) Original size 34128 Crunched size 13198
Asset bundle 1 (level1) Original size 124160 Crunched size 22410
Background for map level1 Original size 2672 Crunched size 92
Tile data for map level1 (mem restrictions:None) Original size 25234 Crunched size 5446
Header data for map level1 Original size 7996 Crunched size 284
Project Data Original size 4140 Crunched size 1370
Project Header Original size 4032 Crunched size 1184
Panel scorpion_eng_splashscreen Original size 35930 Crunched size 3268
Project virtual machine (codeblocks) Original size 8198 Crunched size 2602
Project virtual machine redirects Original size 4 Crunched size 4

=== Codeblocks by compiled size ===
load_level: 1012
handler_tank: 616
set_yresolution: 448
do_teleport: 362
flipscreen_smooth: 346 (Unused?)
flipxymove: 306 (Unused?)
pause: 252 (Unused?)
snap_to_screen: 190 (Unused?)
pre_startup: 188
spawn_ebullet: 184
startup: 184
flipymove: 174 (Unused?)
flipxmove: 158 (Unused?)
load_panel: 146
pre_quit: 146
fn_getdirection: 142
handler_level: 128
destroy_all_blocks: 124 (Unused?)
unload_level: 114
hit_tank: 104
load_panel_bottom: 96 (Unused?)
load_panel_top: 96 (Unused?)
waitforfireup: 94
unload_panel: 92
wrap_screen_bottom: 92 (Unused?)
wrap_screen_right: 92 (Unused?)
waitforfiredown: 90
wrap_screen_left: 88 (Unused?)
wrap_screen_top: 88 (Unused?)
flipscreen: 86 (Unused?)
pre_anim5: 86 (Unused?)
waitforfirehit: 86
fadeout: 84
waitforframes: 78
destroy_pbullet: 76
quit: 66 (Unused?)
destroy_all_actors: 62 (Unused?)
jump_actor: 62 (Unused?)
load_music: 62 (Unused?)
unload_panel_bottom: 62
unload_panel_top: 62
fadein: 58
load_panel_finish: 56
destroy_actor: 54
regenerate_screen: 52
return: 52 (Unused?)
destroy_block: 48 (Unused?)
handler_ebullet: 48
spawn_tank: 48 (Unused?)
regenerate_screen_wait: 42
debug_dump: 30 (Unused?)
vm_registers: 26 (Unused?)
vm_constants: 26 (Unused?)
debug_breakpoint: 26 (Unused?)
vm_constants_controlbits: 26 (Unused?)
vm_constants_notes: 26 (Unused?)
vm_constants_tile_properties: 26 (Unused?)
vm_constants_platform: 26 (Unused?)
