Compiled on Saturday, 3 January 2026 9:56:32 a.m.
Version string: SE2025.0.260102.23.09.EX

=== Misc ===
ImageFrames: 1
ImageFrame Data Size: 48
Maps and Asset Bundles Count: 2
Maps and Asset Bundles Data Size: 0
Actor Count: 1
Actor Data Size: 180
Block Count: 1
Block Data Size: 68
Anim5 Count: 0
Anim5 Data Size: 0
Sound Count: 1
Sound Data Size: 28
Teleporter Count: 1
Teleporter Data Size: 8
Animations Count: 1
Animations Data Size: 16
AnimationFrame Count: 2
AnimationFrame Data Size: 32
Sprites: 1
Sprites Data Size: 14
Attack Data: 1
Attack Data Size: 88
Misc data size: 20

=== Cartridge Composition ===
 Header |   Offset | Size     | Crunch    | Detail
   PL02 |      202 |       76 |   Implode | Panel (background color #000)
   PL01 |      278 |     3380 |   Implode | Panel scorpion_eng_splashscreen
   VC00 |     3658 |     2612 |   Implode | Project virtual machine (codeblocks)
   MH01 |     6270 |      144 |   Implode | Header data for map map_movie
   MD01 |     6414 |     3206 |   Implode | Tile data for map map_movie (mem restrictions:No_Blocks)
   AB00 |     9620 |        4 |  NoCrunch | Asset bundle 0 (Core project asset bundle)
   AB01 |     9624 |    56136 |   Implode | Asset bundle 1 (map_movie)
   DB00 |    65760 |        2 |  NoCrunch | Misc Data (paths, hurt boxes etc)
   PH00 |    65762 |     1210 |   Implode | Project Header
   PD00 |    66972 |       90 |   Implode | Project Data
   VR00 |    67062 |        4 |  NoCrunch | Project virtual machine redirects

=== Data Sizes ===
    Size |   Memory | Crunch | Detail
   56136 |   135424 |  (59%) | Asset bundle 1 (map_movie)
    3380 |    36784 |  (91%) | Panel scorpion_eng_splashscreen
    3206 |     8528 |  (63%) | Tile data for map map_movie (mem restrictions:No_Blocks)
    2612 |     8922 |  (71%) | Project virtual machine (codeblocks)
    1210 |     4376 |  (73%) | Project Header
     144 |      848 |  (84%) | Header data for map map_movie
      90 |      504 |  (83%) | Project Data
      76 |     1296 |  (95%) | Panel (background color #000)
       4 |        4 |        | Asset bundle 0 (Core project asset bundle)
       4 |        4 |        | Project virtual machine redirects
       2 |        2 |        | Misc Data (paths, hurt boxes etc)

=== Accounted Memory Usage ===
(Note that this isn't a full account of memory usage, just the memory we can account for)

For chip:
Map gfx (level gfx bundle 1): 135424
Music sample (): 0
BP Buffer memory: 106752
Core sfx/gfx memory: 4
Parallax memory: 0
OS/other estimated: 99328

For other:
Map data memory: 8528
Map background memory: 1296
EXE memory: 219724
vm memory: 8922
project memory: 504
Music data (): 0
memory reserved for active actors on screen (32): 5064
memory reserved for dormant actors in map (128): 4608
OS/other estimated: 105472

Accounted memory chip: 341508
Accounted memory other: 354118
Accounted memory total: 695626

=== Codeblocks by compiled size ===
load_level: 676
pre_startup: 438
do_teleport: 320
flipscreen_smooth: 310 (Unused?)
flipxymove: 278 (Unused?)
load_next_level: 268 (Unused?)
freemem: 256
block_find: 210 (Unused?)
set_yresolution: 202
waitforframes: 194
check_talkpad: 192 (Unused?)
pause: 184 (Unused?)
block_count: 178 (Unused?)
flipymove: 162 (Unused?)
snap_to_screen: 162 (Unused?)
pre_quit: 160
startup: 156
flipxmove: 142 (Unused?)
play_movie: 140
restart_this_level: 136 (Unused?)
load_panel: 134
stop_sfx: 130
destroy_all_blocks: 128 (Unused?)
unload_level: 118
anim_force_left: 108 (Unused?)
anim_force_right: 108 (Unused?)
fadein: 108
waitforfireup: 106
unload_panel: 102
waitforfiredown: 102
load_panel_bottom: 96
load_panel_top: 96
destroy_child_actors: 94 (Unused?)
pre_load_level: 86
waitforfirehit: 86
load_music: 78
fadeout: 76
load_music_finish: 76
wrap_screen_bottom: 76 (Unused?)
wrap_screen_right: 76 (Unused?)
set_ntsc: 74 (Unused?)
flipscreen: 72 (Unused?)
wrap_screen_left: 72 (Unused?)
wrap_screen_top: 72 (Unused?)
jump_actor: 66 (Unused?)
destroy_all_actors: 60 (Unused?)
quit: 60 (Unused?)
destroy_actor: 58
freemem_hard: 54 (Unused?)
destroy_block: 52 (Unused?)
return: 52 (Unused?)
load_panel_finish: 50
unload_panel_bottom: 50
unload_panel_top: 50
freeze_actor: 40 (Unused?)
unfreeze_actor: 40 (Unused?)
block_coll_force: 32 (Unused?)
block_coll_passthru: 32
debug_breakpoint: 26 (Unused?)
hardware_amiga: 26 (Unused?)
vm_constants_tile_properties: 26 (Unused?)
