Compiled on Wednesday, 24 December 2025 10:41:10 p.m.
Version string: SE2025.0.251224.21.50.EX

ImageFrame Data Size: 0
Actor Count: 1
Actor Data Size: 180
Animations Count: 1
Animations Data Size: 16
AnimationFrame Count: 2
AnimationFrame Data Size: 32

=== Cartridge Composition ===
 Header |   Offset | Size     | Crunch    | Detail
   MC00 |   123176 |      172 |  NoCrunch | XGM Null song
   XG-1 |   123648 |      854 |  NoCrunch | XGM 68K Plugin Driver
   XG00 |   124502 |     5888 |  NoCrunch | XGM Core Driver
   XG01 |   123392 |      256 |  NoCrunch | XGM Null sound
   PS00 |   123348 |       28 |  NoCrunch | Project sound
   FN00 |   130390 |     2048 |  NoCrunch | Default MD font
   VC00 |   132438 |    10570 |  NoCrunch | Project virtual machine (codeblocks)
   PL01 |   143008 |    10364 |  NoCrunch | Panel 
   PB00 |   153372 |       68 |  NoCrunch | Project blocks
   PA00 |   153440 |      180 |  NoCrunch | Project actors
   PP00 |   123376 |        4 |  NoCrunch | Project patterns
   MT01 |   153620 |       16 |       ZX0 | Map tile data  map_movie
   MD01 |   153636 |     3584 |  NoCrunch | Tile data for map map_movie (mem restrictions:None)
   DP01 |   157220 |   101920 |  NoCrunch | Dynamic pattern data for map_movie
   ME01 |   259140 |       44 |  NoCrunch | Map event data for map_movie
   MY01 |   259184 |       64 |  NoCrunch | Get Y lookup table map_movie
   MN01 |   259248 |       20 |  NoCrunch | Map path node data for map_movie
   MH01 |   259268 |      848 |  NoCrunch | Header data for map map_movie
   ML01 |   123380 |        8 |       ZX0 | Map block data for map_movie
   NT00 |   260116 |    17184 |  NoCrunch | Project name table
   PP-1 |   277300 |       32 |  NoCrunch | Streamed project patterns
   PN00 |   277332 |       16 |  NoCrunch | Animations
   PF00 |   277348 |       32 |  NoCrunch | Animation Frames
   DB00 |   123388 |        2 |  NoCrunch | Misc Data (paths, hurt boxes etc)
   PH00 |   277380 |     3290 |  NoCrunch | Project Header
   PV00 |   280670 |       20 |  NoCrunch | Var Data
   AT00 |   280690 |       88 |  NoCrunch | Attack Data
   PE00 |   280778 |        8 |  NoCrunch | Teleporters

=== Data Sizes ===
    Size |   Memory | Crunch | Detail
  101920 |   101920 |        | Dynamic pattern data for map_movie
   17184 |    17184 |        | Project name table
   10570 |    10570 |        | Project virtual machine (codeblocks)
   10364 |    10364 |        | Panel 
    5888 |     5888 |        | XGM Core Driver
    3584 |     3584 |        | Tile data for map map_movie (mem restrictions:None)
    3290 |     3290 |        | Project Header
    2048 |     2048 |        | Default MD font
     854 |      854 |        | XGM 68K Plugin Driver
     848 |      848 |        | Header data for map map_movie
     256 |      256 |        | XGM Null sound
     180 |      180 |        | Project actors
     172 |      172 |        | XGM Null song
      88 |       88 |        | Attack Data
      68 |       68 |        | Project blocks
      64 |       64 |        | Get Y lookup table map_movie
      44 |       44 |        | Map event data for map_movie
      32 |       32 |        | Streamed project patterns
      32 |       32 |        | Animation Frames
      28 |       28 |        | Project sound
      20 |       20 |        | Map path node data for map_movie
      20 |       20 |        | Var Data
      16 |     2080 | (100%) | Map tile data  map_movie
      16 |       16 |        | Animations
       8 |     2080 | (100%) | Map block data for map_movie
       8 |        8 |        | Teleporters
       4 |        4 |        | Project patterns
       2 |        2 |        | Misc Data (paths, hurt boxes etc)

=== Accounted Memory Usage ===
(Note that this isn't a full account of memory usage, just the memory we can account for)
RAM reserved for level tiles: (largest level: map_movie): 4160
memory reserved for active actors on screen (32): 5064
memory reserved for dormant actors in map (128): 4608

Total: 13832 bytes

=== Codeblocks by compiled size ===
load_level: 636
pre_startup: 392
set_yresolution: 390 (Unused?)
flipscreen_smooth: 310 (Unused?)
do_teleport: 300
flipxymove: 278 (Unused?)
load_next_level: 268 (Unused?)
freemem: 256
block_find: 210 (Unused?)
waitforframes: 194
block_count: 178 (Unused?)
check_talkpad: 172 (Unused?)
flipymove: 162 (Unused?)
snap_to_screen: 162 (Unused?)
pre_quit: 160 (Unused?)
startup: 156
flipxmove: 142 (Unused?)
pause: 138 (Unused?)
restart_this_level: 136 (Unused?)
load_panel: 134
stop_sfx: 130
destroy_all_blocks: 128 (Unused?)
play_movie: 122
unload_level: 118
anim_force_left: 108 (Unused?)
anim_force_right: 108 (Unused?)
fadein: 108
unload_panel: 102
load_panel_bottom: 96
load_panel_top: 96
destroy_child_actors: 94 (Unused?)
pre_load_level: 86
waitforfirehit: 86
fadeout: 76
load_music_finish: 76
wrap_screen_bottom: 76 (Unused?)
wrap_screen_right: 76 (Unused?)
flipscreen: 72 (Unused?)
wrap_screen_left: 72 (Unused?)
wrap_screen_top: 72 (Unused?)
load_music: 70
jump_actor: 66 (Unused?)
waitforfiredown: 64
waitforfireup: 62
destroy_all_actors: 60 (Unused?)
destroy_actor: 58
freemem_hard: 54 (Unused?)
destroy_block: 52 (Unused?)
return: 52 (Unused?)
load_panel_finish: 50
unload_panel_bottom: 50
unload_panel_top: 50
freeze_actor: 40 (Unused?)
quit: 40 (Unused?)
unfreeze_actor: 40 (Unused?)
block_coll_force: 32 (Unused?)
block_coll_passthru: 32
debug_breakpoint: 26 (Unused?)
hardware_amiga: 26 (Unused?)
set_ntsc: 26
vm_constants_tile_properties: 26 (Unused?)
