Compiled on Saturday, 3 January 2026 9:55:44 a.m.
Version string: SE2025.0.260102.23.09.EX

ImageFrame Data Size: 0
Actor Count: 1
Actor Data Size: 180
Animations Count: 1
Animations Data Size: 16
AnimationFrame Count: 2
AnimationFrame Data Size: 32

=== Cartridge Composition ===
 Header |   Offset | Size     | Crunch    | Detail
   VC00 |   107740 |     8978 |  NoCrunch | Project virtual machine (codeblocks)
   PL01 |   116718 |     2012 |  NoCrunch | Panel 
   PB00 |   118730 |       68 |  NoCrunch | Project blocks
   PA00 |   118798 |      180 |  NoCrunch | Project actors
   ML01 |   118978 |        8 |       ZX0 | Map block data for map_movie
   MH01 |   118986 |      848 |  NoCrunch | Header data for map map_movie
   MT01 |   119834 |       16 |       ZX0 | Map tile data  map_movie
   MD01 |   119850 |     3584 |  NoCrunch | Tile data for map map_movie (mem restrictions:None)
   ME01 |   123434 |       44 |  NoCrunch | Map event data for map_movie
   MY01 |   123478 |       64 |  NoCrunch | Get Y lookup table map_movie
   MN01 |   123542 |       20 |  NoCrunch | Map path node data for map_movie
   NT00 |   123562 |     4296 |  NoCrunch | Project name table
   PN00 |   127858 |       16 |  NoCrunch | Animations
   PF00 |   127874 |       32 |  NoCrunch | Animation Frames
   PS00 |   127906 |       28 |  NoCrunch | Project sound
   DB00 |   127934 |        2 |  NoCrunch | Misc Data (paths, hurt boxes etc)
   PH00 |   127936 |    11482 |  NoCrunch | Project Header
   PV00 |   139418 |       20 |  NoCrunch | Var Data
   AT00 |   139438 |       88 |  NoCrunch | Attack Data
   PE00 |   139526 |        8 |  NoCrunch | Teleporters

=== Data Sizes ===
    Size |   Memory | Crunch | Detail
   11482 |    11482 |        | Project Header
    8978 |     8978 |        | Project virtual machine (codeblocks)
    4296 |     4296 |        | Project name table
    3584 |     3584 |        | Tile data for map map_movie (mem restrictions:None)
    2012 |     2012 |        | Panel 
     848 |      848 |        | Header data for map map_movie
     180 |      180 |        | Project actors
      88 |       88 |        | Attack Data
      68 |       68 |        | Project blocks
      64 |       64 |        | Get Y lookup table map_movie
      44 |       44 |        | Map event data for map_movie
      32 |       32 |        | Animation Frames
      28 |       28 |        | Project sound
      20 |       20 |        | Map path node data for map_movie
      20 |       20 |        | Var Data
      16 |     2080 | (100%) | Map tile data  map_movie
      16 |       16 |        | Animations
       8 |     2080 | (100%) | Map block data for map_movie
       8 |        8 |        | Teleporters
       2 |        2 |        | Misc Data (paths, hurt boxes etc)

=== Accounted Memory Usage ===
(Note that this isn't a full account of memory usage, just the memory we can account for)
NeoGeo BIOS memory: 3328
RAM reserved for level tiles: (largest level: map_movie): 4160
memory reserved for active actors on screen (32): 5064
memory reserved for dormant actors in map (128): 4608

Total: 17160 bytes

=== Codeblocks by compiled size ===
load_level: 636
pre_startup: 348
flipscreen_smooth: 310 (Unused?)
do_teleport: 300
flipxymove: 278 (Unused?)
load_next_level: 268 (Unused?)
freemem: 256
set_yresolution: 256 (Unused?)
block_find: 210 (Unused?)
waitforframes: 194
block_count: 178 (Unused?)
check_talkpad: 172 (Unused?)
flipymove: 162 (Unused?)
snap_to_screen: 162 (Unused?)
pre_quit: 160 (Unused?)
startup: 156
flipxmove: 142 (Unused?)
play_movie: 140
pause: 138 (Unused?)
restart_this_level: 136 (Unused?)
load_panel: 134
stop_sfx: 130
destroy_all_blocks: 128 (Unused?)
unload_level: 118
anim_force_left: 108 (Unused?)
anim_force_right: 108 (Unused?)
fadein: 108
unload_panel: 102
load_panel_bottom: 96
load_panel_top: 96
destroy_child_actors: 94 (Unused?)
pre_load_level: 86
waitforfirehit: 86
fadeout: 76
load_music_finish: 76
wrap_screen_bottom: 76 (Unused?)
wrap_screen_right: 76 (Unused?)
flipscreen: 72 (Unused?)
wrap_screen_left: 72 (Unused?)
wrap_screen_top: 72 (Unused?)
jump_actor: 66 (Unused?)
waitforfiredown: 64
load_music: 62
waitforfireup: 62
destroy_all_actors: 60 (Unused?)
destroy_actor: 58
freemem_hard: 54 (Unused?)
destroy_block: 52 (Unused?)
return: 52 (Unused?)
load_panel_finish: 50
unload_panel_bottom: 50
unload_panel_top: 50
freeze_actor: 40 (Unused?)
quit: 40 (Unused?)
unfreeze_actor: 40 (Unused?)
block_coll_force: 32 (Unused?)
block_coll_passthru: 32
debug_breakpoint: 26 (Unused?)
hardware_amiga: 26 (Unused?)
set_ntsc: 26 (Unused?)
vm_constants_tile_properties: 26 (Unused?)
