Compiled on Monday, 17 November 2025 11:22:54 a.m.
Version string: SE2025.0.251117.00.16.EX

ImageFrame Data Size: 1610
Actor Count: 17
Actor Data Size: 3060
Animations Count: 27
Animations Data Size: 432
AnimationFrame Count: 66
AnimationFrame Data Size: 1056

=== Cartridge Composition ===
 Header |   Offset | Size     | Crunch    | Detail
   MC00 |   120832 |      172 |  NoCrunch | XGM Null song
   XG-1 |   121004 |      854 |  NoCrunch | XGM 68K Plugin Driver
   XG00 |   121858 |     5888 |  NoCrunch | XGM Core Driver
   XG01 |   120576 |      256 |  NoCrunch | XGM Null sound
   PS00 |   120432 |       28 |  NoCrunch | Project sound
   FN00 |   127746 |     2048 |  NoCrunch | Default MD font
   VC00 |   129794 |    18280 |  NoCrunch | Project virtual machine (codeblocks)
   PL01 |   148074 |    10364 |  NoCrunch | Panel 
   PL02 |   158438 |     2156 |  NoCrunch | Panel frog_timer
   NF03 |   160594 |      320 |  NoCrunch | Number font for panel 3
   PL03 |   160914 |     5476 |  NoCrunch | Panel hiscore_panel
   NF04 |   166390 |      320 |  NoCrunch | Number font for panel 4
   PL04 |   166710 |     1484 |  NoCrunch | Panel score_panel
   PL05 |   168194 |     8484 |  NoCrunch | Panel start_panel
   PB00 |   176678 |      272 |  NoCrunch | Project blocks
   PI00 |   176950 |     1610 |  NoCrunch | Images
   PA00 |   178560 |     3060 |  NoCrunch | Project actors
   PP00 |   120460 |       18 |  NoCrunch | Project patterns
   MT01 |   120478 |       26 |       ZX0 | Map tile data  frogmap1
   MD01 |   181620 |      512 |  NoCrunch | Tile data for map frogmap1 (mem restrictions:None)
   PP01 |   120504 |       54 |  NoCrunch | Pattern data for 1
   ME01 |   182132 |      396 |  NoCrunch | Map event data for frogmap1
   MY01 |   182528 |       80 |  NoCrunch | Get Y lookup table frogmap1
   MN01 |   120558 |       12 |  NoCrunch | Map path node data for frogmap1
   MA01 |   182608 |      166 |       ZX0 | Map actor data for frogmap1
   MH01 |   182774 |      848 |  NoCrunch | Header data for map frogmap1
   ML01 |   183622 |       14 |       ZX0 | Map block data for frogmap1
   MT02 |   183636 |       14 |       ZX0 | Map tile data  frogmap2
   MD02 |   183650 |      448 |  NoCrunch | Tile data for map frogmap2 (mem restrictions:None)
   PP02 |   184098 |       66 |  NoCrunch | Pattern data for 2
   ME02 |   184164 |       44 |  NoCrunch | Map event data for frogmap2
   MY02 |   184208 |       72 |  NoCrunch | Get Y lookup table frogmap2
   MN02 |   184280 |       12 |  NoCrunch | Map path node data for frogmap2
   MA02 |   184292 |       90 |       ZX0 | Map actor data for frogmap2
   MH02 |   184382 |      848 |  NoCrunch | Header data for map frogmap2
   ML02 |   185230 |        6 |       ZX0 | Map block data for frogmap2
   NT00 |   185236 |       96 |  NoCrunch | Project name table
   PP-1 |   185332 |     7264 |  NoCrunch | Streamed project patterns
   PN00 |   192596 |      432 |  NoCrunch | Animations
   PF00 |   193028 |     1056 |  NoCrunch | Animation Frames
   DB00 |   120570 |        2 |  NoCrunch | Misc Data (paths, hurt boxes etc)
   PH00 |   194084 |     3290 |  NoCrunch | Project Header
   PD01 |   197374 |        4 |  NoCrunch | Project Custom Collisions
   PV00 |   197378 |      140 |  NoCrunch | Var Data
   AT00 |   197518 |       88 |  NoCrunch | Attack Data
   PE00 |   197606 |        8 |  NoCrunch | Teleporters

=== Data Sizes ===
    Size |   Memory | Crunch | Detail
   18280 |    18280 |        | Project virtual machine (codeblocks)
   10364 |    10364 |        | Panel 
    8484 |     8484 |        | Panel start_panel
    7264 |     7264 |        | Streamed project patterns
    5888 |     5888 |        | XGM Core Driver
    5476 |     5476 |        | Panel hiscore_panel
    3290 |     3290 |        | Project Header
    3060 |     3060 |        | Project actors
    2156 |     2156 |        | Panel frog_timer
    2048 |     2048 |        | Default MD font
    1610 |     1610 |        | Images
    1484 |     1484 |        | Panel score_panel
    1056 |     1056 |        | Animation Frames
     854 |      854 |        | XGM 68K Plugin Driver
     848 |      848 |        | Header data for map frogmap1
     848 |      848 |        | Header data for map frogmap2
     512 |      512 |        | Tile data for map frogmap1 (mem restrictions:None)
     448 |      448 |        | Tile data for map frogmap2 (mem restrictions:None)
     432 |      432 |        | Animations
     396 |      396 |        | Map event data for frogmap1
     320 |      320 |        | Number font for panel 3
     320 |      320 |        | Number font for panel 4
     272 |      272 |        | Project blocks
     256 |      256 |        | XGM Null sound
     172 |      172 |        | XGM Null song
     166 |      896 |  (82%) | Map actor data for frogmap1
     140 |      140 |        | Var Data
      96 |       96 |        | Project name table
      90 |      476 |  (82%) | Map actor data for frogmap2
      88 |       88 |        | Attack Data
      80 |       80 |        | Get Y lookup table frogmap1
      72 |       72 |        | Get Y lookup table frogmap2
      66 |       66 |        | Pattern data for 2
      54 |       54 |        | Pattern data for 1
      44 |       44 |        | Map event data for frogmap2
      28 |       28 |        | Project sound
      26 |     1640 |  (99%) | Map tile data  frogmap1
      18 |       18 |        | Project patterns
      14 |     1640 | (100%) | Map block data for frogmap1
      14 |      324 |  (96%) | Map tile data  frogmap2
      12 |       12 |        | Map path node data for frogmap1
      12 |       12 |        | Map path node data for frogmap2
       8 |        8 |        | Teleporters
       6 |      324 |  (99%) | Map block data for frogmap2
       4 |        4 |        | Project Custom Collisions
       2 |        2 |        | Misc Data (paths, hurt boxes etc)

=== Accounted Memory Usage ===
(Note that this isn't a full account of memory usage, just the memory we can account for)
RAM reserved for level tiles: (largest level: frogmap1): 3280
memory reserved for active actors on screen (42): 6644
memory reserved for dormant actors in map (128): 4608

Total: 14532 bytes

=== Codeblocks by compiled size ===
highscores: 834
frog1_safe: 810
frog2_safe: 810
frog3_safe: 810
frog4_safe: 810
frog5_safe: 810
restart: 764
player_handler: 656
load_level: 624
startup: 592
pre_startup: 392
set_yresolution: 390 (Unused?)
flipscreen_smooth: 310 (Unused?)
do_teleport: 300
flipxymove: 278 (Unused?)
load_next_level: 268 (Unused?)
frog_deth_water: 250
frog_deth_topscreen: 238
block_find: 210 (Unused?)
waitforframes: 194
block_count: 178 (Unused?)
check_talkpad: 172 (Unused?)
flipymove: 162 (Unused?)
snap_to_screen: 162
pre_quit: 160 (Unused?)
flipxmove: 142 (Unused?)
pause: 138 (Unused?)
restart_this_level: 136 (Unused?)
load_panel: 134
destroy_all_blocks: 128 (Unused?)
unload_level: 118
timer_count: 110
fadein: 108
unload_panel: 102
load_panel_bottom: 96
load_panel_top: 96 (Unused?)
destroy_child_actors: 94 (Unused?)
autogen_player1_moveup_0: 90
autogen_player1_moveup_1: 90
pre_load_level: 86
waitforfirehit: 86
log_turtle_ride: 86
player_spawn: 86
AUTOGEN_OUTOFSCREEN_leave_scrn_leave_scrn_None_None: 78
fadeout: 76
load_music_finish: 76
wrap_screen_bottom: 76 (Unused?)
wrap_screen_right: 76 (Unused?)
flipscreen: 72 (Unused?)
wrap_screen_left: 72 (Unused?)
wrap_screen_top: 72 (Unused?)
load_music: 70 (Unused?)
jump_actor: 66 (Unused?)
waitforfiredown: 64
leave_scrn: 64
river_wrap2: 64 (Unused?)
waitforfireup: 62
river_wrap: 62 (Unused?)
truck_wrap: 62
destroy_all_actors: 60 (Unused?)
destroy_actor: 58
AUTOGEN_OUTOFSCREEN_None_truck_wrap2_None_None: 54
AUTOGEN_OUTOFSCREEN_None_wrap_right_None_None: 54
destroy_block: 52 (Unused?)
return: 52 (Unused?)
load_panel_finish: 50
unload_panel_bottom: 50
unload_panel_top: 50
AUTOGEN_OUTOFSCREEN_truck_wrap_None_None_None: 50
AUTOGEN_OUTOFSCREEN_wrap_left_None_None_None: 50
wrap_left: 48
no_clearing: 46
wrap_right: 46
freeze_actor: 40 (Unused?)
quit: 40 (Unused?)
unfreeze_actor: 40 (Unused?)
autogen_turtle_down_2seg_2: 36
autogen_turtle_down_2seg_3: 36
autogen_turtle_down_3seg_2: 36
block_coll_force: 32 (Unused?)
block_coll_passthru: 32
debug_breakpoint: 26 (Unused?)
hardware_amiga: 26 (Unused?)
set_ntsc: 26
vm_constants_tile_properties: 26 (Unused?)
