Compiled on Saturday, 3 January 2026 9:15:26 a.m.
Version string: SE2025.0.260102.23.09.EX

=== Misc ===
ImageFrames: 65
ImageFrame Data Size: 3120
Maps and Asset Bundles Count: 3
Maps and Asset Bundles Data Size: 0
Actor Count: 17
Actor Data Size: 3060
Block Count: 4
Block Data Size: 272
Anim5 Count: 0
Anim5 Data Size: 0
Sound Count: 1
Sound Data Size: 28
Teleporter Count: 1
Teleporter Data Size: 8
Animations Count: 27
Animations Data Size: 432
AnimationFrame Count: 66
AnimationFrame Data Size: 1056
Sprites: 1
Sprites Data Size: 14
Attack Data: 2
Attack Data Size: 176
Misc data size: 164

=== Cartridge Composition ===
 Header |   Offset | Size     | Crunch    | Detail
   PL07 |      472 |       76 |   Implode | Panel (background color #000)
   PL01 |      548 |     3380 |   Implode | Panel scorpion_eng_splashscreen
   PL02 |     3928 |      358 |   Implode | Panel frog_timer
   PC02 |     4286 |      200 |   Implode | Panel bobs frog_timer
   PL03 |     4486 |     1822 |   Implode | Panel hiscore_panel
   PC03 |     6308 |      424 |   Implode | Panel bobs hiscore_panel
   PL04 |     6732 |       86 |   Implode | Panel (background)lvl1_copper
   PL05 |     6818 |      342 |   Implode | Panel score_panel
   PC05 |     7160 |      204 |   Implode | Panel bobs score_panel
   PL06 |     7364 |     3548 |   Implode | Panel start_panel
   PC06 |    10912 |      220 |   Implode | Panel bobs start_panel
   VC00 |    11132 |     4082 |   Implode | Project virtual machine (codeblocks)
   MA01 |    15214 |      290 |   Implode | Map actor data for frogmap1
   MH01 |    15504 |      180 |   Implode | Header data for map frogmap1
   MD01 |    15684 |      438 |   Implode | Tile data for map frogmap1 (mem restrictions:None)
   MA02 |    16122 |      178 |   Implode | Map actor data for frogmap2
   MH02 |    16300 |      182 |   Implode | Header data for map frogmap2
   MD02 |    16482 |      244 |   Implode | Tile data for map frogmap2 (mem restrictions:None)
   AB00 |    16726 |     3424 |   Implode | Asset bundle 0 (Core project asset bundle)
   AB01 |    20150 |      564 |   Implode | Asset bundle 1 (frogmap1)
   AB02 |    20714 |      744 |   Implode | Asset bundle 2 (frogmap2)
   DB00 |    21458 |        2 |  NoCrunch | Misc Data (paths, hurt boxes etc)
   PH00 |    21460 |     1218 |   Implode | Project Header
   PD01 |    22678 |        4 |  NoCrunch | Project Custom Collisions
   PD00 |    22682 |     1880 |   Implode | Project Data
   VR00 |    24562 |        4 |  NoCrunch | Project virtual machine redirects

=== Data Sizes ===
    Size |   Memory | Crunch | Detail
    4082 |    17358 |  (77%) | Project virtual machine (codeblocks)
    3548 |    35440 |  (90%) | Panel start_panel
    3424 |    14608 |  (77%) | Asset bundle 0 (Core project asset bundle)
    3380 |    36784 |  (91%) | Panel scorpion_eng_splashscreen
    1880 |     8332 |  (78%) | Project Data
    1822 |    35600 |  (95%) | Panel hiscore_panel
    1218 |     4376 |  (73%) | Project Header
     744 |     1664 |  (56%) | Asset bundle 2 (frogmap2)
     564 |     1280 |  (56%) | Asset bundle 1 (frogmap1)
     438 |     8792 |  (96%) | Tile data for map frogmap1 (mem restrictions:None)
     424 |     1876 |  (78%) | Panel bobs hiscore_panel
     358 |     4120 |  (92%) | Panel frog_timer
     342 |     2744 |  (88%) | Panel score_panel
     290 |      896 |  (68%) | Map actor data for frogmap1
     244 |     1844 |  (87%) | Tile data for map frogmap2 (mem restrictions:None)
     220 |      940 |  (77%) | Panel bobs start_panel
     204 |      480 |  (58%) | Panel bobs score_panel
     200 |     1192 |  (84%) | Panel bobs frog_timer
     182 |      848 |  (79%) | Header data for map frogmap2
     180 |      848 |  (79%) | Header data for map frogmap1
     178 |      476 |  (63%) | Map actor data for frogmap2
      86 |     1296 |  (94%) | Panel (background)lvl1_copper
      76 |     1296 |  (95%) | Panel (background color #000)
       4 |        4 |        | Project Custom Collisions
       4 |        4 |        | Project virtual machine redirects
       2 |        2 |        | Misc Data (paths, hurt boxes etc)

=== Accounted Memory Usage ===
(Note that this isn't a full account of memory usage, just the memory we can account for)

For chip:
Map gfx (Panel: scorpion_eng_splashscreen): 36784
Music sample (): 0
BP Buffer memory: 78624
Core sfx/gfx memory: 14608
Parallax memory: 0
OS/other estimated: 99328

For other:
Map data memory: 8792
Map background memory: 1296
EXE memory: 219724
vm memory: 17358
project memory: 8332
Music data (): 0
memory reserved for active actors on screen (42): 6644
memory reserved for dormant actors in map (128): 4608
OS/other estimated: 105472

Accounted memory chip: 229344
Accounted memory other: 372226
Accounted memory total: 601570

=== Codeblocks by compiled size ===
highscores: 834
frog1_safe: 810
frog2_safe: 810
frog3_safe: 810
frog4_safe: 810
frog5_safe: 810
restart: 784
load_level: 676
player_handler: 656
startup: 646
pre_startup: 438
do_teleport: 320
flipscreen_smooth: 310 (Unused?)
flipxymove: 278 (Unused?)
load_next_level: 268 (Unused?)
freemem: 256
frog_deth_water: 250
frog_deth_topscreen: 238
block_find: 210 (Unused?)
set_yresolution: 202
waitforframes: 194
check_talkpad: 192 (Unused?)
pause: 184
block_count: 178 (Unused?)
flipymove: 162 (Unused?)
snap_to_screen: 162
pre_quit: 160
flipxmove: 142 (Unused?)
restart_this_level: 136 (Unused?)
load_panel: 134
stop_sfx: 130
destroy_all_blocks: 128 (Unused?)
unload_level: 118
timer_count: 110
anim_force_left: 108 (Unused?)
anim_force_right: 108 (Unused?)
fadein: 108
waitforfireup: 106
unload_panel: 102
waitforfiredown: 102
load_panel_bottom: 96
load_panel_top: 96
destroy_child_actors: 94 (Unused?)
autogen_player1_moveup_0: 90
autogen_player1_moveup_1: 90
pre_load_level: 86
waitforfirehit: 86
log_turtle_ride: 86
player_spawn: 86
load_music: 78
AUTOGEN_OUTOFSCREEN_leave_scrn_leave_scrn_None_None: 78
fadeout: 76
load_music_finish: 76
wrap_screen_bottom: 76 (Unused?)
wrap_screen_right: 76 (Unused?)
set_ntsc: 74 (Unused?)
flipscreen: 72 (Unused?)
wrap_screen_left: 72 (Unused?)
wrap_screen_top: 72 (Unused?)
jump_actor: 66 (Unused?)
leave_scrn: 64
river_wrap2: 64 (Unused?)
river_wrap: 62 (Unused?)
truck_wrap: 62
destroy_all_actors: 60 (Unused?)
quit: 60 (Unused?)
destroy_actor: 58
freemem_hard: 54 (Unused?)
AUTOGEN_OUTOFSCREEN_None_truck_wrap2_None_None: 54
AUTOGEN_OUTOFSCREEN_None_wrap_right_None_None: 54
destroy_block: 52 (Unused?)
return: 52 (Unused?)
load_panel_finish: 50
unload_panel_bottom: 50
unload_panel_top: 50
AUTOGEN_OUTOFSCREEN_truck_wrap_None_None_None: 50
AUTOGEN_OUTOFSCREEN_wrap_left_None_None_None: 50
wrap_left: 48
no_clearing: 46
wrap_right: 46
freeze_actor: 40 (Unused?)
unfreeze_actor: 40 (Unused?)
autogen_turtle_down_2seg_2: 36
autogen_turtle_down_2seg_3: 36
autogen_turtle_down_3seg_2: 36
block_coll_force: 32 (Unused?)
block_coll_passthru: 32
debug_breakpoint: 26 (Unused?)
hardware_amiga: 26 (Unused?)
vm_constants_tile_properties: 26 (Unused?)
