Compiled on 21 October 2024 07:09:16
Version string: SE2024.2.241021.16.45.EX

=== Misc ===
ImageFrames: 47
ImageFrame Data Size: 2068
Maps and Asset Bundles Count: 3
Maps and Asset Bundles Data Size: 36
Actor Count: 24
Actor Data Size: 4320
Block Count: 6
Block Data Size: 408
Anim5 Count: 0
Anim5 Data Size: 0
Sound Count: 1
Sound Data Size: 28
Teleporter Count: 1
Teleporter Data Size: 8
Animations Count: 29
Animations Data Size: 464
AnimationFrame Count: 55
AnimationFrame Data Size: 880
Sprites: 1
Sprites Data Size: 14
Attack Data: 2
Attack Data Size: 176
Misc data size: 32
=== Image optimisations ===
Panel (default background) Original size 1296 Crunched size 76
Panel scorpion_eng_splashscreen Original size 35168 Crunched size 3258
Panel frog_timer Original size 3788 Crunched size 354
Panel score_panel Original size 4012 Crunched size 302
Project virtual machine (codeblocks) Original size 11274 Crunched size 3238
Map actor data for frogmap1 Original size 1064 Crunched size 298
Header data for map frogmap1 Original size 836 Crunched size 184
Tile data for map frogmap1 (mem restrictions:None) Original size 8108 Crunched size 458
Map actor data for frogmap2 Original size 924 Crunched size 266
Header data for map frogmap2 Original size 836 Crunched size 180
Tile data for map frogmap2 (mem restrictions:None) Original size 1652 Crunched size 254
Asset bundle 0 (Core project asset bundle) Original size 15522 Crunched size 4046
Asset bundle 1 (frogmap1) Original size 1676 Crunched size 628
Asset bundle 2 (frogmap2) Original size 1996 Crunched size 804
Misc Data (paths, hurt boxes etc) Original size 2 Crunched size 2
Project Header Original size 4404 Crunched size 1234
Project Data Original size 8436 Crunched size 1908
Project virtual machine redirects Original size 4 Crunched size 4

=== Accounted Memory Usage ===
(Note that this isn't a full account of memory usage, just the memory we can account for)

For chip:
Map gfx (Panel: scorpion_eng_splashscreen): 35168
Music memory (): 0
BP Buffer memory: 98280
core sfx/gfx memory: 15522
Parallax memory: 0
OS/other estimated: 99328

For other:
Map cache memory: 0
Map header cache memory: 0
Map actor cache memory: 0
Map data memory: 8108
Map background memory: 1296
EXE memory: 196684
vm memory: 11274
project memory: 8436
memory reserved for active actors on screen (42): 6056
memory reserved for dormant actors in map (128): 4608
OS/other estimated: 105472

Accounted memory chip: 248298
Accounted memory other: 341934
Accounted memory total: 590232

=== Codeblocks by compiled size ===
load_level: 550
startup: 536
pre_startup: 444
do_teleport: 402
flipscreen_smooth: 310 (Unused?)
flipxymove: 278 (Unused?)
load_next_level: 252 (Unused?)
frog1_safe: 238
frog2_safe: 238
frog3_safe: 238
frog4_safe: 238
frog5_safe: 238
block_find: 206 (Unused?)
set_yresolution: 202
frog_move: 198 (Unused?)
waitforframes: 194
check_talkpad: 192 (Unused?)
player_frog_autogen_attack: 184
block_count: 178 (Unused?)
pause: 176
flipymove: 162 (Unused?)
frog_deth_river: 160 (Unused?)
snap_to_screen: 158
pre_quit: 152
load_panel: 146
flipxmove: 142 (Unused?)
unload_level: 142
frog_deth: 142
destroy_all_blocks: 128 (Unused?)
restart_this_level: 128 (Unused?)
pre_load_level: 122
waitforfireup: 114
fadein: 112
waitforfiredown: 110
unload_panel: 106
AUTOGEN_OUTOFSCREEN_snap_to_screen_snap_to_screen_None_snap_to_screen: 106
load_panel_bottom: 96 (Unused?)
load_panel_top: 96 (Unused?)
destroy_child_actors: 94 (Unused?)
river_check: 94 (Unused?)
fadeout: 88
pre_anim5: 86 (Unused?)
waitforfirehit: 86
frog_deth_topscreen: 84
load_music: 78 (Unused?)
load_music_finish: 76
wrap_screen_bottom: 76 (Unused?)
wrap_screen_right: 76 (Unused?)
set_ntsc: 74 (Unused?)
flipscreen: 72 (Unused?)
wrap_screen_left: 72 (Unused?)
wrap_screen_top: 72 (Unused?)
quit: 70 (Unused?)
jump_actor: 66 (Unused?)
load_panel_finish: 66
river_wrap2: 64
unload_panel_bottom: 62
unload_panel_top: 62
river_wrap: 62
truck_wrap: 62
destroy_all_actors: 60 (Unused?)
destroy_actor: 58
regenerate_screen: 58
log_ride1: 58 (Unused?)
turtle_ride3: 58
AUTOGEN_OUTOFSCREEN_None_truck_wrap2_None_None: 54
AUTOGEN_OUTOFSCREEN_None_river_wrap2_None_None: 54
destroy_block: 52 (Unused?)
return: 52 (Unused?)
log_ride3: 52
AUTOGEN_OUTOFSCREEN_truck_wrap_None_None_None: 50
AUTOGEN_OUTOFSCREEN_destroy_actor_None_None_None: 50
AUTOGEN_OUTOFSCREEN_river_wrap_None_None_None: 50
regenerate_screen_wait: 46
freeze_actor: 40 (Unused?)
unfreeze_actor: 40 (Unused?)
water_check: 36 (Unused?)
block_coll_force: 32 (Unused?)
block_coll_passthru: 32 (Unused?)
clear_block_collision: 32
event_set_platform: 32
vm_registers: 26 (Unused?)
debug_breakpoint: 26 (Unused?)
vm_constants_tile_properties: 26 (Unused?)
not_onplatform: 26 (Unused?)
