Compiled on Sunday, 7 July 2024 4:09:02 p.m.
Version string: SE2024.1.240707.16.03.EX

=== Misc ===
ImageFrames: 63
ImageFrame Data Size: 2772
Maps and Asset Bundles Count: 2
Maps and Asset Bundles Data Size: 24
Actor Count: 5
Actor Data Size: 900
Block Count: 1
Block Data Size: 68
Anim5 Count: 0
Anim5 Data Size: 0
Sound Count: 15
Sound Data Size: 420
Teleporter Count: 1
Teleporter Data Size: 8
Animations Count: 19
Animations Data Size: 304
AnimationFrame Count: 83
AnimationFrame Data Size: 1328
Sprites: 1
Sprites Data Size: 14
Attack Data: 3
Attack Data Size: 264
Misc data size: 14
=== Image optimisations ===
Music file tune Original size 65538 Crunched size 42472
Panel scorpion_eng_splashscreen Original size 55172 Crunched size 3460
Panel ending_screen Original size 42672 Crunched size 8574
Panel hud Original size 8744 Crunched size 1132
Panel select_screen Original size 44344 Crunched size 15700
Panel splash_screen Original size 47472 Crunched size 8414
Panel vs_screen Original size 42672 Crunched size 8812
Project virtual machine (codeblocks) Original size 11410 Crunched size 3412
Header data for map stage Original size 8000 Crunched size 272
Tile data for map stage (mem restrictions:No_Blocks) Original size 3128 Crunched size 1694
Background for map stage Original size 1396 Crunched size 80
Asset bundle 0 (Core project asset bundle) Original size 488186 Crunched size 243660
Asset bundle 1 (stage) Original size 72216 Crunched size 37918
Misc Data (paths, hurt boxes etc) Original size 2 Crunched size 2
Project Header Original size 4036 Crunched size 1200
Project Data Original size 6118 Crunched size 2086
Project virtual machine redirects Original size 4 Crunched size 4

=== Accounted Memory Usage ===
(Note that this isn't a full account of memory usage, just the memory we can account for)

For chip:
Map gfx (level gfx bundle 1): 72216
Music memory (tune): 65538
BP Buffer memory: 131520
core sfx/gfx memory: 488186
Parallax memory: 0
OS/other estimated: 99328

For other:
Map cache memory: 0
Map header cache memory: 0
Map data memory: 3128
Map background memory: 1396
EXE memory: 215848
vm memory: 11410
project memory: 6118
memory reserved for active actors on screen (32): 4616
memory reserved for dormant actors in map (256): 9216
OS/other estimated: 105472

Accounted memory chip: 856788
Accounted memory other: 357204
Accounted memory total: 1213992

=== Possibly unused animations ===
ryu_crouch

=== Possibly unused Actors ===
ken
ryu

=== Possibly unused sound effects ===
select
snd_select

=== Codeblocks by compiled size ===
startup: 594
load_level: 568
ryu_handler: 454
do_teleport: 424
pre_startup: 354
game_over: 314
init_game: 312
flipscreen_smooth: 310 (Unused?)
ken_projectile: 286
flipxymove: 278 (Unused?)
ken_hurt: 270
block_find: 206 (Unused?)
set_yresolution: 202 (Unused?)
waitforframes: 194
check_talkpad: 192 (Unused?)
ryu_autogen_attack: 184
block_count: 178 (Unused?)
pause: 176 (Unused?)
ken_handler: 168
flipymove: 162 (Unused?)
snap_to_screen: 158
kick: 158
pre_quit: 152
load_panel: 146
flipxmove: 142 (Unused?)
unload_level: 142
punch: 142
destroy_all_blocks: 128 (Unused?)
charge: 128
pre_load_level: 122
waitforfireup: 114
reset_ken: 114
fadein: 112
waitforfiredown: 110
unload_panel: 106
load_panel_bottom: 96 (Unused?)
load_panel_top: 96
destroy_child_actors: 94 (Unused?)
autogen_ryu_kick_1: 90
autogen_ryu_kick_2: 90
autogen_ryu_kick_air_0: 90
autogen_ryu_punch_2: 90
fadeout: 88
pre_anim5: 86 (Unused?)
waitforfirehit: 86
load_music: 78
AUTOGEN_OUTOFSCREEN_snap_to_screen_snap_to_screen_None_None: 78
load_music_finish: 76
wrap_screen_bottom: 76 (Unused?)
wrap_screen_right: 76 (Unused?)
set_ntsc: 74 (Unused?)
flipscreen: 72 (Unused?)
wrap_screen_left: 72 (Unused?)
wrap_screen_top: 72 (Unused?)
hadouken: 72
quit: 70 (Unused?)
jump_actor: 66 (Unused?)
load_panel_finish: 66
impact_spawn: 64
unload_panel_bottom: 62
unload_panel_top: 62
destroy_all_actors: 60 (Unused?)
destroy_actor: 58
regenerate_screen: 58
AUTOGEN_OUTOFSCREEN_None_destroy_actor_None_None: 54
destroy_block: 52 (Unused?)
return: 52 (Unused?)
ground_impact: 52
regenerate_screen_wait: 46
reset_attacks: 44
freeze_actor: 40 (Unused?)
unfreeze_actor: 40 (Unused?)
autogen_ken_die_9: 38
autogen_ryu_hadouken_2: 38
block_coll_force: 32 (Unused?)
block_coll_passthru: 32 (Unused?)
clear_block_collision: 32
end_of_attack: 32 (Unused?)
vm_registers: 26 (Unused?)
debug_breakpoint: 26 (Unused?)
vm_constants_tile_properties: 26 (Unused?)
