RAM reserved for level tiles: 1462 bytes (largest level: stage)

Map block data for stage Original size 731 Crunched size 6
XGM Null sound Original size 256 Crunched size 256
XGM Null song Original size 172 Crunched size 172
Project blocks Original size 68 Crunched size 68
Map path node data for stage Original size 12 Crunched size 12
XGM PCM sound Original size 69376 Crunched size 69376
XGM 68K Plugin Driver Original size 804 Crunched size 804
Project patterns Original size 32 Crunched size 32
Get Y lookup table stage Original size 68 Crunched size 68
Map tile data  stage Original size 731 Crunched size 17
Map event data for stage Original size 32 Crunched size 32
Teleporters Original size 8 Crunched size 8
Var Data Original size 14 Crunched size 14
XGM PCM sound Original size 7424 Crunched size 7424
XGM Core Driver Original size 5888 Crunched size 5888
XGM PCM sound Original size 13824 Crunched size 13824
XGM PCM sound Original size 4352 Crunched size 4352
XGM PCM sound Original size 5632 Crunched size 5632
XGM PCM sound Original size 4352 Crunched size 4352
XGM PCM sound Original size 9728 Crunched size 9728
XGM PCM sound Original size 16384 Crunched size 16384
XGM PCM sound Original size 10496 Crunched size 10496
XGM PCM sound Original size 27904 Crunched size 27904
XGM PCM sound Original size 23296 Crunched size 23296
XGM PCM sound Original size 5120 Crunched size 5120
XGM PCM sound Original size 9728 Crunched size 9728
XGM PCM sound Original size 58368 Crunched size 58368
Project sound Original size 420 Crunched size 420
Default MD font Original size 2048 Crunched size 2048
Default MD number font Original size 320 Crunched size 320
Project virtual machine (codeblocks) Original size 11118 Crunched size 11118
Panel  Original size 10334 Crunched size 10334
Panel ending_screen Original size 10382 Crunched size 10382
Number font for panel 2 Original size 320 Crunched size 320
Panel hud Original size 2510 Crunched size 2510
Panel select_screen Original size 18894 Crunched size 18894
Panel splash_screen Original size 13662 Crunched size 13662
Panel vs_screen Original size 10862 Crunched size 10862
Project actors Original size 940 Crunched size 940
Pattern data for 1 Original size 3972 Crunched size 3972
Map header stage Original size 9226 Crunched size 9226
Project name table Original size 3632 Crunched size 3632
Streamed project patterns Original size 107552 Crunched size 107552
Images Original size 4382 Crunched size 4382
Animations Original size 304 Crunched size 304
Animation Frames Original size 1328 Crunched size 1328
Mega Drive header Original size 2902 Crunched size 2902
Attack Data Original size 66 Crunched size 66

=== Possibly unused animations ===
ryu_crouch

=== Possibly unused Actors ===
ken
ryu

=== Possibly unused sound effects ===
select
snd_select

=== Codeblocks by compiled size ===
load_level: 724
startup: 564
ryu_handler: 454
do_teleport: 404
set_yresolution: 398 (Unused?)
init_game: 312
flipscreen_smooth: 310 (Unused?)
game_over: 308
ken_projectile: 280
flipxymove: 278 (Unused?)
ken_hurt: 264
pre_startup: 212
waitforframes: 194
check_talkpad: 172 (Unused?)
ken_handler: 168
flipymove: 162 (Unused?)
snap_to_screen: 158
pre_quit: 152 (Unused?)
kick: 152
load_panel: 146
flipxmove: 142 (Unused?)
unload_level: 142
pause: 138 (Unused?)
punch: 136
load_music: 130
charge: 128 (Unused?)
destroy_all_blocks: 124 (Unused?)
pre_load_level: 122
waitforfireup: 114
fadein: 112
waitforfiredown: 110
reset_ken: 108
unload_panel: 106
load_panel_bottom: 96 (Unused?)
load_panel_top: 96
destroy_child_actors: 94 (Unused?)
autogen_ryu_kick_1: 90
autogen_ryu_kick_2: 90
autogen_ryu_kick_air_0: 90
autogen_ryu_punch_2: 90
fadeout: 88
pre_anim5: 86 (Unused?)
waitforfirehit: 86
AUTOGEN_OUTOFSCREEN_snap_to_screen_snap_to_screen_None_None: 78
load_music_finish: 76
wrap_screen_bottom: 76 (Unused?)
wrap_screen_right: 76 (Unused?)
flipscreen: 72 (Unused?)
wrap_screen_left: 72 (Unused?)
wrap_screen_top: 72 (Unused?)
jump_actor: 66 (Unused?)
load_panel_finish: 66
hadouken: 66
impact_spawn: 64
unload_panel_bottom: 62
unload_panel_top: 62
destroy_all_actors: 60 (Unused?)
destroy_actor: 58
regenerate_screen: 58
AUTOGEN_OUTOFSCREEN_None_destroy_actor_None_None: 54
destroy_block: 52 (Unused?)
return: 52 (Unused?)
quit: 50 (Unused?)
regenerate_screen_wait: 46
ground_impact: 46
reset_attacks: 44
freeze_actor: 40 (Unused?)
unfreeze_actor: 40 (Unused?)
autogen_ken_die_9: 38
autogen_ken_die_11: 38
autogen_ken_die_13: 38
autogen_ryu_hadouken_2: 38
block_coll_force: 32 (Unused?)
block_coll_passthru: 32 (Unused?)
clear_block_collision: 32
end_of_attack: 32 (Unused?)
vm_registers: 26 (Unused?)
vm_constants: 26 (Unused?)
debug_breakpoint: 26 (Unused?)
hardware_amiga: 26 (Unused?)
hardware_megadrive: 26 (Unused?)
set_ntsc: 26
vm_constants_audiodriver: 26 (Unused?)
vm_constants_controlbits: 26 (Unused?)
vm_constants_notes: 26 (Unused?)
vm_constants_platform: 26 (Unused?)
vm_constants_tile_properties: 26 (Unused?)
