=== Image optimisations ===

=== Estimated memory usages ===

For chip:
Map gfx (level gfx bundle 1): 135296
Music memory (): 0
BP Buffer memory: 106752
core sfx/gfx memory: 4
Parallax memory: 0
OS/other estimated: 99328

For other:
Map cache memory: 0
Map header cache memory: 0
Map data memory: 8508
Map background memory: 1396
EXE memory: 210956
vm memory: 41060
project memory: 440
memory reserved for active actors on screen (32): 4744
memory reserved for dormant actors in map (256): 9216
OS/other estimated: 105472

Accounted memory chip: 446852
Accounted memory other: 276320
Accounted memory total: 723172

=== Misc ===
Maps and Asset Bundles Count: 2
Maps and Asset Bundles Data Size: 24
Actor Count: 1
Actor Data Size: 188
Block Count: 1
Block Data Size: 68
Anim5 Count: 0
Anim5 Data Size: 0
Sound Count: 1
Sound Data Size: 28
Teleporter Count: 1
Teleporter Data Size: 8
Animations Count: 1
Animations Data Size: 16
AnimationFrame Count: 2
AnimationFrame Data Size: 32
ImageFrames: 1
ImageFrame Data Size: 44
Sprites: 1
Sprites Data Size: 14
Attack Data: 0
Attack Data Size: 0
Misc data size: 16
Panel scorpion_eng_splashscreen Original size 35158 Crunched size 3258
Header data for map map_movie Original size 7992 Crunched size 222
Tile data for map map_movie (mem restrictions:No_Blocks) Original size 8508 Crunched size 3192
Background for map map_movie Original size 1396 Crunched size 80
Asset bundle 0 (Core project asset bundle) Original size 4 Crunched size 4
Asset bundle 1 (map_movie) Original size 135296 Crunched size 56132
Project Header Original size 4032 Crunched size 1180
Project Data Original size 440 Crunched size 84
Project virtual machine (codeblocks) Original size 41060 Crunched size 8674
Project virtual machine redirects Original size 104 Crunched size 104

=== Codeblocks by compiled size ===
load_level: 4232
pre_startup: 2772
set_yresolution: 2530 (Unused?)
waitforframes: 2044
flipscreen_smooth: 1746 (Unused?)
do_teleport: 1682
pause: 1630 (Unused?)
flipxymove: 1616 (Unused?)
snap_to_screen: 1124 (Unused?)
load_music: 1094 (Unused?)
play_movie: 1074
load_panel: 1054
unload_panel: 934
destroy_all_blocks: 874 (Unused?)
fadein: 858
unload_level: 790
flipymove: 778 (Unused?)
load_panel_bottom: 770 (Unused?)
pre_quit: 762
waitforfireup: 762
waitforfiredown: 760
load_panel_top: 740 (Unused?)
flipxmove: 672 (Unused?)
fadeout: 658
pre_load_level: 588
load_music_finish: 536
startup: 528
unload_panel_bottom: 482
unload_panel_top: 464
load_panel_finish: 408
waitforfirehit: 394
destroy_child_actors: 346 (Unused?)
pre_anim5: 344 (Unused?)
wrap_screen_bottom: 344 (Unused?)
wrap_screen_right: 340 (Unused?)
wrap_screen_left: 326 (Unused?)
wrap_screen_top: 324 (Unused?)
block_coll_passthru: 276 (Unused?)
block_coll_force: 268 (Unused?)
regenerate_screen_wait: 258
regenerate_screen: 254
vm_constants_tile_properties: 202 (Unused?)
destroy_all_actors: 182 (Unused?)
flipscreen: 182 (Unused?)
jump_actor: 154 (Unused?)
quit: 140 (Unused?)
destroy_block: 132 (Unused?)
debug_breakpoint: 128 (Unused?)
destroy_actor: 122
return: 106 (Unused?)
unfreeze_actor: 106 (Unused?)
freeze_actor: 102 (Unused?)
vm_registers: 26 (Unused?)
vm_constants: 26 (Unused?)
vm_constants_audiodriver: 26 (Unused?)
vm_constants_controlbits: 26 (Unused?)
vm_constants_notes: 26 (Unused?)
vm_constants_platform: 26 (Unused?)
