Compiled on Saturday, 3 January 2026 9:46:30 a.m.
Version string: SE2025.0.260102.23.09.EX

=== Misc ===
ImageFrames: 45
ImageFrame Data Size: 2160
Maps and Asset Bundles Count: 2
Maps and Asset Bundles Data Size: 0
Actor Count: 3
Actor Data Size: 540
Block Count: 8
Block Data Size: 544
Anim5 Count: 0
Anim5 Data Size: 0
Sound Count: 1
Sound Data Size: 28
Teleporter Count: 1
Teleporter Data Size: 8
Animations Count: 13
Animations Data Size: 208
AnimationFrame Count: 46
AnimationFrame Data Size: 736
Sprites: 1
Sprites Data Size: 14
Attack Data: 2
Attack Data Size: 176
Misc data size: 56

=== Cartridge Composition ===
 Header |   Offset | Size     | Crunch    | Detail
   PL02 |      220 |       76 |   Implode | Panel (background color #000)
   PL01 |      296 |     3380 |   Implode | Panel scorpion_eng_splashscreen
   VC00 |     3676 |     2538 |   Implode | Project virtual machine (codeblocks)
   MA01 |     6214 |       56 |  NoCrunch | Map actor data for l1_map
   MH01 |     6270 |      238 |   Implode | Header data for map l1_map
   MD01 |     6508 |     1162 |   Implode | Tile data for map l1_map (mem restrictions:None)
   AB00 |     7670 |    24866 |   Implode | Asset bundle 0 (Core project asset bundle)
   AB01 |    32536 |    13062 |   Implode | Asset bundle 1 (l1_map)
   DB00 |    45598 |        2 |  NoCrunch | Misc Data (paths, hurt boxes etc)
   PH00 |    45600 |     1220 |   Implode | Project Header
   PD00 |    46820 |     1292 |   Implode | Project Data
   VR00 |    48112 |        4 |  NoCrunch | Project virtual machine redirects

=== Data Sizes ===
    Size |   Memory | Crunch | Detail
   24866 |    57920 |  (58%) | Asset bundle 0 (Core project asset bundle)
   13062 |    44232 |  (71%) | Asset bundle 1 (l1_map)
    3380 |    36784 |  (91%) | Panel scorpion_eng_splashscreen
    2538 |     8758 |  (72%) | Project virtual machine (codeblocks)
    1292 |     4472 |  (72%) | Project Data
    1220 |     4376 |  (73%) | Project Header
    1162 |     3022 |  (62%) | Tile data for map l1_map (mem restrictions:None)
     238 |      848 |  (72%) | Header data for map l1_map
      76 |     1296 |  (95%) | Panel (background color #000)
      56 |       56 |        | Map actor data for l1_map
       4 |        4 |        | Project virtual machine redirects
       2 |        2 |        | Misc Data (paths, hurt boxes etc)

=== Accounted Memory Usage ===
(Note that this isn't a full account of memory usage, just the memory we can account for)

For chip:
Map gfx (level gfx bundle 1): 44232
Music sample (): 0
BP Buffer memory: 109600
Core sfx/gfx memory: 57920
Parallax memory: 0
OS/other estimated: 99328

For other:
Map data memory: 3022
Map background memory: 1296
EXE memory: 219724
vm memory: 8758
project memory: 4472
Music data (): 0
memory reserved for active actors on screen (32): 5064
memory reserved for dormant actors in map (128): 4608
OS/other estimated: 105472

Accounted memory chip: 311080
Accounted memory other: 352416
Accounted memory total: 663496

=== Codeblocks by compiled size ===
load_level: 676
pre_startup: 438
do_teleport: 320
flipscreen_smooth: 310 (Unused?)
flipxymove: 278 (Unused?)
load_next_level: 268 (Unused?)
freemem: 256
block_find: 210 (Unused?)
set_yresolution: 202
waitforframes: 194
check_talkpad: 192 (Unused?)
pause: 184
block_count: 178 (Unused?)
flipymove: 162 (Unused?)
snap_to_screen: 162 (Unused?)
pre_quit: 160
flipxmove: 142 (Unused?)
restart_this_level: 136 (Unused?)
startup: 136
load_panel: 134
stop_sfx: 130
destroy_all_blocks: 128 (Unused?)
unload_level: 118
anim_force_left: 108 (Unused?)
anim_force_right: 108 (Unused?)
fadein: 108
waitforfireup: 106
unload_panel: 102
waitforfiredown: 102
load_panel_bottom: 96
load_panel_top: 96
destroy_child_actors: 94 (Unused?)
pre_load_level: 86
waitforfirehit: 86
load_music: 78
fadeout: 76
load_music_finish: 76
wrap_screen_bottom: 76 (Unused?)
wrap_screen_right: 76 (Unused?)
set_ntsc: 74 (Unused?)
flipscreen: 72 (Unused?)
wrap_screen_left: 72 (Unused?)
wrap_screen_top: 72 (Unused?)
jump_actor: 66 (Unused?)
destroy_all_actors: 60 (Unused?)
quit: 60 (Unused?)
destroy_actor: 58
freemem_hard: 54 (Unused?)
destroy_block: 52 (Unused?)
return: 52 (Unused?)
load_panel_finish: 50
unload_panel_bottom: 50
unload_panel_top: 50
freeze_actor: 40 (Unused?)
unfreeze_actor: 40 (Unused?)
block_coll_force: 32 (Unused?)
block_coll_passthru: 32
debug_breakpoint: 26 (Unused?)
hardware_amiga: 26 (Unused?)
vm_constants_tile_properties: 26 (Unused?)
