=== Image optimisations ===
Reduce width of anims\player\sonic_die_2.png by 7 pixels to 16 to reduce sprites by 2
Reduce width of anims\player\sonic_die_1.png by 7 pixels to 16 to reduce sprites by 2
Reduce width of anims\player\sonic_idle_4_r.png by 4 pixels to 16 to reduce sprites by 2
Reduce width of anims\player\sonic_idle_1_r.png by 6 pixels to 16 to reduce sprites by 2
Reduce width of anims\player\sonic_idle_4_r.png by 4 pixels to 16 to reduce sprites by 2
Reduce width of anims\player\sonic_idle_2_r.png by 6 pixels to 16 to reduce sprites by 2
Reduce width of anims\player\sonic_idle_3_r.png by 6 pixels to 16 to reduce sprites by 2
Reduce width of anims\player\sonic_idle_2_r.png by 6 pixels to 16 to reduce sprites by 2
Reduce width of anims\player\sonic_idle_3_r.png by 6 pixels to 16 to reduce sprites by 2
Reduce width of anims\player\sonic_idle_2_r.png by 6 pixels to 16 to reduce sprites by 2
Reduce width of anims\player\sonic_idle_3_r.png by 6 pixels to 16 to reduce sprites by 2
Reduce width of anims\player\sonic_idle_2_r.png by 6 pixels to 16 to reduce sprites by 2
Reduce width of anims\player\sonic_idle_4_r.png by 4 pixels to 16 to reduce sprites by 2
Reduce width of anims\player\sonic_idle_5_r.png by 5 pixels to 16 to reduce sprites by 2
Reduce width of anims\player\sonic_idle_4_r.png by 4 pixels to 16 to reduce sprites by 2
Reduce width of anims\player\sonic_idle_1_r.png by 6 pixels to 16 to reduce sprites by 2
Reduce width of anims\player\sonic_idle_4_r.png by 4 pixels to 16 to reduce sprites by 2
Reduce width of anims\player\sonic_idle_2_r.png by 6 pixels to 16 to reduce sprites by 2
Reduce width of anims\player\sonic_idle_3_r.png by 6 pixels to 16 to reduce sprites by 2
Reduce width of anims\player\sonic_idle_2_r.png by 6 pixels to 16 to reduce sprites by 2
Reduce width of anims\player\sonic_idle_3_r.png by 6 pixels to 16 to reduce sprites by 2
Reduce width of anims\player\sonic_idle_2_r.png by 6 pixels to 16 to reduce sprites by 2
Reduce width of anims\player\sonic_idle_3_r.png by 6 pixels to 16 to reduce sprites by 2
Reduce width of anims\player\sonic_idle_2_r.png by 6 pixels to 16 to reduce sprites by 2
Reduce width of anims\player\sonic_idle_4_r.png by 4 pixels to 16 to reduce sprites by 2
Reduce width of anims\player\sonic_idle_5_r.png by 5 pixels to 16 to reduce sprites by 2
Reduce width of anims\player\sonic_roll_1_r.png by 3 pixels to 16 to reduce sprites by 2
Reduce width of anims\player\sonic_roll_5_r.png by 4 pixels to 16 to reduce sprites by 2
Reduce width of anims\player\sonic_roll_2_r.png by 4 pixels to 16 to reduce sprites by 2
Reduce width of anims\player\sonic_roll_5_r.png by 4 pixels to 16 to reduce sprites by 2
Reduce width of anims\player\sonic_roll_3_r.png by 3 pixels to 16 to reduce sprites by 2
Reduce width of anims\player\sonic_roll_5_r.png by 4 pixels to 16 to reduce sprites by 2
Reduce width of anims\player\sonic_roll_4_r.png by 4 pixels to 16 to reduce sprites by 2
Reduce width of anims\player\sonic_roll_5_r.png by 4 pixels to 16 to reduce sprites by 2
Reduce width of anims\player\sonic_roll_1_r.png by 3 pixels to 16 to reduce sprites by 2
Reduce width of anims\player\sonic_roll_5_r.png by 4 pixels to 16 to reduce sprites by 2
Reduce width of anims\player\sonic_roll_2_r.png by 4 pixels to 16 to reduce sprites by 2
Reduce width of anims\player\sonic_roll_5_r.png by 4 pixels to 16 to reduce sprites by 2
Reduce width of anims\player\sonic_roll_3_r.png by 3 pixels to 16 to reduce sprites by 2
Reduce width of anims\player\sonic_roll_5_r.png by 4 pixels to 16 to reduce sprites by 2
Reduce width of anims\player\sonic_roll_4_r.png by 4 pixels to 16 to reduce sprites by 2
Reduce width of anims\player\sonic_roll_5_r.png by 4 pixels to 16 to reduce sprites by 2
Reduce width of anims\player\sonic_run_1_r.png by 6 pixels to 16 to reduce sprites by 2
Reduce width of anims\player\sonic_run_2_r.png by 6 pixels to 16 to reduce sprites by 2
Reduce width of anims\player\sonic_run_3_r.png by 5 pixels to 16 to reduce sprites by 2
Reduce width of anims\player\sonic_run_4_r.png by 6 pixels to 16 to reduce sprites by 2
Reduce width of anims\player\sonic_run_1_r.png by 6 pixels to 16 to reduce sprites by 2
Reduce width of anims\player\sonic_run_2_r.png by 6 pixels to 16 to reduce sprites by 2
Reduce width of anims\player\sonic_run_3_r.png by 5 pixels to 16 to reduce sprites by 2
Reduce width of anims\player\sonic_run_4_r.png by 6 pixels to 16 to reduce sprites by 2
Reduce width of anims\player\sonic_skid_1_r.png by 8 pixels to 16 to reduce sprites by 2
Reduce width of anims\player\sonic_skid_2_r.png by 8 pixels to 16 to reduce sprites by 2
Reduce width of anims\player\sonic_skid_1_r.png by 8 pixels to 16 to reduce sprites by 2
Reduce width of anims\player\sonic_skid_2_r.png by 8 pixels to 16 to reduce sprites by 2
Reduce width of anims\player\sonic_turbo_2_r.png by 14 pixels to 16 to reduce sprites by 2
Reduce width of anims\player\sonic_turbo_3_r.png by 15 pixels to 16 to reduce sprites by 2
Reduce width of anims\player\sonic_walk_1_r.png by 8 pixels to 16 to reduce sprites by 2
Reduce width of anims\player\sonic_walk_2_r.png by 8 pixels to 16 to reduce sprites by 2
Reduce width of anims\player\sonic_walk_3_r.png by 2 pixels to 16 to reduce sprites by 2
Reduce width of anims\player\sonic_walk_4_r.png by 8 pixels to 16 to reduce sprites by 2
Reduce width of anims\player\sonic_walk_5_r.png by 8 pixels to 16 to reduce sprites by 2
Reduce width of anims\player\sonic_walk_6_r.png by 4 pixels to 16 to reduce sprites by 2
Reduce width of anims\player\sonic_walk_1_r.png by 8 pixels to 16 to reduce sprites by 2
Reduce width of anims\player\sonic_walk_2_r.png by 8 pixels to 16 to reduce sprites by 2
Reduce width of anims\player\sonic_walk_3_r.png by 2 pixels to 16 to reduce sprites by 2
Reduce width of anims\player\sonic_walk_4_r.png by 8 pixels to 16 to reduce sprites by 2
Reduce width of anims\player\sonic_walk_5_r.png by 8 pixels to 16 to reduce sprites by 2
Reduce width of anims\player\sonic_walk_6_r.png by 4 pixels to 16 to reduce sprites by 2

=== Misc ===
Crunching green_hill.mod as 1.mus. Original size: 55110. Crunched size: 39536
Actor Count: 4
Actor Data Size: 1184
Block Count: 26
Block Data Size: 1352
Anim5 Count: 1
Anim5 Data Size: 4
Sound Count: 5
Sound Data Size: 160
Teleporter Count: 1
Teleporter Data Size: 8
Animations Count: 15
Animations Data Size: 240
AnimationFrame Count: 79
AnimationFrame Data Size: 1264
ImageFrames: BlitzTool.BlitzWord
ImageFrame Data Size: 4288
Crunching Panel scorpion_eng_splashscreen as 0.img. Original size: 37106. Crunched size: 3318
Crunching Project virtual machine (codeblocks) as project.vm. Original size: 7448. Crunched size: 2050
Crunching Project virtual machine redirects as project.rd. Original size: 4. Crunched size: 4
Crunching Header data for map green_hills_1 as 1.mhd. Original size: 9788. Crunched size: 310
Crunching Data for map green_hills_1 as 1.map. Original size: 57836. Crunched size: 3760
Crunching Background for map green_hills_1 as 1.bg. Original size: 2672. Crunched size: 92
Crunching Asset bundle 0 as 0.gfx. Original size: 55114. Crunched size: 24322
Crunching Asset bundle 1 as 1.gfx. Original size: 28320. Crunched size: 9484
Crunching Project data as project.dat. Original size: 8500. Crunched size: 1948
Crunching Scorpion header as project.hd. Original size: 4036. Crunched size: 1196

Estimated memory usages:

For chip:
Map gfx (Panel: scorpion_eng_splashscreen): 37106
Music memory: 55110
BP Buffer memory: 113400
core sfx/gfx memory: 55114
Parallax memory: 0

For other:
Map cache memory: 0
Map header cache memory: 0
Map data memory: 57836
Map background memory: 2672
EXE memory: 194920
vm memory: 7448
project memory: 8500

Accounted memory chip: 260730
Accounted memory other: 271376
Accounted memory total: 532106
