=== Image optimisations ===
Reduce width of animations\enemy\bird3.png by 1 pixels to 16 to improve blit performance by 200.00%
Reduce width of animations\enemy\bird3.png by 1 pixels to 16 to improve blit performance by 200.00%
Reduce width of animations\enemy\eel1.png by 5 pixels to 16 to improve blit performance by 200.00%
Reduce width of animations\enemy\eel2.png by 5 pixels to 16 to improve blit performance by 200.00%
Reduce width of animations\enemy\eel3.png by 6 pixels to 16 to improve blit performance by 200.00%
Reduce width of animations\enemy\frog3.png by 1 pixels to 16 to improve blit performance by 200.00%
Reduce width of animations\enemy\frog3.png by 1 pixels to 16 to improve blit performance by 200.00%
Reduce width of animations\enemy\frog2.png by 2 pixels to 16 to improve blit performance by 200.00%
Reduce width of animations\enemy\frog2.png by 2 pixels to 16 to improve blit performance by 200.00%
Reduce width of animations\man\balloon1b.png by 5 pixels to 16 to improve blit performance by 200.00%
Reduce width of animations\man\balloon2b.png by 4 pixels to 16 to improve blit performance by 200.00%
Reduce width of animations\man\balloon3c.png by 4 pixels to 16 to improve blit performance by 200.00%
Reduce width of animations\man\balloon2b.png by 4 pixels to 16 to improve blit performance by 200.00%
Reduce width of animations\man\balloon1.png by 6 pixels to 16 to improve blit performance by 200.00%
Reduce width of animations\man\balloon2.png by 5 pixels to 16 to improve blit performance by 200.00%
Reduce width of animations\man\balloon3.png by 5 pixels to 16 to improve blit performance by 200.00%
Reduce width of animations\man\balloon2.png by 5 pixels to 16 to improve blit performance by 200.00%
Reduce width of animations\man\swim1.png by 4 pixels to 16 to improve blit performance by 200.00%
Reduce width of animations\man\swim2.png by 4 pixels to 16 to improve blit performance by 200.00%
Reduce width of animations\man\swim3.png by 7 pixels to 16 to improve blit performance by 200.00%
Reduce width of animations\man\swim4.png by 4 pixels to 16 to improve blit performance by 200.00%
Reduce width of animations\man\swim5.png by 4 pixels to 16 to improve blit performance by 200.00%
Reduce width of animations\man\swim6.png by 7 pixels to 16 to improve blit performance by 200.00%
Reduce width of animations\man\swim1.png by 4 pixels to 16 to improve blit performance by 200.00%
Reduce width of animations\man\swim2.png by 4 pixels to 16 to improve blit performance by 200.00%
Reduce width of animations\man\swim3.png by 7 pixels to 16 to improve blit performance by 200.00%
Reduce width of animations\man\swim4.png by 4 pixels to 16 to improve blit performance by 200.00%
Reduce width of animations\man\swim5.png by 4 pixels to 16 to improve blit performance by 200.00%
Reduce width of animations\man\swim6.png by 7 pixels to 16 to improve blit performance by 200.00%
Reduce width of animations\man\swim1.png by 4 pixels to 16 to improve blit performance by 200.00%
Reduce width of animations\man\swim2.png by 4 pixels to 16 to improve blit performance by 200.00%
Reduce width of animations\man\swim3.png by 7 pixels to 16 to improve blit performance by 200.00%
Reduce width of animations\man\swim4.png by 4 pixels to 16 to improve blit performance by 200.00%
Reduce width of animations\man\swim5.png by 4 pixels to 16 to improve blit performance by 200.00%
Reduce width of animations\man\swim6.png by 7 pixels to 16 to improve blit performance by 200.00%
Reduce width of animations\man\swim1.png by 4 pixels to 16 to improve blit performance by 200.00%
Reduce width of animations\man\swim2.png by 4 pixels to 16 to improve blit performance by 200.00%
Reduce width of animations\man\swim3.png by 7 pixels to 16 to improve blit performance by 200.00%
Reduce width of animations\man\swim4.png by 4 pixels to 16 to improve blit performance by 200.00%
Reduce width of animations\man\swim5.png by 4 pixels to 16 to improve blit performance by 200.00%
Reduce width of animations\man\swim6.png by 7 pixels to 16 to improve blit performance by 200.00%

=== Misc ===
Crunching pitfall_ii.mod as 1.mus. Original size: 7336. Crunched size: 990
Actor Count: 22
Actor Data Size: 6424
Block Count: 23
Block Data Size: 1196
Anim5 Count: 1
Anim5 Data Size: 4
Sound Count: 8
Sound Data Size: 128
Teleporter Count: 1
Teleporter Data Size: 8
Animations Count: 47
Animations Data Size: 752
AnimationFrame Count: 109
AnimationFrame Data Size: 7412
Crunching Panel scorpion_eng_splashscreen as 0.img. Original size: 37106. Crunched size: 3312
Crunching Panel mainpanel as 1.img. Original size: 4702. Crunched size: 474
Crunching Project virtual machine (codeblocks) as project.vm. Original size: 13532. Crunched size: 3850
Crunching Header data for map map as 1.mhd. Original size: 11556. Crunched size: 890
Crunching Data for map map as 1.map. Original size: 73904. Crunched size: 6384
Crunching Asset bundle 0 as 0.gfx. Original size: 60298. Crunched size: 24094
Crunching Asset bundle 1 as 1.gfx. Original size: 63520. Crunched size: 17818
Crunching Project data as project.dat. Original size: 16024. Crunched size: 3110
Crunching Scorpion header as project.hd. Original size: 3004. Crunched size: 1182

Estimated memory usages:

For chip:
Map gfx (level gfx bundle 1 ): 63520
Music memory: 7336
BP Buffer memory: 111600
core sfx/gfx memory: 60298

For other:
Map cache memory: 0
Map header cache memory: 0
Map data memory: 73904
EXE memory: 191792
vm memory: 13532
project memory: 16024

Accounted memory chip: 242754
Accounted memory other: 295252
Accounted memory total: 538006
