=== Image optimisations ===

=== Estimated memory usages ===

For chip:
Map gfx (level gfx bundle 1): 60508
Music memory (): 0
BP Buffer memory: 132480
core sfx/gfx memory: 382640
Parallax memory: 0
OS/other estimated: 99328

For other:
Map cache memory: 0
Map header cache memory: 0
Map data memory: 7158
Map background memory: 1400
EXE memory: 210384
vm memory: 9178
project memory: 5756
memory reserved for active actors on screen (32): 4744
memory reserved for dormant actors in map (256): 9216
OS/other estimated: 105472

Accounted memory chip: 780428
Accounted memory other: 247836
Accounted memory total: 1028264

=== Misc ===
Maps and Asset Bundles Count: 2
Maps and Asset Bundles Data Size: 24
Actor Count: 8
Actor Data Size: 1504
Block Count: 2
Block Data Size: 136
Anim5 Count: 0
Anim5 Data Size: 0
Sound Count: 1
Sound Data Size: 28
Teleporter Count: 1
Teleporter Data Size: 8
Animations Count: 17
Animations Data Size: 272
AnimationFrame Count: 66
AnimationFrame Data Size: 1056
ImageFrames: 58
ImageFrame Data Size: 2552
Sprites: 2
Sprites Data Size: 28
Attack Data: 2
Attack Data Size: 132
Misc data size: 14
Panel scorpion_eng_splashscreen Original size 35160 Crunched size 3260
Header data for map fase_1a Original size 7996 Crunched size 424
Tile data for map fase_1a (mem restrictions:None) Original size 7158 Crunched size 1552
Background for map fase_1a Original size 1400 Crunched size 80
Asset bundle 0 (Core project asset bundle) Original size 382640 Crunched size 94280
Asset bundle 1 (fase_1a) Original size 60508 Crunched size 20246
Project Header Original size 4036 Crunched size 1206
Project Data Original size 5756 Crunched size 1724
Project virtual machine (codeblocks) Original size 9178 Crunched size 2766
Project virtual machine redirects Original size 4 Crunched size 4

=== Possibly unused animations ===
pipe

=== Codeblocks by compiled size ===
load_level: 764
set_yresolution: 458 (Unused?)
camera: 432
do_teleport: 424
flipscreen_smooth: 310 (Unused?)
flipxymove: 278 (Unused?)
pre_startup: 270
0_atk_hannah_code: 268
startup: 210
waitforframes: 194
check_talkpad: 192 (Unused?)
pause: 176
flipymove: 162 (Unused?)
snap_to_screen: 158
pre_quit: 152
load_panel: 146
flipxmove: 142 (Unused?)
unload_level: 142
load_music: 130 (Unused?)
AUTOGEN_OUTOFSCREEN_snap_to_screen_snap_to_screen_snap_to_screen_snap_to_screen: 130
destroy_all_blocks: 124 (Unused?)
pre_load_level: 122
waitforfireup: 114
fadein: 112
waitforfiredown: 110
unload_panel: 106
load_panel_bottom: 96 (Unused?)
load_panel_top: 96 (Unused?)
destroy_child_actors: 94 (Unused?)
fadeout: 88
pre_anim5: 86 (Unused?)
waitforfirehit: 86
load_music_finish: 76
wrap_screen_bottom: 76 (Unused?)
wrap_screen_right: 76 (Unused?)
set_ntsc: 74 (Unused?)
flipscreen: 72 (Unused?)
wrap_screen_left: 72 (Unused?)
wrap_screen_top: 72 (Unused?)
quit: 70 (Unused?)
jump_actor: 66 (Unused?)
load_panel_finish: 66
unload_panel_bottom: 62
unload_panel_top: 62
destroy_all_actors: 60 (Unused?)
destroy_actor: 58
regenerate_screen: 58
0_stand_hannah_code: 58
4_gneiss_stand: 58
4_gneiss_walk: 58
desl_down: 56 (Unused?)
desl_up: 56 (Unused?)
destroy_block: 52 (Unused?)
return: 52 (Unused?)
regenerate_screen_wait: 46
scrolldown: 46
scrollstop: 46
scrollup: 46
new_codeblock: 44 (Unused?)
freeze_actor: 40 (Unused?)
unfreeze_actor: 40 (Unused?)
block_coll_force: 32 (Unused?)
block_coll_passthru: 32 (Unused?)
clear_block_collision: 32
vm_registers: 26 (Unused?)
vm_constants: 26 (Unused?)
debug_breakpoint: 26 (Unused?)
hardware_amiga: 26 (Unused?)
hardware_megadrive: 26 (Unused?)
vm_constants_audiodriver: 26 (Unused?)
vm_constants_controlbits: 26 (Unused?)
vm_constants_notes: 26 (Unused?)
vm_constants_platform: 26 (Unused?)
vm_constants_tile_properties: 26 (Unused?)
scroll: 26 (Unused?)
