=== Image optimisations ===
Reduce width of anims\hado_1.png by 9 pixels to 16 to improve blit performance by 200.00%
Reduce width of anims\impact_2.png by 8 pixels to 16 to improve blit performance by 200.00%
Reduce width of anims\impact_3.png by 11 pixels to 16 to improve blit performance by 200.00%
Reduce width of anims\impact_4.png by 12 pixels to 16 to improve blit performance by 200.00%
Reduce width of anims\ken_die_1.png by 13 pixels to 32 to improve blit performance by 100.00%
Reduce width of anims\ken_die_1.png by 13 pixels to 32 to improve blit performance by 100.00%
Reduce width of anims\ken_die_1.png by 13 pixels to 32 to improve blit performance by 100.00%
Reduce width of anims\ken_die_1.png by 13 pixels to 32 to improve blit performance by 100.00%
Reduce width of anims\ken_die_1.png by 13 pixels to 32 to improve blit performance by 100.00%
Reduce width of anims\ken_die_1.png by 13 pixels to 32 to improve blit performance by 100.00%
Reduce width of anims\ken_die_1.png by 13 pixels to 32 to improve blit performance by 100.00%
Reduce width of anims\ken_die_1.png by 13 pixels to 32 to improve blit performance by 100.00%
Reduce width of anims\ken_die_2.png by 11 pixels to 32 to improve blit performance by 100.00%
Reduce width of anims\ken_die_2.png by 11 pixels to 32 to improve blit performance by 100.00%
Reduce width of anims\ken_die_3.png by 8 pixels to 64 to improve blit performance by 100.00%
Reduce width of anims\ken_die_4.png by 11 pixels to 64 to improve blit performance by 100.00%
Reduce width of anims\ken_die_3.png by 8 pixels to 64 to improve blit performance by 100.00%
Reduce width of anims\ken_die_4.png by 11 pixels to 64 to improve blit performance by 100.00%
Reduce width of anims\ken_walk_1.png by 9 pixels to 32 to improve blit performance by 100.00%
Reduce width of anims\ken_walk_2.png by 9 pixels to 32 to improve blit performance by 100.00%
Reduce width of anims\ken_walk_3.png by 9 pixels to 32 to improve blit performance by 100.00%
Reduce width of anims\ken_walk_4.png by 10 pixels to 32 to improve blit performance by 100.00%
Reduce width of anims\ken_walk_5.png by 9 pixels to 32 to improve blit performance by 100.00%
Reduce width of anims\ken_hurt_1.png by 7 pixels to 48 to improve blit performance by 100.00%
Reduce width of anims\ken_hurt_3.png by 12 pixels to 32 to improve blit performance by 100.00%
Reduce width of anims\ken_idle_1.png by 9 pixels to 32 to improve blit performance by 100.00%
Reduce width of anims\ken_idle_2.png by 9 pixels to 32 to improve blit performance by 100.00%
Reduce width of anims\ken_idle_3.png by 9 pixels to 32 to improve blit performance by 100.00%
Reduce width of anims\ken_idle_4.png by 9 pixels to 32 to improve blit performance by 100.00%
Reduce width of anims\ryu_walk_5.png by 9 pixels to 32 to improve blit performance by 100.00%
Reduce width of anims\ryu_walk_4.png by 11 pixels to 32 to improve blit performance by 100.00%
Reduce width of anims\ryu_walk_3.png by 9 pixels to 32 to improve blit performance by 100.00%
Reduce width of anims\ryu_walk_2.png by 9 pixels to 32 to improve blit performance by 100.00%
Reduce width of anims\ryu_walk_1.png by 9 pixels to 32 to improve blit performance by 100.00%
Reduce width of anims\ryu_fall_1.png by 1 pixels to 32 to improve blit performance by 100.00%
Reduce width of anims\ryu_fall_2.png by 1 pixels to 32 to improve blit performance by 100.00%
Reduce width of anims\ryu_walk_1.png by 9 pixels to 32 to improve blit performance by 100.00%
Reduce width of anims\ryu_walk_2.png by 9 pixels to 32 to improve blit performance by 100.00%
Reduce width of anims\ryu_walk_3.png by 9 pixels to 32 to improve blit performance by 100.00%
Reduce width of anims\ryu_walk_4.png by 11 pixels to 32 to improve blit performance by 100.00%
Reduce width of anims\ryu_walk_5.png by 9 pixels to 32 to improve blit performance by 100.00%
Reduce width of anims\ryu_hado_1.png by 1 pixels to 64 to improve blit performance by 100.00%
Reduce width of anims\ryu_hado_2.png by 1 pixels to 64 to improve blit performance by 100.00%
Reduce width of anims\ryu_hado_3.png by 1 pixels to 80 to improve blit performance by 100.00%
Reduce width of anims\ryu_hado_4.png by 4 pixels to 64 to improve blit performance by 100.00%
Reduce width of anims\ryu_idle_1.png by 9 pixels to 32 to improve blit performance by 100.00%
Reduce width of anims\ryu_idle_2.png by 9 pixels to 32 to improve blit performance by 100.00%
Reduce width of anims\ryu_idle_3.png by 9 pixels to 32 to improve blit performance by 100.00%
Reduce width of anims\ryu_idle_4.png by 9 pixels to 32 to improve blit performance by 100.00%
Reduce width of anims\ryu_jump_1.png by 1 pixels to 32 to improve blit performance by 100.00%
Reduce width of anims\ryu_jump_2.png by 15 pixels to 16 to improve blit performance by 200.00%
Reduce width of anims\ryu_kick_1.png by 10 pixels to 32 to improve blit performance by 100.00%
Reduce width of anims\ryu_kick_2.png by 7 pixels to 48 to improve blit performance by 100.00%
Reduce width of anims\ryu_kick_3.png by 5 pixels to 64 to improve blit performance by 100.00%
Reduce width of anims\ryu_kick_4.png by 9 pixels to 48 to improve blit performance by 100.00%
Reduce width of anims\ryu_kick_5.png by 10 pixels to 32 to improve blit performance by 100.00%
Reduce width of anims\ryu_fly_kick.png by 15 pixels to 48 to improve blit performance by 100.00%
Reduce width of anims\ryu_punch_1.png by 9 pixels to 32 to improve blit performance by 100.00%
Reduce width of anims\ryu_punch_3.png by 5 pixels to 64 to improve blit performance by 100.00%
Reduce width of anims\ryu_punch_1.png by 9 pixels to 32 to improve blit performance by 100.00%
Reduce width of anims\ryu_win_3.png by 9 pixels to 32 to improve blit performance by 100.00%
Reduce width of anims\ryu_win_4.png by 9 pixels to 32 to improve blit performance by 100.00%
Reduce width of anims\ryu_win_3.png by 9 pixels to 32 to improve blit performance by 100.00%
Reduce width of anims\ryu_win_4.png by 9 pixels to 32 to improve blit performance by 100.00%
Reduce width of anims\ryu_win_3.png by 9 pixels to 32 to improve blit performance by 100.00%
Reduce width of anims\ryu_win_4.png by 9 pixels to 32 to improve blit performance by 100.00%
Reduce width of anims\ryu_win_3.png by 9 pixels to 32 to improve blit performance by 100.00%
Reduce width of anims\ryu_win_4.png by 9 pixels to 32 to improve blit performance by 100.00%
Reduce width of anims\ryu_win_3.png by 9 pixels to 32 to improve blit performance by 100.00%
Reduce width of anims\ryu_win_4.png by 9 pixels to 32 to improve blit performance by 100.00%
Reduce width of anims\ryu_win_3.png by 9 pixels to 32 to improve blit performance by 100.00%
Reduce width of anims\ryu_win_4.png by 9 pixels to 32 to improve blit performance by 100.00%

=== Estimated memory usages ===

For chip:
Map gfx (level gfx bundle 1 ): 73920
Music memory: 65538
BP Buffer memory: 131520
core sfx/gfx memory: 496212
Parallax memory: 0

For other:
Map cache memory: 0
Map header cache memory: 0
Map data memory: 3096
Map background memory: 2672
EXE memory: 210032
vm memory: 9220
project memory: 9132

Accounted memory chip: 767190
Accounted memory other: 234152
Accounted memory total: 1001342

=== Misc ===
Maps and Asset Bundles Count: 2
Maps and Asset Bundles Data Size: 24
Actor Count: 5
Actor Data Size: 1480
Block Count: 1
Block Data Size: 52
Anim5 Count: 1
Anim5 Data Size: 1036
Sound Count: 15
Sound Data Size: 480
Teleporter Count: 1
Teleporter Data Size: 8
Animations Count: 19
Animations Data Size: 304
AnimationFrame Count: 83
AnimationFrame Data Size: 1328
ImageFrames: 65
ImageFrame Data Size: 4420
Asset bundle 0 (Core project asset bundle) Original size 496212 Crunched size 243800
Asset bundle 1 (stage) Original size 73920 Crunched size 37990
Background for map stage Original size 2672 Crunched size 92
Music file tune Original size 65538 Crunched size 42472
Tile data for map stage (mem restrictions:No_Blocks) Original size 3096 Crunched size 1468
Header data for map stage Original size 8756 Crunched size 294
Project Data Original size 9132 Crunched size 2392
Project Header Original size 4040 Crunched size 1202
Panel scorpion_eng_splashscreen Original size 37090 Crunched size 3292
Panel ending_screen Original size 43810 Crunched size 9320
Panel hud Original size 10184 Crunched size 1104
Panel select_screen Original size 46226 Crunched size 16604
Panel splash_screen Original size 43810 Crunched size 9924
Panel vs_screen Original size 43810 Crunched size 9946
Project virtual machine (codeblocks) Original size 9220 Crunched size 2576
Project virtual machine redirects Original size 4 Crunched size 4
